[polus-c2-ib:06405] *** Process received signal ***
[polus-c2-ib:06405] Signal: Segmentation fault (11)
[polus-c2-ib:06405] Signal code: Address not mapped (1)
[polus-c2-ib:06405] Failing at address: 0xb8c6ea08
[polus-c2-ib:06405] [ 0] [0x100000050478]
[polus-c2-ib:06405] [ 1] ./prog[0x1000b4cc]
[polus-c2-ib:06405] [ 2] /lib64/libc.so.6(+0x24980)[0x100000524980]
[polus-c2-ib:06405] [ 3] /lib64/libc.so.6(__libc_start_main+0xc4)[0x100000524b74]
[polus-c2-ib:06405] *** End of error message ***
[polus-c4-ib:52943] *** Process received signal ***
[polus-c4-ib:52943] Signal: Segmentation fault (11)
[polus-c4-ib:52943] Signal code: Address not mapped (1)
[polus-c4-ib:52943] Failing at address: 0x25242dc8
[polus-c4-ib:52943] [ 0] [0x100000050478]
[polus-c4-ib:52943] [ 1] ./prog[0x1000b4cc]
[polus-c4-ib:52943] [ 2] /lib64/libc.so.6(+0x24980)[0x100000534980]
[polus-c4-ib:52943] [ 3] /lib64/libc.so.6(__libc_start_main+0xc4)[0x100000534b74]
[polus-c4-ib:52943] *** End of error message ***
[polus-c4-ib:54133] *** Process received signal ***
[polus-c4-ib:54133] Signal: Segmentation fault (11)
[polus-c4-ib:54133] Signal code: Address not mapped (1)
[polus-c4-ib:54133] Failing at address: 0x4703e1bb0
[polus-c4-ib:54133] [ 0] [0x100000050478]
[polus-c4-ib:54133] [ 1] ./prog[0x1000b4cc]
[polus-c4-ib:54133] [ 2] /lib64/libc.so.6(+0x24980)[0x100000534980]
[polus-c4-ib:54133] [ 3] /lib64/libc.so.6(__libc_start_main+0xc4)[0x100000534b74]
[polus-c4-ib:54133] *** End of error message ***
[polus-c2-ib:07955] *** Process received signal ***
[polus-c2-ib:07955] Signal: Segmentation fault (11)
[polus-c2-ib:07955] Signal code: Address not mapped (1)
[polus-c2-ib:07955] Failing at address: 0xa10c51f88
[polus-c2-ib:07955] [ 0] [0x100000050478]
[polus-c2-ib:07955] [ 1] ./prog[0x1000b4cc]
[polus-c2-ib:07955] [ 2] /lib64/libc.so.6(+0x24980)[0x100000524980]
[polus-c2-ib:07955] [ 3] /lib64/libc.so.6(__libc_start_main+0xc4)[0x100000524b74]
[polus-c2-ib:07955] *** End of error message ***
