[polus-c2-ib:08373] *** Process received signal ***
[polus-c2-ib:08373] Signal: Segmentation fault (11)
[polus-c2-ib:08373] Signal code: Address not mapped (1)
[polus-c2-ib:08373] Failing at address: 0xb8cfdc9a0
[polus-c2-ib:08373] [ 0] [0x100000050478]
[polus-c2-ib:08373] [ 1] ./prog[0x1000b4cc]
[polus-c2-ib:08373] [ 2] /lib64/libc.so.6(+0x24980)[0x100000524980]
[polus-c2-ib:08373] [ 3] /lib64/libc.so.6(__libc_start_main+0xc4)[0x100000524b74]
[polus-c2-ib:08373] *** End of error message ***
[polus-c4-ib:56337] *** Process received signal ***
[polus-c4-ib:56337] Signal: Segmentation fault (11)
[polus-c4-ib:56337] Signal code: Address not mapped (1)
[polus-c4-ib:56337] Failing at address: 0x9c69adc10
[polus-c4-ib:56337] [ 0] [0x100000050478]
[polus-c4-ib:56337] [ 1] ./prog[0x1000b4cc]
[polus-c4-ib:56337] [ 2] /lib64/libc.so.6(+0x24980)[0x100000534980]
[polus-c4-ib:56337] [ 3] /lib64/libc.so.6(__libc_start_main+0xc4)[0x100000534b74]
[polus-c4-ib:56337] *** End of error message ***
[polus-c4-ib:57346] *** Process received signal ***
[polus-c4-ib:57346] Signal: Segmentation fault (11)
[polus-c4-ib:57346] Signal code: Address not mapped (1)
[polus-c4-ib:57346] Failing at address: 0x98a706890
[polus-c4-ib:57346] [ 0] [0x100000050478]
[polus-c4-ib:57346] [ 1] ./prog[0x1000b4cc]
[polus-c4-ib:57346] [ 2] /lib64/libc.so.6(+0x24980)[0x100000534980]
[polus-c4-ib:57346] [ 3] /lib64/libc.so.6(__libc_start_main+0xc4)[0x100000534b74]
[polus-c4-ib:57346] *** End of error message ***
[polus-c4-ib:57713] *** Process received signal ***
[polus-c4-ib:57713] Signal: Segmentation fault (11)
[polus-c4-ib:57713] Signal code: Address not mapped (1)
[polus-c4-ib:57713] Failing at address: 0x82e56b608
[polus-c4-ib:57713] [ 0] [0x100000050478]
[polus-c4-ib:57713] [ 1] ./prog[0x1000b4cc]
[polus-c4-ib:57713] [ 2] /lib64/libc.so.6(+0x24980)[0x100000534980]
[polus-c4-ib:57713] [ 3] /lib64/libc.so.6(__libc_start_main+0xc4)[0x100000534b74]
[polus-c4-ib:57713] *** End of error message ***
