[polus-c4-ib:59892] *** Process received signal ***
[polus-c4-ib:59892] Signal: Segmentation fault (11)
[polus-c4-ib:59892] Signal code: Address not mapped (1)
[polus-c4-ib:59892] Failing at address: 0x5341b300
[polus-c4-ib:59892] [ 0] [0x100000050478]
[polus-c4-ib:59892] [ 1] ./prog[0x1000b4cc]
[polus-c4-ib:59892] [ 2] /lib64/libc.so.6(+0x24980)[0x100000534980]
[polus-c4-ib:59892] [ 3] /lib64/libc.so.6(__libc_start_main+0xc4)[0x100000534b74]
[polus-c4-ib:59892] *** End of error message ***
[polus-c2-ib:11162] *** Process received signal ***
[polus-c2-ib:11162] Signal: Segmentation fault (11)
[polus-c2-ib:11162] Signal code: Address not mapped (1)
[polus-c2-ib:11162] Failing at address: 0xe8bc3390
[polus-c2-ib:11162] [ 0] [0x100000050478]
[polus-c2-ib:11162] [ 1] ./prog[0x1000b4cc]
[polus-c2-ib:11162] [ 2] /lib64/libc.so.6(+0x24980)[0x100000524980]
[polus-c2-ib:11162] [ 3] /lib64/libc.so.6(__libc_start_main+0xc4)[0x100000524b74]
[polus-c2-ib:11162] *** End of error message ***
[polus-c4-ib:60851] *** Process received signal ***
[polus-c4-ib:60851] Signal: Segmentation fault (11)
[polus-c4-ib:60851] Signal code: Address not mapped (1)
[polus-c4-ib:60851] Failing at address: 0x914cc5d40
[polus-c4-ib:60851] [ 0] [0x100000050478]
[polus-c4-ib:60851] [ 1] ./prog[0x1000b4cc]
[polus-c4-ib:60851] [ 2] /lib64/libc.so.6(+0x24980)[0x100000534980]
[polus-c4-ib:60851] [ 3] /lib64/libc.so.6(__libc_start_main+0xc4)[0x100000534b74]
[polus-c4-ib:60851] *** End of error message ***
[polus-c4-ib:61327] *** Process received signal ***
[polus-c4-ib:61327] Signal: Segmentation fault (11)
[polus-c4-ib:61327] Signal code: Address not mapped (1)
[polus-c4-ib:61327] Failing at address: 0x57d7ea040
[polus-c4-ib:61327] [ 0] [0x100000050478]
[polus-c4-ib:61327] [ 1] ./prog[0x1000b4cc]
[polus-c4-ib:61327] [ 2] /lib64/libc.so.6(+0x24980)[0x100000534980]
[polus-c4-ib:61327] [ 3] /lib64/libc.so.6(__libc_start_main+0xc4)[0x100000534b74]
[polus-c4-ib:61327] *** End of error message ***
