[polus-c2-ib:08510] *** Process received signal ***
[polus-c2-ib:08510] Signal: Segmentation fault (11)
[polus-c2-ib:08510] Signal code: Address not mapped (1)
[polus-c2-ib:08510] Failing at address: 0x848dbe440
[polus-c2-ib:08510] [ 0] [0x100000050478]
[polus-c2-ib:08510] [ 1] ./prog[0x1000b4cc]
[polus-c2-ib:08510] [ 2] /lib64/libc.so.6(+0x24980)[0x100000524980]
[polus-c2-ib:08510] [ 3] /lib64/libc.so.6(__libc_start_main+0xc4)[0x100000524b74]
[polus-c2-ib:08510] *** End of error message ***
[polus-c2-ib:09159] *** Process received signal ***
[polus-c2-ib:09159] Signal: Segmentation fault (11)
[polus-c2-ib:09159] Signal code: Address not mapped (1)
[polus-c2-ib:09159] Failing at address: 0xbad16bec0
[polus-c2-ib:09159] [ 0] [0x100000050478]
[polus-c2-ib:09159] [ 1] ./prog[0x1000b4cc]
[polus-c2-ib:09159] [ 2] /lib64/libc.so.6(+0x24980)[0x100000524980]
[polus-c2-ib:09159] [ 3] /lib64/libc.so.6(__libc_start_main+0xc4)[0x100000524b74]
[polus-c2-ib:09159] *** End of error message ***
[polus-c4-ib:58152] *** Process received signal ***
[polus-c4-ib:58152] Signal: Segmentation fault (11)
[polus-c4-ib:58152] Signal code: Address not mapped (1)
[polus-c4-ib:58152] Failing at address: 0xc7c369c8
[polus-c4-ib:58152] [ 0] [0x100000050478]
[polus-c4-ib:58152] [ 1] ./prog[0x1000b4cc]
[polus-c4-ib:58152] [ 2] /lib64/libc.so.6(+0x24980)[0x100000534980]
[polus-c4-ib:58152] [ 3] /lib64/libc.so.6(__libc_start_main+0xc4)[0x100000534b74]
[polus-c4-ib:58152] *** End of error message ***
[polus-c4-ib:58630] *** Process received signal ***
[polus-c4-ib:58630] Signal: Segmentation fault (11)
[polus-c4-ib:58630] Signal code: Address not mapped (1)
[polus-c4-ib:58630] Failing at address: 0x59a440f58
[polus-c4-ib:58630] [ 0] [0x100000050478]
[polus-c4-ib:58630] [ 1] ./prog[0x1000b4cc]
[polus-c4-ib:58630] [ 2] /lib64/libc.so.6(+0x24980)[0x100000534980]
[polus-c4-ib:58630] [ 3] /lib64/libc.so.6(__libc_start_main+0xc4)[0x100000534b74]
[polus-c4-ib:58630] *** End of error message ***
