[polus-c4-ib:55873] *** Process received signal ***
[polus-c4-ib:55873] Signal: Segmentation fault (11)
[polus-c4-ib:55873] Signal code: Address not mapped (1)
[polus-c4-ib:55873] Failing at address: 0x9ccc109f8
[polus-c4-ib:55873] [ 0] [0x100000050478]
[polus-c4-ib:55873] [ 1] ./prog[0x1000b4cc]
[polus-c4-ib:55873] [ 2] /lib64/libc.so.6(+0x24980)[0x100000534980]
[polus-c4-ib:55873] [ 3] /lib64/libc.so.6(__libc_start_main+0xc4)[0x100000534b74]
[polus-c4-ib:55873] *** End of error message ***
[polus-c4-ib:56951] *** Process received signal ***
[polus-c4-ib:56951] Signal: Segmentation fault (11)
[polus-c4-ib:56951] Signal code: Address not mapped (1)
[polus-c4-ib:56951] Failing at address: 0x3c142fc68
[polus-c4-ib:56951] [ 0] [0x100000050478]
[polus-c4-ib:56951] [ 1] ./prog[0x1000b4cc]
[polus-c4-ib:56951] [ 2] /lib64/libc.so.6(+0x24980)[0x100000534980]
[polus-c4-ib:56951] [ 3] /lib64/libc.so.6(__libc_start_main+0xc4)[0x100000534b74]
[polus-c4-ib:56951] *** End of error message ***
[polus-c4-ib:57477] *** Process received signal ***
[polus-c4-ib:57477] Signal: Segmentation fault (11)
[polus-c4-ib:57477] Signal code: Address not mapped (1)
[polus-c4-ib:57477] Failing at address: 0x734642fa0
[polus-c4-ib:57477] [ 0] [0x100000050478]
[polus-c4-ib:57477] [ 1] ./prog[0x1000b4cc]
[polus-c4-ib:57477] [ 2] /lib64/libc.so.6(+0x24980)[0x100000534980]
[polus-c4-ib:57477] [ 3] /lib64/libc.so.6(__libc_start_main+0xc4)[0x100000534b74]
[polus-c4-ib:57477] *** End of error message ***
[polus-c4-ib:57821] *** Process received signal ***
[polus-c4-ib:57821] Signal: Segmentation fault (11)
[polus-c4-ib:57821] Signal code: Address not mapped (1)
[polus-c4-ib:57821] Failing at address: 0xa4bf33170
[polus-c4-ib:57821] [ 0] [0x100000050478]
[polus-c4-ib:57821] [ 1] ./prog[0x1000b4cc]
[polus-c4-ib:57821] [ 2] /lib64/libc.so.6(+0x24980)[0x100000534980]
[polus-c4-ib:57821] [ 3] /lib64/libc.so.6(__libc_start_main+0xc4)[0x100000534b74]
[polus-c4-ib:57821] *** End of error message ***
