[polus-c2-ib:06533] *** Process received signal ***
[polus-c2-ib:06533] Signal: Segmentation fault (11)
[polus-c2-ib:06533] Signal code: Address not mapped (1)
[polus-c2-ib:06533] Failing at address: 0x9cf46ad60
[polus-c2-ib:06533] [ 0] [0x100000050478]
[polus-c2-ib:06533] [ 1] ./prog[0x1000b4cc]
[polus-c2-ib:06533] [ 2] /lib64/libc.so.6(+0x24980)[0x100000524980]
[polus-c2-ib:06533] [ 3] /lib64/libc.so.6(__libc_start_main+0xc4)[0x100000524b74]
[polus-c2-ib:06533] *** End of error message ***
[polus-c4-ib:53318] *** Process received signal ***
[polus-c4-ib:53318] Signal: Segmentation fault (11)
[polus-c4-ib:53318] Signal code: Address not mapped (1)
[polus-c4-ib:53318] Failing at address: 0xb92f22d30
[polus-c4-ib:53318] [ 0] [0x100000050478]
[polus-c4-ib:53318] [ 1] ./prog[0x1000b4cc]
[polus-c4-ib:53318] [ 2] /lib64/libc.so.6(+0x24980)[0x100000534980]
[polus-c4-ib:53318] [ 3] /lib64/libc.so.6(__libc_start_main+0xc4)[0x100000534b74]
[polus-c4-ib:53318] *** End of error message ***
[polus-c4-ib:54013] *** Process received signal ***
[polus-c4-ib:54013] Signal: Segmentation fault (11)
[polus-c4-ib:54013] Signal code: Address not mapped (1)
[polus-c4-ib:54013] Failing at address: 0xaa1304c38
[polus-c4-ib:54013] [ 0] [0x100000050478]
[polus-c4-ib:54013] [ 1] ./prog[0x1000b4cc]
[polus-c4-ib:54013] [ 2] /lib64/libc.so.6(+0x24980)[0x100000534980]
[polus-c4-ib:54013] [ 3] /lib64/libc.so.6(__libc_start_main+0xc4)[0x100000534b74]
[polus-c4-ib:54013] *** End of error message ***
[polus-c4-ib:54893] *** Process received signal ***
[polus-c4-ib:54893] Signal: Segmentation fault (11)
[polus-c4-ib:54893] Signal code: Address not mapped (1)
[polus-c4-ib:54893] Failing at address: 0x56d3d2528
[polus-c4-ib:54893] [ 0] [0x100000050478]
[polus-c4-ib:54893] [ 1] ./prog[0x1000b4cc]
[polus-c4-ib:54893] [ 2] /lib64/libc.so.6(+0x24980)[0x100000534980]
[polus-c4-ib:54893] [ 3] /lib64/libc.so.6(__libc_start_main+0xc4)[0x100000534b74]
[polus-c4-ib:54893] *** End of error message ***
