[polus-c4-ib:55444] *** Process received signal ***
[polus-c4-ib:55444] Signal: Segmentation fault (11)
[polus-c4-ib:55444] Signal code: Address not mapped (1)
[polus-c4-ib:55444] Failing at address: 0x6ddc2d400
[polus-c4-ib:55444] [ 0] [0x100000050478]
[polus-c4-ib:55444] [ 1] ./prog[0x1000b4cc]
[polus-c4-ib:55444] [ 2] /lib64/libc.so.6(+0x24980)[0x100000534980]
[polus-c4-ib:55444] [ 3] /lib64/libc.so.6(__libc_start_main+0xc4)[0x100000534b74]
[polus-c4-ib:55444] *** End of error message ***
[polus-c4-ib:56208] *** Process received signal ***
[polus-c4-ib:56208] Signal: Segmentation fault (11)
[polus-c4-ib:56208] Signal code: Address not mapped (1)
[polus-c4-ib:56208] Failing at address: 0x40591d448
[polus-c4-ib:56208] [ 0] [0x100000050478]
[polus-c4-ib:56208] [ 1] ./prog[0x1000b4cc]
[polus-c4-ib:56208] [ 2] /lib64/libc.so.6(+0x24980)[0x100000534980]
[polus-c4-ib:56208] [ 3] /lib64/libc.so.6(__libc_start_main+0xc4)[0x100000534b74]
[polus-c4-ib:56208] *** End of error message ***
[polus-c4-ib:56442] *** Process received signal ***
[polus-c4-ib:56442] Signal: Segmentation fault (11)
[polus-c4-ib:56442] Signal code: Address not mapped (1)
[polus-c4-ib:56442] Failing at address: 0x996810f60
[polus-c4-ib:56442] [ 0] [0x100000050478]
[polus-c4-ib:56442] [ 1] ./prog[0x1000b4cc]
[polus-c4-ib:56442] [ 2] /lib64/libc.so.6(+0x24980)[0x100000534980]
[polus-c4-ib:56442] [ 3] /lib64/libc.so.6(__libc_start_main+0xc4)[0x100000534b74]
[polus-c4-ib:56442] *** End of error message ***
[polus-c4-ib:57396] *** Process received signal ***
[polus-c4-ib:57396] Signal: Segmentation fault (11)
[polus-c4-ib:57396] Signal code: Address not mapped (1)
[polus-c4-ib:57396] Failing at address: 0xa0eb95770
[polus-c4-ib:57396] [ 0] [0x100000050478]
[polus-c4-ib:57396] [ 1] ./prog[0x1000b4cc]
[polus-c4-ib:57396] [ 2] /lib64/libc.so.6(+0x24980)[0x100000534980]
[polus-c4-ib:57396] [ 3] /lib64/libc.so.6(__libc_start_main+0xc4)[0x100000534b74]
[polus-c4-ib:57396] *** End of error message ***
