[polus-c4-ib:55549] *** Process received signal ***
[polus-c4-ib:55549] Signal: Segmentation fault (11)
[polus-c4-ib:55549] Signal code: Address not mapped (1)
[polus-c4-ib:55549] Failing at address: 0x81a9bfba0
[polus-c4-ib:55549] [ 0] [0x100000050478]
[polus-c4-ib:55549] [ 1] ./prog[0x1000b4cc]
[polus-c4-ib:55549] [ 2] /lib64/libc.so.6(+0x24980)[0x100000534980]
[polus-c4-ib:55549] [ 3] /lib64/libc.so.6(__libc_start_main+0xc4)[0x100000534b74]
[polus-c4-ib:55549] *** End of error message ***
[polus-c4-ib:56689] *** Process received signal ***
[polus-c4-ib:56689] Signal: Segmentation fault (11)
[polus-c4-ib:56689] Signal code: Address not mapped (1)
[polus-c4-ib:56689] Failing at address: 0x13a6cf100
[polus-c4-ib:56689] [ 0] [0x100000050478]
[polus-c4-ib:56689] [ 1] ./prog[0x1000b4cc]
[polus-c4-ib:56689] [ 2] /lib64/libc.so.6(+0x24980)[0x100000534980]
[polus-c4-ib:56689] [ 3] /lib64/libc.so.6(__libc_start_main+0xc4)[0x100000534b74]
[polus-c4-ib:56689] *** End of error message ***
[polus-c4-ib:57165] *** Process received signal ***
[polus-c4-ib:57165] Signal: Segmentation fault (11)
[polus-c4-ib:57165] Signal code: Address not mapped (1)
[polus-c4-ib:57165] Failing at address: 0x7bb5b32b8
[polus-c4-ib:57165] [ 0] [0x100000050478]
[polus-c4-ib:57165] [ 1] ./prog[0x1000b4cc]
[polus-c4-ib:57165] [ 2] /lib64/libc.so.6(+0x24980)[0x100000534980]
[polus-c4-ib:57165] [ 3] /lib64/libc.so.6(__libc_start_main+0xc4)[0x100000534b74]
[polus-c4-ib:57165] *** End of error message ***
[polus-c4-ib:57584] *** Process received signal ***
[polus-c4-ib:57584] Signal: Segmentation fault (11)
[polus-c4-ib:57584] Signal code: Address not mapped (1)
[polus-c4-ib:57584] Failing at address: 0x5998d2b48
[polus-c4-ib:57584] [ 0] [0x100000050478]
[polus-c4-ib:57584] [ 1] ./prog[0x1000b4cc]
[polus-c4-ib:57584] [ 2] /lib64/libc.so.6(+0x24980)[0x100000534980]
[polus-c4-ib:57584] [ 3] /lib64/libc.so.6(__libc_start_main+0xc4)[0x100000534b74]
[polus-c4-ib:57584] *** End of error message ***
