Sender: LSF System <lsfadmin@polus-c4-ib.bmc.hpc.cs.msu.ru>
Subject: Job 1035862: <# this file was automaticly created by mpisubmit.pl script for edu-cmc-sqi21-01 #;source /polusfs/setenv/setup.SMPI;#BSUB -n 3;#BSUB -W 00:30;#BSUB -o ./out_files/10000/3.out;#BSUB -e ./err_files/10000/3.err;OMP_NUM_THREADS=1 mpiexec ./prog 10000> in cluster <MSUCluster> Exited

Job <# this file was automaticly created by mpisubmit.pl script for edu-cmc-sqi21-01 #;source /polusfs/setenv/setup.SMPI;#BSUB -n 3;#BSUB -W 00:30;#BSUB -o ./out_files/10000/3.out;#BSUB -e ./err_files/10000/3.err;OMP_NUM_THREADS=1 mpiexec ./prog 10000> was submitted from host <polus-ib.bmc.hpc.cs.msu.ru> by user <edu-cmc-sqi21-01> in cluster <MSUCluster> at Fri Mar 24 15:14:25 2023
Job was executed on host(s) <3*polus-c4-ib.bmc.hpc.cs.msu.ru>, in queue <short>, as user <edu-cmc-sqi21-01> in cluster <MSUCluster> at Fri Mar 24 15:17:22 2023
</home_edu/edu-cmc-sqi21/edu-cmc-sqi21-01> was used as the home directory.
</home_edu/edu-cmc-sqi21/edu-cmc-sqi21-01/SpecSem/SpecSem/KDTree> was used as the working directory.
Started at Fri Mar 24 15:17:22 2023
Terminated at Fri Mar 24 15:17:25 2023
Results reported at Fri Mar 24 15:17:25 2023

Your job looked like:

------------------------------------------------------------
# LSBATCH: User input
# this file was automaticly created by mpisubmit.pl script for edu-cmc-sqi21-01 #
source /polusfs/setenv/setup.SMPI
#BSUB -n 3
#BSUB -W 00:30
#BSUB -o ./out_files/10000/3.out
#BSUB -e ./err_files/10000/3.err
OMP_NUM_THREADS=1 mpiexec ./prog 10000

------------------------------------------------------------

Exited with exit code 139.

Resource usage summary:

    CPU time :                                   0.33 sec.
    Max Memory :                                 1 MB
    Average Memory :                             1.00 MB
    Total Requested Memory :                     -
    Delta Memory :                               -
    Max Swap :                                   -
    Max Processes :                              1
    Max Threads :                                1
    Run time :                                   2 sec.
    Turnaround time :                            180 sec.

The output (if any) follows:

Main is sending
10000
Built time: 0.00632691
--------------------------------------------------------------------------
mpiexec noticed that process rank 0 with PID 0 on node polus-c4-ib exited on signal 11 (Segmentation fault).
--------------------------------------------------------------------------


PS:

Read file <./err_files/10000/3.err> for stderr output of this job.

Sender: LSF System <lsfadmin@polus-c4-ib.bmc.hpc.cs.msu.ru>
Subject: Job 1035882: <# this file was automaticly created by mpisubmit.pl script for edu-cmc-sqi21-01 #;source /polusfs/setenv/setup.SMPI;#BSUB -n 3;#BSUB -W 00:30;#BSUB -o ./out_files/10000/3.out;#BSUB -e ./err_files/10000/3.err;OMP_NUM_THREADS=1 mpiexec ./prog 10000> in cluster <MSUCluster> Exited

Job <# this file was automaticly created by mpisubmit.pl script for edu-cmc-sqi21-01 #;source /polusfs/setenv/setup.SMPI;#BSUB -n 3;#BSUB -W 00:30;#BSUB -o ./out_files/10000/3.out;#BSUB -e ./err_files/10000/3.err;OMP_NUM_THREADS=1 mpiexec ./prog 10000> was submitted from host <polus-ib.bmc.hpc.cs.msu.ru> by user <edu-cmc-sqi21-01> in cluster <MSUCluster> at Fri Mar 24 15:14:26 2023
Job was executed on host(s) <2*polus-c4-ib.bmc.hpc.cs.msu.ru>, in queue <short>, as user <edu-cmc-sqi21-01> in cluster <MSUCluster> at Fri Mar 24 15:18:00 2023
                            <1*polus-c2-ib.bmc.hpc.cs.msu.ru>
</home_edu/edu-cmc-sqi21/edu-cmc-sqi21-01> was used as the home directory.
</home_edu/edu-cmc-sqi21/edu-cmc-sqi21-01/SpecSem/SpecSem/KDTree> was used as the working directory.
Started at Fri Mar 24 15:18:00 2023
Terminated at Fri Mar 24 15:18:04 2023
Results reported at Fri Mar 24 15:18:04 2023

Your job looked like:

------------------------------------------------------------
# LSBATCH: User input
# this file was automaticly created by mpisubmit.pl script for edu-cmc-sqi21-01 #
source /polusfs/setenv/setup.SMPI
#BSUB -n 3
#BSUB -W 00:30
#BSUB -o ./out_files/10000/3.out
#BSUB -e ./err_files/10000/3.err
OMP_NUM_THREADS=1 mpiexec ./prog 10000

------------------------------------------------------------

Exited with exit code 139.

Resource usage summary:

    CPU time :                                   1.17 sec.
    Max Memory :                                 18 MB
    Average Memory :                             12.33 MB
    Total Requested Memory :                     -
    Delta Memory :                               -
    Max Swap :                                   -
    Max Processes :                              4
    Max Threads :                                9
    Run time :                                   4 sec.
    Turnaround time :                            218 sec.

The output (if any) follows:

Main is sending
10000
Built time: 0.0123191
--------------------------------------------------------------------------
mpiexec noticed that process rank 0 with PID 0 on node polus-c4-ib exited on signal 11 (Segmentation fault).
--------------------------------------------------------------------------


PS:

Read file <./err_files/10000/3.err> for stderr output of this job.

Sender: LSF System <lsfadmin@polus-c4-ib.bmc.hpc.cs.msu.ru>
Subject: Job 1035902: <# this file was automaticly created by mpisubmit.pl script for edu-cmc-sqi21-01 #;source /polusfs/setenv/setup.SMPI;#BSUB -n 3;#BSUB -W 00:30;#BSUB -o ./out_files/10000/3.out;#BSUB -e ./err_files/10000/3.err;OMP_NUM_THREADS=1 mpiexec ./prog 10000> in cluster <MSUCluster> Exited

Job <# this file was automaticly created by mpisubmit.pl script for edu-cmc-sqi21-01 #;source /polusfs/setenv/setup.SMPI;#BSUB -n 3;#BSUB -W 00:30;#BSUB -o ./out_files/10000/3.out;#BSUB -e ./err_files/10000/3.err;OMP_NUM_THREADS=1 mpiexec ./prog 10000> was submitted from host <polus-ib.bmc.hpc.cs.msu.ru> by user <edu-cmc-sqi21-01> in cluster <MSUCluster> at Fri Mar 24 15:14:27 2023
Job was executed on host(s) <2*polus-c4-ib.bmc.hpc.cs.msu.ru>, in queue <short>, as user <edu-cmc-sqi21-01> in cluster <MSUCluster> at Fri Mar 24 15:18:21 2023
                            <1*polus-c2-ib.bmc.hpc.cs.msu.ru>
</home_edu/edu-cmc-sqi21/edu-cmc-sqi21-01> was used as the home directory.
</home_edu/edu-cmc-sqi21/edu-cmc-sqi21-01/SpecSem/SpecSem/KDTree> was used as the working directory.
Started at Fri Mar 24 15:18:21 2023
Terminated at Fri Mar 24 15:18:24 2023
Results reported at Fri Mar 24 15:18:24 2023

Your job looked like:

------------------------------------------------------------
# LSBATCH: User input
# this file was automaticly created by mpisubmit.pl script for edu-cmc-sqi21-01 #
source /polusfs/setenv/setup.SMPI
#BSUB -n 3
#BSUB -W 00:30
#BSUB -o ./out_files/10000/3.out
#BSUB -e ./err_files/10000/3.err
OMP_NUM_THREADS=1 mpiexec ./prog 10000

------------------------------------------------------------

Exited with exit code 139.

Resource usage summary:

    CPU time :                                   1.30 sec.
    Max Memory :                                 44 MB
    Average Memory :                             29.67 MB
    Total Requested Memory :                     -
    Delta Memory :                               -
    Max Swap :                                   -
    Max Processes :                              6
    Max Threads :                                15
    Run time :                                   3 sec.
    Turnaround time :                            237 sec.

The output (if any) follows:

Main is sending
10000
Built time: 0.0120208
--------------------------------------------------------------------------
mpiexec noticed that process rank 0 with PID 0 on node polus-c4-ib exited on signal 11 (Segmentation fault).
--------------------------------------------------------------------------


PS:

Read file <./err_files/10000/3.err> for stderr output of this job.

Sender: LSF System <lsfadmin@polus-c4-ib.bmc.hpc.cs.msu.ru>
Subject: Job 1035922: <# this file was automaticly created by mpisubmit.pl script for edu-cmc-sqi21-01 #;source /polusfs/setenv/setup.SMPI;#BSUB -n 3;#BSUB -W 00:30;#BSUB -o ./out_files/10000/3.out;#BSUB -e ./err_files/10000/3.err;OMP_NUM_THREADS=1 mpiexec ./prog 10000> in cluster <MSUCluster> Exited

Job <# this file was automaticly created by mpisubmit.pl script for edu-cmc-sqi21-01 #;source /polusfs/setenv/setup.SMPI;#BSUB -n 3;#BSUB -W 00:30;#BSUB -o ./out_files/10000/3.out;#BSUB -e ./err_files/10000/3.err;OMP_NUM_THREADS=1 mpiexec ./prog 10000> was submitted from host <polus-ib.bmc.hpc.cs.msu.ru> by user <edu-cmc-sqi21-01> in cluster <MSUCluster> at Fri Mar 24 15:14:27 2023
Job was executed on host(s) <3*polus-c4-ib.bmc.hpc.cs.msu.ru>, in queue <short>, as user <edu-cmc-sqi21-01> in cluster <MSUCluster> at Fri Mar 24 15:19:30 2023
</home_edu/edu-cmc-sqi21/edu-cmc-sqi21-01> was used as the home directory.
</home_edu/edu-cmc-sqi21/edu-cmc-sqi21-01/SpecSem/SpecSem/KDTree> was used as the working directory.
Started at Fri Mar 24 15:19:30 2023
Terminated at Fri Mar 24 15:19:32 2023
Results reported at Fri Mar 24 15:19:32 2023

Your job looked like:

------------------------------------------------------------
# LSBATCH: User input
# this file was automaticly created by mpisubmit.pl script for edu-cmc-sqi21-01 #
source /polusfs/setenv/setup.SMPI
#BSUB -n 3
#BSUB -W 00:30
#BSUB -o ./out_files/10000/3.out
#BSUB -e ./err_files/10000/3.err
OMP_NUM_THREADS=1 mpiexec ./prog 10000

------------------------------------------------------------

Exited with exit code 139.

Resource usage summary:

    CPU time :                                   0.35 sec.
    Max Memory :                                 1 MB
    Average Memory :                             1.00 MB
    Total Requested Memory :                     -
    Delta Memory :                               -
    Max Swap :                                   -
    Max Processes :                              1
    Max Threads :                                1
    Run time :                                   1 sec.
    Turnaround time :                            305 sec.

The output (if any) follows:

Main is sending
10000
Built time: 0.00997996
--------------------------------------------------------------------------
mpiexec noticed that process rank 0 with PID 0 on node polus-c4-ib exited on signal 11 (Segmentation fault).
--------------------------------------------------------------------------


PS:

Read file <./err_files/10000/3.err> for stderr output of this job.

