Sender: LSF System <lsfadmin@polus-c4-ib.bmc.hpc.cs.msu.ru>
Subject: Job 1035954: <# this file was automaticly created by mpisubmit.pl script for edu-cmc-sqi21-01 #;source /polusfs/setenv/setup.SMPI;#BSUB -n 32;#BSUB -W 00:30;#BSUB -o ./out_files/10000/32.out;#BSUB -e ./err_files/10000/32.err;OMP_NUM_THREADS=1 mpiexec ./prog 10000> in cluster <MSUCluster> Exited

Job <# this file was automaticly created by mpisubmit.pl script for edu-cmc-sqi21-01 #;source /polusfs/setenv/setup.SMPI;#BSUB -n 32;#BSUB -W 00:30;#BSUB -o ./out_files/10000/32.out;#BSUB -e ./err_files/10000/32.err;OMP_NUM_THREADS=1 mpiexec ./prog 10000> was submitted from host <polus-ib.bmc.hpc.cs.msu.ru> by user <edu-cmc-sqi21-01> in cluster <MSUCluster> at Fri Mar 24 15:52:29 2023
Job was executed on host(s) <20*polus-c4-ib.bmc.hpc.cs.msu.ru>, in queue <short>, as user <edu-cmc-sqi21-01> in cluster <MSUCluster> at Fri Mar 24 15:54:26 2023
                            <12*polus-c2-ib.bmc.hpc.cs.msu.ru>
</home_edu/edu-cmc-sqi21/edu-cmc-sqi21-01> was used as the home directory.
</home_edu/edu-cmc-sqi21/edu-cmc-sqi21-01/SpecSem/SpecSem/KDTree> was used as the working directory.
Started at Fri Mar 24 15:54:26 2023
Terminated at Fri Mar 24 15:54:29 2023
Results reported at Fri Mar 24 15:54:29 2023

Your job looked like:

------------------------------------------------------------
# LSBATCH: User input
# this file was automaticly created by mpisubmit.pl script for edu-cmc-sqi21-01 #
source /polusfs/setenv/setup.SMPI
#BSUB -n 32
#BSUB -W 00:30
#BSUB -o ./out_files/10000/32.out
#BSUB -e ./err_files/10000/32.err
OMP_NUM_THREADS=1 mpiexec ./prog 10000

------------------------------------------------------------

Exited with exit code 6.

Resource usage summary:

    CPU time :                                   4.00 sec.
    Max Memory :                                 18 MB
    Average Memory :                             12.33 MB
    Total Requested Memory :                     -
    Delta Memory :                               -
    Max Swap :                                   -
    Max Processes :                              4
    Max Threads :                                9
    Run time :                                   3 sec.
    Turnaround time :                            120 sec.

The output (if any) follows:

Main is sending
10000
[polus-c4-ib:65862] *** An error occurred in MPI_Send
[polus-c4-ib:65862] *** reported by process [2795896833,16]
[polus-c4-ib:65862] *** on communicator MPI_COMM_WORLD
[polus-c4-ib:65862] *** MPI_ERR_RANK: invalid rank
[polus-c4-ib:65862] *** MPI_ERRORS_ARE_FATAL (processes in this communicator will now abort,
[polus-c4-ib:65862] ***    and potentially your MPI job)
Built time: 0.0168881
My rank: 0, data size: 0


PS:

Read file <./err_files/10000/32.err> for stderr output of this job.

Sender: LSF System <lsfadmin@polus-c4-ib.bmc.hpc.cs.msu.ru>
Subject: Job 1035984: <# this file was automaticly created by mpisubmit.pl script for edu-cmc-sqi21-01 #;source /polusfs/setenv/setup.SMPI;#BSUB -n 32;#BSUB -W 00:30;#BSUB -o ./out_files/10000/32.out;#BSUB -e ./err_files/10000/32.err;OMP_NUM_THREADS=1 mpiexec ./prog 10000> in cluster <MSUCluster> Exited

Job <# this file was automaticly created by mpisubmit.pl script for edu-cmc-sqi21-01 #;source /polusfs/setenv/setup.SMPI;#BSUB -n 32;#BSUB -W 00:30;#BSUB -o ./out_files/10000/32.out;#BSUB -e ./err_files/10000/32.err;OMP_NUM_THREADS=1 mpiexec ./prog 10000> was submitted from host <polus-ib.bmc.hpc.cs.msu.ru> by user <edu-cmc-sqi21-01> in cluster <MSUCluster> at Fri Mar 24 15:52:30 2023
Job was executed on host(s) <18*polus-c4-ib.bmc.hpc.cs.msu.ru>, in queue <short>, as user <edu-cmc-sqi21-01> in cluster <MSUCluster> at Fri Mar 24 15:55:20 2023
                            <14*polus-c2-ib.bmc.hpc.cs.msu.ru>
</home_edu/edu-cmc-sqi21/edu-cmc-sqi21-01> was used as the home directory.
</home_edu/edu-cmc-sqi21/edu-cmc-sqi21-01/SpecSem/SpecSem/KDTree> was used as the working directory.
Started at Fri Mar 24 15:55:20 2023
Terminated at Fri Mar 24 15:55:23 2023
Results reported at Fri Mar 24 15:55:23 2023

Your job looked like:

------------------------------------------------------------
# LSBATCH: User input
# this file was automaticly created by mpisubmit.pl script for edu-cmc-sqi21-01 #
source /polusfs/setenv/setup.SMPI
#BSUB -n 32
#BSUB -W 00:30
#BSUB -o ./out_files/10000/32.out
#BSUB -e ./err_files/10000/32.err
OMP_NUM_THREADS=1 mpiexec ./prog 10000

------------------------------------------------------------

Exited with exit code 6.

Resource usage summary:

    CPU time :                                   3.00 sec.
    Max Memory :                                 263 MB
    Average Memory :                             175.67 MB
    Total Requested Memory :                     -
    Delta Memory :                               -
    Max Swap :                                   -
    Max Processes :                              22
    Max Threads :                                63
    Run time :                                   2 sec.
    Turnaround time :                            173 sec.

The output (if any) follows:

Main is sending
10000
[polus-c4-ib:67101] *** An error occurred in MPI_Send
[polus-c4-ib:67101] *** reported by process [2723151873,16]
[polus-c4-ib:67101] *** on communicator MPI_COMM_WORLD
[polus-c4-ib:67101] *** MPI_ERR_RANK: invalid rank
[polus-c4-ib:67101] *** MPI_ERRORS_ARE_FATAL (processes in this communicator will now abort,
[polus-c4-ib:67101] ***    and potentially your MPI job)
Built time: 0.014966
My rank: 0, data size: 0
29


PS:

Read file <./err_files/10000/32.err> for stderr output of this job.

Sender: LSF System <lsfadmin@polus-c2-ib.bmc.hpc.cs.msu.ru>
Subject: Job 1036014: <# this file was automaticly created by mpisubmit.pl script for edu-cmc-sqi21-01 #;source /polusfs/setenv/setup.SMPI;#BSUB -n 32;#BSUB -W 00:30;#BSUB -o ./out_files/10000/32.out;#BSUB -e ./err_files/10000/32.err;OMP_NUM_THREADS=1 mpiexec ./prog 10000> in cluster <MSUCluster> Exited

Job <# this file was automaticly created by mpisubmit.pl script for edu-cmc-sqi21-01 #;source /polusfs/setenv/setup.SMPI;#BSUB -n 32;#BSUB -W 00:30;#BSUB -o ./out_files/10000/32.out;#BSUB -e ./err_files/10000/32.err;OMP_NUM_THREADS=1 mpiexec ./prog 10000> was submitted from host <polus-ib.bmc.hpc.cs.msu.ru> by user <edu-cmc-sqi21-01> in cluster <MSUCluster> at Fri Mar 24 15:52:31 2023
Job was executed on host(s) <20*polus-c2-ib.bmc.hpc.cs.msu.ru>, in queue <short>, as user <edu-cmc-sqi21-01> in cluster <MSUCluster> at Fri Mar 24 16:27:45 2023
                            <12*polus-c4-ib.bmc.hpc.cs.msu.ru>
</home_edu/edu-cmc-sqi21/edu-cmc-sqi21-01> was used as the home directory.
</home_edu/edu-cmc-sqi21/edu-cmc-sqi21-01/SpecSem/SpecSem/KDTree> was used as the working directory.
Started at Fri Mar 24 16:27:45 2023
Terminated at Fri Mar 24 16:27:48 2023
Results reported at Fri Mar 24 16:27:48 2023

Your job looked like:

------------------------------------------------------------
# LSBATCH: User input
# this file was automaticly created by mpisubmit.pl script for edu-cmc-sqi21-01 #
source /polusfs/setenv/setup.SMPI
#BSUB -n 32
#BSUB -W 00:30
#BSUB -o ./out_files/10000/32.out
#BSUB -e ./err_files/10000/32.err
OMP_NUM_THREADS=1 mpiexec ./prog 10000

------------------------------------------------------------

Exited with exit code 6.

Resource usage summary:

    CPU time :                                   7.00 sec.
    Max Memory :                                 18 MB
    Average Memory :                             12.33 MB
    Total Requested Memory :                     -
    Delta Memory :                               -
    Max Swap :                                   -
    Max Processes :                              4
    Max Threads :                                9
    Run time :                                   3 sec.
    Turnaround time :                            2117 sec.

The output (if any) follows:

Main is sending
10000
[polus-c4-ib:73153] *** An error occurred in MPI_Send
[polus-c4-ib:73153] *** reported by process [2443378689,24]
[polus-c4-ib:73153] *** on communicator MPI_COMM_WORLD
[polus-c4-ib:73153] *** MPI_ERR_RANK: invalid rank
[polus-c4-ib:73153] *** MPI_ERRORS_ARE_FATAL (processes in this communicator will now abort,
[polus-c4-ib:73153] ***    and potentially your MPI job)
Built time: 0.0541101
My rank: 0, data size: 0


PS:

Read file <./err_files/10000/32.err> for stderr output of this job.

Sender: LSF System <lsfadmin@polus-c4-ib.bmc.hpc.cs.msu.ru>
Subject: Job 1036044: <# this file was automaticly created by mpisubmit.pl script for edu-cmc-sqi21-01 #;source /polusfs/setenv/setup.SMPI;#BSUB -n 32;#BSUB -W 00:30;#BSUB -o ./out_files/10000/32.out;#BSUB -e ./err_files/10000/32.err;OMP_NUM_THREADS=1 mpiexec ./prog 10000> in cluster <MSUCluster> Exited

Job <# this file was automaticly created by mpisubmit.pl script for edu-cmc-sqi21-01 #;source /polusfs/setenv/setup.SMPI;#BSUB -n 32;#BSUB -W 00:30;#BSUB -o ./out_files/10000/32.out;#BSUB -e ./err_files/10000/32.err;OMP_NUM_THREADS=1 mpiexec ./prog 10000> was submitted from host <polus-ib.bmc.hpc.cs.msu.ru> by user <edu-cmc-sqi21-01> in cluster <MSUCluster> at Fri Mar 24 15:52:32 2023
Job was executed on host(s) <20*polus-c4-ib.bmc.hpc.cs.msu.ru>, in queue <short>, as user <edu-cmc-sqi21-01> in cluster <MSUCluster> at Fri Mar 24 16:28:52 2023
                            <12*polus-c2-ib.bmc.hpc.cs.msu.ru>
</home_edu/edu-cmc-sqi21/edu-cmc-sqi21-01> was used as the home directory.
</home_edu/edu-cmc-sqi21/edu-cmc-sqi21-01/SpecSem/SpecSem/KDTree> was used as the working directory.
Started at Fri Mar 24 16:28:52 2023
Terminated at Fri Mar 24 16:28:55 2023
Results reported at Fri Mar 24 16:28:55 2023

Your job looked like:

------------------------------------------------------------
# LSBATCH: User input
# this file was automaticly created by mpisubmit.pl script for edu-cmc-sqi21-01 #
source /polusfs/setenv/setup.SMPI
#BSUB -n 32
#BSUB -W 00:30
#BSUB -o ./out_files/10000/32.out
#BSUB -e ./err_files/10000/32.err
OMP_NUM_THREADS=1 mpiexec ./prog 10000

------------------------------------------------------------

Exited with exit code 6.

Resource usage summary:

    CPU time :                                   4.00 sec.
    Max Memory :                                 18 MB
    Average Memory :                             12.33 MB
    Total Requested Memory :                     -
    Delta Memory :                               -
    Max Swap :                                   -
    Max Processes :                              4
    Max Threads :                                9
    Run time :                                   3 sec.
    Turnaround time :                            2183 sec.

The output (if any) follows:

Main is sending
10000
[polus-c4-ib:73642] *** An error occurred in MPI_Send
[polus-c4-ib:73642] *** reported by process [3099852801,16]
[polus-c4-ib:73642] *** on communicator MPI_COMM_WORLD
[polus-c4-ib:73642] *** MPI_ERR_RANK: invalid rank
[polus-c4-ib:73642] *** MPI_ERRORS_ARE_FATAL (processes in this communicator will now abort,
[polus-c4-ib:73642] ***    and potentially your MPI job)
Built time: 0.0157709
My rank: 0, data size: 0
114


PS:

Read file <./err_files/10000/32.err> for stderr output of this job.

