Sender: LSF System <lsfadmin@polus-c3-ib.bmc.hpc.cs.msu.ru>
Subject: Job 1046484: <# this file was automaticly created by mpisubmit.pl script for edu-cmc-sqi21-01 #;source /polusfs/setenv/setup.SMPI;#BSUB -n 12;#BSUB -W 00:30;#BSUB -o ./out_files/100000/12.out;#BSUB -e ./err_files/100000/12.err;OMP_NUM_THREADS=1 mpiexec ./prog 100000 10> in cluster <MSUCluster> Done

Job <# this file was automaticly created by mpisubmit.pl script for edu-cmc-sqi21-01 #;source /polusfs/setenv/setup.SMPI;#BSUB -n 12;#BSUB -W 00:30;#BSUB -o ./out_files/100000/12.out;#BSUB -e ./err_files/100000/12.err;OMP_NUM_THREADS=1 mpiexec ./prog 100000 10> was submitted from host <polus-ib.bmc.hpc.cs.msu.ru> by user <edu-cmc-sqi21-01> in cluster <MSUCluster> at Tue May  2 19:01:10 2023
Job was executed on host(s) <5*polus-c3-ib.bmc.hpc.cs.msu.ru>, in queue <short>, as user <edu-cmc-sqi21-01> in cluster <MSUCluster> at Tue May  2 19:03:14 2023
                            <7*polus-c4-ib.bmc.hpc.cs.msu.ru>
</home_edu/edu-cmc-sqi21/edu-cmc-sqi21-01> was used as the home directory.
</home_edu/edu-cmc-sqi21/edu-cmc-sqi21-01/SpecSem/SpecSem/KDTree/main> was used as the working directory.
Started at Tue May  2 19:03:14 2023
Terminated at Tue May  2 19:03:15 2023
Results reported at Tue May  2 19:03:15 2023

Your job looked like:

------------------------------------------------------------
# LSBATCH: User input
# this file was automaticly created by mpisubmit.pl script for edu-cmc-sqi21-01 #
source /polusfs/setenv/setup.SMPI
#BSUB -n 12
#BSUB -W 00:30
#BSUB -o ./out_files/100000/12.out
#BSUB -e ./err_files/100000/12.err
OMP_NUM_THREADS=1 mpiexec ./prog 100000 10

------------------------------------------------------------

Successfully completed.

Resource usage summary:

    CPU time :                                   3.00 sec.
    Max Memory :                                 1 MB
    Average Memory :                             1.00 MB
    Total Requested Memory :                     -
    Delta Memory :                               -
    Max Swap :                                   -
    Max Processes :                              1
    Max Threads :                                1
    Run time :                                   1 sec.
    Turnaround time :                            125 sec.

The output (if any) follows:

2526
508


PS:

Read file <./err_files/100000/12.err> for stderr output of this job.

Sender: LSF System <lsfadmin@polus-c4-ib.bmc.hpc.cs.msu.ru>
Subject: Job 1046644: <# this file was automaticly created by mpisubmit.pl script for edu-cmc-sqi21-01 #;source /polusfs/setenv/setup.SMPI;#BSUB -n 12;#BSUB -W 00:30;#BSUB -o ./out_files/100000/12.out;#BSUB -e ./err_files/100000/12.err;OMP_NUM_THREADS=1 mpiexec ./prog 100000 10> in cluster <MSUCluster> Done

Job <# this file was automaticly created by mpisubmit.pl script for edu-cmc-sqi21-01 #;source /polusfs/setenv/setup.SMPI;#BSUB -n 12;#BSUB -W 00:30;#BSUB -o ./out_files/100000/12.out;#BSUB -e ./err_files/100000/12.err;OMP_NUM_THREADS=1 mpiexec ./prog 100000 10> was submitted from host <polus-ib.bmc.hpc.cs.msu.ru> by user <edu-cmc-sqi21-01> in cluster <MSUCluster> at Tue May  2 19:01:16 2023
Job was executed on host(s) <12*polus-c4-ib.bmc.hpc.cs.msu.ru>, in queue <short>, as user <edu-cmc-sqi21-01> in cluster <MSUCluster> at Tue May  2 19:08:34 2023
</home_edu/edu-cmc-sqi21/edu-cmc-sqi21-01> was used as the home directory.
</home_edu/edu-cmc-sqi21/edu-cmc-sqi21-01/SpecSem/SpecSem/KDTree/main> was used as the working directory.
Started at Tue May  2 19:08:34 2023
Terminated at Tue May  2 19:08:35 2023
Results reported at Tue May  2 19:08:35 2023

Your job looked like:

------------------------------------------------------------
# LSBATCH: User input
# this file was automaticly created by mpisubmit.pl script for edu-cmc-sqi21-01 #
source /polusfs/setenv/setup.SMPI
#BSUB -n 12
#BSUB -W 00:30
#BSUB -o ./out_files/100000/12.out
#BSUB -e ./err_files/100000/12.err
OMP_NUM_THREADS=1 mpiexec ./prog 100000 10

------------------------------------------------------------

Successfully completed.

Resource usage summary:

    CPU time :                                   3.02 sec.
    Max Memory :                                 106 MB
    Average Memory :                             71.00 MB
    Total Requested Memory :                     -
    Delta Memory :                               -
    Max Swap :                                   -
    Max Processes :                              16
    Max Threads :                                41
    Run time :                                   1 sec.
    Turnaround time :                            439 sec.

The output (if any) follows:

508
2526


PS:

Read file <./err_files/100000/12.err> for stderr output of this job.

Sender: LSF System <lsfadmin@polus-c4-ib.bmc.hpc.cs.msu.ru>
Subject: Job 1046808: <# this file was automaticly created by mpisubmit.pl script for edu-cmc-sqi21-01 #;source /polusfs/setenv/setup.SMPI;#BSUB -n 12;#BSUB -W 00:30;#BSUB -o ./out_files/100000/12.out;#BSUB -e ./err_files/100000/12.err;OMP_NUM_THREADS=1 mpiexec ./prog 100000 10> in cluster <MSUCluster> Done

Job <# this file was automaticly created by mpisubmit.pl script for edu-cmc-sqi21-01 #;source /polusfs/setenv/setup.SMPI;#BSUB -n 12;#BSUB -W 00:30;#BSUB -o ./out_files/100000/12.out;#BSUB -e ./err_files/100000/12.err;OMP_NUM_THREADS=1 mpiexec ./prog 100000 10> was submitted from host <polus-ib.bmc.hpc.cs.msu.ru> by user <edu-cmc-sqi21-01> in cluster <MSUCluster> at Tue May  2 19:05:21 2023
Job was executed on host(s) <8*polus-c4-ib.bmc.hpc.cs.msu.ru>, in queue <short>, as user <edu-cmc-sqi21-01> in cluster <MSUCluster> at Tue May  2 19:17:22 2023
                            <4*polus-c3-ib.bmc.hpc.cs.msu.ru>
</home_edu/edu-cmc-sqi21/edu-cmc-sqi21-01> was used as the home directory.
</home_edu/edu-cmc-sqi21/edu-cmc-sqi21-01/SpecSem/SpecSem/KDTree/main> was used as the working directory.
Started at Tue May  2 19:17:22 2023
Terminated at Tue May  2 19:17:25 2023
Results reported at Tue May  2 19:17:25 2023

Your job looked like:

------------------------------------------------------------
# LSBATCH: User input
# this file was automaticly created by mpisubmit.pl script for edu-cmc-sqi21-01 #
source /polusfs/setenv/setup.SMPI
#BSUB -n 12
#BSUB -W 00:30
#BSUB -o ./out_files/100000/12.out
#BSUB -e ./err_files/100000/12.err
OMP_NUM_THREADS=1 mpiexec ./prog 100000 10

------------------------------------------------------------

Successfully completed.

Resource usage summary:

    CPU time :                                   2.39 sec.
    Max Memory :                                 18 MB
    Average Memory :                             11.00 MB
    Total Requested Memory :                     -
    Delta Memory :                               -
    Max Swap :                                   -
    Max Processes :                              4
    Max Threads :                                9
    Run time :                                   2 sec.
    Turnaround time :                            724 sec.

The output (if any) follows:

508
2526


PS:

Read file <./err_files/100000/12.err> for stderr output of this job.

Sender: LSF System <lsfadmin@polus-c3-ib.bmc.hpc.cs.msu.ru>
Subject: Job 1046974: <# this file was automaticly created by mpisubmit.pl script for edu-cmc-sqi21-01 #;source /polusfs/setenv/setup.SMPI;#BSUB -n 12;#BSUB -W 00:30;#BSUB -o ./out_files/100000/12.out;#BSUB -e ./err_files/100000/12.err;OMP_NUM_THREADS=1 mpiexec ./prog 100000 10> in cluster <MSUCluster> Done

Job <# this file was automaticly created by mpisubmit.pl script for edu-cmc-sqi21-01 #;source /polusfs/setenv/setup.SMPI;#BSUB -n 12;#BSUB -W 00:30;#BSUB -o ./out_files/100000/12.out;#BSUB -e ./err_files/100000/12.err;OMP_NUM_THREADS=1 mpiexec ./prog 100000 10> was submitted from host <polus-ib.bmc.hpc.cs.msu.ru> by user <edu-cmc-sqi21-01> in cluster <MSUCluster> at Tue May  2 19:11:27 2023
Job was executed on host(s) <12*polus-c3-ib.bmc.hpc.cs.msu.ru>, in queue <short>, as user <edu-cmc-sqi21-01> in cluster <MSUCluster> at Tue May  2 19:23:13 2023
</home_edu/edu-cmc-sqi21/edu-cmc-sqi21-01> was used as the home directory.
</home_edu/edu-cmc-sqi21/edu-cmc-sqi21-01/SpecSem/SpecSem/KDTree/main> was used as the working directory.
Started at Tue May  2 19:23:13 2023
Terminated at Tue May  2 19:23:15 2023
Results reported at Tue May  2 19:23:15 2023

Your job looked like:

------------------------------------------------------------
# LSBATCH: User input
# this file was automaticly created by mpisubmit.pl script for edu-cmc-sqi21-01 #
source /polusfs/setenv/setup.SMPI
#BSUB -n 12
#BSUB -W 00:30
#BSUB -o ./out_files/100000/12.out
#BSUB -e ./err_files/100000/12.err
OMP_NUM_THREADS=1 mpiexec ./prog 100000 10

------------------------------------------------------------

Successfully completed.

Resource usage summary:

    CPU time :                                   3.00 sec.
    Max Memory :                                 3 MB
    Average Memory :                             3.00 MB
    Total Requested Memory :                     -
    Delta Memory :                               -
    Max Swap :                                   -
    Max Processes :                              1
    Max Threads :                                1
    Run time :                                   2 sec.
    Turnaround time :                            708 sec.

The output (if any) follows:

2526
508


PS:

Read file <./err_files/100000/12.err> for stderr output of this job.

