Sender: LSF System <lsfadmin@polus-c4-ib.bmc.hpc.cs.msu.ru>
Subject: Job 1036069: <# this file was automaticly created by mpisubmit.pl script for edu-cmc-sqi21-01 #;source /polusfs/setenv/setup.SMPI;#BSUB -n 15;#BSUB -W 00:30;#BSUB -o ./out_files/100000/15.out;#BSUB -e ./err_files/100000/15.err;OMP_NUM_THREADS=1 mpiexec ./prog 100000> in cluster <MSUCluster> Done

Job <# this file was automaticly created by mpisubmit.pl script for edu-cmc-sqi21-01 #;source /polusfs/setenv/setup.SMPI;#BSUB -n 15;#BSUB -W 00:30;#BSUB -o ./out_files/100000/15.out;#BSUB -e ./err_files/100000/15.err;OMP_NUM_THREADS=1 mpiexec ./prog 100000> was submitted from host <polus-ib.bmc.hpc.cs.msu.ru> by user <edu-cmc-sqi21-01> in cluster <MSUCluster> at Fri Mar 24 15:52:33 2023
Job was executed on host(s) <14*polus-c4-ib.bmc.hpc.cs.msu.ru>, in queue <short>, as user <edu-cmc-sqi21-01> in cluster <MSUCluster> at Fri Mar 24 15:56:48 2023
                            <1*polus-c2-ib.bmc.hpc.cs.msu.ru>
</home_edu/edu-cmc-sqi21/edu-cmc-sqi21-01> was used as the home directory.
</home_edu/edu-cmc-sqi21/edu-cmc-sqi21-01/SpecSem/SpecSem/KDTree> was used as the working directory.
Started at Fri Mar 24 15:56:48 2023
Terminated at Fri Mar 24 15:56:50 2023
Results reported at Fri Mar 24 15:56:50 2023

Your job looked like:

------------------------------------------------------------
# LSBATCH: User input
# this file was automaticly created by mpisubmit.pl script for edu-cmc-sqi21-01 #
source /polusfs/setenv/setup.SMPI
#BSUB -n 15
#BSUB -W 00:30
#BSUB -o ./out_files/100000/15.out
#BSUB -e ./err_files/100000/15.err
OMP_NUM_THREADS=1 mpiexec ./prog 100000

------------------------------------------------------------

Successfully completed.

Resource usage summary:

    CPU time :                                   6.04 sec.
    Max Memory :                                 18 MB
    Average Memory :                             12.33 MB
    Total Requested Memory :                     -
    Delta Memory :                               -
    Max Swap :                                   -
    Max Processes :                              4
    Max Threads :                                9
    Run time :                                   2 sec.
    Turnaround time :                            257 sec.

The output (if any) follows:

Main is sending
100000
Built time: 0.117548
My rank: 0, data size: 0
915
203
2285
67
654
133
95
1577
Searching time: 0.111901


PS:

Read file <./err_files/100000/15.err> for stderr output of this job.

Sender: LSF System <lsfadmin@polus-c4-ib.bmc.hpc.cs.msu.ru>
Subject: Job 1036089: <# this file was automaticly created by mpisubmit.pl script for edu-cmc-sqi21-01 #;source /polusfs/setenv/setup.SMPI;#BSUB -n 15;#BSUB -W 00:30;#BSUB -o ./out_files/100000/15.out;#BSUB -e ./err_files/100000/15.err;OMP_NUM_THREADS=1 mpiexec ./prog 100000> in cluster <MSUCluster> Done

Job <# this file was automaticly created by mpisubmit.pl script for edu-cmc-sqi21-01 #;source /polusfs/setenv/setup.SMPI;#BSUB -n 15;#BSUB -W 00:30;#BSUB -o ./out_files/100000/15.out;#BSUB -e ./err_files/100000/15.err;OMP_NUM_THREADS=1 mpiexec ./prog 100000> was submitted from host <polus-ib.bmc.hpc.cs.msu.ru> by user <edu-cmc-sqi21-01> in cluster <MSUCluster> at Fri Mar 24 15:52:34 2023
Job was executed on host(s) <5*polus-c4-ib.bmc.hpc.cs.msu.ru>, in queue <short>, as user <edu-cmc-sqi21-01> in cluster <MSUCluster> at Fri Mar 24 15:57:23 2023
                            <10*polus-c2-ib.bmc.hpc.cs.msu.ru>
</home_edu/edu-cmc-sqi21/edu-cmc-sqi21-01> was used as the home directory.
</home_edu/edu-cmc-sqi21/edu-cmc-sqi21-01/SpecSem/SpecSem/KDTree> was used as the working directory.
Started at Fri Mar 24 15:57:23 2023
Terminated at Fri Mar 24 15:57:26 2023
Results reported at Fri Mar 24 15:57:26 2023

Your job looked like:

------------------------------------------------------------
# LSBATCH: User input
# this file was automaticly created by mpisubmit.pl script for edu-cmc-sqi21-01 #
source /polusfs/setenv/setup.SMPI
#BSUB -n 15
#BSUB -W 00:30
#BSUB -o ./out_files/100000/15.out
#BSUB -e ./err_files/100000/15.err
OMP_NUM_THREADS=1 mpiexec ./prog 100000

------------------------------------------------------------

Successfully completed.

Resource usage summary:

    CPU time :                                   9.00 sec.
    Max Memory :                                 82 MB
    Average Memory :                             55.00 MB
    Total Requested Memory :                     -
    Delta Memory :                               -
    Max Swap :                                   -
    Max Processes :                              9
    Max Threads :                                24
    Run time :                                   4 sec.
    Turnaround time :                            292 sec.

The output (if any) follows:

Main is sending
100000
Built time: 0.168221
My rank: 0, data size: 0
23
77
23
321
290
Searching time: 0.114661
89
73
89


PS:

Read file <./err_files/100000/15.err> for stderr output of this job.

Sender: LSF System <lsfadmin@polus-c2-ib.bmc.hpc.cs.msu.ru>
Subject: Job 1036109: <# this file was automaticly created by mpisubmit.pl script for edu-cmc-sqi21-01 #;source /polusfs/setenv/setup.SMPI;#BSUB -n 15;#BSUB -W 00:30;#BSUB -o ./out_files/100000/15.out;#BSUB -e ./err_files/100000/15.err;OMP_NUM_THREADS=1 mpiexec ./prog 100000> in cluster <MSUCluster> Done

Job <# this file was automaticly created by mpisubmit.pl script for edu-cmc-sqi21-01 #;source /polusfs/setenv/setup.SMPI;#BSUB -n 15;#BSUB -W 00:30;#BSUB -o ./out_files/100000/15.out;#BSUB -e ./err_files/100000/15.err;OMP_NUM_THREADS=1 mpiexec ./prog 100000> was submitted from host <polus-ib.bmc.hpc.cs.msu.ru> by user <edu-cmc-sqi21-01> in cluster <MSUCluster> at Fri Mar 24 15:52:34 2023
Job was executed on host(s) <10*polus-c2-ib.bmc.hpc.cs.msu.ru>, in queue <short>, as user <edu-cmc-sqi21-01> in cluster <MSUCluster> at Fri Mar 24 15:57:57 2023
                            <5*polus-c4-ib.bmc.hpc.cs.msu.ru>
</home_edu/edu-cmc-sqi21/edu-cmc-sqi21-01> was used as the home directory.
</home_edu/edu-cmc-sqi21/edu-cmc-sqi21-01/SpecSem/SpecSem/KDTree> was used as the working directory.
Started at Fri Mar 24 15:57:57 2023
Terminated at Fri Mar 24 15:57:59 2023
Results reported at Fri Mar 24 15:57:59 2023

Your job looked like:

------------------------------------------------------------
# LSBATCH: User input
# this file was automaticly created by mpisubmit.pl script for edu-cmc-sqi21-01 #
source /polusfs/setenv/setup.SMPI
#BSUB -n 15
#BSUB -W 00:30
#BSUB -o ./out_files/100000/15.out
#BSUB -e ./err_files/100000/15.err
OMP_NUM_THREADS=1 mpiexec ./prog 100000

------------------------------------------------------------

Successfully completed.

Resource usage summary:

    CPU time :                                   13.00 sec.
    Max Memory :                                 18 MB
    Average Memory :                             13.00 MB
    Total Requested Memory :                     -
    Delta Memory :                               -
    Max Swap :                                   -
    Max Processes :                              4
    Max Threads :                                9
    Run time :                                   3 sec.
    Turnaround time :                            325 sec.

The output (if any) follows:

Main is sending
100000
Built time: 0.50752
My rank: 0, data size: 0
1160
200
862
261
Searching time: 0.029686


PS:

Read file <./err_files/100000/15.err> for stderr output of this job.

Sender: LSF System <lsfadmin@polus-c2-ib.bmc.hpc.cs.msu.ru>
Subject: Job 1036129: <# this file was automaticly created by mpisubmit.pl script for edu-cmc-sqi21-01 #;source /polusfs/setenv/setup.SMPI;#BSUB -n 15;#BSUB -W 00:30;#BSUB -o ./out_files/100000/15.out;#BSUB -e ./err_files/100000/15.err;OMP_NUM_THREADS=1 mpiexec ./prog 100000> in cluster <MSUCluster> Done

Job <# this file was automaticly created by mpisubmit.pl script for edu-cmc-sqi21-01 #;source /polusfs/setenv/setup.SMPI;#BSUB -n 15;#BSUB -W 00:30;#BSUB -o ./out_files/100000/15.out;#BSUB -e ./err_files/100000/15.err;OMP_NUM_THREADS=1 mpiexec ./prog 100000> was submitted from host <polus-ib.bmc.hpc.cs.msu.ru> by user <edu-cmc-sqi21-01> in cluster <MSUCluster> at Fri Mar 24 15:52:35 2023
Job was executed on host(s) <15*polus-c2-ib.bmc.hpc.cs.msu.ru>, in queue <short>, as user <edu-cmc-sqi21-01> in cluster <MSUCluster> at Fri Mar 24 15:59:30 2023
</home_edu/edu-cmc-sqi21/edu-cmc-sqi21-01> was used as the home directory.
</home_edu/edu-cmc-sqi21/edu-cmc-sqi21-01/SpecSem/SpecSem/KDTree> was used as the working directory.
Started at Fri Mar 24 15:59:30 2023
Terminated at Fri Mar 24 15:59:32 2023
Results reported at Fri Mar 24 15:59:32 2023

Your job looked like:

------------------------------------------------------------
# LSBATCH: User input
# this file was automaticly created by mpisubmit.pl script for edu-cmc-sqi21-01 #
source /polusfs/setenv/setup.SMPI
#BSUB -n 15
#BSUB -W 00:30
#BSUB -o ./out_files/100000/15.out
#BSUB -e ./err_files/100000/15.err
OMP_NUM_THREADS=1 mpiexec ./prog 100000

------------------------------------------------------------

Successfully completed.

Resource usage summary:

    CPU time :                                   14.15 sec.
    Max Memory :                                 179 MB
    Average Memory :                             119.67 MB
    Total Requested Memory :                     -
    Delta Memory :                               -
    Max Swap :                                   -
    Max Processes :                              19
    Max Threads :                                54
    Run time :                                   3 sec.
    Turnaround time :                            417 sec.

The output (if any) follows:

Main is sending
100000
Built time: 0.506534
My rank: 0, data size: 0
252
146
247
Searching time: 0.114627
291


PS:

Read file <./err_files/100000/15.err> for stderr output of this job.

