Sender: LSF System <lsfadmin@polus-c4-ib.bmc.hpc.cs.msu.ru>
Subject: Job 1045390: <# this file was automaticly created by mpisubmit.pl script for edu-cmc-sqi21-01 #;source /polusfs/setenv/setup.SMPI;#BSUB -n 16;#BSUB -W 00:30;#BSUB -o ./out_files/100000/16.out;#BSUB -e ./err_files/100000/16.err;OMP_NUM_THREADS=1 mpiexec ./prog 100000 10> in cluster <MSUCluster> Done

Job <# this file was automaticly created by mpisubmit.pl script for edu-cmc-sqi21-01 #;source /polusfs/setenv/setup.SMPI;#BSUB -n 16;#BSUB -W 00:30;#BSUB -o ./out_files/100000/16.out;#BSUB -e ./err_files/100000/16.err;OMP_NUM_THREADS=1 mpiexec ./prog 100000 10> was submitted from host <polus-ib.bmc.hpc.cs.msu.ru> by user <edu-cmc-sqi21-01> in cluster <MSUCluster> at Wed Apr 26 02:51:03 2023
Job was executed on host(s) <10*polus-c4-ib.bmc.hpc.cs.msu.ru>, in queue <short>, as user <edu-cmc-sqi21-01> in cluster <MSUCluster> at Wed Apr 26 02:51:59 2023
                            <6*polus-c3-ib.bmc.hpc.cs.msu.ru>
</home_edu/edu-cmc-sqi21/edu-cmc-sqi21-01> was used as the home directory.
</home_edu/edu-cmc-sqi21/edu-cmc-sqi21-01/SpecSem/SpecSem/KDTree/main> was used as the working directory.
Started at Wed Apr 26 02:51:59 2023
Terminated at Wed Apr 26 02:52:02 2023
Results reported at Wed Apr 26 02:52:02 2023

Your job looked like:

------------------------------------------------------------
# LSBATCH: User input
# this file was automaticly created by mpisubmit.pl script for edu-cmc-sqi21-01 #
source /polusfs/setenv/setup.SMPI
#BSUB -n 16
#BSUB -W 00:30
#BSUB -o ./out_files/100000/16.out
#BSUB -e ./err_files/100000/16.err
OMP_NUM_THREADS=1 mpiexec ./prog 100000 10

------------------------------------------------------------

Successfully completed.

Resource usage summary:

    CPU time :                                   3.68 sec.
    Max Memory :                                 547 MB
    Average Memory :                             365.00 MB
    Total Requested Memory :                     -
    Delta Memory :                               -
    Max Swap :                                   -
    Max Processes :                              14
    Max Threads :                                39
    Run time :                                   3 sec.
    Turnaround time :                            59 sec.

The output (if any) follows:

508
2526


PS:

Read file <./err_files/100000/16.err> for stderr output of this job.

Sender: LSF System <lsfadmin@polus-c4-ib.bmc.hpc.cs.msu.ru>
Subject: Job 1045420: <# this file was automaticly created by mpisubmit.pl script for edu-cmc-sqi21-01 #;source /polusfs/setenv/setup.SMPI;#BSUB -n 16;#BSUB -W 00:30;#BSUB -o ./out_files/100000/16.out;#BSUB -e ./err_files/100000/16.err;OMP_NUM_THREADS=1 mpiexec ./prog 100000 10> in cluster <MSUCluster> Done

Job <# this file was automaticly created by mpisubmit.pl script for edu-cmc-sqi21-01 #;source /polusfs/setenv/setup.SMPI;#BSUB -n 16;#BSUB -W 00:30;#BSUB -o ./out_files/100000/16.out;#BSUB -e ./err_files/100000/16.err;OMP_NUM_THREADS=1 mpiexec ./prog 100000 10> was submitted from host <polus-ib.bmc.hpc.cs.msu.ru> by user <edu-cmc-sqi21-01> in cluster <MSUCluster> at Wed Apr 26 02:51:04 2023
Job was executed on host(s) <8*polus-c4-ib.bmc.hpc.cs.msu.ru>, in queue <short>, as user <edu-cmc-sqi21-01> in cluster <MSUCluster> at Wed Apr 26 02:52:19 2023
                            <8*polus-c3-ib.bmc.hpc.cs.msu.ru>
</home_edu/edu-cmc-sqi21/edu-cmc-sqi21-01> was used as the home directory.
</home_edu/edu-cmc-sqi21/edu-cmc-sqi21-01/SpecSem/SpecSem/KDTree/main> was used as the working directory.
Started at Wed Apr 26 02:52:19 2023
Terminated at Wed Apr 26 02:52:23 2023
Results reported at Wed Apr 26 02:52:23 2023

Your job looked like:

------------------------------------------------------------
# LSBATCH: User input
# this file was automaticly created by mpisubmit.pl script for edu-cmc-sqi21-01 #
source /polusfs/setenv/setup.SMPI
#BSUB -n 16
#BSUB -W 00:30
#BSUB -o ./out_files/100000/16.out
#BSUB -e ./err_files/100000/16.err
OMP_NUM_THREADS=1 mpiexec ./prog 100000 10

------------------------------------------------------------

Successfully completed.

Resource usage summary:

    CPU time :                                   3.63 sec.
    Max Memory :                                 18 MB
    Average Memory :                             12.33 MB
    Total Requested Memory :                     -
    Delta Memory :                               -
    Max Swap :                                   -
    Max Processes :                              4
    Max Threads :                                9
    Run time :                                   4 sec.
    Turnaround time :                            79 sec.

The output (if any) follows:

508
2526


PS:

Read file <./err_files/100000/16.err> for stderr output of this job.

