Sender: LSF System <lsfadmin@polus-c3-ib.bmc.hpc.cs.msu.ru>
Subject: Job 1046490: <# this file was automaticly created by mpisubmit.pl script for edu-cmc-sqi21-01 #;source /polusfs/setenv/setup.SMPI;#BSUB -n 18;#BSUB -W 00:30;#BSUB -o ./out_files/100000/18.out;#BSUB -e ./err_files/100000/18.err;OMP_NUM_THREADS=1 mpiexec ./prog 100000 10> in cluster <MSUCluster> Done

Job <# this file was automaticly created by mpisubmit.pl script for edu-cmc-sqi21-01 #;source /polusfs/setenv/setup.SMPI;#BSUB -n 18;#BSUB -W 00:30;#BSUB -o ./out_files/100000/18.out;#BSUB -e ./err_files/100000/18.err;OMP_NUM_THREADS=1 mpiexec ./prog 100000 10> was submitted from host <polus-ib.bmc.hpc.cs.msu.ru> by user <edu-cmc-sqi21-01> in cluster <MSUCluster> at Tue May  2 19:01:10 2023
Job was executed on host(s) <9*polus-c3-ib.bmc.hpc.cs.msu.ru>, in queue <short>, as user <edu-cmc-sqi21-01> in cluster <MSUCluster> at Tue May  2 19:06:09 2023
                            <9*polus-c4-ib.bmc.hpc.cs.msu.ru>
</home_edu/edu-cmc-sqi21/edu-cmc-sqi21-01> was used as the home directory.
</home_edu/edu-cmc-sqi21/edu-cmc-sqi21-01/SpecSem/SpecSem/KDTree/main> was used as the working directory.
Started at Tue May  2 19:06:09 2023
Terminated at Tue May  2 19:06:12 2023
Results reported at Tue May  2 19:06:12 2023

Your job looked like:

------------------------------------------------------------
# LSBATCH: User input
# this file was automaticly created by mpisubmit.pl script for edu-cmc-sqi21-01 #
source /polusfs/setenv/setup.SMPI
#BSUB -n 18
#BSUB -W 00:30
#BSUB -o ./out_files/100000/18.out
#BSUB -e ./err_files/100000/18.err
OMP_NUM_THREADS=1 mpiexec ./prog 100000 10

------------------------------------------------------------

Successfully completed.

Resource usage summary:

    CPU time :                                   5.26 sec.
    Max Memory :                                 490 MB
    Average Memory :                             327.00 MB
    Total Requested Memory :                     -
    Delta Memory :                               -
    Max Swap :                                   -
    Max Processes :                              13
    Max Threads :                                36
    Run time :                                   2 sec.
    Turnaround time :                            302 sec.

The output (if any) follows:

2320
325
508


PS:

Read file <./err_files/100000/18.err> for stderr output of this job.

Sender: LSF System <lsfadmin@polus-c4-ib.bmc.hpc.cs.msu.ru>
Subject: Job 1046650: <# this file was automaticly created by mpisubmit.pl script for edu-cmc-sqi21-01 #;source /polusfs/setenv/setup.SMPI;#BSUB -n 18;#BSUB -W 00:30;#BSUB -o ./out_files/100000/18.out;#BSUB -e ./err_files/100000/18.err;OMP_NUM_THREADS=1 mpiexec ./prog 100000 10> in cluster <MSUCluster> Done

Job <# this file was automaticly created by mpisubmit.pl script for edu-cmc-sqi21-01 #;source /polusfs/setenv/setup.SMPI;#BSUB -n 18;#BSUB -W 00:30;#BSUB -o ./out_files/100000/18.out;#BSUB -e ./err_files/100000/18.err;OMP_NUM_THREADS=1 mpiexec ./prog 100000 10> was submitted from host <polus-ib.bmc.hpc.cs.msu.ru> by user <edu-cmc-sqi21-01> in cluster <MSUCluster> at Tue May  2 19:01:16 2023
Job was executed on host(s) <2*polus-c4-ib.bmc.hpc.cs.msu.ru>, in queue <short>, as user <edu-cmc-sqi21-01> in cluster <MSUCluster> at Tue May  2 19:10:46 2023
                            <16*polus-c3-ib.bmc.hpc.cs.msu.ru>
</home_edu/edu-cmc-sqi21/edu-cmc-sqi21-01> was used as the home directory.
</home_edu/edu-cmc-sqi21/edu-cmc-sqi21-01/SpecSem/SpecSem/KDTree/main> was used as the working directory.
Started at Tue May  2 19:10:46 2023
Terminated at Tue May  2 19:10:48 2023
Results reported at Tue May  2 19:10:48 2023

Your job looked like:

------------------------------------------------------------
# LSBATCH: User input
# this file was automaticly created by mpisubmit.pl script for edu-cmc-sqi21-01 #
source /polusfs/setenv/setup.SMPI
#BSUB -n 18
#BSUB -W 00:30
#BSUB -o ./out_files/100000/18.out
#BSUB -e ./err_files/100000/18.err
OMP_NUM_THREADS=1 mpiexec ./prog 100000 10

------------------------------------------------------------

Successfully completed.

Resource usage summary:

    CPU time :                                   6.46 sec.
    Max Memory :                                 125 MB
    Average Memory :                             83.67 MB
    Total Requested Memory :                     -
    Delta Memory :                               -
    Max Swap :                                   -
    Max Processes :                              6
    Max Threads :                                15
    Run time :                                   2 sec.
    Turnaround time :                            572 sec.

The output (if any) follows:

2320
325
508


PS:

Read file <./err_files/100000/18.err> for stderr output of this job.

Sender: LSF System <lsfadmin@polus-c4-ib.bmc.hpc.cs.msu.ru>
Subject: Job 1046814: <# this file was automaticly created by mpisubmit.pl script for edu-cmc-sqi21-01 #;source /polusfs/setenv/setup.SMPI;#BSUB -n 18;#BSUB -W 00:30;#BSUB -o ./out_files/100000/18.out;#BSUB -e ./err_files/100000/18.err;OMP_NUM_THREADS=1 mpiexec ./prog 100000 10> in cluster <MSUCluster> Done

Job <# this file was automaticly created by mpisubmit.pl script for edu-cmc-sqi21-01 #;source /polusfs/setenv/setup.SMPI;#BSUB -n 18;#BSUB -W 00:30;#BSUB -o ./out_files/100000/18.out;#BSUB -e ./err_files/100000/18.err;OMP_NUM_THREADS=1 mpiexec ./prog 100000 10> was submitted from host <polus-ib.bmc.hpc.cs.msu.ru> by user <edu-cmc-sqi21-01> in cluster <MSUCluster> at Tue May  2 19:05:21 2023
Job was executed on host(s) <16*polus-c4-ib.bmc.hpc.cs.msu.ru>, in queue <short>, as user <edu-cmc-sqi21-01> in cluster <MSUCluster> at Tue May  2 19:20:33 2023
                            <2*polus-c3-ib.bmc.hpc.cs.msu.ru>
</home_edu/edu-cmc-sqi21/edu-cmc-sqi21-01> was used as the home directory.
</home_edu/edu-cmc-sqi21/edu-cmc-sqi21-01/SpecSem/SpecSem/KDTree/main> was used as the working directory.
Started at Tue May  2 19:20:33 2023
Terminated at Tue May  2 19:20:36 2023
Results reported at Tue May  2 19:20:36 2023

Your job looked like:

------------------------------------------------------------
# LSBATCH: User input
# this file was automaticly created by mpisubmit.pl script for edu-cmc-sqi21-01 #
source /polusfs/setenv/setup.SMPI
#BSUB -n 18
#BSUB -W 00:30
#BSUB -o ./out_files/100000/18.out
#BSUB -e ./err_files/100000/18.err
OMP_NUM_THREADS=1 mpiexec ./prog 100000 10

------------------------------------------------------------

Successfully completed.

Resource usage summary:

    CPU time :                                   4.00 sec.
    Max Memory :                                 868 MB
    Average Memory :                             434.50 MB
    Total Requested Memory :                     -
    Delta Memory :                               -
    Max Swap :                                   -
    Max Processes :                              20
    Max Threads :                                57
    Run time :                                   2 sec.
    Turnaround time :                            915 sec.

The output (if any) follows:

325
2320
508


PS:

Read file <./err_files/100000/18.err> for stderr output of this job.

Sender: LSF System <lsfadmin@polus-c4-ib.bmc.hpc.cs.msu.ru>
Subject: Job 1046980: <# this file was automaticly created by mpisubmit.pl script for edu-cmc-sqi21-01 #;source /polusfs/setenv/setup.SMPI;#BSUB -n 18;#BSUB -W 00:30;#BSUB -o ./out_files/100000/18.out;#BSUB -e ./err_files/100000/18.err;OMP_NUM_THREADS=1 mpiexec ./prog 100000 10> in cluster <MSUCluster> Done

Job <# this file was automaticly created by mpisubmit.pl script for edu-cmc-sqi21-01 #;source /polusfs/setenv/setup.SMPI;#BSUB -n 18;#BSUB -W 00:30;#BSUB -o ./out_files/100000/18.out;#BSUB -e ./err_files/100000/18.err;OMP_NUM_THREADS=1 mpiexec ./prog 100000 10> was submitted from host <polus-ib.bmc.hpc.cs.msu.ru> by user <edu-cmc-sqi21-01> in cluster <MSUCluster> at Tue May  2 19:11:27 2023
Job was executed on host(s) <15*polus-c4-ib.bmc.hpc.cs.msu.ru>, in queue <short>, as user <edu-cmc-sqi21-01> in cluster <MSUCluster> at Tue May  2 19:28:41 2023
                            <3*polus-c3-ib.bmc.hpc.cs.msu.ru>
</home_edu/edu-cmc-sqi21/edu-cmc-sqi21-01> was used as the home directory.
</home_edu/edu-cmc-sqi21/edu-cmc-sqi21-01/SpecSem/SpecSem/KDTree/main> was used as the working directory.
Started at Tue May  2 19:28:41 2023
Terminated at Tue May  2 19:28:43 2023
Results reported at Tue May  2 19:28:43 2023

Your job looked like:

------------------------------------------------------------
# LSBATCH: User input
# this file was automaticly created by mpisubmit.pl script for edu-cmc-sqi21-01 #
source /polusfs/setenv/setup.SMPI
#BSUB -n 18
#BSUB -W 00:30
#BSUB -o ./out_files/100000/18.out
#BSUB -e ./err_files/100000/18.err
OMP_NUM_THREADS=1 mpiexec ./prog 100000 10

------------------------------------------------------------

Successfully completed.

Resource usage summary:

    CPU time :                                   4.41 sec.
    Max Memory :                                 19 MB
    Average Memory :                             13.00 MB
    Total Requested Memory :                     -
    Delta Memory :                               -
    Max Swap :                                   -
    Max Processes :                              4
    Max Threads :                                6
    Run time :                                   2 sec.
    Turnaround time :                            1036 sec.

The output (if any) follows:

325
2320
508


PS:

Read file <./err_files/100000/18.err> for stderr output of this job.

