Sender: LSF System <lsfadmin@polus-c3-ib.bmc.hpc.cs.msu.ru>
Subject: Job 1046480: <# this file was automaticly created by mpisubmit.pl script for edu-cmc-sqi21-01 #;source /polusfs/setenv/setup.SMPI;#BSUB -n 8;#BSUB -W 00:30;#BSUB -o ./out_files/100000/8.out;#BSUB -e ./err_files/100000/8.err;OMP_NUM_THREADS=1 mpiexec ./prog 100000 10> in cluster <MSUCluster> Done

Job <# this file was automaticly created by mpisubmit.pl script for edu-cmc-sqi21-01 #;source /polusfs/setenv/setup.SMPI;#BSUB -n 8;#BSUB -W 00:30;#BSUB -o ./out_files/100000/8.out;#BSUB -e ./err_files/100000/8.err;OMP_NUM_THREADS=1 mpiexec ./prog 100000 10> was submitted from host <polus-ib.bmc.hpc.cs.msu.ru> by user <edu-cmc-sqi21-01> in cluster <MSUCluster> at Tue May  2 19:01:10 2023
Job was executed on host(s) <8*polus-c3-ib.bmc.hpc.cs.msu.ru>, in queue <short>, as user <edu-cmc-sqi21-01> in cluster <MSUCluster> at Tue May  2 19:02:38 2023
</home_edu/edu-cmc-sqi21/edu-cmc-sqi21-01> was used as the home directory.
</home_edu/edu-cmc-sqi21/edu-cmc-sqi21-01/SpecSem/SpecSem/KDTree/main> was used as the working directory.
Started at Tue May  2 19:02:38 2023
Terminated at Tue May  2 19:02:39 2023
Results reported at Tue May  2 19:02:39 2023

Your job looked like:

------------------------------------------------------------
# LSBATCH: User input
# this file was automaticly created by mpisubmit.pl script for edu-cmc-sqi21-01 #
source /polusfs/setenv/setup.SMPI
#BSUB -n 8
#BSUB -W 00:30
#BSUB -o ./out_files/100000/8.out
#BSUB -e ./err_files/100000/8.err
OMP_NUM_THREADS=1 mpiexec ./prog 100000 10

------------------------------------------------------------

Successfully completed.

Resource usage summary:

    CPU time :                                   2.27 sec.
    Max Memory :                                 1 MB
    Average Memory :                             1.00 MB
    Total Requested Memory :                     -
    Delta Memory :                               -
    Max Swap :                                   -
    Max Processes :                              1
    Max Threads :                                1
    Run time :                                   1 sec.
    Turnaround time :                            89 sec.

The output (if any) follows:

3014


PS:

Read file <./err_files/100000/8.err> for stderr output of this job.

Sender: LSF System <lsfadmin@polus-c3-ib.bmc.hpc.cs.msu.ru>
Subject: Job 1046640: <# this file was automaticly created by mpisubmit.pl script for edu-cmc-sqi21-01 #;source /polusfs/setenv/setup.SMPI;#BSUB -n 8;#BSUB -W 00:30;#BSUB -o ./out_files/100000/8.out;#BSUB -e ./err_files/100000/8.err;OMP_NUM_THREADS=1 mpiexec ./prog 100000 10> in cluster <MSUCluster> Done

Job <# this file was automaticly created by mpisubmit.pl script for edu-cmc-sqi21-01 #;source /polusfs/setenv/setup.SMPI;#BSUB -n 8;#BSUB -W 00:30;#BSUB -o ./out_files/100000/8.out;#BSUB -e ./err_files/100000/8.err;OMP_NUM_THREADS=1 mpiexec ./prog 100000 10> was submitted from host <polus-ib.bmc.hpc.cs.msu.ru> by user <edu-cmc-sqi21-01> in cluster <MSUCluster> at Tue May  2 19:01:16 2023
Job was executed on host(s) <2*polus-c3-ib.bmc.hpc.cs.msu.ru>, in queue <short>, as user <edu-cmc-sqi21-01> in cluster <MSUCluster> at Tue May  2 19:06:50 2023
                            <6*polus-c4-ib.bmc.hpc.cs.msu.ru>
</home_edu/edu-cmc-sqi21/edu-cmc-sqi21-01> was used as the home directory.
</home_edu/edu-cmc-sqi21/edu-cmc-sqi21-01/SpecSem/SpecSem/KDTree/main> was used as the working directory.
Started at Tue May  2 19:06:50 2023
Terminated at Tue May  2 19:06:53 2023
Results reported at Tue May  2 19:06:53 2023

Your job looked like:

------------------------------------------------------------
# LSBATCH: User input
# this file was automaticly created by mpisubmit.pl script for edu-cmc-sqi21-01 #
source /polusfs/setenv/setup.SMPI
#BSUB -n 8
#BSUB -W 00:30
#BSUB -o ./out_files/100000/8.out
#BSUB -e ./err_files/100000/8.err
OMP_NUM_THREADS=1 mpiexec ./prog 100000 10

------------------------------------------------------------

Successfully completed.

Resource usage summary:

    CPU time :                                   1.93 sec.
    Max Memory :                                 18 MB
    Average Memory :                             10.50 MB
    Total Requested Memory :                     -
    Delta Memory :                               -
    Max Swap :                                   2 MB
    Max Processes :                              4
    Max Threads :                                9
    Run time :                                   1 sec.
    Turnaround time :                            337 sec.

The output (if any) follows:

3014


PS:

Read file <./err_files/100000/8.err> for stderr output of this job.

Sender: LSF System <lsfadmin@polus-c4-ib.bmc.hpc.cs.msu.ru>
Subject: Job 1046804: <# this file was automaticly created by mpisubmit.pl script for edu-cmc-sqi21-01 #;source /polusfs/setenv/setup.SMPI;#BSUB -n 8;#BSUB -W 00:30;#BSUB -o ./out_files/100000/8.out;#BSUB -e ./err_files/100000/8.err;OMP_NUM_THREADS=1 mpiexec ./prog 100000 10> in cluster <MSUCluster> Done

Job <# this file was automaticly created by mpisubmit.pl script for edu-cmc-sqi21-01 #;source /polusfs/setenv/setup.SMPI;#BSUB -n 8;#BSUB -W 00:30;#BSUB -o ./out_files/100000/8.out;#BSUB -e ./err_files/100000/8.err;OMP_NUM_THREADS=1 mpiexec ./prog 100000 10> was submitted from host <polus-ib.bmc.hpc.cs.msu.ru> by user <edu-cmc-sqi21-01> in cluster <MSUCluster> at Tue May  2 19:05:21 2023
Job was executed on host(s) <8*polus-c4-ib.bmc.hpc.cs.msu.ru>, in queue <short>, as user <edu-cmc-sqi21-01> in cluster <MSUCluster> at Tue May  2 19:14:27 2023
</home_edu/edu-cmc-sqi21/edu-cmc-sqi21-01> was used as the home directory.
</home_edu/edu-cmc-sqi21/edu-cmc-sqi21-01/SpecSem/SpecSem/KDTree/main> was used as the working directory.
Started at Tue May  2 19:14:27 2023
Terminated at Tue May  2 19:14:28 2023
Results reported at Tue May  2 19:14:28 2023

Your job looked like:

------------------------------------------------------------
# LSBATCH: User input
# this file was automaticly created by mpisubmit.pl script for edu-cmc-sqi21-01 #
source /polusfs/setenv/setup.SMPI
#BSUB -n 8
#BSUB -W 00:30
#BSUB -o ./out_files/100000/8.out
#BSUB -e ./err_files/100000/8.err
OMP_NUM_THREADS=1 mpiexec ./prog 100000 10

------------------------------------------------------------

Successfully completed.

Resource usage summary:

    CPU time :                                   1.81 sec.
    Max Memory :                                 1 MB
    Average Memory :                             1.00 MB
    Total Requested Memory :                     -
    Delta Memory :                               -
    Max Swap :                                   -
    Max Processes :                              1
    Max Threads :                                1
    Run time :                                   0 sec.
    Turnaround time :                            547 sec.

The output (if any) follows:

3014


PS:

Read file <./err_files/100000/8.err> for stderr output of this job.

Sender: LSF System <lsfadmin@polus-c4-ib.bmc.hpc.cs.msu.ru>
Subject: Job 1046970: <# this file was automaticly created by mpisubmit.pl script for edu-cmc-sqi21-01 #;source /polusfs/setenv/setup.SMPI;#BSUB -n 8;#BSUB -W 00:30;#BSUB -o ./out_files/100000/8.out;#BSUB -e ./err_files/100000/8.err;OMP_NUM_THREADS=1 mpiexec ./prog 100000 10> in cluster <MSUCluster> Done

Job <# this file was automaticly created by mpisubmit.pl script for edu-cmc-sqi21-01 #;source /polusfs/setenv/setup.SMPI;#BSUB -n 8;#BSUB -W 00:30;#BSUB -o ./out_files/100000/8.out;#BSUB -e ./err_files/100000/8.err;OMP_NUM_THREADS=1 mpiexec ./prog 100000 10> was submitted from host <polus-ib.bmc.hpc.cs.msu.ru> by user <edu-cmc-sqi21-01> in cluster <MSUCluster> at Tue May  2 19:11:27 2023
Job was executed on host(s) <8*polus-c4-ib.bmc.hpc.cs.msu.ru>, in queue <short>, as user <edu-cmc-sqi21-01> in cluster <MSUCluster> at Tue May  2 19:17:17 2023
</home_edu/edu-cmc-sqi21/edu-cmc-sqi21-01> was used as the home directory.
</home_edu/edu-cmc-sqi21/edu-cmc-sqi21-01/SpecSem/SpecSem/KDTree/main> was used as the working directory.
Started at Tue May  2 19:17:17 2023
Terminated at Tue May  2 19:17:20 2023
Results reported at Tue May  2 19:17:20 2023

Your job looked like:

------------------------------------------------------------
# LSBATCH: User input
# this file was automaticly created by mpisubmit.pl script for edu-cmc-sqi21-01 #
source /polusfs/setenv/setup.SMPI
#BSUB -n 8
#BSUB -W 00:30
#BSUB -o ./out_files/100000/8.out
#BSUB -e ./err_files/100000/8.err
OMP_NUM_THREADS=1 mpiexec ./prog 100000 10

------------------------------------------------------------

Successfully completed.

Resource usage summary:

    CPU time :                                   2.01 sec.
    Max Memory :                                 7 MB
    Average Memory :                             4.67 MB
    Total Requested Memory :                     -
    Delta Memory :                               -
    Max Swap :                                   -
    Max Processes :                              4
    Max Threads :                                5
    Run time :                                   2 sec.
    Turnaround time :                            353 sec.

The output (if any) follows:

3014


PS:

Read file <./err_files/100000/8.err> for stderr output of this job.

