[polus-c2-ib:08298] *** Process received signal ***
[polus-c2-ib:08298] Signal: Segmentation fault (11)
[polus-c2-ib:08298] Signal code: Address not mapped (1)
[polus-c2-ib:08298] Failing at address: 0x8d1371d8
[polus-c2-ib:08298] [ 0] [0x100000050478]
[polus-c2-ib:08298] [ 1] ./prog[0x1000b4cc]
[polus-c2-ib:08298] [ 2] /lib64/libc.so.6(+0x24980)[0x100000524980]
[polus-c2-ib:08298] [ 3] /lib64/libc.so.6(__libc_start_main+0xc4)[0x100000524b74]
[polus-c2-ib:08298] *** End of error message ***
[polus-c4-ib:59173] *** Process received signal ***
[polus-c4-ib:59173] Signal: Segmentation fault (11)
[polus-c4-ib:59173] Signal code: Address not mapped (1)
[polus-c4-ib:59173] Failing at address: 0x23e305558
[polus-c4-ib:59173] [ 0] [0x100000050478]
[polus-c4-ib:59173] [ 1] ./prog[0x1000b4cc]
[polus-c4-ib:59173] [ 2] /lib64/libc.so.6(+0x24980)[0x100000534980]
[polus-c4-ib:59173] [ 3] /lib64/libc.so.6(__libc_start_main+0xc4)[0x100000534b74]
[polus-c4-ib:59173] *** End of error message ***
[polus-c4-ib:59497] *** Process received signal ***
[polus-c4-ib:59497] Signal: Segmentation fault (11)
[polus-c4-ib:59497] Signal code: Address not mapped (1)
[polus-c4-ib:59497] Failing at address: 0x191e50c18
[polus-c4-ib:59497] [ 0] [0x100000050478]
[polus-c4-ib:59497] [ 1] ./prog[0x1000b4cc]
[polus-c4-ib:59497] [ 2] /lib64/libc.so.6(+0x24980)[0x100000534980]
[polus-c4-ib:59497] [ 3] /lib64/libc.so.6(__libc_start_main+0xc4)[0x100000534b74]
[polus-c4-ib:59497] *** End of error message ***
[polus-c2-ib:10842] *** Process received signal ***
[polus-c2-ib:10842] Signal: Segmentation fault (11)
[polus-c2-ib:10842] Signal code: Address not mapped (1)
[polus-c2-ib:10842] Failing at address: 0x9cb74eee8
[polus-c2-ib:10842] [ 0] [0x100000050478]
[polus-c2-ib:10842] [ 1] ./prog[0x1000b4cc]
[polus-c2-ib:10842] [ 2] /lib64/libc.so.6(+0x24980)[0x100000524980]
[polus-c2-ib:10842] [ 3] /lib64/libc.so.6(__libc_start_main+0xc4)[0x100000524b74]
[polus-c2-ib:10842] *** End of error message ***
