[polus-c4-ib:55809] *** Process received signal ***
[polus-c4-ib:55809] Signal: Segmentation fault (11)
[polus-c4-ib:55809] Signal code: Address not mapped (1)
[polus-c4-ib:55809] Failing at address: 0xa2487bc48
[polus-c4-ib:55809] [ 0] [0x100000050478]
[polus-c4-ib:55809] [ 1] ./prog[0x1000b4cc]
[polus-c4-ib:55809] [ 2] /lib64/libc.so.6(+0x24980)[0x100000534980]
[polus-c4-ib:55809] [ 3] /lib64/libc.so.6(__libc_start_main+0xc4)[0x100000534b74]
[polus-c4-ib:55809] *** End of error message ***
[polus-c4-ib:56293] *** Process received signal ***
[polus-c4-ib:56293] Signal: Segmentation fault (11)
[polus-c4-ib:56293] Signal code: Address not mapped (1)
[polus-c4-ib:56293] Failing at address: 0xa72090140
[polus-c4-ib:56293] [ 0] [0x100000050478]
[polus-c4-ib:56293] [ 1] ./prog[0x1000b4cc]
[polus-c4-ib:56293] [ 2] /lib64/libc.so.6(+0x24980)[0x100000534980]
[polus-c4-ib:56293] [ 3] /lib64/libc.so.6(__libc_start_main+0xc4)[0x100000534b74]
[polus-c4-ib:56293] *** End of error message ***
[polus-c4-ib:56481] *** Process received signal ***
[polus-c4-ib:56481] Signal: Segmentation fault (11)
[polus-c4-ib:56481] Signal code: Address not mapped (1)
[polus-c4-ib:56481] Failing at address: 0xab7b374a0
[polus-c4-ib:56481] [ 0] [0x100000050478]
[polus-c4-ib:56481] [ 1] ./prog[0x1000b4cc]
[polus-c4-ib:56481] [ 2] /lib64/libc.so.6(+0x24980)[0x100000534980]
[polus-c4-ib:56481] [ 3] /lib64/libc.so.6(__libc_start_main+0xc4)[0x100000534b74]
[polus-c4-ib:56481] *** End of error message ***
[polus-c4-ib:57707] *** Process received signal ***
[polus-c4-ib:57707] Signal: Segmentation fault (11)
[polus-c4-ib:57707] Signal code: Address not mapped (1)
[polus-c4-ib:57707] Failing at address: 0x6a2879720
[polus-c4-ib:57707] [ 0] [0x100000050478]
[polus-c4-ib:57707] [ 1] ./prog[0x1000b4cc]
[polus-c4-ib:57707] [ 2] /lib64/libc.so.6(+0x24980)[0x100000534980]
[polus-c4-ib:57707] [ 3] /lib64/libc.so.6(__libc_start_main+0xc4)[0x100000534b74]
[polus-c4-ib:57707] *** End of error message ***
