[polus-c2-ib:06340] *** Process received signal ***
[polus-c2-ib:06340] Signal: Segmentation fault (11)
[polus-c2-ib:06340] Signal code: Address not mapped (1)
[polus-c2-ib:06340] Failing at address: 0xb33b5d158
[polus-c2-ib:06340] [ 0] [0x100000050478]
[polus-c2-ib:06340] [ 1] ./prog[0x1000b4cc]
[polus-c2-ib:06340] [ 2] /lib64/libc.so.6(+0x24980)[0x100000524980]
[polus-c2-ib:06340] [ 3] /lib64/libc.so.6(__libc_start_main+0xc4)[0x100000524b74]
[polus-c2-ib:06340] *** End of error message ***
[polus-c4-ib:53389] *** Process received signal ***
[polus-c4-ib:53389] Signal: Segmentation fault (11)
[polus-c4-ib:53389] Signal code: Address not mapped (1)
[polus-c4-ib:53389] Failing at address: 0x206f24718
[polus-c4-ib:53389] [ 0] [0x100000050478]
[polus-c4-ib:53389] [ 1] ./prog[0x1000b4cc]
[polus-c4-ib:53389] [ 2] /lib64/libc.so.6(+0x24980)[0x100000534980]
[polus-c4-ib:53389] [ 3] /lib64/libc.so.6(__libc_start_main+0xc4)[0x100000534b74]
[polus-c4-ib:53389] *** End of error message ***
[polus-c4-ib:54089] *** Process received signal ***
[polus-c4-ib:54089] Signal: Segmentation fault (11)
[polus-c4-ib:54089] Signal code: Address not mapped (1)
[polus-c4-ib:54089] Failing at address: 0x68bd105e8
[polus-c4-ib:54089] [ 0] [0x100000050478]
[polus-c4-ib:54089] [ 1] ./prog[0x1000b4cc]
[polus-c4-ib:54089] [ 2] /lib64/libc.so.6(+0x24980)[0x100000534980]
[polus-c4-ib:54089] [ 3] /lib64/libc.so.6(__libc_start_main+0xc4)[0x100000534b74]
[polus-c4-ib:54089] *** End of error message ***
[polus-c4-ib:55207] *** Process received signal ***
[polus-c4-ib:55207] Signal: Segmentation fault (11)
[polus-c4-ib:55207] Signal code: Address not mapped (1)
[polus-c4-ib:55207] Failing at address: 0x9fe6e67e8
[polus-c4-ib:55207] [ 0] [0x100000050478]
[polus-c4-ib:55207] [ 1] ./prog[0x1000b4cc]
[polus-c4-ib:55207] [ 2] /lib64/libc.so.6(+0x24980)[0x100000534980]
[polus-c4-ib:55207] [ 3] /lib64/libc.so.6(__libc_start_main+0xc4)[0x100000534b74]
[polus-c4-ib:55207] *** End of error message ***
