[polus-c4-ib:55808] *** Process received signal ***
[polus-c4-ib:55808] Signal: Segmentation fault (11)
[polus-c4-ib:55808] Signal code: Address not mapped (1)
[polus-c4-ib:55808] Failing at address: 0xa2487bc48
[polus-c4-ib:55808] [ 0] [0x100000050478]
[polus-c4-ib:55808] [ 1] ./prog[0x1000b4cc]
[polus-c4-ib:55808] [ 2] /lib64/libc.so.6(+0x24980)[0x100000534980]
[polus-c4-ib:55808] [ 3] /lib64/libc.so.6(__libc_start_main+0xc4)[0x100000534b74]
[polus-c4-ib:55808] *** End of error message ***
[polus-c4-ib:56899] *** Process received signal ***
[polus-c4-ib:56899] Signal: Segmentation fault (11)
[polus-c4-ib:56899] Signal code: Address not mapped (1)
[polus-c4-ib:56899] Failing at address: 0x77e2ea1f8
[polus-c4-ib:56899] [ 0] [0x100000050478]
[polus-c4-ib:56899] [ 1] ./prog[0x1000b4cc]
[polus-c4-ib:56899] [ 2] /lib64/libc.so.6(+0x24980)[0x100000534980]
[polus-c4-ib:56899] [ 3] /lib64/libc.so.6(__libc_start_main+0xc4)[0x100000534b74]
[polus-c4-ib:56899] *** End of error message ***
[polus-c4-ib:57274] *** Process received signal ***
[polus-c4-ib:57274] Signal: Segmentation fault (11)
[polus-c4-ib:57274] Signal code: Address not mapped (1)
[polus-c4-ib:57274] Failing at address: 0x8142c8d30
[polus-c4-ib:57274] [ 0] [0x100000050478]
[polus-c4-ib:57274] [ 1] ./prog[0x1000b4cc]
[polus-c4-ib:57274] [ 2] /lib64/libc.so.6(+0x24980)[0x100000534980]
[polus-c4-ib:57274] [ 3] /lib64/libc.so.6(__libc_start_main+0xc4)[0x100000534b74]
[polus-c4-ib:57274] *** End of error message ***
[polus-c4-ib:57768] *** Process received signal ***
[polus-c4-ib:57768] Signal: Segmentation fault (11)
[polus-c4-ib:57768] Signal code: Address not mapped (1)
[polus-c4-ib:57768] Failing at address: 0x1cecc69c0
[polus-c4-ib:57768] [ 0] [0x100000050478]
[polus-c4-ib:57768] [ 1] ./prog[0x1000b4cc]
[polus-c4-ib:57768] [ 2] /lib64/libc.so.6(+0x24980)[0x100000534980]
[polus-c4-ib:57768] [ 3] /lib64/libc.so.6(__libc_start_main+0xc4)[0x100000534b74]
[polus-c4-ib:57768] *** End of error message ***
