Sender: LSF System <lsfadmin@polus-c3-ib.bmc.hpc.cs.msu.ru>
Subject: Job 1042219: <# this file was automaticly created by mpisubmit.pl script for edu-cmc-sqi21-01 #;source /polusfs/setenv/setup.SMPI;#BSUB -n 16;#BSUB -W 00:30;#BSUB -o ./out_files/1000/16.out;#BSUB -e ./err_files/1000/16.err;OMP_NUM_THREADS=1 mpiexec ./prog 1000 10> in cluster <MSUCluster> Done

Job <# this file was automaticly created by mpisubmit.pl script for edu-cmc-sqi21-01 #;source /polusfs/setenv/setup.SMPI;#BSUB -n 16;#BSUB -W 00:30;#BSUB -o ./out_files/1000/16.out;#BSUB -e ./err_files/1000/16.err;OMP_NUM_THREADS=1 mpiexec ./prog 1000 10> was submitted from host <polus-ib.bmc.hpc.cs.msu.ru> by user <edu-cmc-sqi21-01> in cluster <MSUCluster> at Tue Apr 11 18:51:13 2023
Job was executed on host(s) <16*polus-c3-ib.bmc.hpc.cs.msu.ru>, in queue <short>, as user <edu-cmc-sqi21-01> in cluster <MSUCluster> at Tue Apr 11 18:52:01 2023
</home_edu/edu-cmc-sqi21/edu-cmc-sqi21-01> was used as the home directory.
</home_edu/edu-cmc-sqi21/edu-cmc-sqi21-01/SpecSem/SpecSem/KDTree/main> was used as the working directory.
Started at Tue Apr 11 18:52:01 2023
Terminated at Tue Apr 11 18:52:03 2023
Results reported at Tue Apr 11 18:52:03 2023

Your job looked like:

------------------------------------------------------------
# LSBATCH: User input
# this file was automaticly created by mpisubmit.pl script for edu-cmc-sqi21-01 #
source /polusfs/setenv/setup.SMPI
#BSUB -n 16
#BSUB -W 00:30
#BSUB -o ./out_files/1000/16.out
#BSUB -e ./err_files/1000/16.err
OMP_NUM_THREADS=1 mpiexec ./prog 1000 10

------------------------------------------------------------

Successfully completed.

Resource usage summary:

    CPU time :                                   2.41 sec.
    Max Memory :                                 3 MB
    Average Memory :                             1.67 MB
    Total Requested Memory :                     -
    Delta Memory :                               -
    Max Swap :                                   -
    Max Processes :                              1
    Max Threads :                                1
    Run time :                                   1 sec.
    Turnaround time :                            50 sec.

The output (if any) follows:

8


PS:

Read file <./err_files/1000/16.err> for stderr output of this job.

Sender: LSF System <lsfadmin@polus-c4-ib.bmc.hpc.cs.msu.ru>
Subject: Job 1042249: <# this file was automaticly created by mpisubmit.pl script for edu-cmc-sqi21-01 #;source /polusfs/setenv/setup.SMPI;#BSUB -n 16;#BSUB -W 00:30;#BSUB -o ./out_files/1000/16.out;#BSUB -e ./err_files/1000/16.err;OMP_NUM_THREADS=1 mpiexec ./prog 1000 10> in cluster <MSUCluster> Done

Job <# this file was automaticly created by mpisubmit.pl script for edu-cmc-sqi21-01 #;source /polusfs/setenv/setup.SMPI;#BSUB -n 16;#BSUB -W 00:30;#BSUB -o ./out_files/1000/16.out;#BSUB -e ./err_files/1000/16.err;OMP_NUM_THREADS=1 mpiexec ./prog 1000 10> was submitted from host <polus-ib.bmc.hpc.cs.msu.ru> by user <edu-cmc-sqi21-01> in cluster <MSUCluster> at Tue Apr 11 18:51:14 2023
Job was executed on host(s) <14*polus-c4-ib.bmc.hpc.cs.msu.ru>, in queue <short>, as user <edu-cmc-sqi21-01> in cluster <MSUCluster> at Tue Apr 11 18:52:27 2023
                            <2*polus-c3-ib.bmc.hpc.cs.msu.ru>
</home_edu/edu-cmc-sqi21/edu-cmc-sqi21-01> was used as the home directory.
</home_edu/edu-cmc-sqi21/edu-cmc-sqi21-01/SpecSem/SpecSem/KDTree/main> was used as the working directory.
Started at Tue Apr 11 18:52:27 2023
Terminated at Tue Apr 11 18:52:32 2023
Results reported at Tue Apr 11 18:52:32 2023

Your job looked like:

------------------------------------------------------------
# LSBATCH: User input
# this file was automaticly created by mpisubmit.pl script for edu-cmc-sqi21-01 #
source /polusfs/setenv/setup.SMPI
#BSUB -n 16
#BSUB -W 00:30
#BSUB -o ./out_files/1000/16.out
#BSUB -e ./err_files/1000/16.err
OMP_NUM_THREADS=1 mpiexec ./prog 1000 10

------------------------------------------------------------

Successfully completed.

Resource usage summary:

    CPU time :                                   1.98 sec.
    Max Memory :                                 754 MB
    Average Memory :                             2.00 MB
    Total Requested Memory :                     -
    Delta Memory :                               -
    Max Swap :                                   -
    Max Processes :                              18
    Max Threads :                                51
    Run time :                                   5 sec.
    Turnaround time :                            78 sec.

The output (if any) follows:

8


PS:

Read file <./err_files/1000/16.err> for stderr output of this job.

Sender: LSF System <lsfadmin@polus-c3-ib.bmc.hpc.cs.msu.ru>
Subject: Job 1042279: <# this file was automaticly created by mpisubmit.pl script for edu-cmc-sqi21-01 #;source /polusfs/setenv/setup.SMPI;#BSUB -n 16;#BSUB -W 00:30;#BSUB -o ./out_files/1000/16.out;#BSUB -e ./err_files/1000/16.err;OMP_NUM_THREADS=1 mpiexec ./prog 1000 10> in cluster <MSUCluster> Done

Job <# this file was automaticly created by mpisubmit.pl script for edu-cmc-sqi21-01 #;source /polusfs/setenv/setup.SMPI;#BSUB -n 16;#BSUB -W 00:30;#BSUB -o ./out_files/1000/16.out;#BSUB -e ./err_files/1000/16.err;OMP_NUM_THREADS=1 mpiexec ./prog 1000 10> was submitted from host <polus-ib.bmc.hpc.cs.msu.ru> by user <edu-cmc-sqi21-01> in cluster <MSUCluster> at Tue Apr 11 18:51:15 2023
Job was executed on host(s) <8*polus-c3-ib.bmc.hpc.cs.msu.ru>, in queue <short>, as user <edu-cmc-sqi21-01> in cluster <MSUCluster> at Tue Apr 11 18:53:17 2023
                            <8*polus-c4-ib.bmc.hpc.cs.msu.ru>
</home_edu/edu-cmc-sqi21/edu-cmc-sqi21-01> was used as the home directory.
</home_edu/edu-cmc-sqi21/edu-cmc-sqi21-01/SpecSem/SpecSem/KDTree/main> was used as the working directory.
Started at Tue Apr 11 18:53:17 2023
Terminated at Tue Apr 11 18:53:22 2023
Results reported at Tue Apr 11 18:53:22 2023

Your job looked like:

------------------------------------------------------------
# LSBATCH: User input
# this file was automaticly created by mpisubmit.pl script for edu-cmc-sqi21-01 #
source /polusfs/setenv/setup.SMPI
#BSUB -n 16
#BSUB -W 00:30
#BSUB -o ./out_files/1000/16.out
#BSUB -e ./err_files/1000/16.err
OMP_NUM_THREADS=1 mpiexec ./prog 1000 10

------------------------------------------------------------

Successfully completed.

Resource usage summary:

    CPU time :                                   1.53 sec.
    Max Memory :                                 435 MB
    Average Memory :                             290.33 MB
    Total Requested Memory :                     -
    Delta Memory :                               -
    Max Swap :                                   4 MB
    Max Processes :                              12
    Max Threads :                                33
    Run time :                                   5 sec.
    Turnaround time :                            127 sec.

The output (if any) follows:

8


PS:

Read file <./err_files/1000/16.err> for stderr output of this job.

Sender: LSF System <lsfadmin@polus-c4-ib.bmc.hpc.cs.msu.ru>
Subject: Job 1042309: <# this file was automaticly created by mpisubmit.pl script for edu-cmc-sqi21-01 #;source /polusfs/setenv/setup.SMPI;#BSUB -n 16;#BSUB -W 00:30;#BSUB -o ./out_files/1000/16.out;#BSUB -e ./err_files/1000/16.err;OMP_NUM_THREADS=1 mpiexec ./prog 1000 10> in cluster <MSUCluster> Done

Job <# this file was automaticly created by mpisubmit.pl script for edu-cmc-sqi21-01 #;source /polusfs/setenv/setup.SMPI;#BSUB -n 16;#BSUB -W 00:30;#BSUB -o ./out_files/1000/16.out;#BSUB -e ./err_files/1000/16.err;OMP_NUM_THREADS=1 mpiexec ./prog 1000 10> was submitted from host <polus-ib.bmc.hpc.cs.msu.ru> by user <edu-cmc-sqi21-01> in cluster <MSUCluster> at Tue Apr 11 18:51:16 2023
Job was executed on host(s) <8*polus-c4-ib.bmc.hpc.cs.msu.ru>, in queue <short>, as user <edu-cmc-sqi21-01> in cluster <MSUCluster> at Tue Apr 11 18:53:32 2023
                            <8*polus-c3-ib.bmc.hpc.cs.msu.ru>
</home_edu/edu-cmc-sqi21/edu-cmc-sqi21-01> was used as the home directory.
</home_edu/edu-cmc-sqi21/edu-cmc-sqi21-01/SpecSem/SpecSem/KDTree/main> was used as the working directory.
Started at Tue Apr 11 18:53:32 2023
Terminated at Tue Apr 11 18:53:34 2023
Results reported at Tue Apr 11 18:53:34 2023

Your job looked like:

------------------------------------------------------------
# LSBATCH: User input
# this file was automaticly created by mpisubmit.pl script for edu-cmc-sqi21-01 #
source /polusfs/setenv/setup.SMPI
#BSUB -n 16
#BSUB -W 00:30
#BSUB -o ./out_files/1000/16.out
#BSUB -e ./err_files/1000/16.err
OMP_NUM_THREADS=1 mpiexec ./prog 1000 10

------------------------------------------------------------

Successfully completed.

Resource usage summary:

    CPU time :                                   2.88 sec.
    Max Memory :                                 7 MB
    Average Memory :                             5.00 MB
    Total Requested Memory :                     -
    Delta Memory :                               -
    Max Swap :                                   -
    Max Processes :                              4
    Max Threads :                                5
    Run time :                                   1 sec.
    Turnaround time :                            138 sec.

The output (if any) follows:

8


PS:

Read file <./err_files/1000/16.err> for stderr output of this job.

