Sender: LSF System <lsfadmin@polus-c4-ib.bmc.hpc.cs.msu.ru>
Subject: Job 1042423: <# this file was automaticly created by mpisubmit.pl script for edu-cmc-sqi21-01 #;source /polusfs/setenv/setup.SMPI;#BSUB -n 2;#BSUB -W 00:30;#BSUB -o ./out_files/1000/2.out;#BSUB -e ./err_files/1000/2.err;OMP_NUM_THREADS=1 mpiexec ./prog 1000 10> in cluster <MSUCluster> Done

Job <# this file was automaticly created by mpisubmit.pl script for edu-cmc-sqi21-01 #;source /polusfs/setenv/setup.SMPI;#BSUB -n 2;#BSUB -W 00:30;#BSUB -o ./out_files/1000/2.out;#BSUB -e ./err_files/1000/2.err;OMP_NUM_THREADS=1 mpiexec ./prog 1000 10> was submitted from host <polus-ib.bmc.hpc.cs.msu.ru> by user <edu-cmc-sqi21-01> in cluster <MSUCluster> at Tue Apr 11 19:28:21 2023
Job was executed on host(s) <2*polus-c4-ib.bmc.hpc.cs.msu.ru>, in queue <short>, as user <edu-cmc-sqi21-01> in cluster <MSUCluster> at Tue Apr 11 19:28:48 2023
</home_edu/edu-cmc-sqi21/edu-cmc-sqi21-01> was used as the home directory.
</home_edu/edu-cmc-sqi21/edu-cmc-sqi21-01/SpecSem/SpecSem/KDTree/main> was used as the working directory.
Started at Tue Apr 11 19:28:48 2023
Terminated at Tue Apr 11 19:28:49 2023
Results reported at Tue Apr 11 19:28:49 2023

Your job looked like:

------------------------------------------------------------
# LSBATCH: User input
# this file was automaticly created by mpisubmit.pl script for edu-cmc-sqi21-01 #
source /polusfs/setenv/setup.SMPI
#BSUB -n 2
#BSUB -W 00:30
#BSUB -o ./out_files/1000/2.out
#BSUB -e ./err_files/1000/2.err
OMP_NUM_THREADS=1 mpiexec ./prog 1000 10

------------------------------------------------------------

Successfully completed.

Resource usage summary:

    CPU time :                                   0.35 sec.
    Max Memory :                                 3 MB
    Average Memory :                             3.00 MB
    Total Requested Memory :                     -
    Delta Memory :                               -
    Max Swap :                                   -
    Max Processes :                              1
    Max Threads :                                1
    Run time :                                   2 sec.
    Turnaround time :                            28 sec.

The output (if any) follows:

83


PS:

Read file <./err_files/1000/2.err> for stderr output of this job.

Sender: LSF System <lsfadmin@polus-c3-ib.bmc.hpc.cs.msu.ru>
Subject: Job 1042453: <# this file was automaticly created by mpisubmit.pl script for edu-cmc-sqi21-01 #;source /polusfs/setenv/setup.SMPI;#BSUB -n 2;#BSUB -W 00:30;#BSUB -o ./out_files/1000/2.out;#BSUB -e ./err_files/1000/2.err;OMP_NUM_THREADS=1 mpiexec ./prog 1000 10> in cluster <MSUCluster> Done

Job <# this file was automaticly created by mpisubmit.pl script for edu-cmc-sqi21-01 #;source /polusfs/setenv/setup.SMPI;#BSUB -n 2;#BSUB -W 00:30;#BSUB -o ./out_files/1000/2.out;#BSUB -e ./err_files/1000/2.err;OMP_NUM_THREADS=1 mpiexec ./prog 1000 10> was submitted from host <polus-ib.bmc.hpc.cs.msu.ru> by user <edu-cmc-sqi21-01> in cluster <MSUCluster> at Tue Apr 11 19:28:22 2023
Job was executed on host(s) <2*polus-c3-ib.bmc.hpc.cs.msu.ru>, in queue <short>, as user <edu-cmc-sqi21-01> in cluster <MSUCluster> at Tue Apr 11 19:29:34 2023
</home_edu/edu-cmc-sqi21/edu-cmc-sqi21-01> was used as the home directory.
</home_edu/edu-cmc-sqi21/edu-cmc-sqi21-01/SpecSem/SpecSem/KDTree/main> was used as the working directory.
Started at Tue Apr 11 19:29:34 2023
Terminated at Tue Apr 11 19:29:37 2023
Results reported at Tue Apr 11 19:29:37 2023

Your job looked like:

------------------------------------------------------------
# LSBATCH: User input
# this file was automaticly created by mpisubmit.pl script for edu-cmc-sqi21-01 #
source /polusfs/setenv/setup.SMPI
#BSUB -n 2
#BSUB -W 00:30
#BSUB -o ./out_files/1000/2.out
#BSUB -e ./err_files/1000/2.err
OMP_NUM_THREADS=1 mpiexec ./prog 1000 10

------------------------------------------------------------

Successfully completed.

Resource usage summary:

    CPU time :                                   0.35 sec.
    Max Memory :                                 1 MB
    Average Memory :                             1.00 MB
    Total Requested Memory :                     -
    Delta Memory :                               -
    Max Swap :                                   -
    Max Processes :                              1
    Max Threads :                                1
    Run time :                                   2 sec.
    Turnaround time :                            75 sec.

The output (if any) follows:

83


PS:

Read file <./err_files/1000/2.err> for stderr output of this job.

Sender: LSF System <lsfadmin@polus-c3-ib.bmc.hpc.cs.msu.ru>
Subject: Job 1042483: <# this file was automaticly created by mpisubmit.pl script for edu-cmc-sqi21-01 #;source /polusfs/setenv/setup.SMPI;#BSUB -n 2;#BSUB -W 00:30;#BSUB -o ./out_files/1000/2.out;#BSUB -e ./err_files/1000/2.err;OMP_NUM_THREADS=1 mpiexec ./prog 1000 10> in cluster <MSUCluster> Done

Job <# this file was automaticly created by mpisubmit.pl script for edu-cmc-sqi21-01 #;source /polusfs/setenv/setup.SMPI;#BSUB -n 2;#BSUB -W 00:30;#BSUB -o ./out_files/1000/2.out;#BSUB -e ./err_files/1000/2.err;OMP_NUM_THREADS=1 mpiexec ./prog 1000 10> was submitted from host <polus-ib.bmc.hpc.cs.msu.ru> by user <edu-cmc-sqi21-01> in cluster <MSUCluster> at Tue Apr 11 19:28:23 2023
Job was executed on host(s) <2*polus-c3-ib.bmc.hpc.cs.msu.ru>, in queue <short>, as user <edu-cmc-sqi21-01> in cluster <MSUCluster> at Tue Apr 11 19:29:47 2023
</home_edu/edu-cmc-sqi21/edu-cmc-sqi21-01> was used as the home directory.
</home_edu/edu-cmc-sqi21/edu-cmc-sqi21-01/SpecSem/SpecSem/KDTree/main> was used as the working directory.
Started at Tue Apr 11 19:29:47 2023
Terminated at Tue Apr 11 19:29:49 2023
Results reported at Tue Apr 11 19:29:49 2023

Your job looked like:

------------------------------------------------------------
# LSBATCH: User input
# this file was automaticly created by mpisubmit.pl script for edu-cmc-sqi21-01 #
source /polusfs/setenv/setup.SMPI
#BSUB -n 2
#BSUB -W 00:30
#BSUB -o ./out_files/1000/2.out
#BSUB -e ./err_files/1000/2.err
OMP_NUM_THREADS=1 mpiexec ./prog 1000 10

------------------------------------------------------------

Successfully completed.

Resource usage summary:

    CPU time :                                   0.42 sec.
    Max Memory :                                 3 MB
    Average Memory :                             3.00 MB
    Total Requested Memory :                     -
    Delta Memory :                               -
    Max Swap :                                   -
    Max Processes :                              1
    Max Threads :                                1
    Run time :                                   1 sec.
    Turnaround time :                            86 sec.

The output (if any) follows:

83


PS:

Read file <./err_files/1000/2.err> for stderr output of this job.

Sender: LSF System <lsfadmin@polus-c4-ib.bmc.hpc.cs.msu.ru>
Subject: Job 1042513: <# this file was automaticly created by mpisubmit.pl script for edu-cmc-sqi21-01 #;source /polusfs/setenv/setup.SMPI;#BSUB -n 2;#BSUB -W 00:30;#BSUB -o ./out_files/1000/2.out;#BSUB -e ./err_files/1000/2.err;OMP_NUM_THREADS=1 mpiexec ./prog 1000 10> in cluster <MSUCluster> Done

Job <# this file was automaticly created by mpisubmit.pl script for edu-cmc-sqi21-01 #;source /polusfs/setenv/setup.SMPI;#BSUB -n 2;#BSUB -W 00:30;#BSUB -o ./out_files/1000/2.out;#BSUB -e ./err_files/1000/2.err;OMP_NUM_THREADS=1 mpiexec ./prog 1000 10> was submitted from host <polus-ib.bmc.hpc.cs.msu.ru> by user <edu-cmc-sqi21-01> in cluster <MSUCluster> at Tue Apr 11 19:28:24 2023
Job was executed on host(s) <2*polus-c4-ib.bmc.hpc.cs.msu.ru>, in queue <short>, as user <edu-cmc-sqi21-01> in cluster <MSUCluster> at Tue Apr 11 19:30:15 2023
</home_edu/edu-cmc-sqi21/edu-cmc-sqi21-01> was used as the home directory.
</home_edu/edu-cmc-sqi21/edu-cmc-sqi21-01/SpecSem/SpecSem/KDTree/main> was used as the working directory.
Started at Tue Apr 11 19:30:15 2023
Terminated at Tue Apr 11 19:30:17 2023
Results reported at Tue Apr 11 19:30:17 2023

Your job looked like:

------------------------------------------------------------
# LSBATCH: User input
# this file was automaticly created by mpisubmit.pl script for edu-cmc-sqi21-01 #
source /polusfs/setenv/setup.SMPI
#BSUB -n 2
#BSUB -W 00:30
#BSUB -o ./out_files/1000/2.out
#BSUB -e ./err_files/1000/2.err
OMP_NUM_THREADS=1 mpiexec ./prog 1000 10

------------------------------------------------------------

Successfully completed.

Resource usage summary:

    CPU time :                                   0.37 sec.
    Max Memory :                                 4 MB
    Average Memory :                             4.00 MB
    Total Requested Memory :                     -
    Delta Memory :                               -
    Max Swap :                                   -
    Max Processes :                              1
    Max Threads :                                1
    Run time :                                   1 sec.
    Turnaround time :                            113 sec.

The output (if any) follows:

83


PS:

Read file <./err_files/1000/2.err> for stderr output of this job.

