Sender: LSF System <lsfadmin@polus-c3-ib.bmc.hpc.cs.msu.ru>
Subject: Job 1042541: <# this file was automaticly created by mpisubmit.pl script for edu-cmc-sqi21-01 #;source /polusfs/setenv/setup.SMPI;#BSUB -n 31;#BSUB -W 00:30;#BSUB -o ./out_files/1000/31.out;#BSUB -e ./err_files/1000/31.err;OMP_NUM_THREADS=1 mpiexec ./prog 1000 10> in cluster <MSUCluster> Done

Job <# this file was automaticly created by mpisubmit.pl script for edu-cmc-sqi21-01 #;source /polusfs/setenv/setup.SMPI;#BSUB -n 31;#BSUB -W 00:30;#BSUB -o ./out_files/1000/31.out;#BSUB -e ./err_files/1000/31.err;OMP_NUM_THREADS=1 mpiexec ./prog 1000 10> was submitted from host <polus-ib.bmc.hpc.cs.msu.ru> by user <edu-cmc-sqi21-01> in cluster <MSUCluster> at Tue Apr 11 19:28:25 2023
Job was executed on host(s) <20*polus-c3-ib.bmc.hpc.cs.msu.ru>, in queue <short>, as user <edu-cmc-sqi21-01> in cluster <MSUCluster> at Tue Apr 11 19:32:18 2023
                            <11*polus-c4-ib.bmc.hpc.cs.msu.ru>
</home_edu/edu-cmc-sqi21/edu-cmc-sqi21-01> was used as the home directory.
</home_edu/edu-cmc-sqi21/edu-cmc-sqi21-01/SpecSem/SpecSem/KDTree/main> was used as the working directory.
Started at Tue Apr 11 19:32:18 2023
Terminated at Tue Apr 11 19:32:21 2023
Results reported at Tue Apr 11 19:32:21 2023

Your job looked like:

------------------------------------------------------------
# LSBATCH: User input
# this file was automaticly created by mpisubmit.pl script for edu-cmc-sqi21-01 #
source /polusfs/setenv/setup.SMPI
#BSUB -n 31
#BSUB -W 00:30
#BSUB -o ./out_files/1000/31.out
#BSUB -e ./err_files/1000/31.err
OMP_NUM_THREADS=1 mpiexec ./prog 1000 10

------------------------------------------------------------

Successfully completed.

Resource usage summary:

    CPU time :                                   5.01 sec.
    Max Memory :                                 619 MB
    Average Memory :                             413.00 MB
    Total Requested Memory :                     -
    Delta Memory :                               -
    Max Swap :                                   -
    Max Processes :                              19
    Max Threads :                                44
    Run time :                                   2 sec.
    Turnaround time :                            236 sec.

The output (if any) follows:

47
16
39
8
14
9


PS:

Read file <./err_files/1000/31.err> for stderr output of this job.

Sender: LSF System <lsfadmin@polus-c3-ib.bmc.hpc.cs.msu.ru>
Subject: Job 1042561: <# this file was automaticly created by mpisubmit.pl script for edu-cmc-sqi21-01 #;source /polusfs/setenv/setup.SMPI;#BSUB -n 31;#BSUB -W 00:30;#BSUB -o ./out_files/1000/31.out;#BSUB -e ./err_files/1000/31.err;OMP_NUM_THREADS=1 mpiexec ./prog 1000 10> in cluster <MSUCluster> Done

Job <# this file was automaticly created by mpisubmit.pl script for edu-cmc-sqi21-01 #;source /polusfs/setenv/setup.SMPI;#BSUB -n 31;#BSUB -W 00:30;#BSUB -o ./out_files/1000/31.out;#BSUB -e ./err_files/1000/31.err;OMP_NUM_THREADS=1 mpiexec ./prog 1000 10> was submitted from host <polus-ib.bmc.hpc.cs.msu.ru> by user <edu-cmc-sqi21-01> in cluster <MSUCluster> at Tue Apr 11 19:28:25 2023
Job was executed on host(s) <20*polus-c3-ib.bmc.hpc.cs.msu.ru>, in queue <short>, as user <edu-cmc-sqi21-01> in cluster <MSUCluster> at Tue Apr 11 19:32:41 2023
                            <11*polus-c4-ib.bmc.hpc.cs.msu.ru>
</home_edu/edu-cmc-sqi21/edu-cmc-sqi21-01> was used as the home directory.
</home_edu/edu-cmc-sqi21/edu-cmc-sqi21-01/SpecSem/SpecSem/KDTree/main> was used as the working directory.
Started at Tue Apr 11 19:32:41 2023
Terminated at Tue Apr 11 19:32:43 2023
Results reported at Tue Apr 11 19:32:43 2023

Your job looked like:

------------------------------------------------------------
# LSBATCH: User input
# this file was automaticly created by mpisubmit.pl script for edu-cmc-sqi21-01 #
source /polusfs/setenv/setup.SMPI
#BSUB -n 31
#BSUB -W 00:30
#BSUB -o ./out_files/1000/31.out
#BSUB -e ./err_files/1000/31.err
OMP_NUM_THREADS=1 mpiexec ./prog 1000 10

------------------------------------------------------------

Successfully completed.

Resource usage summary:

    CPU time :                                   3.49 sec.
    Max Memory :                                 1 MB
    Average Memory :                             0.67 MB
    Total Requested Memory :                     -
    Delta Memory :                               -
    Max Swap :                                   -
    Max Processes :                              1
    Max Threads :                                1
    Run time :                                   2 sec.
    Turnaround time :                            258 sec.

The output (if any) follows:

16
8
39
47
14
9


PS:

Read file <./err_files/1000/31.err> for stderr output of this job.

Sender: LSF System <lsfadmin@polus-c3-ib.bmc.hpc.cs.msu.ru>
Subject: Job 1042581: <# this file was automaticly created by mpisubmit.pl script for edu-cmc-sqi21-01 #;source /polusfs/setenv/setup.SMPI;#BSUB -n 31;#BSUB -W 00:30;#BSUB -o ./out_files/1000/31.out;#BSUB -e ./err_files/1000/31.err;OMP_NUM_THREADS=1 mpiexec ./prog 1000 10> in cluster <MSUCluster> Done

Job <# this file was automaticly created by mpisubmit.pl script for edu-cmc-sqi21-01 #;source /polusfs/setenv/setup.SMPI;#BSUB -n 31;#BSUB -W 00:30;#BSUB -o ./out_files/1000/31.out;#BSUB -e ./err_files/1000/31.err;OMP_NUM_THREADS=1 mpiexec ./prog 1000 10> was submitted from host <polus-ib.bmc.hpc.cs.msu.ru> by user <edu-cmc-sqi21-01> in cluster <MSUCluster> at Tue Apr 11 19:28:26 2023
Job was executed on host(s) <20*polus-c3-ib.bmc.hpc.cs.msu.ru>, in queue <short>, as user <edu-cmc-sqi21-01> in cluster <MSUCluster> at Tue Apr 11 19:33:03 2023
                            <11*polus-c4-ib.bmc.hpc.cs.msu.ru>
</home_edu/edu-cmc-sqi21/edu-cmc-sqi21-01> was used as the home directory.
</home_edu/edu-cmc-sqi21/edu-cmc-sqi21-01/SpecSem/SpecSem/KDTree/main> was used as the working directory.
Started at Tue Apr 11 19:33:03 2023
Terminated at Tue Apr 11 19:33:05 2023
Results reported at Tue Apr 11 19:33:05 2023

Your job looked like:

------------------------------------------------------------
# LSBATCH: User input
# this file was automaticly created by mpisubmit.pl script for edu-cmc-sqi21-01 #
source /polusfs/setenv/setup.SMPI
#BSUB -n 31
#BSUB -W 00:30
#BSUB -o ./out_files/1000/31.out
#BSUB -e ./err_files/1000/31.err
OMP_NUM_THREADS=1 mpiexec ./prog 1000 10

------------------------------------------------------------

Successfully completed.

Resource usage summary:

    CPU time :                                   3.28 sec.
    Max Memory :                                 1 MB
    Average Memory :                             1.00 MB
    Total Requested Memory :                     -
    Delta Memory :                               -
    Max Swap :                                   -
    Max Processes :                              1
    Max Threads :                                1
    Run time :                                   2 sec.
    Turnaround time :                            279 sec.

The output (if any) follows:

47
16
39
8
14
9


PS:

Read file <./err_files/1000/31.err> for stderr output of this job.

Sender: LSF System <lsfadmin@polus-c4-ib.bmc.hpc.cs.msu.ru>
Subject: Job 1042601: <# this file was automaticly created by mpisubmit.pl script for edu-cmc-sqi21-01 #;source /polusfs/setenv/setup.SMPI;#BSUB -n 31;#BSUB -W 00:30;#BSUB -o ./out_files/1000/31.out;#BSUB -e ./err_files/1000/31.err;OMP_NUM_THREADS=1 mpiexec ./prog 1000 10> in cluster <MSUCluster> Done

Job <# this file was automaticly created by mpisubmit.pl script for edu-cmc-sqi21-01 #;source /polusfs/setenv/setup.SMPI;#BSUB -n 31;#BSUB -W 00:30;#BSUB -o ./out_files/1000/31.out;#BSUB -e ./err_files/1000/31.err;OMP_NUM_THREADS=1 mpiexec ./prog 1000 10> was submitted from host <polus-ib.bmc.hpc.cs.msu.ru> by user <edu-cmc-sqi21-01> in cluster <MSUCluster> at Tue Apr 11 19:28:27 2023
Job was executed on host(s) <20*polus-c4-ib.bmc.hpc.cs.msu.ru>, in queue <short>, as user <edu-cmc-sqi21-01> in cluster <MSUCluster> at Tue Apr 11 19:33:40 2023
                            <11*polus-c3-ib.bmc.hpc.cs.msu.ru>
</home_edu/edu-cmc-sqi21/edu-cmc-sqi21-01> was used as the home directory.
</home_edu/edu-cmc-sqi21/edu-cmc-sqi21-01/SpecSem/SpecSem/KDTree/main> was used as the working directory.
Started at Tue Apr 11 19:33:40 2023
Terminated at Tue Apr 11 19:33:42 2023
Results reported at Tue Apr 11 19:33:42 2023

Your job looked like:

------------------------------------------------------------
# LSBATCH: User input
# this file was automaticly created by mpisubmit.pl script for edu-cmc-sqi21-01 #
source /polusfs/setenv/setup.SMPI
#BSUB -n 31
#BSUB -W 00:30
#BSUB -o ./out_files/1000/31.out
#BSUB -e ./err_files/1000/31.err
OMP_NUM_THREADS=1 mpiexec ./prog 1000 10

------------------------------------------------------------

Successfully completed.

Resource usage summary:

    CPU time :                                   9.04 sec.
    Max Memory :                                 1082 MB
    Average Memory :                             721.67 MB
    Total Requested Memory :                     -
    Delta Memory :                               -
    Max Swap :                                   -
    Max Processes :                              24
    Max Threads :                                69
    Run time :                                   3 sec.
    Turnaround time :                            315 sec.

The output (if any) follows:

47
16
39
8
9
14


PS:

Read file <./err_files/1000/31.err> for stderr output of this job.

