Sender: LSF System <lsfadmin@polus-c4-ib.bmc.hpc.cs.msu.ru>
Subject: Job 1042217: <# this file was automaticly created by mpisubmit.pl script for edu-cmc-sqi21-01 #;source /polusfs/setenv/setup.SMPI;#BSUB -n 4;#BSUB -W 00:30;#BSUB -o ./out_files/1000/4.out;#BSUB -e ./err_files/1000/4.err;OMP_NUM_THREADS=1 mpiexec ./prog 1000 10> in cluster <MSUCluster> Done

Job <# this file was automaticly created by mpisubmit.pl script for edu-cmc-sqi21-01 #;source /polusfs/setenv/setup.SMPI;#BSUB -n 4;#BSUB -W 00:30;#BSUB -o ./out_files/1000/4.out;#BSUB -e ./err_files/1000/4.err;OMP_NUM_THREADS=1 mpiexec ./prog 1000 10> was submitted from host <polus-ib.bmc.hpc.cs.msu.ru> by user <edu-cmc-sqi21-01> in cluster <MSUCluster> at Tue Apr 11 18:51:13 2023
Job was executed on host(s) <4*polus-c4-ib.bmc.hpc.cs.msu.ru>, in queue <short>, as user <edu-cmc-sqi21-01> in cluster <MSUCluster> at Tue Apr 11 18:51:43 2023
</home_edu/edu-cmc-sqi21/edu-cmc-sqi21-01> was used as the home directory.
</home_edu/edu-cmc-sqi21/edu-cmc-sqi21-01/SpecSem/SpecSem/KDTree/main> was used as the working directory.
Started at Tue Apr 11 18:51:43 2023
Terminated at Tue Apr 11 18:51:45 2023
Results reported at Tue Apr 11 18:51:45 2023

Your job looked like:

------------------------------------------------------------
# LSBATCH: User input
# this file was automaticly created by mpisubmit.pl script for edu-cmc-sqi21-01 #
source /polusfs/setenv/setup.SMPI
#BSUB -n 4
#BSUB -W 00:30
#BSUB -o ./out_files/1000/4.out
#BSUB -e ./err_files/1000/4.err
OMP_NUM_THREADS=1 mpiexec ./prog 1000 10

------------------------------------------------------------

Successfully completed.

Resource usage summary:

    CPU time :                                   0.50 sec.
    Max Memory :                                 1 MB
    Average Memory :                             1.00 MB
    Total Requested Memory :                     -
    Delta Memory :                               -
    Max Swap :                                   -
    Max Processes :                              1
    Max Threads :                                1
    Run time :                                   1 sec.
    Turnaround time :                            32 sec.

The output (if any) follows:

17


PS:

Read file <./err_files/1000/4.err> for stderr output of this job.

Sender: LSF System <lsfadmin@polus-c4-ib.bmc.hpc.cs.msu.ru>
Subject: Job 1042247: <# this file was automaticly created by mpisubmit.pl script for edu-cmc-sqi21-01 #;source /polusfs/setenv/setup.SMPI;#BSUB -n 4;#BSUB -W 00:30;#BSUB -o ./out_files/1000/4.out;#BSUB -e ./err_files/1000/4.err;OMP_NUM_THREADS=1 mpiexec ./prog 1000 10> in cluster <MSUCluster> Done

Job <# this file was automaticly created by mpisubmit.pl script for edu-cmc-sqi21-01 #;source /polusfs/setenv/setup.SMPI;#BSUB -n 4;#BSUB -W 00:30;#BSUB -o ./out_files/1000/4.out;#BSUB -e ./err_files/1000/4.err;OMP_NUM_THREADS=1 mpiexec ./prog 1000 10> was submitted from host <polus-ib.bmc.hpc.cs.msu.ru> by user <edu-cmc-sqi21-01> in cluster <MSUCluster> at Tue Apr 11 18:51:14 2023
Job was executed on host(s) <4*polus-c4-ib.bmc.hpc.cs.msu.ru>, in queue <short>, as user <edu-cmc-sqi21-01> in cluster <MSUCluster> at Tue Apr 11 18:52:25 2023
</home_edu/edu-cmc-sqi21/edu-cmc-sqi21-01> was used as the home directory.
</home_edu/edu-cmc-sqi21/edu-cmc-sqi21-01/SpecSem/SpecSem/KDTree/main> was used as the working directory.
Started at Tue Apr 11 18:52:25 2023
Terminated at Tue Apr 11 18:52:27 2023
Results reported at Tue Apr 11 18:52:27 2023

Your job looked like:

------------------------------------------------------------
# LSBATCH: User input
# this file was automaticly created by mpisubmit.pl script for edu-cmc-sqi21-01 #
source /polusfs/setenv/setup.SMPI
#BSUB -n 4
#BSUB -W 00:30
#BSUB -o ./out_files/1000/4.out
#BSUB -e ./err_files/1000/4.err
OMP_NUM_THREADS=1 mpiexec ./prog 1000 10

------------------------------------------------------------

Successfully completed.

Resource usage summary:

    CPU time :                                   0.56 sec.
    Max Memory :                                 226 MB
    Average Memory :                             147.67 MB
    Total Requested Memory :                     -
    Delta Memory :                               -
    Max Swap :                                   -
    Max Processes :                              8
    Max Threads :                                21
    Run time :                                   2 sec.
    Turnaround time :                            73 sec.

The output (if any) follows:

17


PS:

Read file <./err_files/1000/4.err> for stderr output of this job.

Sender: LSF System <lsfadmin@polus-c3-ib.bmc.hpc.cs.msu.ru>
Subject: Job 1042277: <# this file was automaticly created by mpisubmit.pl script for edu-cmc-sqi21-01 #;source /polusfs/setenv/setup.SMPI;#BSUB -n 4;#BSUB -W 00:30;#BSUB -o ./out_files/1000/4.out;#BSUB -e ./err_files/1000/4.err;OMP_NUM_THREADS=1 mpiexec ./prog 1000 10> in cluster <MSUCluster> Done

Job <# this file was automaticly created by mpisubmit.pl script for edu-cmc-sqi21-01 #;source /polusfs/setenv/setup.SMPI;#BSUB -n 4;#BSUB -W 00:30;#BSUB -o ./out_files/1000/4.out;#BSUB -e ./err_files/1000/4.err;OMP_NUM_THREADS=1 mpiexec ./prog 1000 10> was submitted from host <polus-ib.bmc.hpc.cs.msu.ru> by user <edu-cmc-sqi21-01> in cluster <MSUCluster> at Tue Apr 11 18:51:15 2023
Job was executed on host(s) <4*polus-c3-ib.bmc.hpc.cs.msu.ru>, in queue <short>, as user <edu-cmc-sqi21-01> in cluster <MSUCluster> at Tue Apr 11 18:52:53 2023
</home_edu/edu-cmc-sqi21/edu-cmc-sqi21-01> was used as the home directory.
</home_edu/edu-cmc-sqi21/edu-cmc-sqi21-01/SpecSem/SpecSem/KDTree/main> was used as the working directory.
Started at Tue Apr 11 18:52:53 2023
Terminated at Tue Apr 11 18:52:53 2023
Results reported at Tue Apr 11 18:52:53 2023

Your job looked like:

------------------------------------------------------------
# LSBATCH: User input
# this file was automaticly created by mpisubmit.pl script for edu-cmc-sqi21-01 #
source /polusfs/setenv/setup.SMPI
#BSUB -n 4
#BSUB -W 00:30
#BSUB -o ./out_files/1000/4.out
#BSUB -e ./err_files/1000/4.err
OMP_NUM_THREADS=1 mpiexec ./prog 1000 10

------------------------------------------------------------

Successfully completed.

Resource usage summary:

    CPU time :                                   0.42 sec.
    Max Memory :                                 4 MB
    Average Memory :                             2.67 MB
    Total Requested Memory :                     -
    Delta Memory :                               -
    Max Swap :                                   -
    Max Processes :                              2
    Max Threads :                                3
    Run time :                                   1 sec.
    Turnaround time :                            98 sec.

The output (if any) follows:

17


PS:

Read file <./err_files/1000/4.err> for stderr output of this job.

Sender: LSF System <lsfadmin@polus-c4-ib.bmc.hpc.cs.msu.ru>
Subject: Job 1042307: <# this file was automaticly created by mpisubmit.pl script for edu-cmc-sqi21-01 #;source /polusfs/setenv/setup.SMPI;#BSUB -n 4;#BSUB -W 00:30;#BSUB -o ./out_files/1000/4.out;#BSUB -e ./err_files/1000/4.err;OMP_NUM_THREADS=1 mpiexec ./prog 1000 10> in cluster <MSUCluster> Done

Job <# this file was automaticly created by mpisubmit.pl script for edu-cmc-sqi21-01 #;source /polusfs/setenv/setup.SMPI;#BSUB -n 4;#BSUB -W 00:30;#BSUB -o ./out_files/1000/4.out;#BSUB -e ./err_files/1000/4.err;OMP_NUM_THREADS=1 mpiexec ./prog 1000 10> was submitted from host <polus-ib.bmc.hpc.cs.msu.ru> by user <edu-cmc-sqi21-01> in cluster <MSUCluster> at Tue Apr 11 18:51:16 2023
Job was executed on host(s) <4*polus-c4-ib.bmc.hpc.cs.msu.ru>, in queue <short>, as user <edu-cmc-sqi21-01> in cluster <MSUCluster> at Tue Apr 11 18:53:17 2023
</home_edu/edu-cmc-sqi21/edu-cmc-sqi21-01> was used as the home directory.
</home_edu/edu-cmc-sqi21/edu-cmc-sqi21-01/SpecSem/SpecSem/KDTree/main> was used as the working directory.
Started at Tue Apr 11 18:53:17 2023
Terminated at Tue Apr 11 18:53:19 2023
Results reported at Tue Apr 11 18:53:19 2023

Your job looked like:

------------------------------------------------------------
# LSBATCH: User input
# this file was automaticly created by mpisubmit.pl script for edu-cmc-sqi21-01 #
source /polusfs/setenv/setup.SMPI
#BSUB -n 4
#BSUB -W 00:30
#BSUB -o ./out_files/1000/4.out
#BSUB -e ./err_files/1000/4.err
OMP_NUM_THREADS=1 mpiexec ./prog 1000 10

------------------------------------------------------------

Successfully completed.

Resource usage summary:

    CPU time :                                   0.74 sec.
    Max Memory :                                 1 MB
    Average Memory :                             1.00 MB
    Total Requested Memory :                     -
    Delta Memory :                               -
    Max Swap :                                   -
    Max Processes :                              1
    Max Threads :                                1
    Run time :                                   2 sec.
    Turnaround time :                            123 sec.

The output (if any) follows:

17


PS:

Read file <./err_files/1000/4.err> for stderr output of this job.

