Sender: LSF System <lsfadmin@polus-c4-ib.bmc.hpc.cs.msu.ru>
Subject: Job 1038770: <# this file was automaticly created by mpisubmit.pl script for edu-cmc-sqi21-01 #;source /polusfs/setenv/setup.SMPI;#BSUB -n 1;#BSUB -W 00:30;#BSUB -o ./out_files/f/1.out;#BSUB -e ./err_files/f/1.err;OMP_NUM_THREADS=1 mpiexec ./prog f> in cluster <MSUCluster> Done

Job <# this file was automaticly created by mpisubmit.pl script for edu-cmc-sqi21-01 #;source /polusfs/setenv/setup.SMPI;#BSUB -n 1;#BSUB -W 00:30;#BSUB -o ./out_files/f/1.out;#BSUB -e ./err_files/f/1.err;OMP_NUM_THREADS=1 mpiexec ./prog f> was submitted from host <polus-ib.bmc.hpc.cs.msu.ru> by user <edu-cmc-sqi21-01> in cluster <MSUCluster> at Fri Mar 31 15:21:52 2023
Job was executed on host(s) <polus-c4-ib.bmc.hpc.cs.msu.ru>, in queue <short>, as user <edu-cmc-sqi21-01> in cluster <MSUCluster> at Fri Mar 31 15:21:53 2023
</home_edu/edu-cmc-sqi21/edu-cmc-sqi21-01> was used as the home directory.
</home_edu/edu-cmc-sqi21/edu-cmc-sqi21-01/SpecSem/SpecSem/KDTree> was used as the working directory.
Started at Fri Mar 31 15:21:53 2023
Terminated at Fri Mar 31 15:21:56 2023
Results reported at Fri Mar 31 15:21:56 2023

Your job looked like:

------------------------------------------------------------
# LSBATCH: User input
# this file was automaticly created by mpisubmit.pl script for edu-cmc-sqi21-01 #
source /polusfs/setenv/setup.SMPI
#BSUB -n 1
#BSUB -W 00:30
#BSUB -o ./out_files/f/1.out
#BSUB -e ./err_files/f/1.err
OMP_NUM_THREADS=1 mpiexec ./prog f

------------------------------------------------------------

Successfully completed.

Resource usage summary:

    CPU time :                                   2.54 sec.
    Max Memory :                                 74 MB
    Average Memory :                             49.33 MB
    Total Requested Memory :                     -
    Delta Memory :                               -
    Max Swap :                                   -
    Max Processes :                              5
    Max Threads :                                12
    Run time :                                   3 sec.
    Turnaround time :                            4 sec.

The output (if any) follows:

Start to read the file
Main is sending
1024356
Built time: 2.22594
1
Searching time: 0.000257969


PS:

Read file <./err_files/f/1.err> for stderr output of this job.

Sender: LSF System <lsfadmin@polus-c4-ib.bmc.hpc.cs.msu.ru>
Subject: Job 1038800: <# this file was automaticly created by mpisubmit.pl script for edu-cmc-sqi21-01 #;source /polusfs/setenv/setup.SMPI;#BSUB -n 1;#BSUB -W 00:30;#BSUB -o ./out_files/f/1.out;#BSUB -e ./err_files/f/1.err;OMP_NUM_THREADS=1 mpiexec ./prog f> in cluster <MSUCluster> Done

Job <# this file was automaticly created by mpisubmit.pl script for edu-cmc-sqi21-01 #;source /polusfs/setenv/setup.SMPI;#BSUB -n 1;#BSUB -W 00:30;#BSUB -o ./out_files/f/1.out;#BSUB -e ./err_files/f/1.err;OMP_NUM_THREADS=1 mpiexec ./prog f> was submitted from host <polus-ib.bmc.hpc.cs.msu.ru> by user <edu-cmc-sqi21-01> in cluster <MSUCluster> at Fri Mar 31 15:21:53 2023
Job was executed on host(s) <polus-c4-ib.bmc.hpc.cs.msu.ru>, in queue <short>, as user <edu-cmc-sqi21-01> in cluster <MSUCluster> at Fri Mar 31 15:22:00 2023
</home_edu/edu-cmc-sqi21/edu-cmc-sqi21-01> was used as the home directory.
</home_edu/edu-cmc-sqi21/edu-cmc-sqi21-01/SpecSem/SpecSem/KDTree> was used as the working directory.
Started at Fri Mar 31 15:22:00 2023
Terminated at Fri Mar 31 15:22:04 2023
Results reported at Fri Mar 31 15:22:04 2023

Your job looked like:

------------------------------------------------------------
# LSBATCH: User input
# this file was automaticly created by mpisubmit.pl script for edu-cmc-sqi21-01 #
source /polusfs/setenv/setup.SMPI
#BSUB -n 1
#BSUB -W 00:30
#BSUB -o ./out_files/f/1.out
#BSUB -e ./err_files/f/1.err
OMP_NUM_THREADS=1 mpiexec ./prog f

------------------------------------------------------------

Successfully completed.

Resource usage summary:

    CPU time :                                   2.55 sec.
    Max Memory :                                 75 MB
    Average Memory :                             50.33 MB
    Total Requested Memory :                     -
    Delta Memory :                               -
    Max Swap :                                   -
    Max Processes :                              5
    Max Threads :                                12
    Run time :                                   5 sec.
    Turnaround time :                            11 sec.

The output (if any) follows:

Start to read the file
Main is sending
1024356
Built time: 2.26951
1
Searching time: 0.000260115


PS:

Read file <./err_files/f/1.err> for stderr output of this job.

Sender: LSF System <lsfadmin@polus-c4-ib.bmc.hpc.cs.msu.ru>
Subject: Job 1038830: <# this file was automaticly created by mpisubmit.pl script for edu-cmc-sqi21-01 #;source /polusfs/setenv/setup.SMPI;#BSUB -n 1;#BSUB -W 00:30;#BSUB -o ./out_files/f/1.out;#BSUB -e ./err_files/f/1.err;OMP_NUM_THREADS=1 mpiexec ./prog f> in cluster <MSUCluster> Done

Job <# this file was automaticly created by mpisubmit.pl script for edu-cmc-sqi21-01 #;source /polusfs/setenv/setup.SMPI;#BSUB -n 1;#BSUB -W 00:30;#BSUB -o ./out_files/f/1.out;#BSUB -e ./err_files/f/1.err;OMP_NUM_THREADS=1 mpiexec ./prog f> was submitted from host <polus-ib.bmc.hpc.cs.msu.ru> by user <edu-cmc-sqi21-01> in cluster <MSUCluster> at Fri Mar 31 15:21:54 2023
Job was executed on host(s) <polus-c4-ib.bmc.hpc.cs.msu.ru>, in queue <short>, as user <edu-cmc-sqi21-01> in cluster <MSUCluster> at Fri Mar 31 15:22:09 2023
</home_edu/edu-cmc-sqi21/edu-cmc-sqi21-01> was used as the home directory.
</home_edu/edu-cmc-sqi21/edu-cmc-sqi21-01/SpecSem/SpecSem/KDTree> was used as the working directory.
Started at Fri Mar 31 15:22:09 2023
Terminated at Fri Mar 31 15:22:13 2023
Results reported at Fri Mar 31 15:22:13 2023

Your job looked like:

------------------------------------------------------------
# LSBATCH: User input
# this file was automaticly created by mpisubmit.pl script for edu-cmc-sqi21-01 #
source /polusfs/setenv/setup.SMPI
#BSUB -n 1
#BSUB -W 00:30
#BSUB -o ./out_files/f/1.out
#BSUB -e ./err_files/f/1.err
OMP_NUM_THREADS=1 mpiexec ./prog f

------------------------------------------------------------

Successfully completed.

Resource usage summary:

    CPU time :                                   2.78 sec.
    Max Memory :                                 90 MB
    Average Memory :                             60.33 MB
    Total Requested Memory :                     -
    Delta Memory :                               -
    Max Swap :                                   -
    Max Processes :                              5
    Max Threads :                                12
    Run time :                                   4 sec.
    Turnaround time :                            19 sec.

The output (if any) follows:

Start to read the file
Main is sending
1024356
Built time: 2.34057
1
Searching time: 0.000283003


PS:

Read file <./err_files/f/1.err> for stderr output of this job.

Sender: LSF System <lsfadmin@polus-c4-ib.bmc.hpc.cs.msu.ru>
Subject: Job 1038860: <# this file was automaticly created by mpisubmit.pl script for edu-cmc-sqi21-01 #;source /polusfs/setenv/setup.SMPI;#BSUB -n 1;#BSUB -W 00:30;#BSUB -o ./out_files/f/1.out;#BSUB -e ./err_files/f/1.err;OMP_NUM_THREADS=1 mpiexec ./prog f> in cluster <MSUCluster> Done

Job <# this file was automaticly created by mpisubmit.pl script for edu-cmc-sqi21-01 #;source /polusfs/setenv/setup.SMPI;#BSUB -n 1;#BSUB -W 00:30;#BSUB -o ./out_files/f/1.out;#BSUB -e ./err_files/f/1.err;OMP_NUM_THREADS=1 mpiexec ./prog f> was submitted from host <polus-ib.bmc.hpc.cs.msu.ru> by user <edu-cmc-sqi21-01> in cluster <MSUCluster> at Fri Mar 31 15:21:55 2023
Job was executed on host(s) <polus-c4-ib.bmc.hpc.cs.msu.ru>, in queue <short>, as user <edu-cmc-sqi21-01> in cluster <MSUCluster> at Fri Mar 31 15:22:19 2023
</home_edu/edu-cmc-sqi21/edu-cmc-sqi21-01> was used as the home directory.
</home_edu/edu-cmc-sqi21/edu-cmc-sqi21-01/SpecSem/SpecSem/KDTree> was used as the working directory.
Started at Fri Mar 31 15:22:19 2023
Terminated at Fri Mar 31 15:22:23 2023
Results reported at Fri Mar 31 15:22:23 2023

Your job looked like:

------------------------------------------------------------
# LSBATCH: User input
# this file was automaticly created by mpisubmit.pl script for edu-cmc-sqi21-01 #
source /polusfs/setenv/setup.SMPI
#BSUB -n 1
#BSUB -W 00:30
#BSUB -o ./out_files/f/1.out
#BSUB -e ./err_files/f/1.err
OMP_NUM_THREADS=1 mpiexec ./prog f

------------------------------------------------------------

Successfully completed.

Resource usage summary:

    CPU time :                                   2.98 sec.
    Max Memory :                                 79 MB
    Average Memory :                             54.00 MB
    Total Requested Memory :                     -
    Delta Memory :                               -
    Max Swap :                                   -
    Max Processes :                              5
    Max Threads :                                12
    Run time :                                   4 sec.
    Turnaround time :                            28 sec.

The output (if any) follows:

Start to read the file
Main is sending
1024356
Built time: 2.71285
1
Searching time: 0.000363111


PS:

Read file <./err_files/f/1.err> for stderr output of this job.

