Sender: LSF System <lsfadmin@polus-c4-ib.bmc.hpc.cs.msu.ru>
Subject: Job 1036057: <# this file was automaticly created by mpisubmit.pl script for edu-cmc-sqi21-01 #;source /polusfs/setenv/setup.SMPI;#BSUB -n 15;#BSUB -W 00:30;#BSUB -o ./out_files/f/15.out;#BSUB -e ./err_files/f/15.err;OMP_NUM_THREADS=1 mpiexec ./prog f> in cluster <MSUCluster> Done

Job <# this file was automaticly created by mpisubmit.pl script for edu-cmc-sqi21-01 #;source /polusfs/setenv/setup.SMPI;#BSUB -n 15;#BSUB -W 00:30;#BSUB -o ./out_files/f/15.out;#BSUB -e ./err_files/f/15.err;OMP_NUM_THREADS=1 mpiexec ./prog f> was submitted from host <polus-ib.bmc.hpc.cs.msu.ru> by user <edu-cmc-sqi21-01> in cluster <MSUCluster> at Fri Mar 24 15:52:32 2023
Job was executed on host(s) <15*polus-c4-ib.bmc.hpc.cs.msu.ru>, in queue <short>, as user <edu-cmc-sqi21-01> in cluster <MSUCluster> at Fri Mar 24 15:56:29 2023
</home_edu/edu-cmc-sqi21/edu-cmc-sqi21-01> was used as the home directory.
</home_edu/edu-cmc-sqi21/edu-cmc-sqi21-01/SpecSem/SpecSem/KDTree> was used as the working directory.
Started at Fri Mar 24 15:56:29 2023
Terminated at Fri Mar 24 15:56:34 2023
Results reported at Fri Mar 24 15:56:34 2023

Your job looked like:

------------------------------------------------------------
# LSBATCH: User input
# this file was automaticly created by mpisubmit.pl script for edu-cmc-sqi21-01 #
source /polusfs/setenv/setup.SMPI
#BSUB -n 15
#BSUB -W 00:30
#BSUB -o ./out_files/f/15.out
#BSUB -e ./err_files/f/15.err
OMP_NUM_THREADS=1 mpiexec ./prog f

------------------------------------------------------------

Successfully completed.

Resource usage summary:

    CPU time :                                   55.40 sec.
    Max Memory :                                 811 MB
    Average Memory :                             541.00 MB
    Total Requested Memory :                     -
    Delta Memory :                               -
    Max Swap :                                   -
    Max Processes :                              19
    Max Threads :                                54
    Run time :                                   5 sec.
    Turnaround time :                            242 sec.

The output (if any) follows:

Start to read the file
Main is sending
1024356
Built time: 3.21495
My rank: 0, data size: 0
18
132
2010
1741
8289
Searching time: 0.315257
491
392
1721


PS:

Read file <./err_files/f/15.err> for stderr output of this job.

Sender: LSF System <lsfadmin@polus-c4-ib.bmc.hpc.cs.msu.ru>
Subject: Job 1036077: <# this file was automaticly created by mpisubmit.pl script for edu-cmc-sqi21-01 #;source /polusfs/setenv/setup.SMPI;#BSUB -n 15;#BSUB -W 00:30;#BSUB -o ./out_files/f/15.out;#BSUB -e ./err_files/f/15.err;OMP_NUM_THREADS=1 mpiexec ./prog f> in cluster <MSUCluster> Done

Job <# this file was automaticly created by mpisubmit.pl script for edu-cmc-sqi21-01 #;source /polusfs/setenv/setup.SMPI;#BSUB -n 15;#BSUB -W 00:30;#BSUB -o ./out_files/f/15.out;#BSUB -e ./err_files/f/15.err;OMP_NUM_THREADS=1 mpiexec ./prog f> was submitted from host <polus-ib.bmc.hpc.cs.msu.ru> by user <edu-cmc-sqi21-01> in cluster <MSUCluster> at Fri Mar 24 15:52:33 2023
Job was executed on host(s) <14*polus-c4-ib.bmc.hpc.cs.msu.ru>, in queue <short>, as user <edu-cmc-sqi21-01> in cluster <MSUCluster> at Fri Mar 24 15:57:14 2023
                            <1*polus-c2-ib.bmc.hpc.cs.msu.ru>
</home_edu/edu-cmc-sqi21/edu-cmc-sqi21-01> was used as the home directory.
</home_edu/edu-cmc-sqi21/edu-cmc-sqi21-01/SpecSem/SpecSem/KDTree> was used as the working directory.
Started at Fri Mar 24 15:57:14 2023
Terminated at Fri Mar 24 15:57:22 2023
Results reported at Fri Mar 24 15:57:22 2023

Your job looked like:

------------------------------------------------------------
# LSBATCH: User input
# this file was automaticly created by mpisubmit.pl script for edu-cmc-sqi21-01 #
source /polusfs/setenv/setup.SMPI
#BSUB -n 15
#BSUB -W 00:30
#BSUB -o ./out_files/f/15.out
#BSUB -e ./err_files/f/15.err
OMP_NUM_THREADS=1 mpiexec ./prog f

------------------------------------------------------------

Successfully completed.

Resource usage summary:

    CPU time :                                   68.34 sec.
    Max Memory :                                 812 MB
    Average Memory :                             524.33 MB
    Total Requested Memory :                     -
    Delta Memory :                               -
    Max Swap :                                   -
    Max Processes :                              18
    Max Threads :                                51
    Run time :                                   7 sec.
    Turnaround time :                            289 sec.

The output (if any) follows:

Start to read the file
Main is sending
1024356
Built time: 2.91985
My rank: 0, data size: 0
29428
315
112670
Searching time: 0.341963
4953


PS:

Read file <./err_files/f/15.err> for stderr output of this job.

Sender: LSF System <lsfadmin@polus-c4-ib.bmc.hpc.cs.msu.ru>
Subject: Job 1036117: <# this file was automaticly created by mpisubmit.pl script for edu-cmc-sqi21-01 #;source /polusfs/setenv/setup.SMPI;#BSUB -n 15;#BSUB -W 00:30;#BSUB -o ./out_files/f/15.out;#BSUB -e ./err_files/f/15.err;OMP_NUM_THREADS=1 mpiexec ./prog f> in cluster <MSUCluster> Done

Job <# this file was automaticly created by mpisubmit.pl script for edu-cmc-sqi21-01 #;source /polusfs/setenv/setup.SMPI;#BSUB -n 15;#BSUB -W 00:30;#BSUB -o ./out_files/f/15.out;#BSUB -e ./err_files/f/15.err;OMP_NUM_THREADS=1 mpiexec ./prog f> was submitted from host <polus-ib.bmc.hpc.cs.msu.ru> by user <edu-cmc-sqi21-01> in cluster <MSUCluster> at Fri Mar 24 15:52:35 2023
Job was executed on host(s) <5*polus-c4-ib.bmc.hpc.cs.msu.ru>, in queue <short>, as user <edu-cmc-sqi21-01> in cluster <MSUCluster> at Fri Mar 24 15:59:07 2023
                            <10*polus-c2-ib.bmc.hpc.cs.msu.ru>
</home_edu/edu-cmc-sqi21/edu-cmc-sqi21-01> was used as the home directory.
</home_edu/edu-cmc-sqi21/edu-cmc-sqi21-01/SpecSem/SpecSem/KDTree> was used as the working directory.
Started at Fri Mar 24 15:59:07 2023
Terminated at Fri Mar 24 15:59:16 2023
Results reported at Fri Mar 24 15:59:16 2023

Your job looked like:

------------------------------------------------------------
# LSBATCH: User input
# this file was automaticly created by mpisubmit.pl script for edu-cmc-sqi21-01 #
source /polusfs/setenv/setup.SMPI
#BSUB -n 15
#BSUB -W 00:30
#BSUB -o ./out_files/f/15.out
#BSUB -e ./err_files/f/15.err
OMP_NUM_THREADS=1 mpiexec ./prog f

------------------------------------------------------------

Successfully completed.

Resource usage summary:

    CPU time :                                   88.50 sec.
    Max Memory :                                 18 MB
    Average Memory :                             12.33 MB
    Total Requested Memory :                     -
    Delta Memory :                               -
    Max Swap :                                   -
    Max Processes :                              4
    Max Threads :                                9
    Run time :                                   8 sec.
    Turnaround time :                            401 sec.

The output (if any) follows:

Start to read the file
Main is sending
1024356
Built time: 4.13987
My rank: 0, data size: 0
18
275
5308
580
315
309
4480
4031
Searching time: 1.46023


PS:

Read file <./err_files/f/15.err> for stderr output of this job.

Sender: LSF System <lsfadmin@polus-c4-ib.bmc.hpc.cs.msu.ru>
Subject: Job 1036097: <# this file was automaticly created by mpisubmit.pl script for edu-cmc-sqi21-01 #;source /polusfs/setenv/setup.SMPI;#BSUB -n 15;#BSUB -W 00:30;#BSUB -o ./out_files/f/15.out;#BSUB -e ./err_files/f/15.err;OMP_NUM_THREADS=1 mpiexec ./prog f> in cluster <MSUCluster> Exited

Job <# this file was automaticly created by mpisubmit.pl script for edu-cmc-sqi21-01 #;source /polusfs/setenv/setup.SMPI;#BSUB -n 15;#BSUB -W 00:30;#BSUB -o ./out_files/f/15.out;#BSUB -e ./err_files/f/15.err;OMP_NUM_THREADS=1 mpiexec ./prog f> was submitted from host <polus-ib.bmc.hpc.cs.msu.ru> by user <edu-cmc-sqi21-01> in cluster <MSUCluster> at Fri Mar 24 15:52:34 2023
Job was executed on host(s) <15*polus-c4-ib.bmc.hpc.cs.msu.ru>, in queue <short>, as user <edu-cmc-sqi21-01> in cluster <MSUCluster> at Fri Mar 24 15:57:34 2023
</home_edu/edu-cmc-sqi21/edu-cmc-sqi21-01> was used as the home directory.
</home_edu/edu-cmc-sqi21/edu-cmc-sqi21-01/SpecSem/SpecSem/KDTree> was used as the working directory.
Started at Fri Mar 24 15:57:34 2023
Terminated at Fri Mar 24 16:27:40 2023
Results reported at Fri Mar 24 16:27:40 2023

Your job looked like:

------------------------------------------------------------
# LSBATCH: User input
# this file was automaticly created by mpisubmit.pl script for edu-cmc-sqi21-01 #
source /polusfs/setenv/setup.SMPI
#BSUB -n 15
#BSUB -W 00:30
#BSUB -o ./out_files/f/15.out
#BSUB -e ./err_files/f/15.err
OMP_NUM_THREADS=1 mpiexec ./prog f

------------------------------------------------------------

TERM_RUNLIMIT: job killed after reaching LSF run time limit.
Exited with exit code 140.

Resource usage summary:

    CPU time :                                   27075.00 sec.
    Max Memory :                                 918 MB
    Average Memory :                             903.48 MB
    Total Requested Memory :                     -
    Delta Memory :                               -
    Max Swap :                                   -
    Max Processes :                              19
    Max Threads :                                54
    Run time :                                   1806 sec.
    Turnaround time :                            2106 sec.

The output (if any) follows:

Start to read the file
Main is sending
1024356
Built time: 2.93858
My rank: 0, data size: 0
945
22685
1178
17075
6825
6825
164834
159306
Searching time: 0.377078
--------------------------------------------------------------------------
mpiexec noticed that process rank 7 with PID 0 on node polus-c4-ib exited on signal 12 (User defined signal 2).
--------------------------------------------------------------------------


PS:

Read file <./err_files/f/15.err> for stderr output of this job.

