Sender: LSF System <lsfadmin@polus-c4-ib.bmc.hpc.cs.msu.ru>
Subject: Job 1038771: <# this file was automaticly created by mpisubmit.pl script for edu-cmc-sqi21-01 #;source /polusfs/setenv/setup.SMPI;#BSUB -n 2;#BSUB -W 00:30;#BSUB -o ./out_files/f/2.out;#BSUB -e ./err_files/f/2.err;OMP_NUM_THREADS=1 mpiexec ./prog f> in cluster <MSUCluster> Done

Job <# this file was automaticly created by mpisubmit.pl script for edu-cmc-sqi21-01 #;source /polusfs/setenv/setup.SMPI;#BSUB -n 2;#BSUB -W 00:30;#BSUB -o ./out_files/f/2.out;#BSUB -e ./err_files/f/2.err;OMP_NUM_THREADS=1 mpiexec ./prog f> was submitted from host <polus-ib.bmc.hpc.cs.msu.ru> by user <edu-cmc-sqi21-01> in cluster <MSUCluster> at Fri Mar 31 15:21:52 2023
Job was executed on host(s) <2*polus-c4-ib.bmc.hpc.cs.msu.ru>, in queue <short>, as user <edu-cmc-sqi21-01> in cluster <MSUCluster> at Fri Mar 31 15:22:01 2023
</home_edu/edu-cmc-sqi21/edu-cmc-sqi21-01> was used as the home directory.
</home_edu/edu-cmc-sqi21/edu-cmc-sqi21-01/SpecSem/SpecSem/KDTree> was used as the working directory.
Started at Fri Mar 31 15:22:01 2023
Terminated at Fri Mar 31 15:22:09 2023
Results reported at Fri Mar 31 15:22:09 2023

Your job looked like:

------------------------------------------------------------
# LSBATCH: User input
# this file was automaticly created by mpisubmit.pl script for edu-cmc-sqi21-01 #
source /polusfs/setenv/setup.SMPI
#BSUB -n 2
#BSUB -W 00:30
#BSUB -o ./out_files/f/2.out
#BSUB -e ./err_files/f/2.err
OMP_NUM_THREADS=1 mpiexec ./prog f

------------------------------------------------------------

Successfully completed.

Resource usage summary:

    CPU time :                                   12.46 sec.
    Max Memory :                                 214 MB
    Average Memory :                             143.67 MB
    Total Requested Memory :                     -
    Delta Memory :                               -
    Max Swap :                                   -
    Max Processes :                              6
    Max Threads :                                15
    Run time :                                   7 sec.
    Turnaround time :                            17 sec.

The output (if any) follows:

Start to read the file
Main is sending
1024356
Built time: 3.05134
My rank: 0, data size: 0
580178
Searching time: 2.95476


PS:

Read file <./err_files/f/2.err> for stderr output of this job.

Sender: LSF System <lsfadmin@polus-c4-ib.bmc.hpc.cs.msu.ru>
Subject: Job 1038801: <# this file was automaticly created by mpisubmit.pl script for edu-cmc-sqi21-01 #;source /polusfs/setenv/setup.SMPI;#BSUB -n 2;#BSUB -W 00:30;#BSUB -o ./out_files/f/2.out;#BSUB -e ./err_files/f/2.err;OMP_NUM_THREADS=1 mpiexec ./prog f> in cluster <MSUCluster> Done

Job <# this file was automaticly created by mpisubmit.pl script for edu-cmc-sqi21-01 #;source /polusfs/setenv/setup.SMPI;#BSUB -n 2;#BSUB -W 00:30;#BSUB -o ./out_files/f/2.out;#BSUB -e ./err_files/f/2.err;OMP_NUM_THREADS=1 mpiexec ./prog f> was submitted from host <polus-ib.bmc.hpc.cs.msu.ru> by user <edu-cmc-sqi21-01> in cluster <MSUCluster> at Fri Mar 31 15:21:53 2023
Job was executed on host(s) <2*polus-c4-ib.bmc.hpc.cs.msu.ru>, in queue <short>, as user <edu-cmc-sqi21-01> in cluster <MSUCluster> at Fri Mar 31 15:22:57 2023
</home_edu/edu-cmc-sqi21/edu-cmc-sqi21-01> was used as the home directory.
</home_edu/edu-cmc-sqi21/edu-cmc-sqi21-01/SpecSem/SpecSem/KDTree> was used as the working directory.
Started at Fri Mar 31 15:22:57 2023
Terminated at Fri Mar 31 15:23:04 2023
Results reported at Fri Mar 31 15:23:04 2023

Your job looked like:

------------------------------------------------------------
# LSBATCH: User input
# this file was automaticly created by mpisubmit.pl script for edu-cmc-sqi21-01 #
source /polusfs/setenv/setup.SMPI
#BSUB -n 2
#BSUB -W 00:30
#BSUB -o ./out_files/f/2.out
#BSUB -e ./err_files/f/2.err
OMP_NUM_THREADS=1 mpiexec ./prog f

------------------------------------------------------------

Successfully completed.

Resource usage summary:

    CPU time :                                   10.64 sec.
    Max Memory :                                 211 MB
    Average Memory :                             141.00 MB
    Total Requested Memory :                     -
    Delta Memory :                               -
    Max Swap :                                   -
    Max Processes :                              6
    Max Threads :                                15
    Run time :                                   7 sec.
    Turnaround time :                            71 sec.

The output (if any) follows:

Start to read the file
Main is sending
1024356
Built time: 2.34711
My rank: 0, data size: 0
Searching time: 2.73153
712


PS:

Read file <./err_files/f/2.err> for stderr output of this job.

Sender: LSF System <lsfadmin@polus-c4-ib.bmc.hpc.cs.msu.ru>
Subject: Job 1038831: <# this file was automaticly created by mpisubmit.pl script for edu-cmc-sqi21-01 #;source /polusfs/setenv/setup.SMPI;#BSUB -n 2;#BSUB -W 00:30;#BSUB -o ./out_files/f/2.out;#BSUB -e ./err_files/f/2.err;OMP_NUM_THREADS=1 mpiexec ./prog f> in cluster <MSUCluster> Done

Job <# this file was automaticly created by mpisubmit.pl script for edu-cmc-sqi21-01 #;source /polusfs/setenv/setup.SMPI;#BSUB -n 2;#BSUB -W 00:30;#BSUB -o ./out_files/f/2.out;#BSUB -e ./err_files/f/2.err;OMP_NUM_THREADS=1 mpiexec ./prog f> was submitted from host <polus-ib.bmc.hpc.cs.msu.ru> by user <edu-cmc-sqi21-01> in cluster <MSUCluster> at Fri Mar 31 15:21:54 2023
Job was executed on host(s) <2*polus-c4-ib.bmc.hpc.cs.msu.ru>, in queue <short>, as user <edu-cmc-sqi21-01> in cluster <MSUCluster> at Fri Mar 31 15:23:04 2023
</home_edu/edu-cmc-sqi21/edu-cmc-sqi21-01> was used as the home directory.
</home_edu/edu-cmc-sqi21/edu-cmc-sqi21-01/SpecSem/SpecSem/KDTree> was used as the working directory.
Started at Fri Mar 31 15:23:04 2023
Terminated at Fri Mar 31 15:23:10 2023
Results reported at Fri Mar 31 15:23:10 2023

Your job looked like:

------------------------------------------------------------
# LSBATCH: User input
# this file was automaticly created by mpisubmit.pl script for edu-cmc-sqi21-01 #
source /polusfs/setenv/setup.SMPI
#BSUB -n 2
#BSUB -W 00:30
#BSUB -o ./out_files/f/2.out
#BSUB -e ./err_files/f/2.err
OMP_NUM_THREADS=1 mpiexec ./prog f

------------------------------------------------------------

Successfully completed.

Resource usage summary:

    CPU time :                                   10.74 sec.
    Max Memory :                                 211 MB
    Average Memory :                             142.00 MB
    Total Requested Memory :                     -
    Delta Memory :                               -
    Max Swap :                                   -
    Max Processes :                              6
    Max Threads :                                15
    Run time :                                   6 sec.
    Turnaround time :                            76 sec.

The output (if any) follows:

Start to read the file
Main is sending
1024356
Built time: 2.29689
My rank: 0, data size: 0
73811
Searching time: 2.81876


PS:

Read file <./err_files/f/2.err> for stderr output of this job.

Sender: LSF System <lsfadmin@polus-c4-ib.bmc.hpc.cs.msu.ru>
Subject: Job 1038861: <# this file was automaticly created by mpisubmit.pl script for edu-cmc-sqi21-01 #;source /polusfs/setenv/setup.SMPI;#BSUB -n 2;#BSUB -W 00:30;#BSUB -o ./out_files/f/2.out;#BSUB -e ./err_files/f/2.err;OMP_NUM_THREADS=1 mpiexec ./prog f> in cluster <MSUCluster> Done

Job <# this file was automaticly created by mpisubmit.pl script for edu-cmc-sqi21-01 #;source /polusfs/setenv/setup.SMPI;#BSUB -n 2;#BSUB -W 00:30;#BSUB -o ./out_files/f/2.out;#BSUB -e ./err_files/f/2.err;OMP_NUM_THREADS=1 mpiexec ./prog f> was submitted from host <polus-ib.bmc.hpc.cs.msu.ru> by user <edu-cmc-sqi21-01> in cluster <MSUCluster> at Fri Mar 31 15:21:55 2023
Job was executed on host(s) <2*polus-c4-ib.bmc.hpc.cs.msu.ru>, in queue <short>, as user <edu-cmc-sqi21-01> in cluster <MSUCluster> at Fri Mar 31 15:23:19 2023
</home_edu/edu-cmc-sqi21/edu-cmc-sqi21-01> was used as the home directory.
</home_edu/edu-cmc-sqi21/edu-cmc-sqi21-01/SpecSem/SpecSem/KDTree> was used as the working directory.
Started at Fri Mar 31 15:23:19 2023
Terminated at Fri Mar 31 15:23:26 2023
Results reported at Fri Mar 31 15:23:26 2023

Your job looked like:

------------------------------------------------------------
# LSBATCH: User input
# this file was automaticly created by mpisubmit.pl script for edu-cmc-sqi21-01 #
source /polusfs/setenv/setup.SMPI
#BSUB -n 2
#BSUB -W 00:30
#BSUB -o ./out_files/f/2.out
#BSUB -e ./err_files/f/2.err
OMP_NUM_THREADS=1 mpiexec ./prog f

------------------------------------------------------------

Successfully completed.

Resource usage summary:

    CPU time :                                   11.32 sec.
    Max Memory :                                 216 MB
    Average Memory :                             144.33 MB
    Total Requested Memory :                     -
    Delta Memory :                               -
    Max Swap :                                   -
    Max Processes :                              6
    Max Threads :                                15
    Run time :                                   6 sec.
    Turnaround time :                            91 sec.

The output (if any) follows:

Start to read the file
Main is sending
1024356
Built time: 2.35148
My rank: 0, data size: 0
726754
Searching time: 3.05312


PS:

Read file <./err_files/f/2.err> for stderr output of this job.

