Sender: LSF System <lsfadmin@polus-c4-ib.bmc.hpc.cs.msu.ru>
Subject: Job 1035857: <# this file was automaticly created by mpisubmit.pl script for edu-cmc-sqi21-01 #;source /polusfs/setenv/setup.SMPI;#BSUB -n 31;#BSUB -W 00:30;#BSUB -o ./out_files/f/31.out;#BSUB -e ./err_files/f/31.err;OMP_NUM_THREADS=1 mpiexec ./prog f> in cluster <MSUCluster> Exited

Job <# this file was automaticly created by mpisubmit.pl script for edu-cmc-sqi21-01 #;source /polusfs/setenv/setup.SMPI;#BSUB -n 31;#BSUB -W 00:30;#BSUB -o ./out_files/f/31.out;#BSUB -e ./err_files/f/31.err;OMP_NUM_THREADS=1 mpiexec ./prog f> was submitted from host <polus-ib.bmc.hpc.cs.msu.ru> by user <edu-cmc-sqi21-01> in cluster <MSUCluster> at Fri Mar 24 15:14:25 2023
Job was executed on host(s) <20*polus-c4-ib.bmc.hpc.cs.msu.ru>, in queue <short>, as user <edu-cmc-sqi21-01> in cluster <MSUCluster> at Fri Mar 24 15:20:31 2023
                            <11*polus-c2-ib.bmc.hpc.cs.msu.ru>
</home_edu/edu-cmc-sqi21/edu-cmc-sqi21-01> was used as the home directory.
</home_edu/edu-cmc-sqi21/edu-cmc-sqi21-01/SpecSem/SpecSem/KDTree> was used as the working directory.
Started at Fri Mar 24 15:20:31 2023
Terminated at Fri Mar 24 15:20:37 2023
Results reported at Fri Mar 24 15:20:37 2023

Your job looked like:

------------------------------------------------------------
# LSBATCH: User input
# this file was automaticly created by mpisubmit.pl script for edu-cmc-sqi21-01 #
source /polusfs/setenv/setup.SMPI
#BSUB -n 31
#BSUB -W 00:30
#BSUB -o ./out_files/f/31.out
#BSUB -e ./err_files/f/31.err
OMP_NUM_THREADS=1 mpiexec ./prog f

------------------------------------------------------------

Exited with exit code 139.

Resource usage summary:

    CPU time :                                   70.00 sec.
    Max Memory :                                 18 MB
    Average Memory :                             12.33 MB
    Total Requested Memory :                     -
    Delta Memory :                               -
    Max Swap :                                   -
    Max Processes :                              4
    Max Threads :                                9
    Run time :                                   6 sec.
    Turnaround time :                            372 sec.

The output (if any) follows:

Start to read the file
Main is sending
1024356
Built time: 3.17795
--------------------------------------------------------------------------
mpiexec noticed that process rank 0 with PID 0 on node polus-c4-ib exited on signal 11 (Segmentation fault).
--------------------------------------------------------------------------


PS:

Read file <./err_files/f/31.err> for stderr output of this job.

Sender: LSF System <lsfadmin@polus-c4-ib.bmc.hpc.cs.msu.ru>
Subject: Job 1035877: <# this file was automaticly created by mpisubmit.pl script for edu-cmc-sqi21-01 #;source /polusfs/setenv/setup.SMPI;#BSUB -n 31;#BSUB -W 00:30;#BSUB -o ./out_files/f/31.out;#BSUB -e ./err_files/f/31.err;OMP_NUM_THREADS=1 mpiexec ./prog f> in cluster <MSUCluster> Exited

Job <# this file was automaticly created by mpisubmit.pl script for edu-cmc-sqi21-01 #;source /polusfs/setenv/setup.SMPI;#BSUB -n 31;#BSUB -W 00:30;#BSUB -o ./out_files/f/31.out;#BSUB -e ./err_files/f/31.err;OMP_NUM_THREADS=1 mpiexec ./prog f> was submitted from host <polus-ib.bmc.hpc.cs.msu.ru> by user <edu-cmc-sqi21-01> in cluster <MSUCluster> at Fri Mar 24 15:14:26 2023
Job was executed on host(s) <20*polus-c4-ib.bmc.hpc.cs.msu.ru>, in queue <short>, as user <edu-cmc-sqi21-01> in cluster <MSUCluster> at Fri Mar 24 15:22:17 2023
                            <11*polus-c2-ib.bmc.hpc.cs.msu.ru>
</home_edu/edu-cmc-sqi21/edu-cmc-sqi21-01> was used as the home directory.
</home_edu/edu-cmc-sqi21/edu-cmc-sqi21-01/SpecSem/SpecSem/KDTree> was used as the working directory.
Started at Fri Mar 24 15:22:17 2023
Terminated at Fri Mar 24 15:22:22 2023
Results reported at Fri Mar 24 15:22:22 2023

Your job looked like:

------------------------------------------------------------
# LSBATCH: User input
# this file was automaticly created by mpisubmit.pl script for edu-cmc-sqi21-01 #
source /polusfs/setenv/setup.SMPI
#BSUB -n 31
#BSUB -W 00:30
#BSUB -o ./out_files/f/31.out
#BSUB -e ./err_files/f/31.err
OMP_NUM_THREADS=1 mpiexec ./prog f

------------------------------------------------------------

Exited with exit code 139.

Resource usage summary:

    CPU time :                                   68.00 sec.
    Max Memory :                                 18 MB
    Average Memory :                             12.33 MB
    Total Requested Memory :                     -
    Delta Memory :                               -
    Max Swap :                                   -
    Max Processes :                              4
    Max Threads :                                9
    Run time :                                   6 sec.
    Turnaround time :                            476 sec.

The output (if any) follows:

Start to read the file
Main is sending
1024356
Built time: 3.03665
--------------------------------------------------------------------------
mpiexec noticed that process rank 0 with PID 0 on node polus-c4-ib exited on signal 11 (Segmentation fault).
--------------------------------------------------------------------------


PS:

Read file <./err_files/f/31.err> for stderr output of this job.

Sender: LSF System <lsfadmin@polus-c4-ib.bmc.hpc.cs.msu.ru>
Subject: Job 1035897: <# this file was automaticly created by mpisubmit.pl script for edu-cmc-sqi21-01 #;source /polusfs/setenv/setup.SMPI;#BSUB -n 31;#BSUB -W 00:30;#BSUB -o ./out_files/f/31.out;#BSUB -e ./err_files/f/31.err;OMP_NUM_THREADS=1 mpiexec ./prog f> in cluster <MSUCluster> Exited

Job <# this file was automaticly created by mpisubmit.pl script for edu-cmc-sqi21-01 #;source /polusfs/setenv/setup.SMPI;#BSUB -n 31;#BSUB -W 00:30;#BSUB -o ./out_files/f/31.out;#BSUB -e ./err_files/f/31.err;OMP_NUM_THREADS=1 mpiexec ./prog f> was submitted from host <polus-ib.bmc.hpc.cs.msu.ru> by user <edu-cmc-sqi21-01> in cluster <MSUCluster> at Fri Mar 24 15:14:26 2023
Job was executed on host(s) <20*polus-c4-ib.bmc.hpc.cs.msu.ru>, in queue <short>, as user <edu-cmc-sqi21-01> in cluster <MSUCluster> at Fri Mar 24 15:23:24 2023
                            <11*polus-c2-ib.bmc.hpc.cs.msu.ru>
</home_edu/edu-cmc-sqi21/edu-cmc-sqi21-01> was used as the home directory.
</home_edu/edu-cmc-sqi21/edu-cmc-sqi21-01/SpecSem/SpecSem/KDTree> was used as the working directory.
Started at Fri Mar 24 15:23:24 2023
Terminated at Fri Mar 24 15:23:30 2023
Results reported at Fri Mar 24 15:23:30 2023

Your job looked like:

------------------------------------------------------------
# LSBATCH: User input
# this file was automaticly created by mpisubmit.pl script for edu-cmc-sqi21-01 #
source /polusfs/setenv/setup.SMPI
#BSUB -n 31
#BSUB -W 00:30
#BSUB -o ./out_files/f/31.out
#BSUB -e ./err_files/f/31.err
OMP_NUM_THREADS=1 mpiexec ./prog f

------------------------------------------------------------

Exited with exit code 139.

Resource usage summary:

    CPU time :                                   68.00 sec.
    Max Memory :                                 18 MB
    Average Memory :                             12.33 MB
    Total Requested Memory :                     -
    Delta Memory :                               -
    Max Swap :                                   -
    Max Processes :                              4
    Max Threads :                                9
    Run time :                                   9 sec.
    Turnaround time :                            544 sec.

The output (if any) follows:

Start to read the file
Main is sending
1024356
Built time: 3.02374
--------------------------------------------------------------------------
mpiexec noticed that process rank 0 with PID 0 on node polus-c4-ib exited on signal 11 (Segmentation fault).
--------------------------------------------------------------------------


PS:

Read file <./err_files/f/31.err> for stderr output of this job.

Sender: LSF System <lsfadmin@polus-c4-ib.bmc.hpc.cs.msu.ru>
Subject: Job 1035917: <# this file was automaticly created by mpisubmit.pl script for edu-cmc-sqi21-01 #;source /polusfs/setenv/setup.SMPI;#BSUB -n 31;#BSUB -W 00:30;#BSUB -o ./out_files/f/31.out;#BSUB -e ./err_files/f/31.err;OMP_NUM_THREADS=1 mpiexec ./prog f> in cluster <MSUCluster> Exited

Job <# this file was automaticly created by mpisubmit.pl script for edu-cmc-sqi21-01 #;source /polusfs/setenv/setup.SMPI;#BSUB -n 31;#BSUB -W 00:30;#BSUB -o ./out_files/f/31.out;#BSUB -e ./err_files/f/31.err;OMP_NUM_THREADS=1 mpiexec ./prog f> was submitted from host <polus-ib.bmc.hpc.cs.msu.ru> by user <edu-cmc-sqi21-01> in cluster <MSUCluster> at Fri Mar 24 15:14:27 2023
Job was executed on host(s) <20*polus-c4-ib.bmc.hpc.cs.msu.ru>, in queue <short>, as user <edu-cmc-sqi21-01> in cluster <MSUCluster> at Fri Mar 24 15:23:51 2023
                            <11*polus-c2-ib.bmc.hpc.cs.msu.ru>
</home_edu/edu-cmc-sqi21/edu-cmc-sqi21-01> was used as the home directory.
</home_edu/edu-cmc-sqi21/edu-cmc-sqi21-01/SpecSem/SpecSem/KDTree> was used as the working directory.
Started at Fri Mar 24 15:23:51 2023
Terminated at Fri Mar 24 15:23:57 2023
Results reported at Fri Mar 24 15:23:57 2023

Your job looked like:

------------------------------------------------------------
# LSBATCH: User input
# this file was automaticly created by mpisubmit.pl script for edu-cmc-sqi21-01 #
source /polusfs/setenv/setup.SMPI
#BSUB -n 31
#BSUB -W 00:30
#BSUB -o ./out_files/f/31.out
#BSUB -e ./err_files/f/31.err
OMP_NUM_THREADS=1 mpiexec ./prog f

------------------------------------------------------------

Exited with exit code 139.

Resource usage summary:

    CPU time :                                   67.00 sec.
    Max Memory :                                 18 MB
    Average Memory :                             12.33 MB
    Total Requested Memory :                     -
    Delta Memory :                               -
    Max Swap :                                   -
    Max Processes :                              4
    Max Threads :                                9
    Run time :                                   6 sec.
    Turnaround time :                            570 sec.

The output (if any) follows:

Start to read the file
Main is sending
1024356
Built time: 2.99693
--------------------------------------------------------------------------
mpiexec noticed that process rank 0 with PID 0 on node polus-c4-ib exited on signal 11 (Segmentation fault).
--------------------------------------------------------------------------


PS:

Read file <./err_files/f/31.err> for stderr output of this job.

