Sender: LSF System <lsfadmin@polus-c4-ib.bmc.hpc.cs.msu.ru>
Subject: Job 1036056: <# this file was automaticly created by mpisubmit.pl script for edu-cmc-sqi21-01 #;source /polusfs/setenv/setup.SMPI;#BSUB -n 7;#BSUB -W 00:30;#BSUB -o ./out_files/f/7.out;#BSUB -e ./err_files/f/7.err;OMP_NUM_THREADS=1 mpiexec ./prog f> in cluster <MSUCluster> Done

Job <# this file was automaticly created by mpisubmit.pl script for edu-cmc-sqi21-01 #;source /polusfs/setenv/setup.SMPI;#BSUB -n 7;#BSUB -W 00:30;#BSUB -o ./out_files/f/7.out;#BSUB -e ./err_files/f/7.err;OMP_NUM_THREADS=1 mpiexec ./prog f> was submitted from host <polus-ib.bmc.hpc.cs.msu.ru> by user <edu-cmc-sqi21-01> in cluster <MSUCluster> at Fri Mar 24 15:52:32 2023
Job was executed on host(s) <7*polus-c4-ib.bmc.hpc.cs.msu.ru>, in queue <short>, as user <edu-cmc-sqi21-01> in cluster <MSUCluster> at Fri Mar 24 15:56:23 2023
</home_edu/edu-cmc-sqi21/edu-cmc-sqi21-01> was used as the home directory.
</home_edu/edu-cmc-sqi21/edu-cmc-sqi21-01/SpecSem/SpecSem/KDTree> was used as the working directory.
Started at Fri Mar 24 15:56:23 2023
Terminated at Fri Mar 24 15:56:28 2023
Results reported at Fri Mar 24 15:56:28 2023

Your job looked like:

------------------------------------------------------------
# LSBATCH: User input
# this file was automaticly created by mpisubmit.pl script for edu-cmc-sqi21-01 #
source /polusfs/setenv/setup.SMPI
#BSUB -n 7
#BSUB -W 00:30
#BSUB -o ./out_files/f/7.out
#BSUB -e ./err_files/f/7.err
OMP_NUM_THREADS=1 mpiexec ./prog f

------------------------------------------------------------

Successfully completed.

Resource usage summary:

    CPU time :                                   24.20 sec.
    Max Memory :                                 389 MB
    Average Memory :                             259.67 MB
    Total Requested Memory :                     -
    Delta Memory :                               -
    Max Swap :                                   -
    Max Processes :                              11
    Max Threads :                                30
    Run time :                                   5 sec.
    Turnaround time :                            236 sec.

The output (if any) follows:

Start to read the file
Main is sending
1024356
Built time: 2.6815
My rank: 0, data size: 0
2939
3369
147792
147164
Searching time: 0.681806


PS:

Read file <./err_files/f/7.err> for stderr output of this job.

Sender: LSF System <lsfadmin@polus-c4-ib.bmc.hpc.cs.msu.ru>
Subject: Job 1036076: <# this file was automaticly created by mpisubmit.pl script for edu-cmc-sqi21-01 #;source /polusfs/setenv/setup.SMPI;#BSUB -n 7;#BSUB -W 00:30;#BSUB -o ./out_files/f/7.out;#BSUB -e ./err_files/f/7.err;OMP_NUM_THREADS=1 mpiexec ./prog f> in cluster <MSUCluster> Done

Job <# this file was automaticly created by mpisubmit.pl script for edu-cmc-sqi21-01 #;source /polusfs/setenv/setup.SMPI;#BSUB -n 7;#BSUB -W 00:30;#BSUB -o ./out_files/f/7.out;#BSUB -e ./err_files/f/7.err;OMP_NUM_THREADS=1 mpiexec ./prog f> was submitted from host <polus-ib.bmc.hpc.cs.msu.ru> by user <edu-cmc-sqi21-01> in cluster <MSUCluster> at Fri Mar 24 15:52:33 2023
Job was executed on host(s) <3*polus-c4-ib.bmc.hpc.cs.msu.ru>, in queue <short>, as user <edu-cmc-sqi21-01> in cluster <MSUCluster> at Fri Mar 24 15:57:10 2023
                            <4*polus-c2-ib.bmc.hpc.cs.msu.ru>
</home_edu/edu-cmc-sqi21/edu-cmc-sqi21-01> was used as the home directory.
</home_edu/edu-cmc-sqi21/edu-cmc-sqi21-01/SpecSem/SpecSem/KDTree> was used as the working directory.
Started at Fri Mar 24 15:57:10 2023
Terminated at Fri Mar 24 15:57:18 2023
Results reported at Fri Mar 24 15:57:18 2023

Your job looked like:

------------------------------------------------------------
# LSBATCH: User input
# this file was automaticly created by mpisubmit.pl script for edu-cmc-sqi21-01 #
source /polusfs/setenv/setup.SMPI
#BSUB -n 7
#BSUB -W 00:30
#BSUB -o ./out_files/f/7.out
#BSUB -e ./err_files/f/7.err
OMP_NUM_THREADS=1 mpiexec ./prog f

------------------------------------------------------------

Successfully completed.

Resource usage summary:

    CPU time :                                   44.48 sec.
    Max Memory :                                 224 MB
    Average Memory :                             133.00 MB
    Total Requested Memory :                     -
    Delta Memory :                               -
    Max Swap :                                   -
    Max Processes :                              7
    Max Threads :                                18
    Run time :                                   12 sec.
    Turnaround time :                            285 sec.

The output (if any) follows:

Start to read the file
Main is sending
1024356
Built time: 3.00111
My rank: 0, data size: 0
22746
17256
18031
19946
Searching time: 2.95248


PS:

Read file <./err_files/f/7.err> for stderr output of this job.

Sender: LSF System <lsfadmin@polus-c4-ib.bmc.hpc.cs.msu.ru>
Subject: Job 1036096: <# this file was automaticly created by mpisubmit.pl script for edu-cmc-sqi21-01 #;source /polusfs/setenv/setup.SMPI;#BSUB -n 7;#BSUB -W 00:30;#BSUB -o ./out_files/f/7.out;#BSUB -e ./err_files/f/7.err;OMP_NUM_THREADS=1 mpiexec ./prog f> in cluster <MSUCluster> Done

Job <# this file was automaticly created by mpisubmit.pl script for edu-cmc-sqi21-01 #;source /polusfs/setenv/setup.SMPI;#BSUB -n 7;#BSUB -W 00:30;#BSUB -o ./out_files/f/7.out;#BSUB -e ./err_files/f/7.err;OMP_NUM_THREADS=1 mpiexec ./prog f> was submitted from host <polus-ib.bmc.hpc.cs.msu.ru> by user <edu-cmc-sqi21-01> in cluster <MSUCluster> at Fri Mar 24 15:52:34 2023
Job was executed on host(s) <5*polus-c4-ib.bmc.hpc.cs.msu.ru>, in queue <short>, as user <edu-cmc-sqi21-01> in cluster <MSUCluster> at Fri Mar 24 15:57:27 2023
                            <2*polus-c2-ib.bmc.hpc.cs.msu.ru>
</home_edu/edu-cmc-sqi21/edu-cmc-sqi21-01> was used as the home directory.
</home_edu/edu-cmc-sqi21/edu-cmc-sqi21-01/SpecSem/SpecSem/KDTree> was used as the working directory.
Started at Fri Mar 24 15:57:27 2023
Terminated at Fri Mar 24 15:57:35 2023
Results reported at Fri Mar 24 15:57:35 2023

Your job looked like:

------------------------------------------------------------
# LSBATCH: User input
# this file was automaticly created by mpisubmit.pl script for edu-cmc-sqi21-01 #
source /polusfs/setenv/setup.SMPI
#BSUB -n 7
#BSUB -W 00:30
#BSUB -o ./out_files/f/7.out
#BSUB -e ./err_files/f/7.err
OMP_NUM_THREADS=1 mpiexec ./prog f

------------------------------------------------------------

Successfully completed.

Resource usage summary:

    CPU time :                                   44.08 sec.
    Max Memory :                                 294 MB
    Average Memory :                             196.33 MB
    Total Requested Memory :                     -
    Delta Memory :                               -
    Max Swap :                                   -
    Max Processes :                              9
    Max Threads :                                24
    Run time :                                   8 sec.
    Turnaround time :                            301 sec.

The output (if any) follows:

Start to read the file
Main is sending
1024356
Built time: 3.04434
My rank: 0, data size: 0
Searching time: 2.91142
3217
231


PS:

Read file <./err_files/f/7.err> for stderr output of this job.

Sender: LSF System <lsfadmin@polus-c2-ib.bmc.hpc.cs.msu.ru>
Subject: Job 1036116: <# this file was automaticly created by mpisubmit.pl script for edu-cmc-sqi21-01 #;source /polusfs/setenv/setup.SMPI;#BSUB -n 7;#BSUB -W 00:30;#BSUB -o ./out_files/f/7.out;#BSUB -e ./err_files/f/7.err;OMP_NUM_THREADS=1 mpiexec ./prog f> in cluster <MSUCluster> Done

Job <# this file was automaticly created by mpisubmit.pl script for edu-cmc-sqi21-01 #;source /polusfs/setenv/setup.SMPI;#BSUB -n 7;#BSUB -W 00:30;#BSUB -o ./out_files/f/7.out;#BSUB -e ./err_files/f/7.err;OMP_NUM_THREADS=1 mpiexec ./prog f> was submitted from host <polus-ib.bmc.hpc.cs.msu.ru> by user <edu-cmc-sqi21-01> in cluster <MSUCluster> at Fri Mar 24 15:52:35 2023
Job was executed on host(s) <7*polus-c2-ib.bmc.hpc.cs.msu.ru>, in queue <short>, as user <edu-cmc-sqi21-01> in cluster <MSUCluster> at Fri Mar 24 15:58:57 2023
</home_edu/edu-cmc-sqi21/edu-cmc-sqi21-01> was used as the home directory.
</home_edu/edu-cmc-sqi21/edu-cmc-sqi21-01/SpecSem/SpecSem/KDTree> was used as the working directory.
Started at Fri Mar 24 15:58:57 2023
Terminated at Fri Mar 24 15:59:21 2023
Results reported at Fri Mar 24 15:59:21 2023

Your job looked like:

------------------------------------------------------------
# LSBATCH: User input
# this file was automaticly created by mpisubmit.pl script for edu-cmc-sqi21-01 #
source /polusfs/setenv/setup.SMPI
#BSUB -n 7
#BSUB -W 00:30
#BSUB -o ./out_files/f/7.out
#BSUB -e ./err_files/f/7.err
OMP_NUM_THREADS=1 mpiexec ./prog f

------------------------------------------------------------

Successfully completed.

Resource usage summary:

    CPU time :                                   154.73 sec.
    Max Memory :                                 481 MB
    Average Memory :                             356.80 MB
    Total Requested Memory :                     -
    Delta Memory :                               -
    Max Swap :                                   -
    Max Processes :                              11
    Max Threads :                                30
    Run time :                                   24 sec.
    Turnaround time :                            406 sec.

The output (if any) follows:

Start to read the file
Main is sending
1024356
Built time: 18.5785
My rank: 0, data size: 0
17956
27343
1733
134497
Searching time: 3.11586


PS:

Read file <./err_files/f/7.err> for stderr output of this job.

