Sender: LSF System <lsfadmin@polus-c4-ib.bmc.hpc.cs.msu.ru>
Subject: Job 1035339: <# this file was automaticly created by mpisubmit.pl script for edu-cmc-sqi21-01 #;source /polusfs/setenv/setup.SMPI;#BSUB -n 8;#BSUB -W 00:30;#BSUB -o ./out_files/f/8.out;#BSUB -e ./err_files/f/8.err;OMP_NUM_THREADS=1 mpiexec ./prog f> in cluster <MSUCluster> Exited

Job <# this file was automaticly created by mpisubmit.pl script for edu-cmc-sqi21-01 #;source /polusfs/setenv/setup.SMPI;#BSUB -n 8;#BSUB -W 00:30;#BSUB -o ./out_files/f/8.out;#BSUB -e ./err_files/f/8.err;OMP_NUM_THREADS=1 mpiexec ./prog f> was submitted from host <polus-ib.bmc.hpc.cs.msu.ru> by user <edu-cmc-sqi21-01> in cluster <MSUCluster> at Fri Mar 24 14:59:23 2023
Job was executed on host(s) <4*polus-c4-ib.bmc.hpc.cs.msu.ru>, in queue <short>, as user <edu-cmc-sqi21-01> in cluster <MSUCluster> at Fri Mar 24 14:59:28 2023
                            <4*polus-c2-ib.bmc.hpc.cs.msu.ru>
</home_edu/edu-cmc-sqi21/edu-cmc-sqi21-01> was used as the home directory.
</home_edu/edu-cmc-sqi21/edu-cmc-sqi21-01/SpecSem/SpecSem/KDTree> was used as the working directory.
Started at Fri Mar 24 14:59:28 2023
Terminated at Fri Mar 24 14:59:31 2023
Results reported at Fri Mar 24 14:59:31 2023

Your job looked like:

------------------------------------------------------------
# LSBATCH: User input
# this file was automaticly created by mpisubmit.pl script for edu-cmc-sqi21-01 #
source /polusfs/setenv/setup.SMPI
#BSUB -n 8
#BSUB -W 00:30
#BSUB -o ./out_files/f/8.out
#BSUB -e ./err_files/f/8.err
OMP_NUM_THREADS=1 mpiexec ./prog f

------------------------------------------------------------

Exited with exit code 213.

Resource usage summary:

    CPU time :                                   1.10 sec.
    Max Memory :                                 18 MB
    Average Memory :                             13.00 MB
    Total Requested Memory :                     -
    Delta Memory :                               -
    Max Swap :                                   -
    Max Processes :                              4
    Max Threads :                                9
    Run time :                                   4 sec.
    Turnaround time :                            8 sec.

The output (if any) follows:

--------------------------------------------------------------------------
Open MPI tried to fork a new process via the "execve" system call but
failed.  Open MPI checks many things before attempting to launch a
child process, but nothing is perfect. This error may be indicative
of another problem on the target host, or even something as silly as
having specified a directory for your application. Your job will now
abort.

  Local host:        polus-c4-ib
  Application name:  ./prog
  Error:             Exec format error
--------------------------------------------------------------------------


PS:

Read file <./err_files/f/8.err> for stderr output of this job.

Sender: LSF System <lsfadmin@polus-c4-ib.bmc.hpc.cs.msu.ru>
Subject: Job 1035369: <# this file was automaticly created by mpisubmit.pl script for edu-cmc-sqi21-01 #;source /polusfs/setenv/setup.SMPI;#BSUB -n 8;#BSUB -W 00:30;#BSUB -o ./out_files/f/8.out;#BSUB -e ./err_files/f/8.err;OMP_NUM_THREADS=1 mpiexec ./prog f> in cluster <MSUCluster> Exited

Job <# this file was automaticly created by mpisubmit.pl script for edu-cmc-sqi21-01 #;source /polusfs/setenv/setup.SMPI;#BSUB -n 8;#BSUB -W 00:30;#BSUB -o ./out_files/f/8.out;#BSUB -e ./err_files/f/8.err;OMP_NUM_THREADS=1 mpiexec ./prog f> was submitted from host <polus-ib.bmc.hpc.cs.msu.ru> by user <edu-cmc-sqi21-01> in cluster <MSUCluster> at Fri Mar 24 14:59:24 2023
Job was executed on host(s) <8*polus-c4-ib.bmc.hpc.cs.msu.ru>, in queue <short>, as user <edu-cmc-sqi21-01> in cluster <MSUCluster> at Fri Mar 24 14:59:53 2023
</home_edu/edu-cmc-sqi21/edu-cmc-sqi21-01> was used as the home directory.
</home_edu/edu-cmc-sqi21/edu-cmc-sqi21-01/SpecSem/SpecSem/KDTree> was used as the working directory.
Started at Fri Mar 24 14:59:53 2023
Terminated at Fri Mar 24 14:59:54 2023
Results reported at Fri Mar 24 14:59:54 2023

Your job looked like:

------------------------------------------------------------
# LSBATCH: User input
# this file was automaticly created by mpisubmit.pl script for edu-cmc-sqi21-01 #
source /polusfs/setenv/setup.SMPI
#BSUB -n 8
#BSUB -W 00:30
#BSUB -o ./out_files/f/8.out
#BSUB -e ./err_files/f/8.err
OMP_NUM_THREADS=1 mpiexec ./prog f

------------------------------------------------------------

Exited with exit code 213.

Resource usage summary:

    CPU time :                                   0.21 sec.
    Max Memory :                                 1 MB
    Average Memory :                             0.33 MB
    Total Requested Memory :                     -
    Delta Memory :                               -
    Max Swap :                                   -
    Max Processes :                              1
    Max Threads :                                1
    Run time :                                   2 sec.
    Turnaround time :                            30 sec.

The output (if any) follows:

--------------------------------------------------------------------------
Open MPI tried to fork a new process via the "execve" system call but
failed.  Open MPI checks many things before attempting to launch a
child process, but nothing is perfect. This error may be indicative
of another problem on the target host, or even something as silly as
having specified a directory for your application. Your job will now
abort.

  Local host:        polus-c4-ib
  Application name:  ./prog
  Error:             Exec format error
--------------------------------------------------------------------------
8 total processes failed to start


PS:

Read file <./err_files/f/8.err> for stderr output of this job.

Sender: LSF System <lsfadmin@polus-c4-ib.bmc.hpc.cs.msu.ru>
Subject: Job 1035399: <# this file was automaticly created by mpisubmit.pl script for edu-cmc-sqi21-01 #;source /polusfs/setenv/setup.SMPI;#BSUB -n 8;#BSUB -W 00:30;#BSUB -o ./out_files/f/8.out;#BSUB -e ./err_files/f/8.err;OMP_NUM_THREADS=1 mpiexec ./prog f> in cluster <MSUCluster> Exited

Job <# this file was automaticly created by mpisubmit.pl script for edu-cmc-sqi21-01 #;source /polusfs/setenv/setup.SMPI;#BSUB -n 8;#BSUB -W 00:30;#BSUB -o ./out_files/f/8.out;#BSUB -e ./err_files/f/8.err;OMP_NUM_THREADS=1 mpiexec ./prog f> was submitted from host <polus-ib.bmc.hpc.cs.msu.ru> by user <edu-cmc-sqi21-01> in cluster <MSUCluster> at Fri Mar 24 14:59:25 2023
Job was executed on host(s) <8*polus-c4-ib.bmc.hpc.cs.msu.ru>, in queue <short>, as user <edu-cmc-sqi21-01> in cluster <MSUCluster> at Fri Mar 24 15:00:10 2023
</home_edu/edu-cmc-sqi21/edu-cmc-sqi21-01> was used as the home directory.
</home_edu/edu-cmc-sqi21/edu-cmc-sqi21-01/SpecSem/SpecSem/KDTree> was used as the working directory.
Started at Fri Mar 24 15:00:10 2023
Terminated at Fri Mar 24 15:00:11 2023
Results reported at Fri Mar 24 15:00:11 2023

Your job looked like:

------------------------------------------------------------
# LSBATCH: User input
# this file was automaticly created by mpisubmit.pl script for edu-cmc-sqi21-01 #
source /polusfs/setenv/setup.SMPI
#BSUB -n 8
#BSUB -W 00:30
#BSUB -o ./out_files/f/8.out
#BSUB -e ./err_files/f/8.err
OMP_NUM_THREADS=1 mpiexec ./prog f

------------------------------------------------------------

Exited with exit code 213.

Resource usage summary:

    CPU time :                                   0.22 sec.
    Max Memory :                                 1 MB
    Average Memory :                             1.00 MB
    Total Requested Memory :                     -
    Delta Memory :                               -
    Max Swap :                                   -
    Max Processes :                              1
    Max Threads :                                1
    Run time :                                   0 sec.
    Turnaround time :                            46 sec.

The output (if any) follows:

--------------------------------------------------------------------------
Open MPI tried to fork a new process via the "execve" system call but
failed.  Open MPI checks many things before attempting to launch a
child process, but nothing is perfect. This error may be indicative
of another problem on the target host, or even something as silly as
having specified a directory for your application. Your job will now
abort.

  Local host:        polus-c4-ib
  Application name:  ./prog
  Error:             Exec format error
--------------------------------------------------------------------------
8 total processes failed to start


PS:

Read file <./err_files/f/8.err> for stderr output of this job.

Sender: LSF System <lsfadmin@polus-c2-ib.bmc.hpc.cs.msu.ru>
Subject: Job 1035429: <# this file was automaticly created by mpisubmit.pl script for edu-cmc-sqi21-01 #;source /polusfs/setenv/setup.SMPI;#BSUB -n 8;#BSUB -W 00:30;#BSUB -o ./out_files/f/8.out;#BSUB -e ./err_files/f/8.err;OMP_NUM_THREADS=1 mpiexec ./prog f> in cluster <MSUCluster> Exited

Job <# this file was automaticly created by mpisubmit.pl script for edu-cmc-sqi21-01 #;source /polusfs/setenv/setup.SMPI;#BSUB -n 8;#BSUB -W 00:30;#BSUB -o ./out_files/f/8.out;#BSUB -e ./err_files/f/8.err;OMP_NUM_THREADS=1 mpiexec ./prog f> was submitted from host <polus-ib.bmc.hpc.cs.msu.ru> by user <edu-cmc-sqi21-01> in cluster <MSUCluster> at Fri Mar 24 14:59:26 2023
Job was executed on host(s) <8*polus-c2-ib.bmc.hpc.cs.msu.ru>, in queue <short>, as user <edu-cmc-sqi21-01> in cluster <MSUCluster> at Fri Mar 24 15:00:32 2023
</home_edu/edu-cmc-sqi21/edu-cmc-sqi21-01> was used as the home directory.
</home_edu/edu-cmc-sqi21/edu-cmc-sqi21-01/SpecSem/SpecSem/KDTree> was used as the working directory.
Started at Fri Mar 24 15:00:32 2023
Terminated at Fri Mar 24 15:00:35 2023
Results reported at Fri Mar 24 15:00:35 2023

Your job looked like:

------------------------------------------------------------
# LSBATCH: User input
# this file was automaticly created by mpisubmit.pl script for edu-cmc-sqi21-01 #
source /polusfs/setenv/setup.SMPI
#BSUB -n 8
#BSUB -W 00:30
#BSUB -o ./out_files/f/8.out
#BSUB -e ./err_files/f/8.err
OMP_NUM_THREADS=1 mpiexec ./prog f

------------------------------------------------------------

Exited with exit code 213.

Resource usage summary:

    CPU time :                                   1.05 sec.
    Max Memory :                                 15 MB
    Average Memory :                             10.33 MB
    Total Requested Memory :                     -
    Delta Memory :                               -
    Max Swap :                                   -
    Max Processes :                              4
    Max Threads :                                5
    Run time :                                   2 sec.
    Turnaround time :                            69 sec.

The output (if any) follows:

--------------------------------------------------------------------------
Open MPI tried to fork a new process via the "execve" system call but
failed.  Open MPI checks many things before attempting to launch a
child process, but nothing is perfect. This error may be indicative
of another problem on the target host, or even something as silly as
having specified a directory for your application. Your job will now
abort.

  Local host:        polus-c2-ib
  Application name:  ./prog
  Error:             Exec format error
--------------------------------------------------------------------------
8 total processes failed to start


PS:

Read file <./err_files/f/8.err> for stderr output of this job.

