Sender: LSF System <lsfadmin@polus-c4-ib.bmc.hpc.cs.msu.ru>
Subject: Job 1042135: <# this file was automaticly created by mpisubmit.pl script for edu-cmc-sqi21-01 #;source /polusfs/setenv/setup.SMPI;#BSUB -n 15;#BSUB -W 00:30;#BSUB -o ./out_files/10000/15.out;#BSUB -e ./err_files/10000/15.err;OMP_NUM_THREADS=1 mpiexec ./prog 10000 10> in cluster <MSUCluster> Exited

Job <# this file was automaticly created by mpisubmit.pl script for edu-cmc-sqi21-01 #;source /polusfs/setenv/setup.SMPI;#BSUB -n 15;#BSUB -W 00:30;#BSUB -o ./out_files/10000/15.out;#BSUB -e ./err_files/10000/15.err;OMP_NUM_THREADS=1 mpiexec ./prog 10000 10> was submitted from host <polus-ib.bmc.hpc.cs.msu.ru> by user <edu-cmc-sqi21-01> in cluster <MSUCluster> at Tue Apr 11 18:45:56 2023
Job was executed on host(s) <15*polus-c4-ib.bmc.hpc.cs.msu.ru>, in queue <short>, as user <edu-cmc-sqi21-01> in cluster <MSUCluster> at Tue Apr 11 18:47:28 2023
</home_edu/edu-cmc-sqi21/edu-cmc-sqi21-01> was used as the home directory.
</home_edu/edu-cmc-sqi21/edu-cmc-sqi21-01/SpecSem/SpecSem/KDTree/main> was used as the working directory.
Started at Tue Apr 11 18:47:28 2023
Terminated at Tue Apr 11 18:47:30 2023
Results reported at Tue Apr 11 18:47:30 2023

Your job looked like:

------------------------------------------------------------
# LSBATCH: User input
# this file was automaticly created by mpisubmit.pl script for edu-cmc-sqi21-01 #
source /polusfs/setenv/setup.SMPI
#BSUB -n 15
#BSUB -W 00:30
#BSUB -o ./out_files/10000/15.out
#BSUB -e ./err_files/10000/15.err
OMP_NUM_THREADS=1 mpiexec ./prog 10000 10

------------------------------------------------------------

Exited with exit code 213.

Resource usage summary:

    CPU time :                                   0.24 sec.
    Max Memory :                                 1 MB
    Average Memory :                             1.00 MB
    Total Requested Memory :                     -
    Delta Memory :                               -
    Max Swap :                                   -
    Max Processes :                              1
    Max Threads :                                1
    Run time :                                   1 sec.
    Turnaround time :                            94 sec.

The output (if any) follows:

--------------------------------------------------------------------------
Open MPI tried to fork a new process via the "execve" system call but
failed.  Open MPI checks many things before attempting to launch a
child process, but nothing is perfect. This error may be indicative
of another problem on the target host, or even something as silly as
having specified a directory for your application. Your job will now
abort.

  Local host:        polus-c4-ib
  Application name:  ./prog
  Error:             Exec format error
--------------------------------------------------------------------------
15 total processes failed to start


PS:

Read file <./err_files/10000/15.err> for stderr output of this job.

Sender: LSF System <lsfadmin@polus-c3-ib.bmc.hpc.cs.msu.ru>
Subject: Job 1042155: <# this file was automaticly created by mpisubmit.pl script for edu-cmc-sqi21-01 #;source /polusfs/setenv/setup.SMPI;#BSUB -n 15;#BSUB -W 00:30;#BSUB -o ./out_files/10000/15.out;#BSUB -e ./err_files/10000/15.err;OMP_NUM_THREADS=1 mpiexec ./prog 10000 10> in cluster <MSUCluster> Exited

Job <# this file was automaticly created by mpisubmit.pl script for edu-cmc-sqi21-01 #;source /polusfs/setenv/setup.SMPI;#BSUB -n 15;#BSUB -W 00:30;#BSUB -o ./out_files/10000/15.out;#BSUB -e ./err_files/10000/15.err;OMP_NUM_THREADS=1 mpiexec ./prog 10000 10> was submitted from host <polus-ib.bmc.hpc.cs.msu.ru> by user <edu-cmc-sqi21-01> in cluster <MSUCluster> at Tue Apr 11 18:45:57 2023
Job was executed on host(s) <15*polus-c3-ib.bmc.hpc.cs.msu.ru>, in queue <short>, as user <edu-cmc-sqi21-01> in cluster <MSUCluster> at Tue Apr 11 18:48:07 2023
</home_edu/edu-cmc-sqi21/edu-cmc-sqi21-01> was used as the home directory.
</home_edu/edu-cmc-sqi21/edu-cmc-sqi21-01/SpecSem/SpecSem/KDTree/main> was used as the working directory.
Started at Tue Apr 11 18:48:07 2023
Terminated at Tue Apr 11 18:48:09 2023
Results reported at Tue Apr 11 18:48:09 2023

Your job looked like:

------------------------------------------------------------
# LSBATCH: User input
# this file was automaticly created by mpisubmit.pl script for edu-cmc-sqi21-01 #
source /polusfs/setenv/setup.SMPI
#BSUB -n 15
#BSUB -W 00:30
#BSUB -o ./out_files/10000/15.out
#BSUB -e ./err_files/10000/15.err
OMP_NUM_THREADS=1 mpiexec ./prog 10000 10

------------------------------------------------------------

Exited with exit code 213.

Resource usage summary:

    CPU time :                                   0.22 sec.
    Max Memory :                                 7 MB
    Average Memory :                             4.67 MB
    Total Requested Memory :                     -
    Delta Memory :                               -
    Max Swap :                                   -
    Max Processes :                              4
    Max Threads :                                5
    Run time :                                   1 sec.
    Turnaround time :                            132 sec.

The output (if any) follows:

--------------------------------------------------------------------------
Open MPI tried to fork a new process via the "execve" system call but
failed.  Open MPI checks many things before attempting to launch a
child process, but nothing is perfect. This error may be indicative
of another problem on the target host, or even something as silly as
having specified a directory for your application. Your job will now
abort.

  Local host:        polus-c3-ib
  Application name:  ./prog
  Error:             Exec format error
--------------------------------------------------------------------------
15 total processes failed to start


PS:

Read file <./err_files/10000/15.err> for stderr output of this job.

Sender: LSF System <lsfadmin@polus-c4-ib.bmc.hpc.cs.msu.ru>
Subject: Job 1042175: <# this file was automaticly created by mpisubmit.pl script for edu-cmc-sqi21-01 #;source /polusfs/setenv/setup.SMPI;#BSUB -n 15;#BSUB -W 00:30;#BSUB -o ./out_files/10000/15.out;#BSUB -e ./err_files/10000/15.err;OMP_NUM_THREADS=1 mpiexec ./prog 10000 10> in cluster <MSUCluster> Exited

Job <# this file was automaticly created by mpisubmit.pl script for edu-cmc-sqi21-01 #;source /polusfs/setenv/setup.SMPI;#BSUB -n 15;#BSUB -W 00:30;#BSUB -o ./out_files/10000/15.out;#BSUB -e ./err_files/10000/15.err;OMP_NUM_THREADS=1 mpiexec ./prog 10000 10> was submitted from host <polus-ib.bmc.hpc.cs.msu.ru> by user <edu-cmc-sqi21-01> in cluster <MSUCluster> at Tue Apr 11 18:45:58 2023
Job was executed on host(s) <15*polus-c4-ib.bmc.hpc.cs.msu.ru>, in queue <short>, as user <edu-cmc-sqi21-01> in cluster <MSUCluster> at Tue Apr 11 18:48:22 2023
</home_edu/edu-cmc-sqi21/edu-cmc-sqi21-01> was used as the home directory.
</home_edu/edu-cmc-sqi21/edu-cmc-sqi21-01/SpecSem/SpecSem/KDTree/main> was used as the working directory.
Started at Tue Apr 11 18:48:22 2023
Terminated at Tue Apr 11 18:48:24 2023
Results reported at Tue Apr 11 18:48:24 2023

Your job looked like:

------------------------------------------------------------
# LSBATCH: User input
# this file was automaticly created by mpisubmit.pl script for edu-cmc-sqi21-01 #
source /polusfs/setenv/setup.SMPI
#BSUB -n 15
#BSUB -W 00:30
#BSUB -o ./out_files/10000/15.out
#BSUB -e ./err_files/10000/15.err
OMP_NUM_THREADS=1 mpiexec ./prog 10000 10

------------------------------------------------------------

Exited with exit code 213.

Resource usage summary:

    CPU time :                                   0.22 sec.
    Max Memory :                                 17 MB
    Average Memory :                             11.67 MB
    Total Requested Memory :                     -
    Delta Memory :                               -
    Max Swap :                                   -
    Max Processes :                              5
    Max Threads :                                6
    Run time :                                   1 sec.
    Turnaround time :                            146 sec.

The output (if any) follows:

--------------------------------------------------------------------------
Open MPI tried to fork a new process via the "execve" system call but
failed.  Open MPI checks many things before attempting to launch a
child process, but nothing is perfect. This error may be indicative
of another problem on the target host, or even something as silly as
having specified a directory for your application. Your job will now
abort.

  Local host:        polus-c4-ib
  Application name:  ./prog
  Error:             Exec format error
--------------------------------------------------------------------------
15 total processes failed to start


PS:

Read file <./err_files/10000/15.err> for stderr output of this job.

Sender: LSF System <lsfadmin@polus-c4-ib.bmc.hpc.cs.msu.ru>
Subject: Job 1042195: <# this file was automaticly created by mpisubmit.pl script for edu-cmc-sqi21-01 #;source /polusfs/setenv/setup.SMPI;#BSUB -n 15;#BSUB -W 00:30;#BSUB -o ./out_files/10000/15.out;#BSUB -e ./err_files/10000/15.err;OMP_NUM_THREADS=1 mpiexec ./prog 10000 10> in cluster <MSUCluster> Exited

Job <# this file was automaticly created by mpisubmit.pl script for edu-cmc-sqi21-01 #;source /polusfs/setenv/setup.SMPI;#BSUB -n 15;#BSUB -W 00:30;#BSUB -o ./out_files/10000/15.out;#BSUB -e ./err_files/10000/15.err;OMP_NUM_THREADS=1 mpiexec ./prog 10000 10> was submitted from host <polus-ib.bmc.hpc.cs.msu.ru> by user <edu-cmc-sqi21-01> in cluster <MSUCluster> at Tue Apr 11 18:45:58 2023
Job was executed on host(s) <15*polus-c4-ib.bmc.hpc.cs.msu.ru>, in queue <short>, as user <edu-cmc-sqi21-01> in cluster <MSUCluster> at Tue Apr 11 18:48:40 2023
</home_edu/edu-cmc-sqi21/edu-cmc-sqi21-01> was used as the home directory.
</home_edu/edu-cmc-sqi21/edu-cmc-sqi21-01/SpecSem/SpecSem/KDTree/main> was used as the working directory.
Started at Tue Apr 11 18:48:40 2023
Terminated at Tue Apr 11 18:48:41 2023
Results reported at Tue Apr 11 18:48:41 2023

Your job looked like:

------------------------------------------------------------
# LSBATCH: User input
# this file was automaticly created by mpisubmit.pl script for edu-cmc-sqi21-01 #
source /polusfs/setenv/setup.SMPI
#BSUB -n 15
#BSUB -W 00:30
#BSUB -o ./out_files/10000/15.out
#BSUB -e ./err_files/10000/15.err
OMP_NUM_THREADS=1 mpiexec ./prog 10000 10

------------------------------------------------------------

Exited with exit code 213.

Resource usage summary:

    CPU time :                                   0.22 sec.
    Max Memory :                                 7 MB
    Average Memory :                             6.00 MB
    Total Requested Memory :                     -
    Delta Memory :                               -
    Max Swap :                                   -
    Max Processes :                              4
    Max Threads :                                5
    Run time :                                   1 sec.
    Turnaround time :                            163 sec.

The output (if any) follows:

--------------------------------------------------------------------------
Open MPI tried to fork a new process via the "execve" system call but
failed.  Open MPI checks many things before attempting to launch a
child process, but nothing is perfect. This error may be indicative
of another problem on the target host, or even something as silly as
having specified a directory for your application. Your job will now
abort.

  Local host:        polus-c4-ib
  Application name:  ./prog
  Error:             Exec format error
--------------------------------------------------------------------------
15 total processes failed to start


PS:

Read file <./err_files/10000/15.err> for stderr output of this job.

