Sender: LSF System <lsfadmin@polus-c3-ib.bmc.hpc.cs.msu.ru>
Subject: Job 1042432: <# this file was automaticly created by mpisubmit.pl script for edu-cmc-sqi21-01 #;source /polusfs/setenv/setup.SMPI;#BSUB -n 16;#BSUB -W 00:30;#BSUB -o ./out_files/10000/16.out;#BSUB -e ./err_files/10000/16.err;OMP_NUM_THREADS=1 mpiexec ./prog 10000 10> in cluster <MSUCluster> Done

Job <# this file was automaticly created by mpisubmit.pl script for edu-cmc-sqi21-01 #;source /polusfs/setenv/setup.SMPI;#BSUB -n 16;#BSUB -W 00:30;#BSUB -o ./out_files/10000/16.out;#BSUB -e ./err_files/10000/16.err;OMP_NUM_THREADS=1 mpiexec ./prog 10000 10> was submitted from host <polus-ib.bmc.hpc.cs.msu.ru> by user <edu-cmc-sqi21-01> in cluster <MSUCluster> at Tue Apr 11 19:28:21 2023
Job was executed on host(s) <8*polus-c3-ib.bmc.hpc.cs.msu.ru>, in queue <short>, as user <edu-cmc-sqi21-01> in cluster <MSUCluster> at Tue Apr 11 19:29:04 2023
                            <8*polus-c4-ib.bmc.hpc.cs.msu.ru>
</home_edu/edu-cmc-sqi21/edu-cmc-sqi21-01> was used as the home directory.
</home_edu/edu-cmc-sqi21/edu-cmc-sqi21-01/SpecSem/SpecSem/KDTree/main> was used as the working directory.
Started at Tue Apr 11 19:29:04 2023
Terminated at Tue Apr 11 19:29:06 2023
Results reported at Tue Apr 11 19:29:06 2023

Your job looked like:

------------------------------------------------------------
# LSBATCH: User input
# this file was automaticly created by mpisubmit.pl script for edu-cmc-sqi21-01 #
source /polusfs/setenv/setup.SMPI
#BSUB -n 16
#BSUB -W 00:30
#BSUB -o ./out_files/10000/16.out
#BSUB -e ./err_files/10000/16.err
OMP_NUM_THREADS=1 mpiexec ./prog 10000 10

------------------------------------------------------------

Successfully completed.

Resource usage summary:

    CPU time :                                   1.64 sec.
    Max Memory :                                 441 MB
    Average Memory :                             289.67 MB
    Total Requested Memory :                     -
    Delta Memory :                               -
    Max Swap :                                   -
    Max Processes :                              12
    Max Threads :                                33
    Run time :                                   1 sec.
    Turnaround time :                            45 sec.

The output (if any) follows:

98
347


PS:

Read file <./err_files/10000/16.err> for stderr output of this job.

Sender: LSF System <lsfadmin@polus-c4-ib.bmc.hpc.cs.msu.ru>
Subject: Job 1042462: <# this file was automaticly created by mpisubmit.pl script for edu-cmc-sqi21-01 #;source /polusfs/setenv/setup.SMPI;#BSUB -n 16;#BSUB -W 00:30;#BSUB -o ./out_files/10000/16.out;#BSUB -e ./err_files/10000/16.err;OMP_NUM_THREADS=1 mpiexec ./prog 10000 10> in cluster <MSUCluster> Done

Job <# this file was automaticly created by mpisubmit.pl script for edu-cmc-sqi21-01 #;source /polusfs/setenv/setup.SMPI;#BSUB -n 16;#BSUB -W 00:30;#BSUB -o ./out_files/10000/16.out;#BSUB -e ./err_files/10000/16.err;OMP_NUM_THREADS=1 mpiexec ./prog 10000 10> was submitted from host <polus-ib.bmc.hpc.cs.msu.ru> by user <edu-cmc-sqi21-01> in cluster <MSUCluster> at Tue Apr 11 19:28:22 2023
Job was executed on host(s) <16*polus-c4-ib.bmc.hpc.cs.msu.ru>, in queue <short>, as user <edu-cmc-sqi21-01> in cluster <MSUCluster> at Tue Apr 11 19:29:56 2023
</home_edu/edu-cmc-sqi21/edu-cmc-sqi21-01> was used as the home directory.
</home_edu/edu-cmc-sqi21/edu-cmc-sqi21-01/SpecSem/SpecSem/KDTree/main> was used as the working directory.
Started at Tue Apr 11 19:29:56 2023
Terminated at Tue Apr 11 19:29:57 2023
Results reported at Tue Apr 11 19:29:57 2023

Your job looked like:

------------------------------------------------------------
# LSBATCH: User input
# this file was automaticly created by mpisubmit.pl script for edu-cmc-sqi21-01 #
source /polusfs/setenv/setup.SMPI
#BSUB -n 16
#BSUB -W 00:30
#BSUB -o ./out_files/10000/16.out
#BSUB -e ./err_files/10000/16.err
OMP_NUM_THREADS=1 mpiexec ./prog 10000 10

------------------------------------------------------------

Successfully completed.

Resource usage summary:

    CPU time :                                   1.90 sec.
    Max Memory :                                 1 MB
    Average Memory :                             1.00 MB
    Total Requested Memory :                     -
    Delta Memory :                               -
    Max Swap :                                   -
    Max Processes :                              1
    Max Threads :                                1
    Run time :                                   1 sec.
    Turnaround time :                            95 sec.

The output (if any) follows:

98
347


PS:

Read file <./err_files/10000/16.err> for stderr output of this job.

Sender: LSF System <lsfadmin@polus-c3-ib.bmc.hpc.cs.msu.ru>
Subject: Job 1042492: <# this file was automaticly created by mpisubmit.pl script for edu-cmc-sqi21-01 #;source /polusfs/setenv/setup.SMPI;#BSUB -n 16;#BSUB -W 00:30;#BSUB -o ./out_files/10000/16.out;#BSUB -e ./err_files/10000/16.err;OMP_NUM_THREADS=1 mpiexec ./prog 10000 10> in cluster <MSUCluster> Done

Job <# this file was automaticly created by mpisubmit.pl script for edu-cmc-sqi21-01 #;source /polusfs/setenv/setup.SMPI;#BSUB -n 16;#BSUB -W 00:30;#BSUB -o ./out_files/10000/16.out;#BSUB -e ./err_files/10000/16.err;OMP_NUM_THREADS=1 mpiexec ./prog 10000 10> was submitted from host <polus-ib.bmc.hpc.cs.msu.ru> by user <edu-cmc-sqi21-01> in cluster <MSUCluster> at Tue Apr 11 19:28:23 2023
Job was executed on host(s) <16*polus-c3-ib.bmc.hpc.cs.msu.ru>, in queue <short>, as user <edu-cmc-sqi21-01> in cluster <MSUCluster> at Tue Apr 11 19:30:38 2023
</home_edu/edu-cmc-sqi21/edu-cmc-sqi21-01> was used as the home directory.
</home_edu/edu-cmc-sqi21/edu-cmc-sqi21-01/SpecSem/SpecSem/KDTree/main> was used as the working directory.
Started at Tue Apr 11 19:30:38 2023
Terminated at Tue Apr 11 19:30:39 2023
Results reported at Tue Apr 11 19:30:39 2023

Your job looked like:

------------------------------------------------------------
# LSBATCH: User input
# this file was automaticly created by mpisubmit.pl script for edu-cmc-sqi21-01 #
source /polusfs/setenv/setup.SMPI
#BSUB -n 16
#BSUB -W 00:30
#BSUB -o ./out_files/10000/16.out
#BSUB -e ./err_files/10000/16.err
OMP_NUM_THREADS=1 mpiexec ./prog 10000 10

------------------------------------------------------------

Successfully completed.

Resource usage summary:

    CPU time :                                   3.22 sec.
    Max Memory :                                 1 MB
    Average Memory :                             1.00 MB
    Total Requested Memory :                     -
    Delta Memory :                               -
    Max Swap :                                   -
    Max Processes :                              1
    Max Threads :                                1
    Run time :                                   0 sec.
    Turnaround time :                            136 sec.

The output (if any) follows:

98
347


PS:

Read file <./err_files/10000/16.err> for stderr output of this job.

Sender: LSF System <lsfadmin@polus-c3-ib.bmc.hpc.cs.msu.ru>
Subject: Job 1042522: <# this file was automaticly created by mpisubmit.pl script for edu-cmc-sqi21-01 #;source /polusfs/setenv/setup.SMPI;#BSUB -n 16;#BSUB -W 00:30;#BSUB -o ./out_files/10000/16.out;#BSUB -e ./err_files/10000/16.err;OMP_NUM_THREADS=1 mpiexec ./prog 10000 10> in cluster <MSUCluster> Done

Job <# this file was automaticly created by mpisubmit.pl script for edu-cmc-sqi21-01 #;source /polusfs/setenv/setup.SMPI;#BSUB -n 16;#BSUB -W 00:30;#BSUB -o ./out_files/10000/16.out;#BSUB -e ./err_files/10000/16.err;OMP_NUM_THREADS=1 mpiexec ./prog 10000 10> was submitted from host <polus-ib.bmc.hpc.cs.msu.ru> by user <edu-cmc-sqi21-01> in cluster <MSUCluster> at Tue Apr 11 19:28:24 2023
Job was executed on host(s) <16*polus-c3-ib.bmc.hpc.cs.msu.ru>, in queue <short>, as user <edu-cmc-sqi21-01> in cluster <MSUCluster> at Tue Apr 11 19:31:13 2023
</home_edu/edu-cmc-sqi21/edu-cmc-sqi21-01> was used as the home directory.
</home_edu/edu-cmc-sqi21/edu-cmc-sqi21-01/SpecSem/SpecSem/KDTree/main> was used as the working directory.
Started at Tue Apr 11 19:31:13 2023
Terminated at Tue Apr 11 19:31:15 2023
Results reported at Tue Apr 11 19:31:15 2023

Your job looked like:

------------------------------------------------------------
# LSBATCH: User input
# this file was automaticly created by mpisubmit.pl script for edu-cmc-sqi21-01 #
source /polusfs/setenv/setup.SMPI
#BSUB -n 16
#BSUB -W 00:30
#BSUB -o ./out_files/10000/16.out
#BSUB -e ./err_files/10000/16.err
OMP_NUM_THREADS=1 mpiexec ./prog 10000 10

------------------------------------------------------------

Successfully completed.

Resource usage summary:

    CPU time :                                   1.74 sec.
    Max Memory :                                 3 MB
    Average Memory :                             1.67 MB
    Total Requested Memory :                     -
    Delta Memory :                               -
    Max Swap :                                   -
    Max Processes :                              1
    Max Threads :                                1
    Run time :                                   1 sec.
    Turnaround time :                            171 sec.

The output (if any) follows:

98
347


PS:

Read file <./err_files/10000/16.err> for stderr output of this job.

