Sender: LSF System <lsfadmin@polus-c4-ib.bmc.hpc.cs.msu.ru>
Subject: Job 1045381: <# this file was automaticly created by mpisubmit.pl script for edu-cmc-sqi21-01 #;source /polusfs/setenv/setup.SMPI;#BSUB -n 2;#BSUB -W 00:30;#BSUB -o ./out_files/10000/2.out;#BSUB -e ./err_files/10000/2.err;OMP_NUM_THREADS=1 mpiexec ./prog 10000 10> in cluster <MSUCluster> Done

Job <# this file was automaticly created by mpisubmit.pl script for edu-cmc-sqi21-01 #;source /polusfs/setenv/setup.SMPI;#BSUB -n 2;#BSUB -W 00:30;#BSUB -o ./out_files/10000/2.out;#BSUB -e ./err_files/10000/2.err;OMP_NUM_THREADS=1 mpiexec ./prog 10000 10> was submitted from host <polus-ib.bmc.hpc.cs.msu.ru> by user <edu-cmc-sqi21-01> in cluster <MSUCluster> at Wed Apr 26 02:51:03 2023
Job was executed on host(s) <2*polus-c4-ib.bmc.hpc.cs.msu.ru>, in queue <short>, as user <edu-cmc-sqi21-01> in cluster <MSUCluster> at Wed Apr 26 02:51:34 2023
</home_edu/edu-cmc-sqi21/edu-cmc-sqi21-01> was used as the home directory.
</home_edu/edu-cmc-sqi21/edu-cmc-sqi21-01/SpecSem/SpecSem/KDTree/main> was used as the working directory.
Started at Wed Apr 26 02:51:34 2023
Terminated at Wed Apr 26 02:51:35 2023
Results reported at Wed Apr 26 02:51:35 2023

Your job looked like:

------------------------------------------------------------
# LSBATCH: User input
# this file was automaticly created by mpisubmit.pl script for edu-cmc-sqi21-01 #
source /polusfs/setenv/setup.SMPI
#BSUB -n 2
#BSUB -W 00:30
#BSUB -o ./out_files/10000/2.out
#BSUB -e ./err_files/10000/2.err
OMP_NUM_THREADS=1 mpiexec ./prog 10000 10

------------------------------------------------------------

Successfully completed.

Resource usage summary:

    CPU time :                                   0.42 sec.
    Max Memory :                                 1 MB
    Average Memory :                             1.00 MB
    Total Requested Memory :                     -
    Delta Memory :                               -
    Max Swap :                                   -
    Max Processes :                              1
    Max Threads :                                1
    Run time :                                   1 sec.
    Turnaround time :                            32 sec.

The output (if any) follows:

440


PS:

Read file <./err_files/10000/2.err> for stderr output of this job.

Sender: LSF System <lsfadmin@polus-c3-ib.bmc.hpc.cs.msu.ru>
Subject: Job 1045411: <# this file was automaticly created by mpisubmit.pl script for edu-cmc-sqi21-01 #;source /polusfs/setenv/setup.SMPI;#BSUB -n 2;#BSUB -W 00:30;#BSUB -o ./out_files/10000/2.out;#BSUB -e ./err_files/10000/2.err;OMP_NUM_THREADS=1 mpiexec ./prog 10000 10> in cluster <MSUCluster> Done

Job <# this file was automaticly created by mpisubmit.pl script for edu-cmc-sqi21-01 #;source /polusfs/setenv/setup.SMPI;#BSUB -n 2;#BSUB -W 00:30;#BSUB -o ./out_files/10000/2.out;#BSUB -e ./err_files/10000/2.err;OMP_NUM_THREADS=1 mpiexec ./prog 10000 10> was submitted from host <polus-ib.bmc.hpc.cs.msu.ru> by user <edu-cmc-sqi21-01> in cluster <MSUCluster> at Wed Apr 26 02:51:04 2023
Job was executed on host(s) <2*polus-c3-ib.bmc.hpc.cs.msu.ru>, in queue <short>, as user <edu-cmc-sqi21-01> in cluster <MSUCluster> at Wed Apr 26 02:52:16 2023
</home_edu/edu-cmc-sqi21/edu-cmc-sqi21-01> was used as the home directory.
</home_edu/edu-cmc-sqi21/edu-cmc-sqi21-01/SpecSem/SpecSem/KDTree/main> was used as the working directory.
Started at Wed Apr 26 02:52:16 2023
Terminated at Wed Apr 26 02:52:18 2023
Results reported at Wed Apr 26 02:52:18 2023

Your job looked like:

------------------------------------------------------------
# LSBATCH: User input
# this file was automaticly created by mpisubmit.pl script for edu-cmc-sqi21-01 #
source /polusfs/setenv/setup.SMPI
#BSUB -n 2
#BSUB -W 00:30
#BSUB -o ./out_files/10000/2.out
#BSUB -e ./err_files/10000/2.err
OMP_NUM_THREADS=1 mpiexec ./prog 10000 10

------------------------------------------------------------

Successfully completed.

Resource usage summary:

    CPU time :                                   0.57 sec.
    Max Memory :                                 3 MB
    Average Memory :                             1.67 MB
    Total Requested Memory :                     -
    Delta Memory :                               -
    Max Swap :                                   -
    Max Processes :                              1
    Max Threads :                                1
    Run time :                                   1 sec.
    Turnaround time :                            74 sec.

The output (if any) follows:

440


PS:

Read file <./err_files/10000/2.err> for stderr output of this job.

Sender: LSF System <lsfadmin@polus-c3-ib.bmc.hpc.cs.msu.ru>
Subject: Job 1045441: <# this file was automaticly created by mpisubmit.pl script for edu-cmc-sqi21-01 #;source /polusfs/setenv/setup.SMPI;#BSUB -n 2;#BSUB -W 00:30;#BSUB -o ./out_files/10000/2.out;#BSUB -e ./err_files/10000/2.err;OMP_NUM_THREADS=1 mpiexec ./prog 10000 10> in cluster <MSUCluster> Done

Job <# this file was automaticly created by mpisubmit.pl script for edu-cmc-sqi21-01 #;source /polusfs/setenv/setup.SMPI;#BSUB -n 2;#BSUB -W 00:30;#BSUB -o ./out_files/10000/2.out;#BSUB -e ./err_files/10000/2.err;OMP_NUM_THREADS=1 mpiexec ./prog 10000 10> was submitted from host <polus-ib.bmc.hpc.cs.msu.ru> by user <edu-cmc-sqi21-01> in cluster <MSUCluster> at Wed Apr 26 02:51:05 2023
Job was executed on host(s) <2*polus-c3-ib.bmc.hpc.cs.msu.ru>, in queue <short>, as user <edu-cmc-sqi21-01> in cluster <MSUCluster> at Wed Apr 26 02:52:39 2023
</home_edu/edu-cmc-sqi21/edu-cmc-sqi21-01> was used as the home directory.
</home_edu/edu-cmc-sqi21/edu-cmc-sqi21-01/SpecSem/SpecSem/KDTree/main> was used as the working directory.
Started at Wed Apr 26 02:52:39 2023
Terminated at Wed Apr 26 02:52:41 2023
Results reported at Wed Apr 26 02:52:41 2023

Your job looked like:

------------------------------------------------------------
# LSBATCH: User input
# this file was automaticly created by mpisubmit.pl script for edu-cmc-sqi21-01 #
source /polusfs/setenv/setup.SMPI
#BSUB -n 2
#BSUB -W 00:30
#BSUB -o ./out_files/10000/2.out
#BSUB -e ./err_files/10000/2.err
OMP_NUM_THREADS=1 mpiexec ./prog 10000 10

------------------------------------------------------------

Successfully completed.

Resource usage summary:

    CPU time :                                   0.38 sec.
    Max Memory :                                 1 MB
    Average Memory :                             0.33 MB
    Total Requested Memory :                     -
    Delta Memory :                               -
    Max Swap :                                   -
    Max Processes :                              1
    Max Threads :                                1
    Run time :                                   1 sec.
    Turnaround time :                            96 sec.

The output (if any) follows:

440


PS:

Read file <./err_files/10000/2.err> for stderr output of this job.

Sender: LSF System <lsfadmin@polus-c4-ib.bmc.hpc.cs.msu.ru>
Subject: Job 1045471: <# this file was automaticly created by mpisubmit.pl script for edu-cmc-sqi21-01 #;source /polusfs/setenv/setup.SMPI;#BSUB -n 2;#BSUB -W 00:30;#BSUB -o ./out_files/10000/2.out;#BSUB -e ./err_files/10000/2.err;OMP_NUM_THREADS=1 mpiexec ./prog 10000 10> in cluster <MSUCluster> Done

Job <# this file was automaticly created by mpisubmit.pl script for edu-cmc-sqi21-01 #;source /polusfs/setenv/setup.SMPI;#BSUB -n 2;#BSUB -W 00:30;#BSUB -o ./out_files/10000/2.out;#BSUB -e ./err_files/10000/2.err;OMP_NUM_THREADS=1 mpiexec ./prog 10000 10> was submitted from host <polus-ib.bmc.hpc.cs.msu.ru> by user <edu-cmc-sqi21-01> in cluster <MSUCluster> at Wed Apr 26 02:51:06 2023
Job was executed on host(s) <2*polus-c4-ib.bmc.hpc.cs.msu.ru>, in queue <short>, as user <edu-cmc-sqi21-01> in cluster <MSUCluster> at Wed Apr 26 02:52:53 2023
</home_edu/edu-cmc-sqi21/edu-cmc-sqi21-01> was used as the home directory.
</home_edu/edu-cmc-sqi21/edu-cmc-sqi21-01/SpecSem/SpecSem/KDTree/main> was used as the working directory.
Started at Wed Apr 26 02:52:53 2023
Terminated at Wed Apr 26 02:52:55 2023
Results reported at Wed Apr 26 02:52:55 2023

Your job looked like:

------------------------------------------------------------
# LSBATCH: User input
# this file was automaticly created by mpisubmit.pl script for edu-cmc-sqi21-01 #
source /polusfs/setenv/setup.SMPI
#BSUB -n 2
#BSUB -W 00:30
#BSUB -o ./out_files/10000/2.out
#BSUB -e ./err_files/10000/2.err
OMP_NUM_THREADS=1 mpiexec ./prog 10000 10

------------------------------------------------------------

Successfully completed.

Resource usage summary:

    CPU time :                                   0.42 sec.
    Max Memory :                                 1 MB
    Average Memory :                             1.00 MB
    Total Requested Memory :                     -
    Delta Memory :                               -
    Max Swap :                                   -
    Max Processes :                              1
    Max Threads :                                1
    Run time :                                   1 sec.
    Turnaround time :                            109 sec.

The output (if any) follows:

440


PS:

Read file <./err_files/10000/2.err> for stderr output of this job.

