Sender: LSF System <lsfadmin@polus-c3-ib.bmc.hpc.cs.msu.ru>
Subject: Job 1042338: <# this file was automaticly created by mpisubmit.pl script for edu-cmc-sqi21-01 #;source /polusfs/setenv/setup.SMPI;#BSUB -n 31;#BSUB -W 00:30;#BSUB -o ./out_files/10000/31.out;#BSUB -e ./err_files/10000/31.err;OMP_NUM_THREADS=1 mpiexec ./prog 10000 10> in cluster <MSUCluster> Done

Job <# this file was automaticly created by mpisubmit.pl script for edu-cmc-sqi21-01 #;source /polusfs/setenv/setup.SMPI;#BSUB -n 31;#BSUB -W 00:30;#BSUB -o ./out_files/10000/31.out;#BSUB -e ./err_files/10000/31.err;OMP_NUM_THREADS=1 mpiexec ./prog 10000 10> was submitted from host <polus-ib.bmc.hpc.cs.msu.ru> by user <edu-cmc-sqi21-01> in cluster <MSUCluster> at Tue Apr 11 18:51:17 2023
Job was executed on host(s) <13*polus-c3-ib.bmc.hpc.cs.msu.ru>, in queue <short>, as user <edu-cmc-sqi21-01> in cluster <MSUCluster> at Tue Apr 11 18:55:18 2023
                            <18*polus-c4-ib.bmc.hpc.cs.msu.ru>
</home_edu/edu-cmc-sqi21/edu-cmc-sqi21-01> was used as the home directory.
</home_edu/edu-cmc-sqi21/edu-cmc-sqi21-01/SpecSem/SpecSem/KDTree/main> was used as the working directory.
Started at Tue Apr 11 18:55:18 2023
Terminated at Tue Apr 11 18:55:21 2023
Results reported at Tue Apr 11 18:55:21 2023

Your job looked like:

------------------------------------------------------------
# LSBATCH: User input
# this file was automaticly created by mpisubmit.pl script for edu-cmc-sqi21-01 #
source /polusfs/setenv/setup.SMPI
#BSUB -n 31
#BSUB -W 00:30
#BSUB -o ./out_files/10000/31.out
#BSUB -e ./err_files/10000/31.err
OMP_NUM_THREADS=1 mpiexec ./prog 10000 10

------------------------------------------------------------

Successfully completed.

Resource usage summary:

    CPU time :                                   3.65 sec.
    Max Memory :                                 18 MB
    Average Memory :                             9.00 MB
    Total Requested Memory :                     -
    Delta Memory :                               -
    Max Swap :                                   -
    Max Processes :                              4
    Max Threads :                                9
    Run time :                                   2 sec.
    Turnaround time :                            244 sec.

The output (if any) follows:

228
127
36


PS:

Read file <./err_files/10000/31.err> for stderr output of this job.

Sender: LSF System <lsfadmin@polus-c4-ib.bmc.hpc.cs.msu.ru>
Subject: Job 1042358: <# this file was automaticly created by mpisubmit.pl script for edu-cmc-sqi21-01 #;source /polusfs/setenv/setup.SMPI;#BSUB -n 31;#BSUB -W 00:30;#BSUB -o ./out_files/10000/31.out;#BSUB -e ./err_files/10000/31.err;OMP_NUM_THREADS=1 mpiexec ./prog 10000 10> in cluster <MSUCluster> Done

Job <# this file was automaticly created by mpisubmit.pl script for edu-cmc-sqi21-01 #;source /polusfs/setenv/setup.SMPI;#BSUB -n 31;#BSUB -W 00:30;#BSUB -o ./out_files/10000/31.out;#BSUB -e ./err_files/10000/31.err;OMP_NUM_THREADS=1 mpiexec ./prog 10000 10> was submitted from host <polus-ib.bmc.hpc.cs.msu.ru> by user <edu-cmc-sqi21-01> in cluster <MSUCluster> at Tue Apr 11 18:51:18 2023
Job was executed on host(s) <20*polus-c4-ib.bmc.hpc.cs.msu.ru>, in queue <short>, as user <edu-cmc-sqi21-01> in cluster <MSUCluster> at Tue Apr 11 18:55:41 2023
                            <11*polus-c3-ib.bmc.hpc.cs.msu.ru>
</home_edu/edu-cmc-sqi21/edu-cmc-sqi21-01> was used as the home directory.
</home_edu/edu-cmc-sqi21/edu-cmc-sqi21-01/SpecSem/SpecSem/KDTree/main> was used as the working directory.
Started at Tue Apr 11 18:55:41 2023
Terminated at Tue Apr 11 18:55:43 2023
Results reported at Tue Apr 11 18:55:43 2023

Your job looked like:

------------------------------------------------------------
# LSBATCH: User input
# this file was automaticly created by mpisubmit.pl script for edu-cmc-sqi21-01 #
source /polusfs/setenv/setup.SMPI
#BSUB -n 31
#BSUB -W 00:30
#BSUB -o ./out_files/10000/31.out
#BSUB -e ./err_files/10000/31.err
OMP_NUM_THREADS=1 mpiexec ./prog 10000 10

------------------------------------------------------------

Successfully completed.

Resource usage summary:

    CPU time :                                   3.98 sec.
    Max Memory :                                 1 MB
    Average Memory :                             1.00 MB
    Total Requested Memory :                     -
    Delta Memory :                               -
    Max Swap :                                   -
    Max Processes :                              1
    Max Threads :                                1
    Run time :                                   1 sec.
    Turnaround time :                            265 sec.

The output (if any) follows:

36
228
127


PS:

Read file <./err_files/10000/31.err> for stderr output of this job.

Sender: LSF System <lsfadmin@polus-c4-ib.bmc.hpc.cs.msu.ru>
Subject: Job 1042378: <# this file was automaticly created by mpisubmit.pl script for edu-cmc-sqi21-01 #;source /polusfs/setenv/setup.SMPI;#BSUB -n 31;#BSUB -W 00:30;#BSUB -o ./out_files/10000/31.out;#BSUB -e ./err_files/10000/31.err;OMP_NUM_THREADS=1 mpiexec ./prog 10000 10> in cluster <MSUCluster> Done

Job <# this file was automaticly created by mpisubmit.pl script for edu-cmc-sqi21-01 #;source /polusfs/setenv/setup.SMPI;#BSUB -n 31;#BSUB -W 00:30;#BSUB -o ./out_files/10000/31.out;#BSUB -e ./err_files/10000/31.err;OMP_NUM_THREADS=1 mpiexec ./prog 10000 10> was submitted from host <polus-ib.bmc.hpc.cs.msu.ru> by user <edu-cmc-sqi21-01> in cluster <MSUCluster> at Tue Apr 11 18:51:19 2023
Job was executed on host(s) <20*polus-c4-ib.bmc.hpc.cs.msu.ru>, in queue <short>, as user <edu-cmc-sqi21-01> in cluster <MSUCluster> at Tue Apr 11 18:56:28 2023
                            <11*polus-c3-ib.bmc.hpc.cs.msu.ru>
</home_edu/edu-cmc-sqi21/edu-cmc-sqi21-01> was used as the home directory.
</home_edu/edu-cmc-sqi21/edu-cmc-sqi21-01/SpecSem/SpecSem/KDTree/main> was used as the working directory.
Started at Tue Apr 11 18:56:28 2023
Terminated at Tue Apr 11 18:56:30 2023
Results reported at Tue Apr 11 18:56:30 2023

Your job looked like:

------------------------------------------------------------
# LSBATCH: User input
# this file was automaticly created by mpisubmit.pl script for edu-cmc-sqi21-01 #
source /polusfs/setenv/setup.SMPI
#BSUB -n 31
#BSUB -W 00:30
#BSUB -o ./out_files/10000/31.out
#BSUB -e ./err_files/10000/31.err
OMP_NUM_THREADS=1 mpiexec ./prog 10000 10

------------------------------------------------------------

Successfully completed.

Resource usage summary:

    CPU time :                                   4.00 sec.
    Max Memory :                                 4 MB
    Average Memory :                             3.00 MB
    Total Requested Memory :                     -
    Delta Memory :                               -
    Max Swap :                                   -
    Max Processes :                              2
    Max Threads :                                4
    Run time :                                   2 sec.
    Turnaround time :                            311 sec.

The output (if any) follows:

36
127
228


PS:

Read file <./err_files/10000/31.err> for stderr output of this job.

Sender: LSF System <lsfadmin@polus-c4-ib.bmc.hpc.cs.msu.ru>
Subject: Job 1042398: <# this file was automaticly created by mpisubmit.pl script for edu-cmc-sqi21-01 #;source /polusfs/setenv/setup.SMPI;#BSUB -n 31;#BSUB -W 00:30;#BSUB -o ./out_files/10000/31.out;#BSUB -e ./err_files/10000/31.err;OMP_NUM_THREADS=1 mpiexec ./prog 10000 10> in cluster <MSUCluster> Done

Job <# this file was automaticly created by mpisubmit.pl script for edu-cmc-sqi21-01 #;source /polusfs/setenv/setup.SMPI;#BSUB -n 31;#BSUB -W 00:30;#BSUB -o ./out_files/10000/31.out;#BSUB -e ./err_files/10000/31.err;OMP_NUM_THREADS=1 mpiexec ./prog 10000 10> was submitted from host <polus-ib.bmc.hpc.cs.msu.ru> by user <edu-cmc-sqi21-01> in cluster <MSUCluster> at Tue Apr 11 18:51:19 2023
Job was executed on host(s) <20*polus-c4-ib.bmc.hpc.cs.msu.ru>, in queue <short>, as user <edu-cmc-sqi21-01> in cluster <MSUCluster> at Tue Apr 11 18:56:49 2023
                            <11*polus-c3-ib.bmc.hpc.cs.msu.ru>
</home_edu/edu-cmc-sqi21/edu-cmc-sqi21-01> was used as the home directory.
</home_edu/edu-cmc-sqi21/edu-cmc-sqi21-01/SpecSem/SpecSem/KDTree/main> was used as the working directory.
Started at Tue Apr 11 18:56:49 2023
Terminated at Tue Apr 11 18:56:51 2023
Results reported at Tue Apr 11 18:56:51 2023

Your job looked like:

------------------------------------------------------------
# LSBATCH: User input
# this file was automaticly created by mpisubmit.pl script for edu-cmc-sqi21-01 #
source /polusfs/setenv/setup.SMPI
#BSUB -n 31
#BSUB -W 00:30
#BSUB -o ./out_files/10000/31.out
#BSUB -e ./err_files/10000/31.err
OMP_NUM_THREADS=1 mpiexec ./prog 10000 10

------------------------------------------------------------

Successfully completed.

Resource usage summary:

    CPU time :                                   4.34 sec.
    Max Memory :                                 230 MB
    Average Memory :                             153.67 MB
    Total Requested Memory :                     -
    Delta Memory :                               -
    Max Swap :                                   -
    Max Processes :                              10
    Max Threads :                                24
    Run time :                                   2 sec.
    Turnaround time :                            332 sec.

The output (if any) follows:

36
127
228


PS:

Read file <./err_files/10000/31.err> for stderr output of this job.

