Sender: LSF System <lsfadmin@polus-c3-ib.bmc.hpc.cs.msu.ru>
Subject: Job 1042336: <# this file was automaticly created by mpisubmit.pl script for edu-cmc-sqi21-01 #;source /polusfs/setenv/setup.SMPI;#BSUB -n 7;#BSUB -W 00:30;#BSUB -o ./out_files/10000/7.out;#BSUB -e ./err_files/10000/7.err;OMP_NUM_THREADS=1 mpiexec ./prog 10000 10> in cluster <MSUCluster> Done

Job <# this file was automaticly created by mpisubmit.pl script for edu-cmc-sqi21-01 #;source /polusfs/setenv/setup.SMPI;#BSUB -n 7;#BSUB -W 00:30;#BSUB -o ./out_files/10000/7.out;#BSUB -e ./err_files/10000/7.err;OMP_NUM_THREADS=1 mpiexec ./prog 10000 10> was submitted from host <polus-ib.bmc.hpc.cs.msu.ru> by user <edu-cmc-sqi21-01> in cluster <MSUCluster> at Tue Apr 11 18:51:17 2023
Job was executed on host(s) <7*polus-c3-ib.bmc.hpc.cs.msu.ru>, in queue <short>, as user <edu-cmc-sqi21-01> in cluster <MSUCluster> at Tue Apr 11 18:53:58 2023
</home_edu/edu-cmc-sqi21/edu-cmc-sqi21-01> was used as the home directory.
</home_edu/edu-cmc-sqi21/edu-cmc-sqi21-01/SpecSem/SpecSem/KDTree/main> was used as the working directory.
Started at Tue Apr 11 18:53:58 2023
Terminated at Tue Apr 11 18:54:00 2023
Results reported at Tue Apr 11 18:54:00 2023

Your job looked like:

------------------------------------------------------------
# LSBATCH: User input
# this file was automaticly created by mpisubmit.pl script for edu-cmc-sqi21-01 #
source /polusfs/setenv/setup.SMPI
#BSUB -n 7
#BSUB -W 00:30
#BSUB -o ./out_files/10000/7.out
#BSUB -e ./err_files/10000/7.err
OMP_NUM_THREADS=1 mpiexec ./prog 10000 10

------------------------------------------------------------

Successfully completed.

Resource usage summary:

    CPU time :                                   1.35 sec.
    Max Memory :                                 1 MB
    Average Memory :                             1.00 MB
    Total Requested Memory :                     -
    Delta Memory :                               -
    Max Swap :                                   -
    Max Processes :                              1
    Max Threads :                                1
    Run time :                                   1 sec.
    Turnaround time :                            163 sec.

The output (if any) follows:

48
275


PS:

Read file <./err_files/10000/7.err> for stderr output of this job.

Sender: LSF System <lsfadmin@polus-c3-ib.bmc.hpc.cs.msu.ru>
Subject: Job 1042356: <# this file was automaticly created by mpisubmit.pl script for edu-cmc-sqi21-01 #;source /polusfs/setenv/setup.SMPI;#BSUB -n 7;#BSUB -W 00:30;#BSUB -o ./out_files/10000/7.out;#BSUB -e ./err_files/10000/7.err;OMP_NUM_THREADS=1 mpiexec ./prog 10000 10> in cluster <MSUCluster> Done

Job <# this file was automaticly created by mpisubmit.pl script for edu-cmc-sqi21-01 #;source /polusfs/setenv/setup.SMPI;#BSUB -n 7;#BSUB -W 00:30;#BSUB -o ./out_files/10000/7.out;#BSUB -e ./err_files/10000/7.err;OMP_NUM_THREADS=1 mpiexec ./prog 10000 10> was submitted from host <polus-ib.bmc.hpc.cs.msu.ru> by user <edu-cmc-sqi21-01> in cluster <MSUCluster> at Tue Apr 11 18:51:18 2023
Job was executed on host(s) <7*polus-c3-ib.bmc.hpc.cs.msu.ru>, in queue <short>, as user <edu-cmc-sqi21-01> in cluster <MSUCluster> at Tue Apr 11 18:54:37 2023
</home_edu/edu-cmc-sqi21/edu-cmc-sqi21-01> was used as the home directory.
</home_edu/edu-cmc-sqi21/edu-cmc-sqi21-01/SpecSem/SpecSem/KDTree/main> was used as the working directory.
Started at Tue Apr 11 18:54:37 2023
Terminated at Tue Apr 11 18:54:38 2023
Results reported at Tue Apr 11 18:54:38 2023

Your job looked like:

------------------------------------------------------------
# LSBATCH: User input
# this file was automaticly created by mpisubmit.pl script for edu-cmc-sqi21-01 #
source /polusfs/setenv/setup.SMPI
#BSUB -n 7
#BSUB -W 00:30
#BSUB -o ./out_files/10000/7.out
#BSUB -e ./err_files/10000/7.err
OMP_NUM_THREADS=1 mpiexec ./prog 10000 10

------------------------------------------------------------

Successfully completed.

Resource usage summary:

    CPU time :                                   0.70 sec.
    Max Memory :                                 3 MB
    Average Memory :                             1.00 MB
    Total Requested Memory :                     -
    Delta Memory :                               -
    Max Swap :                                   2 MB
    Max Processes :                              1
    Max Threads :                                1
    Run time :                                   1 sec.
    Turnaround time :                            200 sec.

The output (if any) follows:

48
275


PS:

Read file <./err_files/10000/7.err> for stderr output of this job.

Sender: LSF System <lsfadmin@polus-c4-ib.bmc.hpc.cs.msu.ru>
Subject: Job 1042376: <# this file was automaticly created by mpisubmit.pl script for edu-cmc-sqi21-01 #;source /polusfs/setenv/setup.SMPI;#BSUB -n 7;#BSUB -W 00:30;#BSUB -o ./out_files/10000/7.out;#BSUB -e ./err_files/10000/7.err;OMP_NUM_THREADS=1 mpiexec ./prog 10000 10> in cluster <MSUCluster> Done

Job <# this file was automaticly created by mpisubmit.pl script for edu-cmc-sqi21-01 #;source /polusfs/setenv/setup.SMPI;#BSUB -n 7;#BSUB -W 00:30;#BSUB -o ./out_files/10000/7.out;#BSUB -e ./err_files/10000/7.err;OMP_NUM_THREADS=1 mpiexec ./prog 10000 10> was submitted from host <polus-ib.bmc.hpc.cs.msu.ru> by user <edu-cmc-sqi21-01> in cluster <MSUCluster> at Tue Apr 11 18:51:19 2023
Job was executed on host(s) <1*polus-c4-ib.bmc.hpc.cs.msu.ru>, in queue <short>, as user <edu-cmc-sqi21-01> in cluster <MSUCluster> at Tue Apr 11 18:55:01 2023
                            <6*polus-c3-ib.bmc.hpc.cs.msu.ru>
</home_edu/edu-cmc-sqi21/edu-cmc-sqi21-01> was used as the home directory.
</home_edu/edu-cmc-sqi21/edu-cmc-sqi21-01/SpecSem/SpecSem/KDTree/main> was used as the working directory.
Started at Tue Apr 11 18:55:01 2023
Terminated at Tue Apr 11 18:55:04 2023
Results reported at Tue Apr 11 18:55:04 2023

Your job looked like:

------------------------------------------------------------
# LSBATCH: User input
# this file was automaticly created by mpisubmit.pl script for edu-cmc-sqi21-01 #
source /polusfs/setenv/setup.SMPI
#BSUB -n 7
#BSUB -W 00:30
#BSUB -o ./out_files/10000/7.out
#BSUB -e ./err_files/10000/7.err
OMP_NUM_THREADS=1 mpiexec ./prog 10000 10

------------------------------------------------------------

Successfully completed.

Resource usage summary:

    CPU time :                                   1.00 sec.
    Max Memory :                                 3 MB
    Average Memory :                             2.33 MB
    Total Requested Memory :                     -
    Delta Memory :                               -
    Max Swap :                                   -
    Max Processes :                              1
    Max Threads :                                2
    Run time :                                   3 sec.
    Turnaround time :                            225 sec.

The output (if any) follows:

275
48


PS:

Read file <./err_files/10000/7.err> for stderr output of this job.

Sender: LSF System <lsfadmin@polus-c3-ib.bmc.hpc.cs.msu.ru>
Subject: Job 1042396: <# this file was automaticly created by mpisubmit.pl script for edu-cmc-sqi21-01 #;source /polusfs/setenv/setup.SMPI;#BSUB -n 7;#BSUB -W 00:30;#BSUB -o ./out_files/10000/7.out;#BSUB -e ./err_files/10000/7.err;OMP_NUM_THREADS=1 mpiexec ./prog 10000 10> in cluster <MSUCluster> Done

Job <# this file was automaticly created by mpisubmit.pl script for edu-cmc-sqi21-01 #;source /polusfs/setenv/setup.SMPI;#BSUB -n 7;#BSUB -W 00:30;#BSUB -o ./out_files/10000/7.out;#BSUB -e ./err_files/10000/7.err;OMP_NUM_THREADS=1 mpiexec ./prog 10000 10> was submitted from host <polus-ib.bmc.hpc.cs.msu.ru> by user <edu-cmc-sqi21-01> in cluster <MSUCluster> at Tue Apr 11 18:51:19 2023
Job was executed on host(s) <7*polus-c3-ib.bmc.hpc.cs.msu.ru>, in queue <short>, as user <edu-cmc-sqi21-01> in cluster <MSUCluster> at Tue Apr 11 18:55:28 2023
</home_edu/edu-cmc-sqi21/edu-cmc-sqi21-01> was used as the home directory.
</home_edu/edu-cmc-sqi21/edu-cmc-sqi21-01/SpecSem/SpecSem/KDTree/main> was used as the working directory.
Started at Tue Apr 11 18:55:28 2023
Terminated at Tue Apr 11 18:55:29 2023
Results reported at Tue Apr 11 18:55:29 2023

Your job looked like:

------------------------------------------------------------
# LSBATCH: User input
# this file was automaticly created by mpisubmit.pl script for edu-cmc-sqi21-01 #
source /polusfs/setenv/setup.SMPI
#BSUB -n 7
#BSUB -W 00:30
#BSUB -o ./out_files/10000/7.out
#BSUB -e ./err_files/10000/7.err
OMP_NUM_THREADS=1 mpiexec ./prog 10000 10

------------------------------------------------------------

Successfully completed.

Resource usage summary:

    CPU time :                                   0.77 sec.
    Max Memory :                                 -
    Average Memory :                             -
    Total Requested Memory :                     -
    Delta Memory :                               -
    Max Swap :                                   -
    Max Processes :                              1
    Max Threads :                                1
    Run time :                                   2 sec.
    Turnaround time :                            250 sec.

The output (if any) follows:

48
275


PS:

Read file <./err_files/10000/7.err> for stderr output of this job.

