[polus-c4-ib:52687] *** Process received signal ***
[polus-c4-ib:52687] Signal: Segmentation fault (11)
[polus-c4-ib:52687] Signal code: Address not mapped (1)
[polus-c4-ib:52687] Failing at address: 0x194191710
[polus-c4-ib:52687] [ 0] [0x100000050478]
[polus-c4-ib:52687] [ 1] ./prog[0x1000b4cc]
[polus-c4-ib:52687] [ 2] /lib64/libc.so.6(+0x24980)[0x100000534980]
[polus-c4-ib:52687] [ 3] /lib64/libc.so.6(__libc_start_main+0xc4)[0x100000534b74]
[polus-c4-ib:52687] *** End of error message ***
[polus-c2-ib:07231] *** Process received signal ***
[polus-c2-ib:07231] Signal: Segmentation fault (11)
[polus-c2-ib:07231] Signal code: Address not mapped (1)
[polus-c2-ib:07231] Failing at address: 0xbca72ef10
[polus-c2-ib:07231] [ 0] [0x100000050478]
[polus-c2-ib:07231] [ 1] ./prog[0x1000b4cc]
[polus-c2-ib:07231] [ 2] /lib64/libc.so.6(+0x24980)[0x100000524980]
[polus-c2-ib:07231] [ 3] /lib64/libc.so.6(__libc_start_main+0xc4)[0x100000524b74]
[polus-c2-ib:07231] *** End of error message ***
[polus-c4-ib:54193] *** Process received signal ***
[polus-c4-ib:54193] Signal: Segmentation fault (11)
[polus-c4-ib:54193] Signal code: Address not mapped (1)
[polus-c4-ib:54193] Failing at address: 0x84f3a4550
[polus-c4-ib:54193] [ 0] [0x100000050478]
[polus-c4-ib:54193] [ 1] ./prog[0x1000b4cc]
[polus-c4-ib:54193] [ 2] /lib64/libc.so.6(+0x24980)[0x100000534980]
[polus-c4-ib:54193] [ 3] /lib64/libc.so.6(__libc_start_main+0xc4)[0x100000534b74]
[polus-c4-ib:54193] *** End of error message ***
[polus-c4-ib:55019] *** Process received signal ***
[polus-c4-ib:55019] Signal: Segmentation fault (11)
[polus-c4-ib:55019] Signal code: Address not mapped (1)
[polus-c4-ib:55019] Failing at address: 0x62886f270
[polus-c4-ib:55019] [ 0] [0x100000050478]
[polus-c4-ib:55019] [ 1] ./prog[0x1000b4cc]
[polus-c4-ib:55019] [ 2] /lib64/libc.so.6(+0x24980)[0x100000534980]
[polus-c4-ib:55019] [ 3] /lib64/libc.so.6(__libc_start_main+0xc4)[0x100000534b74]
[polus-c4-ib:55019] *** End of error message ***
