[polus-c4-ib:51900] *** Process received signal ***
[polus-c4-ib:51900] Signal: Segmentation fault (11)
[polus-c4-ib:51900] Signal code: Address not mapped (1)
[polus-c4-ib:51900] Failing at address: 0x753c007f8
[polus-c4-ib:51900] [ 0] [0x100000050478]
[polus-c4-ib:51900] [ 1] ./prog[0x1000b4cc]
[polus-c4-ib:51900] [ 2] /lib64/libc.so.6(+0x24980)[0x100000534980]
[polus-c4-ib:51900] [ 3] /lib64/libc.so.6(__libc_start_main+0xc4)[0x100000534b74]
[polus-c4-ib:51900] *** End of error message ***
[polus-c2-ib:06794] *** Process received signal ***
[polus-c2-ib:06794] Signal: Segmentation fault (11)
[polus-c2-ib:06794] Signal code: Address not mapped (1)
[polus-c2-ib:06794] Failing at address: 0x2500c2630
[polus-c2-ib:06794] [ 0] [0x100000050478]
[polus-c2-ib:06794] [ 1] ./prog[0x1000b4cc]
[polus-c2-ib:06794] [ 2] /lib64/libc.so.6(+0x24980)[0x100000524980]
[polus-c2-ib:06794] [ 3] /lib64/libc.so.6(__libc_start_main+0xc4)[0x100000524b74]
[polus-c2-ib:06794] *** End of error message ***
[polus-c4-ib:53850] *** Process received signal ***
[polus-c4-ib:53850] Signal: Segmentation fault (11)
[polus-c4-ib:53850] Signal code: Address not mapped (1)
[polus-c4-ib:53850] Failing at address: 0x375dab2d8
[polus-c4-ib:53850] [ 0] [0x100000050478]
[polus-c4-ib:53850] [ 1] ./prog[0x1000b4cc]
[polus-c4-ib:53850] [ 2] /lib64/libc.so.6(+0x24980)[0x100000534980]
[polus-c4-ib:53850] [ 3] /lib64/libc.so.6(__libc_start_main+0xc4)[0x100000534b74]
[polus-c4-ib:53850] *** End of error message ***
[polus-c2-ib:07762] *** Process received signal ***
[polus-c2-ib:07762] Signal: Segmentation fault (11)
[polus-c2-ib:07762] Signal code: Address not mapped (1)
[polus-c2-ib:07762] Failing at address: 0xbfce1fb68
[polus-c2-ib:07762] [ 0] [0x100000050478]
[polus-c2-ib:07762] [ 1] ./prog[0x1000b4cc]
[polus-c2-ib:07762] [ 2] /lib64/libc.so.6(+0x24980)[0x100000524980]
[polus-c2-ib:07762] [ 3] /lib64/libc.so.6(__libc_start_main+0xc4)[0x100000524b74]
[polus-c2-ib:07762] *** End of error message ***
