[polus-c4-ib:55636] *** Process received signal ***
[polus-c4-ib:55636] Signal: Segmentation fault (11)
[polus-c4-ib:55636] Signal code: Address not mapped (1)
[polus-c4-ib:55636] Failing at address: 0x6c6123420
[polus-c4-ib:55636] [ 0] [0x100000050478]
[polus-c4-ib:55636] [ 1] ./prog[0x1000b4cc]
[polus-c4-ib:55636] [ 2] /lib64/libc.so.6(+0x24980)[0x100000534980]
[polus-c4-ib:55636] [ 3] /lib64/libc.so.6(__libc_start_main+0xc4)[0x100000534b74]
[polus-c4-ib:55636] *** End of error message ***
[polus-c4-ib:56248] *** Process received signal ***
[polus-c4-ib:56248] Signal: Segmentation fault (11)
[polus-c4-ib:56248] Signal code: Address not mapped (1)
[polus-c4-ib:56248] Failing at address: 0x89a9ca170
[polus-c4-ib:56248] [ 0] [0x100000050478]
[polus-c4-ib:56248] [ 1] ./prog[0x1000b4cc]
[polus-c4-ib:56248] [ 2] /lib64/libc.so.6(+0x24980)[0x100000534980]
[polus-c4-ib:56248] [ 3] /lib64/libc.so.6(__libc_start_main+0xc4)[0x100000534b74]
[polus-c4-ib:56248] *** End of error message ***
[polus-c4-ib:56445] *** Process received signal ***
[polus-c4-ib:56445] Signal: Segmentation fault (11)
[polus-c4-ib:56445] Signal code: Address not mapped (1)
[polus-c4-ib:56445] Failing at address: 0x758a3a290
[polus-c4-ib:56445] [ 0] [0x100000050478]
[polus-c4-ib:56445] [ 1] ./prog[0x1000b4cc]
[polus-c4-ib:56445] [ 2] /lib64/libc.so.6(+0x24980)[0x100000534980]
[polus-c4-ib:56445] [ 3] /lib64/libc.so.6(__libc_start_main+0xc4)[0x100000534b74]
[polus-c4-ib:56445] *** End of error message ***
[polus-c4-ib:57435] *** Process received signal ***
[polus-c4-ib:57435] Signal: Segmentation fault (11)
[polus-c4-ib:57435] Signal code: Address not mapped (1)
[polus-c4-ib:57435] Failing at address: 0x6077ec890
[polus-c4-ib:57435] [ 0] [0x100000050478]
[polus-c4-ib:57435] [ 1] ./prog[0x1000b4cc]
[polus-c4-ib:57435] [ 2] /lib64/libc.so.6(+0x24980)[0x100000534980]
[polus-c4-ib:57435] [ 3] /lib64/libc.so.6(__libc_start_main+0xc4)[0x100000534b74]
[polus-c4-ib:57435] *** End of error message ***
