[polus-c2-ib:09980] *** Process received signal ***
[polus-c2-ib:09980] Signal: Segmentation fault (11)
[polus-c2-ib:09980] Signal code: Address not mapped (1)
[polus-c2-ib:09980] Failing at address: 0x67f60188
[polus-c2-ib:09980] [ 0] [0x100000050478]
[polus-c2-ib:09980] [ 1] ./prog[0x1000b4cc]
[polus-c2-ib:09980] [ 2] /lib64/libc.so.6(+0x24980)[0x100000524980]
[polus-c2-ib:09980] [ 3] /lib64/libc.so.6(__libc_start_main+0xc4)[0x100000524b74]
[polus-c2-ib:09980] *** End of error message ***
[polus-c4-ib:60178] *** Process received signal ***
[polus-c4-ib:60178] Signal: Segmentation fault (11)
[polus-c4-ib:60178] Signal code: Address not mapped (1)
[polus-c4-ib:60178] Failing at address: 0x59f52a020
[polus-c4-ib:60178] [ 0] [0x100000050478]
[polus-c4-ib:60178] [ 1] ./prog[0x1000b4cc]
[polus-c4-ib:60178] [ 2] /lib64/libc.so.6(+0x24980)[0x100000534980]
[polus-c4-ib:60178] [ 3] /lib64/libc.so.6(__libc_start_main+0xc4)[0x100000534b74]
[polus-c4-ib:60178] *** End of error message ***
[polus-c4-ib:60631] *** Process received signal ***
[polus-c4-ib:60631] Signal: Segmentation fault (11)
[polus-c4-ib:60631] Signal code: Address not mapped (1)
[polus-c4-ib:60631] Failing at address: 0x3056c81e8
[polus-c4-ib:60631] [ 0] [0x100000050478]
[polus-c4-ib:60631] [ 1] ./prog[0x1000b4cc]
[polus-c4-ib:60631] [ 2] /lib64/libc.so.6(+0x24980)[0x100000534980]
[polus-c4-ib:60631] [ 3] /lib64/libc.so.6(__libc_start_main+0xc4)[0x100000534b74]
[polus-c4-ib:60631] *** End of error message ***
[polus-c4-ib:61134] *** Process received signal ***
[polus-c4-ib:61134] Signal: Segmentation fault (11)
[polus-c4-ib:61134] Signal code: Address not mapped (1)
[polus-c4-ib:61134] Failing at address: 0x238e981a8
[polus-c4-ib:61134] [ 0] [0x100000050478]
[polus-c4-ib:61134] [ 1] ./prog[0x1000b4cc]
[polus-c4-ib:61134] [ 2] /lib64/libc.so.6(+0x24980)[0x100000534980]
[polus-c4-ib:61134] [ 3] /lib64/libc.so.6(__libc_start_main+0xc4)[0x100000534b74]
[polus-c4-ib:61134] *** End of error message ***
