[polus-c4-ib:52778] *** Process received signal ***
[polus-c4-ib:52778] Signal: Segmentation fault (11)
[polus-c4-ib:52778] Signal code: Address not mapped (1)
[polus-c4-ib:52778] Failing at address: 0x183543e10
[polus-c4-ib:52778] [ 0] [0x100000050478]
[polus-c4-ib:52778] [ 1] ./prog[0x1000b4cc]
[polus-c4-ib:52778] [ 2] /lib64/libc.so.6(+0x24980)[0x100000534980]
[polus-c4-ib:52778] [ 3] /lib64/libc.so.6(__libc_start_main+0xc4)[0x100000534b74]
[polus-c4-ib:52778] *** End of error message ***
[polus-c2-ib:08977] *** Process received signal ***
[polus-c2-ib:08977] Signal: Segmentation fault (11)
[polus-c2-ib:08977] Signal code: Address not mapped (1)
[polus-c2-ib:08977] Failing at address: 0x8107b1f68
[polus-c2-ib:08977] [ 0] [0x100000050478]
[polus-c2-ib:08977] [ 1] ./prog[0x1000b4cc]
[polus-c2-ib:08977] [ 2] /lib64/libc.so.6(+0x24980)[0x100000524980]
[polus-c2-ib:08977] [ 3] /lib64/libc.so.6(__libc_start_main+0xc4)[0x100000524b74]
[polus-c2-ib:08977] *** End of error message ***
[polus-c4-ib:57970] *** Process received signal ***
[polus-c4-ib:57970] Signal: Segmentation fault (11)
[polus-c4-ib:57970] Signal code: Address not mapped (1)
[polus-c4-ib:57970] Failing at address: 0x6e0179dd0
[polus-c4-ib:57970] [ 0] [0x100000050478]
[polus-c4-ib:57970] [ 1] ./prog[0x1000b4cc]
[polus-c4-ib:57970] [ 2] /lib64/libc.so.6(+0x24980)[0x100000534980]
[polus-c4-ib:57970] [ 3] /lib64/libc.so.6(__libc_start_main+0xc4)[0x100000534b74]
[polus-c4-ib:57970] *** End of error message ***
[polus-c4-ib:58446] *** Process received signal ***
[polus-c4-ib:58446] Signal: Segmentation fault (11)
[polus-c4-ib:58446] Signal code: Address not mapped (1)
[polus-c4-ib:58446] Failing at address: 0x382053048
[polus-c4-ib:58446] [ 0] [0x100000050478]
[polus-c4-ib:58446] [ 1] ./prog[0x1000b4cc]
[polus-c4-ib:58446] [ 2] /lib64/libc.so.6(+0x24980)[0x100000534980]
[polus-c4-ib:58446] [ 3] /lib64/libc.so.6(__libc_start_main+0xc4)[0x100000534b74]
[polus-c4-ib:58446] *** End of error message ***
