[polus-c4-ib:51984] *** Process received signal ***
[polus-c4-ib:51984] Signal: Segmentation fault (11)
[polus-c4-ib:51984] Signal code: Address not mapped (1)
[polus-c4-ib:51984] Failing at address: 0xae714ace0
[polus-c4-ib:51984] [ 0] [0x100000050478]
[polus-c4-ib:51984] [ 1] ./prog[0x1000b4cc]
[polus-c4-ib:51984] [ 2] /lib64/libc.so.6(+0x24980)[0x100000534980]
[polus-c4-ib:51984] [ 3] /lib64/libc.so.6(__libc_start_main+0xc4)[0x100000534b74]
[polus-c4-ib:51984] *** End of error message ***
[polus-c2-ib:07102] *** Process received signal ***
[polus-c2-ib:07102] Signal: Segmentation fault (11)
[polus-c2-ib:07102] Signal code: Address not mapped (1)
[polus-c2-ib:07102] Failing at address: 0x610455318
[polus-c2-ib:07102] [ 0] [0x100000050478]
[polus-c2-ib:07102] [ 1] ./prog[0x1000b4cc]
[polus-c2-ib:07102] [ 2] /lib64/libc.so.6(+0x24980)[0x100000524980]
[polus-c2-ib:07102] [ 3] /lib64/libc.so.6(__libc_start_main+0xc4)[0x100000524b74]
[polus-c2-ib:07102] *** End of error message ***
[polus-c4-ib:53886] *** Process received signal ***
[polus-c4-ib:53886] Signal: Segmentation fault (11)
[polus-c4-ib:53886] Signal code: Address not mapped (1)
[polus-c4-ib:53886] Failing at address: 0x2af30d890
[polus-c4-ib:53886] [ 0] [0x100000050478]
[polus-c4-ib:53886] [ 1] ./prog[0x1000b4cc]
[polus-c4-ib:53886] [ 2] /lib64/libc.so.6(+0x24980)[0x100000534980]
[polus-c4-ib:53886] [ 3] /lib64/libc.so.6(__libc_start_main+0xc4)[0x100000534b74]
[polus-c4-ib:53886] *** End of error message ***
[polus-c2-ib:07852] *** Process received signal ***
[polus-c2-ib:07852] Signal: Segmentation fault (11)
[polus-c2-ib:07852] Signal code: Address not mapped (1)
[polus-c2-ib:07852] Failing at address: 0x6199afc28
[polus-c2-ib:07852] [ 0] [0x100000050478]
[polus-c2-ib:07852] [ 1] ./prog[0x1000b4cc]
[polus-c2-ib:07852] [ 2] /lib64/libc.so.6(+0x24980)[0x100000524980]
[polus-c2-ib:07852] [ 3] /lib64/libc.so.6(__libc_start_main+0xc4)[0x100000524b74]
[polus-c2-ib:07852] *** End of error message ***
