Sender: LSF System <lsfadmin@polus-c3-ib.bmc.hpc.cs.msu.ru>
Subject: Job 1046421: <# this file was automaticly created by mpisubmit.pl script for edu-cmc-sqi21-01 #;source /polusfs/setenv/setup.SMPI;#BSUB -n 13;#BSUB -W 00:30;#BSUB -o ./out_files/d/13.out;#BSUB -e ./err_files/d/13.err;OMP_NUM_THREADS=1 mpiexec ./prog d 10> in cluster <MSUCluster> Done

Job <# this file was automaticly created by mpisubmit.pl script for edu-cmc-sqi21-01 #;source /polusfs/setenv/setup.SMPI;#BSUB -n 13;#BSUB -W 00:30;#BSUB -o ./out_files/d/13.out;#BSUB -e ./err_files/d/13.err;OMP_NUM_THREADS=1 mpiexec ./prog d 10> was submitted from host <polus-ib.bmc.hpc.cs.msu.ru> by user <edu-cmc-sqi21-01> in cluster <MSUCluster> at Tue May  2 19:01:08 2023
Job was executed on host(s) <3*polus-c3-ib.bmc.hpc.cs.msu.ru>, in queue <short>, as user <edu-cmc-sqi21-01> in cluster <MSUCluster> at Tue May  2 19:01:43 2023
                            <10*polus-c4-ib.bmc.hpc.cs.msu.ru>
</home_edu/edu-cmc-sqi21/edu-cmc-sqi21-01> was used as the home directory.
</home_edu/edu-cmc-sqi21/edu-cmc-sqi21-01/SpecSem/SpecSem/KDTree/main> was used as the working directory.
Started at Tue May  2 19:01:43 2023
Terminated at Tue May  2 19:01:54 2023
Results reported at Tue May  2 19:01:54 2023

Your job looked like:

------------------------------------------------------------
# LSBATCH: User input
# this file was automaticly created by mpisubmit.pl script for edu-cmc-sqi21-01 #
source /polusfs/setenv/setup.SMPI
#BSUB -n 13
#BSUB -W 00:30
#BSUB -o ./out_files/d/13.out
#BSUB -e ./err_files/d/13.err
OMP_NUM_THREADS=1 mpiexec ./prog d 10

------------------------------------------------------------

Successfully completed.

Resource usage summary:

    CPU time :                                   111.80 sec.
    Max Memory :                                 257 MB
    Average Memory :                             145.33 MB
    Total Requested Memory :                     -
    Delta Memory :                               -
    Max Swap :                                   -
    Max Processes :                              7
    Max Threads :                                18
    Run time :                                   11 sec.
    Turnaround time :                            46 sec.

The output (if any) follows:

51712
18079


PS:

Read file <./err_files/d/13.err> for stderr output of this job.

Sender: LSF System <lsfadmin@polus-c4-ib.bmc.hpc.cs.msu.ru>
Subject: Job 1046581: <# this file was automaticly created by mpisubmit.pl script for edu-cmc-sqi21-01 #;source /polusfs/setenv/setup.SMPI;#BSUB -n 13;#BSUB -W 00:30;#BSUB -o ./out_files/d/13.out;#BSUB -e ./err_files/d/13.err;OMP_NUM_THREADS=1 mpiexec ./prog d 10> in cluster <MSUCluster> Done

Job <# this file was automaticly created by mpisubmit.pl script for edu-cmc-sqi21-01 #;source /polusfs/setenv/setup.SMPI;#BSUB -n 13;#BSUB -W 00:30;#BSUB -o ./out_files/d/13.out;#BSUB -e ./err_files/d/13.err;OMP_NUM_THREADS=1 mpiexec ./prog d 10> was submitted from host <polus-ib.bmc.hpc.cs.msu.ru> by user <edu-cmc-sqi21-01> in cluster <MSUCluster> at Tue May  2 19:01:14 2023
Job was executed on host(s) <13*polus-c4-ib.bmc.hpc.cs.msu.ru>, in queue <short>, as user <edu-cmc-sqi21-01> in cluster <MSUCluster> at Tue May  2 19:07:07 2023
</home_edu/edu-cmc-sqi21/edu-cmc-sqi21-01> was used as the home directory.
</home_edu/edu-cmc-sqi21/edu-cmc-sqi21-01/SpecSem/SpecSem/KDTree/main> was used as the working directory.
Started at Tue May  2 19:07:07 2023
Terminated at Tue May  2 19:07:17 2023
Results reported at Tue May  2 19:07:17 2023

Your job looked like:

------------------------------------------------------------
# LSBATCH: User input
# this file was automaticly created by mpisubmit.pl script for edu-cmc-sqi21-01 #
source /polusfs/setenv/setup.SMPI
#BSUB -n 13
#BSUB -W 00:30
#BSUB -o ./out_files/d/13.out
#BSUB -e ./err_files/d/13.err
OMP_NUM_THREADS=1 mpiexec ./prog d 10

------------------------------------------------------------

Successfully completed.

Resource usage summary:

    CPU time :                                   115.15 sec.
    Max Memory :                                 841 MB
    Average Memory :                             615.00 MB
    Total Requested Memory :                     -
    Delta Memory :                               -
    Max Swap :                                   -
    Max Processes :                              17
    Max Threads :                                48
    Run time :                                   10 sec.
    Turnaround time :                            363 sec.

The output (if any) follows:

51712
18079


PS:

Read file <./err_files/d/13.err> for stderr output of this job.

Sender: LSF System <lsfadmin@polus-c3-ib.bmc.hpc.cs.msu.ru>
Subject: Job 1046743: <# this file was automaticly created by mpisubmit.pl script for edu-cmc-sqi21-01 #;source /polusfs/setenv/setup.SMPI;#BSUB -n 13;#BSUB -W 00:30;#BSUB -o ./out_files/d/13.out;#BSUB -e ./err_files/d/13.err;OMP_NUM_THREADS=1 mpiexec ./prog d 10> in cluster <MSUCluster> Done

Job <# this file was automaticly created by mpisubmit.pl script for edu-cmc-sqi21-01 #;source /polusfs/setenv/setup.SMPI;#BSUB -n 13;#BSUB -W 00:30;#BSUB -o ./out_files/d/13.out;#BSUB -e ./err_files/d/13.err;OMP_NUM_THREADS=1 mpiexec ./prog d 10> was submitted from host <polus-ib.bmc.hpc.cs.msu.ru> by user <edu-cmc-sqi21-01> in cluster <MSUCluster> at Tue May  2 19:03:19 2023
Job was executed on host(s) <10*polus-c3-ib.bmc.hpc.cs.msu.ru>, in queue <short>, as user <edu-cmc-sqi21-01> in cluster <MSUCluster> at Tue May  2 19:16:27 2023
                            <3*polus-c4-ib.bmc.hpc.cs.msu.ru>
</home_edu/edu-cmc-sqi21/edu-cmc-sqi21-01> was used as the home directory.
</home_edu/edu-cmc-sqi21/edu-cmc-sqi21-01/SpecSem/SpecSem/KDTree/main> was used as the working directory.
Started at Tue May  2 19:16:27 2023
Terminated at Tue May  2 19:16:38 2023
Results reported at Tue May  2 19:16:38 2023

Your job looked like:

------------------------------------------------------------
# LSBATCH: User input
# this file was automaticly created by mpisubmit.pl script for edu-cmc-sqi21-01 #
source /polusfs/setenv/setup.SMPI
#BSUB -n 13
#BSUB -W 00:30
#BSUB -o ./out_files/d/13.out
#BSUB -e ./err_files/d/13.err
OMP_NUM_THREADS=1 mpiexec ./prog d 10

------------------------------------------------------------

Successfully completed.

Resource usage summary:

    CPU time :                                   115.00 sec.
    Max Memory :                                 660 MB
    Average Memory :                             495.75 MB
    Total Requested Memory :                     -
    Delta Memory :                               -
    Max Swap :                                   -
    Max Processes :                              14
    Max Threads :                                39
    Run time :                                   10 sec.
    Turnaround time :                            799 sec.

The output (if any) follows:

51712
18079


PS:

Read file <./err_files/d/13.err> for stderr output of this job.

Sender: LSF System <lsfadmin@polus-c3-ib.bmc.hpc.cs.msu.ru>
Subject: Job 1046909: <# this file was automaticly created by mpisubmit.pl script for edu-cmc-sqi21-01 #;source /polusfs/setenv/setup.SMPI;#BSUB -n 13;#BSUB -W 00:30;#BSUB -o ./out_files/d/13.out;#BSUB -e ./err_files/d/13.err;OMP_NUM_THREADS=1 mpiexec ./prog d 10> in cluster <MSUCluster> Done

Job <# this file was automaticly created by mpisubmit.pl script for edu-cmc-sqi21-01 #;source /polusfs/setenv/setup.SMPI;#BSUB -n 13;#BSUB -W 00:30;#BSUB -o ./out_files/d/13.out;#BSUB -e ./err_files/d/13.err;OMP_NUM_THREADS=1 mpiexec ./prog d 10> was submitted from host <polus-ib.bmc.hpc.cs.msu.ru> by user <edu-cmc-sqi21-01> in cluster <MSUCluster> at Tue May  2 19:09:25 2023
Job was executed on host(s) <13*polus-c3-ib.bmc.hpc.cs.msu.ru>, in queue <short>, as user <edu-cmc-sqi21-01> in cluster <MSUCluster> at Tue May  2 19:21:21 2023
</home_edu/edu-cmc-sqi21/edu-cmc-sqi21-01> was used as the home directory.
</home_edu/edu-cmc-sqi21/edu-cmc-sqi21-01/SpecSem/SpecSem/KDTree/main> was used as the working directory.
Started at Tue May  2 19:21:21 2023
Terminated at Tue May  2 19:21:31 2023
Results reported at Tue May  2 19:21:31 2023

Your job looked like:

------------------------------------------------------------
# LSBATCH: User input
# this file was automaticly created by mpisubmit.pl script for edu-cmc-sqi21-01 #
source /polusfs/setenv/setup.SMPI
#BSUB -n 13
#BSUB -W 00:30
#BSUB -o ./out_files/d/13.out
#BSUB -e ./err_files/d/13.err
OMP_NUM_THREADS=1 mpiexec ./prog d 10

------------------------------------------------------------

Successfully completed.

Resource usage summary:

    CPU time :                                   116.64 sec.
    Max Memory :                                 816 MB
    Average Memory :                             609.75 MB
    Total Requested Memory :                     -
    Delta Memory :                               -
    Max Swap :                                   -
    Max Processes :                              17
    Max Threads :                                48
    Run time :                                   10 sec.
    Turnaround time :                            726 sec.

The output (if any) follows:

51712
18079


PS:

Read file <./err_files/d/13.err> for stderr output of this job.

