Sender: LSF System <lsfadmin@polus-c4-ib.bmc.hpc.cs.msu.ru>
Subject: Job 1046424: <# this file was automaticly created by mpisubmit.pl script for edu-cmc-sqi21-01 #;source /polusfs/setenv/setup.SMPI;#BSUB -n 16;#BSUB -W 00:30;#BSUB -o ./out_files/d/16.out;#BSUB -e ./err_files/d/16.err;OMP_NUM_THREADS=1 mpiexec ./prog d 10> in cluster <MSUCluster> Done

Job <# this file was automaticly created by mpisubmit.pl script for edu-cmc-sqi21-01 #;source /polusfs/setenv/setup.SMPI;#BSUB -n 16;#BSUB -W 00:30;#BSUB -o ./out_files/d/16.out;#BSUB -e ./err_files/d/16.err;OMP_NUM_THREADS=1 mpiexec ./prog d 10> was submitted from host <polus-ib.bmc.hpc.cs.msu.ru> by user <edu-cmc-sqi21-01> in cluster <MSUCluster> at Tue May  2 19:01:08 2023
Job was executed on host(s) <11*polus-c4-ib.bmc.hpc.cs.msu.ru>, in queue <short>, as user <edu-cmc-sqi21-01> in cluster <MSUCluster> at Tue May  2 19:02:01 2023
                            <5*polus-c3-ib.bmc.hpc.cs.msu.ru>
</home_edu/edu-cmc-sqi21/edu-cmc-sqi21-01> was used as the home directory.
</home_edu/edu-cmc-sqi21/edu-cmc-sqi21-01/SpecSem/SpecSem/KDTree/main> was used as the working directory.
Started at Tue May  2 19:02:01 2023
Terminated at Tue May  2 19:02:11 2023
Results reported at Tue May  2 19:02:11 2023

Your job looked like:

------------------------------------------------------------
# LSBATCH: User input
# this file was automaticly created by mpisubmit.pl script for edu-cmc-sqi21-01 #
source /polusfs/setenv/setup.SMPI
#BSUB -n 16
#BSUB -W 00:30
#BSUB -o ./out_files/d/16.out
#BSUB -e ./err_files/d/16.err
OMP_NUM_THREADS=1 mpiexec ./prog d 10

------------------------------------------------------------

Successfully completed.

Resource usage summary:

    CPU time :                                   134.60 sec.
    Max Memory :                                 635 MB
    Average Memory :                             423.67 MB
    Total Requested Memory :                     -
    Delta Memory :                               -
    Max Swap :                                   -
    Max Processes :                              15
    Max Threads :                                42
    Run time :                                   11 sec.
    Turnaround time :                            63 sec.

The output (if any) follows:

51712
9614


PS:

Read file <./err_files/d/16.err> for stderr output of this job.

Sender: LSF System <lsfadmin@polus-c3-ib.bmc.hpc.cs.msu.ru>
Subject: Job 1046584: <# this file was automaticly created by mpisubmit.pl script for edu-cmc-sqi21-01 #;source /polusfs/setenv/setup.SMPI;#BSUB -n 16;#BSUB -W 00:30;#BSUB -o ./out_files/d/16.out;#BSUB -e ./err_files/d/16.err;OMP_NUM_THREADS=1 mpiexec ./prog d 10> in cluster <MSUCluster> Done

Job <# this file was automaticly created by mpisubmit.pl script for edu-cmc-sqi21-01 #;source /polusfs/setenv/setup.SMPI;#BSUB -n 16;#BSUB -W 00:30;#BSUB -o ./out_files/d/16.out;#BSUB -e ./err_files/d/16.err;OMP_NUM_THREADS=1 mpiexec ./prog d 10> was submitted from host <polus-ib.bmc.hpc.cs.msu.ru> by user <edu-cmc-sqi21-01> in cluster <MSUCluster> at Tue May  2 19:01:14 2023
Job was executed on host(s) <2*polus-c3-ib.bmc.hpc.cs.msu.ru>, in queue <short>, as user <edu-cmc-sqi21-01> in cluster <MSUCluster> at Tue May  2 19:08:15 2023
                            <14*polus-c4-ib.bmc.hpc.cs.msu.ru>
</home_edu/edu-cmc-sqi21/edu-cmc-sqi21-01> was used as the home directory.
</home_edu/edu-cmc-sqi21/edu-cmc-sqi21-01/SpecSem/SpecSem/KDTree/main> was used as the working directory.
Started at Tue May  2 19:08:15 2023
Terminated at Tue May  2 19:08:25 2023
Results reported at Tue May  2 19:08:25 2023

Your job looked like:

------------------------------------------------------------
# LSBATCH: User input
# this file was automaticly created by mpisubmit.pl script for edu-cmc-sqi21-01 #
source /polusfs/setenv/setup.SMPI
#BSUB -n 16
#BSUB -W 00:30
#BSUB -o ./out_files/d/16.out
#BSUB -e ./err_files/d/16.err
OMP_NUM_THREADS=1 mpiexec ./prog d 10

------------------------------------------------------------

Successfully completed.

Resource usage summary:

    CPU time :                                   128.20 sec.
    Max Memory :                                 211 MB
    Average Memory :                             158.50 MB
    Total Requested Memory :                     -
    Delta Memory :                               -
    Max Swap :                                   -
    Max Processes :                              6
    Max Threads :                                15
    Run time :                                   10 sec.
    Turnaround time :                            431 sec.

The output (if any) follows:

9614
51712


PS:

Read file <./err_files/d/16.err> for stderr output of this job.

Sender: LSF System <lsfadmin@polus-c3-ib.bmc.hpc.cs.msu.ru>
Subject: Job 1046746: <# this file was automaticly created by mpisubmit.pl script for edu-cmc-sqi21-01 #;source /polusfs/setenv/setup.SMPI;#BSUB -n 16;#BSUB -W 00:30;#BSUB -o ./out_files/d/16.out;#BSUB -e ./err_files/d/16.err;OMP_NUM_THREADS=1 mpiexec ./prog d 10> in cluster <MSUCluster> Done

Job <# this file was automaticly created by mpisubmit.pl script for edu-cmc-sqi21-01 #;source /polusfs/setenv/setup.SMPI;#BSUB -n 16;#BSUB -W 00:30;#BSUB -o ./out_files/d/16.out;#BSUB -e ./err_files/d/16.err;OMP_NUM_THREADS=1 mpiexec ./prog d 10> was submitted from host <polus-ib.bmc.hpc.cs.msu.ru> by user <edu-cmc-sqi21-01> in cluster <MSUCluster> at Tue May  2 19:03:19 2023
Job was executed on host(s) <6*polus-c3-ib.bmc.hpc.cs.msu.ru>, in queue <short>, as user <edu-cmc-sqi21-01> in cluster <MSUCluster> at Tue May  2 19:18:15 2023
                            <10*polus-c4-ib.bmc.hpc.cs.msu.ru>
</home_edu/edu-cmc-sqi21/edu-cmc-sqi21-01> was used as the home directory.
</home_edu/edu-cmc-sqi21/edu-cmc-sqi21-01/SpecSem/SpecSem/KDTree/main> was used as the working directory.
Started at Tue May  2 19:18:15 2023
Terminated at Tue May  2 19:18:27 2023
Results reported at Tue May  2 19:18:27 2023

Your job looked like:

------------------------------------------------------------
# LSBATCH: User input
# this file was automaticly created by mpisubmit.pl script for edu-cmc-sqi21-01 #
source /polusfs/setenv/setup.SMPI
#BSUB -n 16
#BSUB -W 00:30
#BSUB -o ./out_files/d/16.out
#BSUB -e ./err_files/d/16.err
OMP_NUM_THREADS=1 mpiexec ./prog d 10

------------------------------------------------------------

Successfully completed.

Resource usage summary:

    CPU time :                                   125.68 sec.
    Max Memory :                                 393 MB
    Average Memory :                             99.75 MB
    Total Requested Memory :                     -
    Delta Memory :                               -
    Max Swap :                                   -
    Max Processes :                              10
    Max Threads :                                27
    Run time :                                   11 sec.
    Turnaround time :                            908 sec.

The output (if any) follows:

51712
9614


PS:

Read file <./err_files/d/16.err> for stderr output of this job.

Sender: LSF System <lsfadmin@polus-c3-ib.bmc.hpc.cs.msu.ru>
Subject: Job 1046912: <# this file was automaticly created by mpisubmit.pl script for edu-cmc-sqi21-01 #;source /polusfs/setenv/setup.SMPI;#BSUB -n 16;#BSUB -W 00:30;#BSUB -o ./out_files/d/16.out;#BSUB -e ./err_files/d/16.err;OMP_NUM_THREADS=1 mpiexec ./prog d 10> in cluster <MSUCluster> Done

Job <# this file was automaticly created by mpisubmit.pl script for edu-cmc-sqi21-01 #;source /polusfs/setenv/setup.SMPI;#BSUB -n 16;#BSUB -W 00:30;#BSUB -o ./out_files/d/16.out;#BSUB -e ./err_files/d/16.err;OMP_NUM_THREADS=1 mpiexec ./prog d 10> was submitted from host <polus-ib.bmc.hpc.cs.msu.ru> by user <edu-cmc-sqi21-01> in cluster <MSUCluster> at Tue May  2 19:09:25 2023
Job was executed on host(s) <16*polus-c3-ib.bmc.hpc.cs.msu.ru>, in queue <short>, as user <edu-cmc-sqi21-01> in cluster <MSUCluster> at Tue May  2 19:25:33 2023
</home_edu/edu-cmc-sqi21/edu-cmc-sqi21-01> was used as the home directory.
</home_edu/edu-cmc-sqi21/edu-cmc-sqi21-01/SpecSem/SpecSem/KDTree/main> was used as the working directory.
Started at Tue May  2 19:25:33 2023
Terminated at Tue May  2 19:25:42 2023
Results reported at Tue May  2 19:25:42 2023

Your job looked like:

------------------------------------------------------------
# LSBATCH: User input
# this file was automaticly created by mpisubmit.pl script for edu-cmc-sqi21-01 #
source /polusfs/setenv/setup.SMPI
#BSUB -n 16
#BSUB -W 00:30
#BSUB -o ./out_files/d/16.out
#BSUB -e ./err_files/d/16.err
OMP_NUM_THREADS=1 mpiexec ./prog d 10

------------------------------------------------------------

Successfully completed.

Resource usage summary:

    CPU time :                                   128.76 sec.
    Max Memory :                                 994 MB
    Average Memory :                             251.00 MB
    Total Requested Memory :                     -
    Delta Memory :                               -
    Max Swap :                                   -
    Max Processes :                              20
    Max Threads :                                57
    Run time :                                   9 sec.
    Turnaround time :                            977 sec.

The output (if any) follows:

51712
9614


PS:

Read file <./err_files/d/16.err> for stderr output of this job.

