Sender: LSF System <lsfadmin@polus-c3-ib.bmc.hpc.cs.msu.ru>
Subject: Job 1046435: <# this file was automaticly created by mpisubmit.pl script for edu-cmc-sqi21-01 #;source /polusfs/setenv/setup.SMPI;#BSUB -n 27;#BSUB -W 00:30;#BSUB -o ./out_files/d/27.out;#BSUB -e ./err_files/d/27.err;OMP_NUM_THREADS=1 mpiexec ./prog d 10> in cluster <MSUCluster> Done

Job <# this file was automaticly created by mpisubmit.pl script for edu-cmc-sqi21-01 #;source /polusfs/setenv/setup.SMPI;#BSUB -n 27;#BSUB -W 00:30;#BSUB -o ./out_files/d/27.out;#BSUB -e ./err_files/d/27.err;OMP_NUM_THREADS=1 mpiexec ./prog d 10> was submitted from host <polus-ib.bmc.hpc.cs.msu.ru> by user <edu-cmc-sqi21-01> in cluster <MSUCluster> at Tue May  2 19:01:09 2023
Job was executed on host(s) <12*polus-c3-ib.bmc.hpc.cs.msu.ru>, in queue <short>, as user <edu-cmc-sqi21-01> in cluster <MSUCluster> at Tue May  2 19:03:49 2023
                            <15*polus-c4-ib.bmc.hpc.cs.msu.ru>
</home_edu/edu-cmc-sqi21/edu-cmc-sqi21-01> was used as the home directory.
</home_edu/edu-cmc-sqi21/edu-cmc-sqi21-01/SpecSem/SpecSem/KDTree/main> was used as the working directory.
Started at Tue May  2 19:03:49 2023
Terminated at Tue May  2 19:04:00 2023
Results reported at Tue May  2 19:04:00 2023

Your job looked like:

------------------------------------------------------------
# LSBATCH: User input
# this file was automaticly created by mpisubmit.pl script for edu-cmc-sqi21-01 #
source /polusfs/setenv/setup.SMPI
#BSUB -n 27
#BSUB -W 00:30
#BSUB -o ./out_files/d/27.out
#BSUB -e ./err_files/d/27.err
OMP_NUM_THREADS=1 mpiexec ./prog d 10

------------------------------------------------------------

Successfully completed.

Resource usage summary:

    CPU time :                                   228.46 sec.
    Max Memory :                                 801 MB
    Average Memory :                             528.75 MB
    Total Requested Memory :                     -
    Delta Memory :                               -
    Max Swap :                                   -
    Max Processes :                              16
    Max Threads :                                45
    Run time :                                   10 sec.
    Turnaround time :                            171 sec.

The output (if any) follows:

43718
9920
9614


PS:

Read file <./err_files/d/27.err> for stderr output of this job.

Sender: LSF System <lsfadmin@polus-c3-ib.bmc.hpc.cs.msu.ru>
Subject: Job 1046595: <# this file was automaticly created by mpisubmit.pl script for edu-cmc-sqi21-01 #;source /polusfs/setenv/setup.SMPI;#BSUB -n 27;#BSUB -W 00:30;#BSUB -o ./out_files/d/27.out;#BSUB -e ./err_files/d/27.err;OMP_NUM_THREADS=1 mpiexec ./prog d 10> in cluster <MSUCluster> Done

Job <# this file was automaticly created by mpisubmit.pl script for edu-cmc-sqi21-01 #;source /polusfs/setenv/setup.SMPI;#BSUB -n 27;#BSUB -W 00:30;#BSUB -o ./out_files/d/27.out;#BSUB -e ./err_files/d/27.err;OMP_NUM_THREADS=1 mpiexec ./prog d 10> was submitted from host <polus-ib.bmc.hpc.cs.msu.ru> by user <edu-cmc-sqi21-01> in cluster <MSUCluster> at Tue May  2 19:01:14 2023
Job was executed on host(s) <20*polus-c3-ib.bmc.hpc.cs.msu.ru>, in queue <short>, as user <edu-cmc-sqi21-01> in cluster <MSUCluster> at Tue May  2 19:15:18 2023
                            <7*polus-c4-ib.bmc.hpc.cs.msu.ru>
</home_edu/edu-cmc-sqi21/edu-cmc-sqi21-01> was used as the home directory.
</home_edu/edu-cmc-sqi21/edu-cmc-sqi21-01/SpecSem/SpecSem/KDTree/main> was used as the working directory.
Started at Tue May  2 19:15:18 2023
Terminated at Tue May  2 19:15:29 2023
Results reported at Tue May  2 19:15:29 2023

Your job looked like:

------------------------------------------------------------
# LSBATCH: User input
# this file was automaticly created by mpisubmit.pl script for edu-cmc-sqi21-01 #
source /polusfs/setenv/setup.SMPI
#BSUB -n 27
#BSUB -W 00:30
#BSUB -o ./out_files/d/27.out
#BSUB -e ./err_files/d/27.err
OMP_NUM_THREADS=1 mpiexec ./prog d 10

------------------------------------------------------------

Successfully completed.

Resource usage summary:

    CPU time :                                   228.09 sec.
    Max Memory :                                 1208 MB
    Average Memory :                             906.25 MB
    Total Requested Memory :                     -
    Delta Memory :                               -
    Max Swap :                                   -
    Max Processes :                              24
    Max Threads :                                69
    Run time :                                   10 sec.
    Turnaround time :                            855 sec.

The output (if any) follows:

43718
9920
9614


PS:

Read file <./err_files/d/27.err> for stderr output of this job.

Sender: LSF System <lsfadmin@polus-c3-ib.bmc.hpc.cs.msu.ru>
Subject: Job 1046757: <# this file was automaticly created by mpisubmit.pl script for edu-cmc-sqi21-01 #;source /polusfs/setenv/setup.SMPI;#BSUB -n 27;#BSUB -W 00:30;#BSUB -o ./out_files/d/27.out;#BSUB -e ./err_files/d/27.err;OMP_NUM_THREADS=1 mpiexec ./prog d 10> in cluster <MSUCluster> Done

Job <# this file was automaticly created by mpisubmit.pl script for edu-cmc-sqi21-01 #;source /polusfs/setenv/setup.SMPI;#BSUB -n 27;#BSUB -W 00:30;#BSUB -o ./out_files/d/27.out;#BSUB -e ./err_files/d/27.err;OMP_NUM_THREADS=1 mpiexec ./prog d 10> was submitted from host <polus-ib.bmc.hpc.cs.msu.ru> by user <edu-cmc-sqi21-01> in cluster <MSUCluster> at Tue May  2 19:03:20 2023
Job was executed on host(s) <9*polus-c3-ib.bmc.hpc.cs.msu.ru>, in queue <short>, as user <edu-cmc-sqi21-01> in cluster <MSUCluster> at Tue May  2 19:23:45 2023
                            <18*polus-c4-ib.bmc.hpc.cs.msu.ru>
</home_edu/edu-cmc-sqi21/edu-cmc-sqi21-01> was used as the home directory.
</home_edu/edu-cmc-sqi21/edu-cmc-sqi21-01/SpecSem/SpecSem/KDTree/main> was used as the working directory.
Started at Tue May  2 19:23:45 2023
Terminated at Tue May  2 19:23:55 2023
Results reported at Tue May  2 19:23:55 2023

Your job looked like:

------------------------------------------------------------
# LSBATCH: User input
# this file was automaticly created by mpisubmit.pl script for edu-cmc-sqi21-01 #
source /polusfs/setenv/setup.SMPI
#BSUB -n 27
#BSUB -W 00:30
#BSUB -o ./out_files/d/27.out
#BSUB -e ./err_files/d/27.err
OMP_NUM_THREADS=1 mpiexec ./prog d 10

------------------------------------------------------------

Successfully completed.

Resource usage summary:

    CPU time :                                   214.81 sec.
    Max Memory :                                 553 MB
    Average Memory :                             414.25 MB
    Total Requested Memory :                     -
    Delta Memory :                               -
    Max Swap :                                   -
    Max Processes :                              13
    Max Threads :                                36
    Run time :                                   10 sec.
    Turnaround time :                            1235 sec.

The output (if any) follows:

43718
9920
9614


PS:

Read file <./err_files/d/27.err> for stderr output of this job.

Sender: LSF System <lsfadmin@polus-c4-ib.bmc.hpc.cs.msu.ru>
Subject: Job 1046923: <# this file was automaticly created by mpisubmit.pl script for edu-cmc-sqi21-01 #;source /polusfs/setenv/setup.SMPI;#BSUB -n 27;#BSUB -W 00:30;#BSUB -o ./out_files/d/27.out;#BSUB -e ./err_files/d/27.err;OMP_NUM_THREADS=1 mpiexec ./prog d 10> in cluster <MSUCluster> Done

Job <# this file was automaticly created by mpisubmit.pl script for edu-cmc-sqi21-01 #;source /polusfs/setenv/setup.SMPI;#BSUB -n 27;#BSUB -W 00:30;#BSUB -o ./out_files/d/27.out;#BSUB -e ./err_files/d/27.err;OMP_NUM_THREADS=1 mpiexec ./prog d 10> was submitted from host <polus-ib.bmc.hpc.cs.msu.ru> by user <edu-cmc-sqi21-01> in cluster <MSUCluster> at Tue May  2 19:09:25 2023
Job was executed on host(s) <20*polus-c4-ib.bmc.hpc.cs.msu.ru>, in queue <short>, as user <edu-cmc-sqi21-01> in cluster <MSUCluster> at Tue May  2 19:31:50 2023
                            <7*polus-c3-ib.bmc.hpc.cs.msu.ru>
</home_edu/edu-cmc-sqi21/edu-cmc-sqi21-01> was used as the home directory.
</home_edu/edu-cmc-sqi21/edu-cmc-sqi21-01/SpecSem/SpecSem/KDTree/main> was used as the working directory.
Started at Tue May  2 19:31:50 2023
Terminated at Tue May  2 19:31:59 2023
Results reported at Tue May  2 19:31:59 2023

Your job looked like:

------------------------------------------------------------
# LSBATCH: User input
# this file was automaticly created by mpisubmit.pl script for edu-cmc-sqi21-01 #
source /polusfs/setenv/setup.SMPI
#BSUB -n 27
#BSUB -W 00:30
#BSUB -o ./out_files/d/27.out
#BSUB -e ./err_files/d/27.err
OMP_NUM_THREADS=1 mpiexec ./prog d 10

------------------------------------------------------------

Successfully completed.

Resource usage summary:

    CPU time :                                   220.34 sec.
    Max Memory :                                 1195 MB
    Average Memory :                             896.50 MB
    Total Requested Memory :                     -
    Delta Memory :                               -
    Max Swap :                                   -
    Max Processes :                              24
    Max Threads :                                69
    Run time :                                   10 sec.
    Turnaround time :                            1354 sec.

The output (if any) follows:

43718
9920
9614


PS:

Read file <./err_files/d/27.err> for stderr output of this job.

