Sender: LSF System <lsfadmin@polus-c3-ib.bmc.hpc.cs.msu.ru>
Subject: Job 1046413: <# this file was automaticly created by mpisubmit.pl script for edu-cmc-sqi21-01 #;source /polusfs/setenv/setup.SMPI;#BSUB -n 5;#BSUB -W 00:30;#BSUB -o ./out_files/d/5.out;#BSUB -e ./err_files/d/5.err;OMP_NUM_THREADS=1 mpiexec ./prog d 10> in cluster <MSUCluster> Done

Job <# this file was automaticly created by mpisubmit.pl script for edu-cmc-sqi21-01 #;source /polusfs/setenv/setup.SMPI;#BSUB -n 5;#BSUB -W 00:30;#BSUB -o ./out_files/d/5.out;#BSUB -e ./err_files/d/5.err;OMP_NUM_THREADS=1 mpiexec ./prog d 10> was submitted from host <polus-ib.bmc.hpc.cs.msu.ru> by user <edu-cmc-sqi21-01> in cluster <MSUCluster> at Tue May  2 19:01:08 2023
Job was executed on host(s) <5*polus-c3-ib.bmc.hpc.cs.msu.ru>, in queue <short>, as user <edu-cmc-sqi21-01> in cluster <MSUCluster> at Tue May  2 19:01:19 2023
</home_edu/edu-cmc-sqi21/edu-cmc-sqi21-01> was used as the home directory.
</home_edu/edu-cmc-sqi21/edu-cmc-sqi21-01/SpecSem/SpecSem/KDTree/main> was used as the working directory.
Started at Tue May  2 19:01:19 2023
Terminated at Tue May  2 19:01:29 2023
Results reported at Tue May  2 19:01:29 2023

Your job looked like:

------------------------------------------------------------
# LSBATCH: User input
# this file was automaticly created by mpisubmit.pl script for edu-cmc-sqi21-01 #
source /polusfs/setenv/setup.SMPI
#BSUB -n 5
#BSUB -W 00:30
#BSUB -o ./out_files/d/5.out
#BSUB -e ./err_files/d/5.err
OMP_NUM_THREADS=1 mpiexec ./prog d 10

------------------------------------------------------------

Successfully completed.

Resource usage summary:

    CPU time :                                   49.38 sec.
    Max Memory :                                 426 MB
    Average Memory :                             319.25 MB
    Total Requested Memory :                     -
    Delta Memory :                               -
    Max Swap :                                   -
    Max Processes :                              9
    Max Threads :                                24
    Run time :                                   10 sec.
    Turnaround time :                            21 sec.

The output (if any) follows:

67069


PS:

Read file <./err_files/d/5.err> for stderr output of this job.

Sender: LSF System <lsfadmin@polus-c3-ib.bmc.hpc.cs.msu.ru>
Subject: Job 1046573: <# this file was automaticly created by mpisubmit.pl script for edu-cmc-sqi21-01 #;source /polusfs/setenv/setup.SMPI;#BSUB -n 5;#BSUB -W 00:30;#BSUB -o ./out_files/d/5.out;#BSUB -e ./err_files/d/5.err;OMP_NUM_THREADS=1 mpiexec ./prog d 10> in cluster <MSUCluster> Done

Job <# this file was automaticly created by mpisubmit.pl script for edu-cmc-sqi21-01 #;source /polusfs/setenv/setup.SMPI;#BSUB -n 5;#BSUB -W 00:30;#BSUB -o ./out_files/d/5.out;#BSUB -e ./err_files/d/5.err;OMP_NUM_THREADS=1 mpiexec ./prog d 10> was submitted from host <polus-ib.bmc.hpc.cs.msu.ru> by user <edu-cmc-sqi21-01> in cluster <MSUCluster> at Tue May  2 19:01:13 2023
Job was executed on host(s) <5*polus-c3-ib.bmc.hpc.cs.msu.ru>, in queue <short>, as user <edu-cmc-sqi21-01> in cluster <MSUCluster> at Tue May  2 19:05:07 2023
</home_edu/edu-cmc-sqi21/edu-cmc-sqi21-01> was used as the home directory.
</home_edu/edu-cmc-sqi21/edu-cmc-sqi21-01/SpecSem/SpecSem/KDTree/main> was used as the working directory.
Started at Tue May  2 19:05:07 2023
Terminated at Tue May  2 19:05:18 2023
Results reported at Tue May  2 19:05:18 2023

Your job looked like:

------------------------------------------------------------
# LSBATCH: User input
# this file was automaticly created by mpisubmit.pl script for edu-cmc-sqi21-01 #
source /polusfs/setenv/setup.SMPI
#BSUB -n 5
#BSUB -W 00:30
#BSUB -o ./out_files/d/5.out
#BSUB -e ./err_files/d/5.err
OMP_NUM_THREADS=1 mpiexec ./prog d 10

------------------------------------------------------------

Successfully completed.

Resource usage summary:

    CPU time :                                   50.12 sec.
    Max Memory :                                 419 MB
    Average Memory :                             294.00 MB
    Total Requested Memory :                     -
    Delta Memory :                               -
    Max Swap :                                   -
    Max Processes :                              9
    Max Threads :                                24
    Run time :                                   12 sec.
    Turnaround time :                            245 sec.

The output (if any) follows:

67069


PS:

Read file <./err_files/d/5.err> for stderr output of this job.

Sender: LSF System <lsfadmin@polus-c4-ib.bmc.hpc.cs.msu.ru>
Subject: Job 1046734: <# this file was automaticly created by mpisubmit.pl script for edu-cmc-sqi21-01 #;source /polusfs/setenv/setup.SMPI;#BSUB -n 5;#BSUB -W 00:30;#BSUB -o ./out_files/d/5.out;#BSUB -e ./err_files/d/5.err;OMP_NUM_THREADS=1 mpiexec ./prog d 10> in cluster <MSUCluster> Done

Job <# this file was automaticly created by mpisubmit.pl script for edu-cmc-sqi21-01 #;source /polusfs/setenv/setup.SMPI;#BSUB -n 5;#BSUB -W 00:30;#BSUB -o ./out_files/d/5.out;#BSUB -e ./err_files/d/5.err;OMP_NUM_THREADS=1 mpiexec ./prog d 10> was submitted from host <polus-ib.bmc.hpc.cs.msu.ru> by user <edu-cmc-sqi21-01> in cluster <MSUCluster> at Tue May  2 19:02:19 2023
Job was executed on host(s) <5*polus-c4-ib.bmc.hpc.cs.msu.ru>, in queue <short>, as user <edu-cmc-sqi21-01> in cluster <MSUCluster> at Tue May  2 19:08:58 2023
</home_edu/edu-cmc-sqi21/edu-cmc-sqi21-01> was used as the home directory.
</home_edu/edu-cmc-sqi21/edu-cmc-sqi21-01/SpecSem/SpecSem/KDTree/main> was used as the working directory.
Started at Tue May  2 19:08:58 2023
Terminated at Tue May  2 19:09:09 2023
Results reported at Tue May  2 19:09:09 2023

Your job looked like:

------------------------------------------------------------
# LSBATCH: User input
# this file was automaticly created by mpisubmit.pl script for edu-cmc-sqi21-01 #
source /polusfs/setenv/setup.SMPI
#BSUB -n 5
#BSUB -W 00:30
#BSUB -o ./out_files/d/5.out
#BSUB -e ./err_files/d/5.err
OMP_NUM_THREADS=1 mpiexec ./prog d 10

------------------------------------------------------------

Successfully completed.

Resource usage summary:

    CPU time :                                   49.07 sec.
    Max Memory :                                 420 MB
    Average Memory :                             314.00 MB
    Total Requested Memory :                     -
    Delta Memory :                               -
    Max Swap :                                   -
    Max Processes :                              9
    Max Threads :                                24
    Run time :                                   14 sec.
    Turnaround time :                            410 sec.

The output (if any) follows:

67069


PS:

Read file <./err_files/d/5.err> for stderr output of this job.

Sender: LSF System <lsfadmin@polus-c3-ib.bmc.hpc.cs.msu.ru>
Subject: Job 1046900: <# this file was automaticly created by mpisubmit.pl script for edu-cmc-sqi21-01 #;source /polusfs/setenv/setup.SMPI;#BSUB -n 5;#BSUB -W 00:30;#BSUB -o ./out_files/d/5.out;#BSUB -e ./err_files/d/5.err;OMP_NUM_THREADS=1 mpiexec ./prog d 10> in cluster <MSUCluster> Done

Job <# this file was automaticly created by mpisubmit.pl script for edu-cmc-sqi21-01 #;source /polusfs/setenv/setup.SMPI;#BSUB -n 5;#BSUB -W 00:30;#BSUB -o ./out_files/d/5.out;#BSUB -e ./err_files/d/5.err;OMP_NUM_THREADS=1 mpiexec ./prog d 10> was submitted from host <polus-ib.bmc.hpc.cs.msu.ru> by user <edu-cmc-sqi21-01> in cluster <MSUCluster> at Tue May  2 19:08:24 2023
Job was executed on host(s) <5*polus-c3-ib.bmc.hpc.cs.msu.ru>, in queue <short>, as user <edu-cmc-sqi21-01> in cluster <MSUCluster> at Tue May  2 19:10:53 2023
</home_edu/edu-cmc-sqi21/edu-cmc-sqi21-01> was used as the home directory.
</home_edu/edu-cmc-sqi21/edu-cmc-sqi21-01/SpecSem/SpecSem/KDTree/main> was used as the working directory.
Started at Tue May  2 19:10:53 2023
Terminated at Tue May  2 19:11:04 2023
Results reported at Tue May  2 19:11:04 2023

Your job looked like:

------------------------------------------------------------
# LSBATCH: User input
# this file was automaticly created by mpisubmit.pl script for edu-cmc-sqi21-01 #
source /polusfs/setenv/setup.SMPI
#BSUB -n 5
#BSUB -W 00:30
#BSUB -o ./out_files/d/5.out
#BSUB -e ./err_files/d/5.err
OMP_NUM_THREADS=1 mpiexec ./prog d 10

------------------------------------------------------------

Successfully completed.

Resource usage summary:

    CPU time :                                   51.00 sec.
    Max Memory :                                 425 MB
    Average Memory :                             312.50 MB
    Total Requested Memory :                     -
    Delta Memory :                               -
    Max Swap :                                   -
    Max Processes :                              9
    Max Threads :                                24
    Run time :                                   12 sec.
    Turnaround time :                            160 sec.

The output (if any) follows:

67069


PS:

Read file <./err_files/d/5.err> for stderr output of this job.

