Sender: LSF System <lsfadmin@polus-c3-ib.bmc.hpc.cs.msu.ru>
Subject: Job 1045365: <# this file was automaticly created by mpisubmit.pl script for edu-cmc-sqi21-01 #;source /polusfs/setenv/setup.SMPI;#BSUB -n 8;#BSUB -W 00:30;#BSUB -o ./out_files/d/8.out;#BSUB -e ./err_files/d/8.err;OMP_NUM_THREADS=1 mpiexec ./prog d 10> in cluster <MSUCluster> Done

Job <# this file was automaticly created by mpisubmit.pl script for edu-cmc-sqi21-01 #;source /polusfs/setenv/setup.SMPI;#BSUB -n 8;#BSUB -W 00:30;#BSUB -o ./out_files/d/8.out;#BSUB -e ./err_files/d/8.err;OMP_NUM_THREADS=1 mpiexec ./prog d 10> was submitted from host <polus-ib.bmc.hpc.cs.msu.ru> by user <edu-cmc-sqi21-01> in cluster <MSUCluster> at Wed Apr 26 02:51:02 2023
Job was executed on host(s) <8*polus-c3-ib.bmc.hpc.cs.msu.ru>, in queue <short>, as user <edu-cmc-sqi21-01> in cluster <MSUCluster> at Wed Apr 26 02:51:03 2023
</home_edu/edu-cmc-sqi21/edu-cmc-sqi21-01> was used as the home directory.
</home_edu/edu-cmc-sqi21/edu-cmc-sqi21-01/SpecSem/SpecSem/KDTree/main> was used as the working directory.
Started at Wed Apr 26 02:51:03 2023
Terminated at Wed Apr 26 02:51:14 2023
Results reported at Wed Apr 26 02:51:14 2023

Your job looked like:

------------------------------------------------------------
# LSBATCH: User input
# this file was automaticly created by mpisubmit.pl script for edu-cmc-sqi21-01 #
source /polusfs/setenv/setup.SMPI
#BSUB -n 8
#BSUB -W 00:30
#BSUB -o ./out_files/d/8.out
#BSUB -e ./err_files/d/8.err
OMP_NUM_THREADS=1 mpiexec ./prog d 10

------------------------------------------------------------

Successfully completed.

Resource usage summary:

    CPU time :                                   70.91 sec.
    Max Memory :                                 535 MB
    Average Memory :                             401.50 MB
    Total Requested Memory :                     -
    Delta Memory :                               -
    Max Swap :                                   -
    Max Processes :                              12
    Max Threads :                                33
    Run time :                                   14 sec.
    Turnaround time :                            12 sec.

The output (if any) follows:

18079
54059


PS:

Read file <./err_files/d/8.err> for stderr output of this job.

Sender: LSF System <lsfadmin@polus-c4-ib.bmc.hpc.cs.msu.ru>
Subject: Job 1045395: <# this file was automaticly created by mpisubmit.pl script for edu-cmc-sqi21-01 #;source /polusfs/setenv/setup.SMPI;#BSUB -n 8;#BSUB -W 00:30;#BSUB -o ./out_files/d/8.out;#BSUB -e ./err_files/d/8.err;OMP_NUM_THREADS=1 mpiexec ./prog d 10> in cluster <MSUCluster> Done

Job <# this file was automaticly created by mpisubmit.pl script for edu-cmc-sqi21-01 #;source /polusfs/setenv/setup.SMPI;#BSUB -n 8;#BSUB -W 00:30;#BSUB -o ./out_files/d/8.out;#BSUB -e ./err_files/d/8.err;OMP_NUM_THREADS=1 mpiexec ./prog d 10> was submitted from host <polus-ib.bmc.hpc.cs.msu.ru> by user <edu-cmc-sqi21-01> in cluster <MSUCluster> at Wed Apr 26 02:51:03 2023
Job was executed on host(s) <8*polus-c4-ib.bmc.hpc.cs.msu.ru>, in queue <short>, as user <edu-cmc-sqi21-01> in cluster <MSUCluster> at Wed Apr 26 02:52:00 2023
</home_edu/edu-cmc-sqi21/edu-cmc-sqi21-01> was used as the home directory.
</home_edu/edu-cmc-sqi21/edu-cmc-sqi21-01/SpecSem/SpecSem/KDTree/main> was used as the working directory.
Started at Wed Apr 26 02:52:00 2023
Terminated at Wed Apr 26 02:52:10 2023
Results reported at Wed Apr 26 02:52:10 2023

Your job looked like:

------------------------------------------------------------
# LSBATCH: User input
# this file was automaticly created by mpisubmit.pl script for edu-cmc-sqi21-01 #
source /polusfs/setenv/setup.SMPI
#BSUB -n 8
#BSUB -W 00:30
#BSUB -o ./out_files/d/8.out
#BSUB -e ./err_files/d/8.err
OMP_NUM_THREADS=1 mpiexec ./prog d 10

------------------------------------------------------------

Successfully completed.

Resource usage summary:

    CPU time :                                   73.70 sec.
    Max Memory :                                 570 MB
    Average Memory :                             428.25 MB
    Total Requested Memory :                     -
    Delta Memory :                               -
    Max Swap :                                   -
    Max Processes :                              12
    Max Threads :                                33
    Run time :                                   10 sec.
    Turnaround time :                            67 sec.

The output (if any) follows:

18079
54059


PS:

Read file <./err_files/d/8.err> for stderr output of this job.

Sender: LSF System <lsfadmin@polus-c4-ib.bmc.hpc.cs.msu.ru>
Subject: Job 1045425: <# this file was automaticly created by mpisubmit.pl script for edu-cmc-sqi21-01 #;source /polusfs/setenv/setup.SMPI;#BSUB -n 8;#BSUB -W 00:30;#BSUB -o ./out_files/d/8.out;#BSUB -e ./err_files/d/8.err;OMP_NUM_THREADS=1 mpiexec ./prog d 10> in cluster <MSUCluster> Done

Job <# this file was automaticly created by mpisubmit.pl script for edu-cmc-sqi21-01 #;source /polusfs/setenv/setup.SMPI;#BSUB -n 8;#BSUB -W 00:30;#BSUB -o ./out_files/d/8.out;#BSUB -e ./err_files/d/8.err;OMP_NUM_THREADS=1 mpiexec ./prog d 10> was submitted from host <polus-ib.bmc.hpc.cs.msu.ru> by user <edu-cmc-sqi21-01> in cluster <MSUCluster> at Wed Apr 26 02:51:04 2023
Job was executed on host(s) <2*polus-c4-ib.bmc.hpc.cs.msu.ru>, in queue <short>, as user <edu-cmc-sqi21-01> in cluster <MSUCluster> at Wed Apr 26 02:52:22 2023
                            <6*polus-c3-ib.bmc.hpc.cs.msu.ru>
</home_edu/edu-cmc-sqi21/edu-cmc-sqi21-01> was used as the home directory.
</home_edu/edu-cmc-sqi21/edu-cmc-sqi21-01/SpecSem/SpecSem/KDTree/main> was used as the working directory.
Started at Wed Apr 26 02:52:22 2023
Terminated at Wed Apr 26 02:52:32 2023
Results reported at Wed Apr 26 02:52:32 2023

Your job looked like:

------------------------------------------------------------
# LSBATCH: User input
# this file was automaticly created by mpisubmit.pl script for edu-cmc-sqi21-01 #
source /polusfs/setenv/setup.SMPI
#BSUB -n 8
#BSUB -W 00:30
#BSUB -o ./out_files/d/8.out
#BSUB -e ./err_files/d/8.err
OMP_NUM_THREADS=1 mpiexec ./prog d 10

------------------------------------------------------------

Successfully completed.

Resource usage summary:

    CPU time :                                   68.65 sec.
    Max Memory :                                 181 MB
    Average Memory :                             93.25 MB
    Total Requested Memory :                     -
    Delta Memory :                               -
    Max Swap :                                   -
    Max Processes :                              6
    Max Threads :                                15
    Run time :                                   10 sec.
    Turnaround time :                            88 sec.

The output (if any) follows:

18079
54059


PS:

Read file <./err_files/d/8.err> for stderr output of this job.

