Sender: LSF System <lsfadmin@polus-c4-ib.bmc.hpc.cs.msu.ru>
Subject: Job 1035860: <# this file was automaticly created by mpisubmit.pl script for edu-cmc-sqi21-01 #;source /polusfs/setenv/setup.SMPI;#BSUB -n 15;#BSUB -W 00:30;#BSUB -o ./out_files/1000/15.out;#BSUB -e ./err_files/1000/15.err;OMP_NUM_THREADS=1 mpiexec ./prog 1000> in cluster <MSUCluster> Exited

Job <# this file was automaticly created by mpisubmit.pl script for edu-cmc-sqi21-01 #;source /polusfs/setenv/setup.SMPI;#BSUB -n 15;#BSUB -W 00:30;#BSUB -o ./out_files/1000/15.out;#BSUB -e ./err_files/1000/15.err;OMP_NUM_THREADS=1 mpiexec ./prog 1000> was submitted from host <polus-ib.bmc.hpc.cs.msu.ru> by user <edu-cmc-sqi21-01> in cluster <MSUCluster> at Fri Mar 24 15:14:25 2023
Job was executed on host(s) <9*polus-c4-ib.bmc.hpc.cs.msu.ru>, in queue <short>, as user <edu-cmc-sqi21-01> in cluster <MSUCluster> at Fri Mar 24 15:17:20 2023
                            <6*polus-c2-ib.bmc.hpc.cs.msu.ru>
</home_edu/edu-cmc-sqi21/edu-cmc-sqi21-01> was used as the home directory.
</home_edu/edu-cmc-sqi21/edu-cmc-sqi21-01/SpecSem/SpecSem/KDTree> was used as the working directory.
Started at Fri Mar 24 15:17:20 2023
Terminated at Fri Mar 24 15:17:24 2023
Results reported at Fri Mar 24 15:17:24 2023

Your job looked like:

------------------------------------------------------------
# LSBATCH: User input
# this file was automaticly created by mpisubmit.pl script for edu-cmc-sqi21-01 #
source /polusfs/setenv/setup.SMPI
#BSUB -n 15
#BSUB -W 00:30
#BSUB -o ./out_files/1000/15.out
#BSUB -e ./err_files/1000/15.err
OMP_NUM_THREADS=1 mpiexec ./prog 1000

------------------------------------------------------------

Exited with exit code 139.

Resource usage summary:

    CPU time :                                   1.19 sec.
    Max Memory :                                 143 MB
    Average Memory :                             3.00 MB
    Total Requested Memory :                     -
    Delta Memory :                               -
    Max Swap :                                   2 MB
    Max Processes :                              13
    Max Threads :                                36
    Run time :                                   3 sec.
    Turnaround time :                            179 sec.

The output (if any) follows:

Main is sending
1000
Built time: 0.00154591
--------------------------------------------------------------------------
mpiexec noticed that process rank 0 with PID 0 on node polus-c4-ib exited on signal 11 (Segmentation fault).
--------------------------------------------------------------------------


PS:

Read file <./err_files/1000/15.err> for stderr output of this job.

Sender: LSF System <lsfadmin@polus-c4-ib.bmc.hpc.cs.msu.ru>
Subject: Job 1035880: <# this file was automaticly created by mpisubmit.pl script for edu-cmc-sqi21-01 #;source /polusfs/setenv/setup.SMPI;#BSUB -n 15;#BSUB -W 00:30;#BSUB -o ./out_files/1000/15.out;#BSUB -e ./err_files/1000/15.err;OMP_NUM_THREADS=1 mpiexec ./prog 1000> in cluster <MSUCluster> Exited

Job <# this file was automaticly created by mpisubmit.pl script for edu-cmc-sqi21-01 #;source /polusfs/setenv/setup.SMPI;#BSUB -n 15;#BSUB -W 00:30;#BSUB -o ./out_files/1000/15.out;#BSUB -e ./err_files/1000/15.err;OMP_NUM_THREADS=1 mpiexec ./prog 1000> was submitted from host <polus-ib.bmc.hpc.cs.msu.ru> by user <edu-cmc-sqi21-01> in cluster <MSUCluster> at Fri Mar 24 15:14:26 2023
Job was executed on host(s) <10*polus-c4-ib.bmc.hpc.cs.msu.ru>, in queue <short>, as user <edu-cmc-sqi21-01> in cluster <MSUCluster> at Fri Mar 24 15:21:11 2023
                            <5*polus-c2-ib.bmc.hpc.cs.msu.ru>
</home_edu/edu-cmc-sqi21/edu-cmc-sqi21-01> was used as the home directory.
</home_edu/edu-cmc-sqi21/edu-cmc-sqi21-01/SpecSem/SpecSem/KDTree> was used as the working directory.
Started at Fri Mar 24 15:21:11 2023
Terminated at Fri Mar 24 15:21:14 2023
Results reported at Fri Mar 24 15:21:14 2023

Your job looked like:

------------------------------------------------------------
# LSBATCH: User input
# this file was automaticly created by mpisubmit.pl script for edu-cmc-sqi21-01 #
source /polusfs/setenv/setup.SMPI
#BSUB -n 15
#BSUB -W 00:30
#BSUB -o ./out_files/1000/15.out
#BSUB -e ./err_files/1000/15.err
OMP_NUM_THREADS=1 mpiexec ./prog 1000

------------------------------------------------------------

Exited with exit code 139.

Resource usage summary:

    CPU time :                                   4.00 sec.
    Max Memory :                                 18 MB
    Average Memory :                             12.33 MB
    Total Requested Memory :                     -
    Delta Memory :                               -
    Max Swap :                                   -
    Max Processes :                              4
    Max Threads :                                9
    Run time :                                   8 sec.
    Turnaround time :                            408 sec.

The output (if any) follows:

Main is sending
1000
Built time: 0.00177288
--------------------------------------------------------------------------
mpiexec noticed that process rank 0 with PID 0 on node polus-c4-ib exited on signal 11 (Segmentation fault).
--------------------------------------------------------------------------


PS:

Read file <./err_files/1000/15.err> for stderr output of this job.

Sender: LSF System <lsfadmin@polus-c4-ib.bmc.hpc.cs.msu.ru>
Subject: Job 1035900: <# this file was automaticly created by mpisubmit.pl script for edu-cmc-sqi21-01 #;source /polusfs/setenv/setup.SMPI;#BSUB -n 15;#BSUB -W 00:30;#BSUB -o ./out_files/1000/15.out;#BSUB -e ./err_files/1000/15.err;OMP_NUM_THREADS=1 mpiexec ./prog 1000> in cluster <MSUCluster> Exited

Job <# this file was automaticly created by mpisubmit.pl script for edu-cmc-sqi21-01 #;source /polusfs/setenv/setup.SMPI;#BSUB -n 15;#BSUB -W 00:30;#BSUB -o ./out_files/1000/15.out;#BSUB -e ./err_files/1000/15.err;OMP_NUM_THREADS=1 mpiexec ./prog 1000> was submitted from host <polus-ib.bmc.hpc.cs.msu.ru> by user <edu-cmc-sqi21-01> in cluster <MSUCluster> at Fri Mar 24 15:14:26 2023
Job was executed on host(s) <10*polus-c4-ib.bmc.hpc.cs.msu.ru>, in queue <short>, as user <edu-cmc-sqi21-01> in cluster <MSUCluster> at Fri Mar 24 15:21:32 2023
                            <5*polus-c2-ib.bmc.hpc.cs.msu.ru>
</home_edu/edu-cmc-sqi21/edu-cmc-sqi21-01> was used as the home directory.
</home_edu/edu-cmc-sqi21/edu-cmc-sqi21-01/SpecSem/SpecSem/KDTree> was used as the working directory.
Started at Fri Mar 24 15:21:32 2023
Terminated at Fri Mar 24 15:21:34 2023
Results reported at Fri Mar 24 15:21:34 2023

Your job looked like:

------------------------------------------------------------
# LSBATCH: User input
# this file was automaticly created by mpisubmit.pl script for edu-cmc-sqi21-01 #
source /polusfs/setenv/setup.SMPI
#BSUB -n 15
#BSUB -W 00:30
#BSUB -o ./out_files/1000/15.out
#BSUB -e ./err_files/1000/15.err
OMP_NUM_THREADS=1 mpiexec ./prog 1000

------------------------------------------------------------

Exited with exit code 139.

Resource usage summary:

    CPU time :                                   3.00 sec.
    Max Memory :                                 18 MB
    Average Memory :                             12.33 MB
    Total Requested Memory :                     -
    Delta Memory :                               -
    Max Swap :                                   -
    Max Processes :                              4
    Max Threads :                                9
    Run time :                                   2 sec.
    Turnaround time :                            428 sec.

The output (if any) follows:

Main is sending
1000
Built time: 0.00149512
--------------------------------------------------------------------------
mpiexec noticed that process rank 0 with PID 0 on node polus-c4-ib exited on signal 11 (Segmentation fault).
--------------------------------------------------------------------------


PS:

Read file <./err_files/1000/15.err> for stderr output of this job.

Sender: LSF System <lsfadmin@polus-c2-ib.bmc.hpc.cs.msu.ru>
Subject: Job 1035920: <# this file was automaticly created by mpisubmit.pl script for edu-cmc-sqi21-01 #;source /polusfs/setenv/setup.SMPI;#BSUB -n 15;#BSUB -W 00:30;#BSUB -o ./out_files/1000/15.out;#BSUB -e ./err_files/1000/15.err;OMP_NUM_THREADS=1 mpiexec ./prog 1000> in cluster <MSUCluster> Exited

Job <# this file was automaticly created by mpisubmit.pl script for edu-cmc-sqi21-01 #;source /polusfs/setenv/setup.SMPI;#BSUB -n 15;#BSUB -W 00:30;#BSUB -o ./out_files/1000/15.out;#BSUB -e ./err_files/1000/15.err;OMP_NUM_THREADS=1 mpiexec ./prog 1000> was submitted from host <polus-ib.bmc.hpc.cs.msu.ru> by user <edu-cmc-sqi21-01> in cluster <MSUCluster> at Fri Mar 24 15:14:27 2023
Job was executed on host(s) <5*polus-c2-ib.bmc.hpc.cs.msu.ru>, in queue <short>, as user <edu-cmc-sqi21-01> in cluster <MSUCluster> at Fri Mar 24 15:21:49 2023
                            <10*polus-c4-ib.bmc.hpc.cs.msu.ru>
</home_edu/edu-cmc-sqi21/edu-cmc-sqi21-01> was used as the home directory.
</home_edu/edu-cmc-sqi21/edu-cmc-sqi21-01/SpecSem/SpecSem/KDTree> was used as the working directory.
Started at Fri Mar 24 15:21:49 2023
Terminated at Fri Mar 24 15:21:52 2023
Results reported at Fri Mar 24 15:21:52 2023

Your job looked like:

------------------------------------------------------------
# LSBATCH: User input
# this file was automaticly created by mpisubmit.pl script for edu-cmc-sqi21-01 #
source /polusfs/setenv/setup.SMPI
#BSUB -n 15
#BSUB -W 00:30
#BSUB -o ./out_files/1000/15.out
#BSUB -e ./err_files/1000/15.err
OMP_NUM_THREADS=1 mpiexec ./prog 1000

------------------------------------------------------------

Exited with exit code 139.

Resource usage summary:

    CPU time :                                   3.00 sec.
    Max Memory :                                 18 MB
    Average Memory :                             12.33 MB
    Total Requested Memory :                     -
    Delta Memory :                               -
    Max Swap :                                   -
    Max Processes :                              4
    Max Threads :                                9
    Run time :                                   4 sec.
    Turnaround time :                            445 sec.

The output (if any) follows:

Main is sending
1000
Built time: 0.00484014
--------------------------------------------------------------------------
mpiexec noticed that process rank 0 with PID 0 on node polus-c2-ib exited on signal 11 (Segmentation fault).
--------------------------------------------------------------------------


PS:

Read file <./err_files/1000/15.err> for stderr output of this job.

