Sender: LSF System <lsfadmin@polus-c4-ib.bmc.hpc.cs.msu.ru>
Subject: Job 1035947: <# this file was automaticly created by mpisubmit.pl script for edu-cmc-sqi21-01 #;source /polusfs/setenv/setup.SMPI;#BSUB -n 16;#BSUB -W 00:30;#BSUB -o ./out_files/1000/16.out;#BSUB -e ./err_files/1000/16.err;OMP_NUM_THREADS=1 mpiexec ./prog 1000> in cluster <MSUCluster> Exited

Job <# this file was automaticly created by mpisubmit.pl script for edu-cmc-sqi21-01 #;source /polusfs/setenv/setup.SMPI;#BSUB -n 16;#BSUB -W 00:30;#BSUB -o ./out_files/1000/16.out;#BSUB -e ./err_files/1000/16.err;OMP_NUM_THREADS=1 mpiexec ./prog 1000> was submitted from host <polus-ib.bmc.hpc.cs.msu.ru> by user <edu-cmc-sqi21-01> in cluster <MSUCluster> at Fri Mar 24 15:52:29 2023
Job was executed on host(s) <12*polus-c4-ib.bmc.hpc.cs.msu.ru>, in queue <short>, as user <edu-cmc-sqi21-01> in cluster <MSUCluster> at Fri Mar 24 15:54:00 2023
                            <4*polus-c2-ib.bmc.hpc.cs.msu.ru>
</home_edu/edu-cmc-sqi21/edu-cmc-sqi21-01> was used as the home directory.
</home_edu/edu-cmc-sqi21/edu-cmc-sqi21-01/SpecSem/SpecSem/KDTree> was used as the working directory.
Started at Fri Mar 24 15:54:00 2023
Terminated at Fri Mar 24 15:54:02 2023
Results reported at Fri Mar 24 15:54:02 2023

Your job looked like:

------------------------------------------------------------
# LSBATCH: User input
# this file was automaticly created by mpisubmit.pl script for edu-cmc-sqi21-01 #
source /polusfs/setenv/setup.SMPI
#BSUB -n 16
#BSUB -W 00:30
#BSUB -o ./out_files/1000/16.out
#BSUB -e ./err_files/1000/16.err
OMP_NUM_THREADS=1 mpiexec ./prog 1000

------------------------------------------------------------

Exited with exit code 6.

Resource usage summary:

    CPU time :                                   2.00 sec.
    Max Memory :                                 18 MB
    Average Memory :                             12.33 MB
    Total Requested Memory :                     -
    Delta Memory :                               -
    Max Swap :                                   -
    Max Processes :                              4
    Max Threads :                                9
    Run time :                                   3 sec.
    Turnaround time :                            93 sec.

The output (if any) follows:

[polus-c4-ib:65264] *** An error occurred in MPI_Send
[polus-c4-ib:65264] *** reported by process [1499922433,8]
[polus-c4-ib:65264] *** on communicator MPI_COMM_WORLD
[polus-c4-ib:65264] *** MPI_ERR_RANK: invalid rank
[polus-c4-ib:65264] *** MPI_ERRORS_ARE_FATAL (processes in this communicator will now abort,
[polus-c4-ib:65264] ***    and potentially your MPI job)
Main is sending
1000
Built time: 0.00145292
My rank: 0, data size: 0


PS:

Read file <./err_files/1000/16.err> for stderr output of this job.

Sender: LSF System <lsfadmin@polus-c4-ib.bmc.hpc.cs.msu.ru>
Subject: Job 1035977: <# this file was automaticly created by mpisubmit.pl script for edu-cmc-sqi21-01 #;source /polusfs/setenv/setup.SMPI;#BSUB -n 16;#BSUB -W 00:30;#BSUB -o ./out_files/1000/16.out;#BSUB -e ./err_files/1000/16.err;OMP_NUM_THREADS=1 mpiexec ./prog 1000> in cluster <MSUCluster> Exited

Job <# this file was automaticly created by mpisubmit.pl script for edu-cmc-sqi21-01 #;source /polusfs/setenv/setup.SMPI;#BSUB -n 16;#BSUB -W 00:30;#BSUB -o ./out_files/1000/16.out;#BSUB -e ./err_files/1000/16.err;OMP_NUM_THREADS=1 mpiexec ./prog 1000> was submitted from host <polus-ib.bmc.hpc.cs.msu.ru> by user <edu-cmc-sqi21-01> in cluster <MSUCluster> at Fri Mar 24 15:52:30 2023
Job was executed on host(s) <16*polus-c4-ib.bmc.hpc.cs.msu.ru>, in queue <short>, as user <edu-cmc-sqi21-01> in cluster <MSUCluster> at Fri Mar 24 15:54:41 2023
</home_edu/edu-cmc-sqi21/edu-cmc-sqi21-01> was used as the home directory.
</home_edu/edu-cmc-sqi21/edu-cmc-sqi21-01/SpecSem/SpecSem/KDTree> was used as the working directory.
Started at Fri Mar 24 15:54:41 2023
Terminated at Fri Mar 24 15:54:42 2023
Results reported at Fri Mar 24 15:54:42 2023

Your job looked like:

------------------------------------------------------------
# LSBATCH: User input
# this file was automaticly created by mpisubmit.pl script for edu-cmc-sqi21-01 #
source /polusfs/setenv/setup.SMPI
#BSUB -n 16
#BSUB -W 00:30
#BSUB -o ./out_files/1000/16.out
#BSUB -e ./err_files/1000/16.err
OMP_NUM_THREADS=1 mpiexec ./prog 1000

------------------------------------------------------------

Exited with exit code 6.

Resource usage summary:

    CPU time :                                   1.00 sec.
    Max Memory :                                 1 MB
    Average Memory :                             0.33 MB
    Total Requested Memory :                     -
    Delta Memory :                               -
    Max Swap :                                   -
    Max Processes :                              16
    Max Threads :                                16
    Run time :                                   2 sec.
    Turnaround time :                            132 sec.

The output (if any) follows:

[polus-c4-ib:66184] *** An error occurred in MPI_Send
[polus-c4-ib:66184] *** reported by process [2782003201,10]
[polus-c4-ib:66184] *** on communicator MPI_COMM_WORLD
[polus-c4-ib:66184] *** MPI_ERR_RANK: invalid rank
[polus-c4-ib:66184] *** MPI_ERRORS_ARE_FATAL (processes in this communicator will now abort,
[polus-c4-ib:66184] ***    and potentially your MPI job)
Main is sending
1000
Built time: 0.00233698
My rank: 0, data size: 0


PS:

Read file <./err_files/1000/16.err> for stderr output of this job.

Sender: LSF System <lsfadmin@polus-c4-ib.bmc.hpc.cs.msu.ru>
Subject: Job 1036007: <# this file was automaticly created by mpisubmit.pl script for edu-cmc-sqi21-01 #;source /polusfs/setenv/setup.SMPI;#BSUB -n 16;#BSUB -W 00:30;#BSUB -o ./out_files/1000/16.out;#BSUB -e ./err_files/1000/16.err;OMP_NUM_THREADS=1 mpiexec ./prog 1000> in cluster <MSUCluster> Exited

Job <# this file was automaticly created by mpisubmit.pl script for edu-cmc-sqi21-01 #;source /polusfs/setenv/setup.SMPI;#BSUB -n 16;#BSUB -W 00:30;#BSUB -o ./out_files/1000/16.out;#BSUB -e ./err_files/1000/16.err;OMP_NUM_THREADS=1 mpiexec ./prog 1000> was submitted from host <polus-ib.bmc.hpc.cs.msu.ru> by user <edu-cmc-sqi21-01> in cluster <MSUCluster> at Fri Mar 24 15:52:31 2023
Job was executed on host(s) <16*polus-c4-ib.bmc.hpc.cs.msu.ru>, in queue <short>, as user <edu-cmc-sqi21-01> in cluster <MSUCluster> at Fri Mar 24 15:55:50 2023
</home_edu/edu-cmc-sqi21/edu-cmc-sqi21-01> was used as the home directory.
</home_edu/edu-cmc-sqi21/edu-cmc-sqi21-01/SpecSem/SpecSem/KDTree> was used as the working directory.
Started at Fri Mar 24 15:55:50 2023
Terminated at Fri Mar 24 15:55:52 2023
Results reported at Fri Mar 24 15:55:52 2023

Your job looked like:

------------------------------------------------------------
# LSBATCH: User input
# this file was automaticly created by mpisubmit.pl script for edu-cmc-sqi21-01 #
source /polusfs/setenv/setup.SMPI
#BSUB -n 16
#BSUB -W 00:30
#BSUB -o ./out_files/1000/16.out
#BSUB -e ./err_files/1000/16.err
OMP_NUM_THREADS=1 mpiexec ./prog 1000

------------------------------------------------------------

Exited with exit code 6.

Resource usage summary:

    CPU time :                                   1.00 sec.
    Max Memory :                                 216 MB
    Average Memory :                             0.33 MB
    Total Requested Memory :                     -
    Delta Memory :                               -
    Max Swap :                                   -
    Max Processes :                              20
    Max Threads :                                57
    Run time :                                   2 sec.
    Turnaround time :                            201 sec.

The output (if any) follows:

[polus-c4-ib:67808] *** An error occurred in MPI_Send
[polus-c4-ib:67808] *** reported by process [2943549441,10]
[polus-c4-ib:67808] *** on communicator MPI_COMM_WORLD
[polus-c4-ib:67808] *** MPI_ERR_RANK: invalid rank
[polus-c4-ib:67808] *** MPI_ERRORS_ARE_FATAL (processes in this communicator will now abort,
[polus-c4-ib:67808] ***    and potentially your MPI job)
Main is sending
1000
Built time: 0.00135589
My rank: 0, data size: 0


PS:

Read file <./err_files/1000/16.err> for stderr output of this job.

Sender: LSF System <lsfadmin@polus-c2-ib.bmc.hpc.cs.msu.ru>
Subject: Job 1036037: <# this file was automaticly created by mpisubmit.pl script for edu-cmc-sqi21-01 #;source /polusfs/setenv/setup.SMPI;#BSUB -n 16;#BSUB -W 00:30;#BSUB -o ./out_files/1000/16.out;#BSUB -e ./err_files/1000/16.err;OMP_NUM_THREADS=1 mpiexec ./prog 1000> in cluster <MSUCluster> Exited

Job <# this file was automaticly created by mpisubmit.pl script for edu-cmc-sqi21-01 #;source /polusfs/setenv/setup.SMPI;#BSUB -n 16;#BSUB -W 00:30;#BSUB -o ./out_files/1000/16.out;#BSUB -e ./err_files/1000/16.err;OMP_NUM_THREADS=1 mpiexec ./prog 1000> was submitted from host <polus-ib.bmc.hpc.cs.msu.ru> by user <edu-cmc-sqi21-01> in cluster <MSUCluster> at Fri Mar 24 15:52:32 2023
Job was executed on host(s) <12*polus-c2-ib.bmc.hpc.cs.msu.ru>, in queue <short>, as user <edu-cmc-sqi21-01> in cluster <MSUCluster> at Fri Mar 24 15:56:09 2023
                            <4*polus-c4-ib.bmc.hpc.cs.msu.ru>
</home_edu/edu-cmc-sqi21/edu-cmc-sqi21-01> was used as the home directory.
</home_edu/edu-cmc-sqi21/edu-cmc-sqi21-01/SpecSem/SpecSem/KDTree> was used as the working directory.
Started at Fri Mar 24 15:56:09 2023
Terminated at Fri Mar 24 15:56:14 2023
Results reported at Fri Mar 24 15:56:14 2023

Your job looked like:

------------------------------------------------------------
# LSBATCH: User input
# this file was automaticly created by mpisubmit.pl script for edu-cmc-sqi21-01 #
source /polusfs/setenv/setup.SMPI
#BSUB -n 16
#BSUB -W 00:30
#BSUB -o ./out_files/1000/16.out
#BSUB -e ./err_files/1000/16.err
OMP_NUM_THREADS=1 mpiexec ./prog 1000

------------------------------------------------------------

Exited with exit code 6.

Resource usage summary:

    CPU time :                                   4.00 sec.
    Max Memory :                                 171 MB
    Average Memory :                             2.33 MB
    Total Requested Memory :                     -
    Delta Memory :                               -
    Max Swap :                                   -
    Max Processes :                              16
    Max Threads :                                45
    Run time :                                   4 sec.
    Turnaround time :                            222 sec.

The output (if any) follows:

Main is sending
1000
[polus-c4-ib:68350] *** An error occurred in MPI_Send
[polus-c4-ib:68350] *** reported by process [3867410433,12]
[polus-c4-ib:68350] *** on communicator MPI_COMM_WORLD
[polus-c4-ib:68350] *** MPI_ERR_RANK: invalid rank
[polus-c4-ib:68350] *** MPI_ERRORS_ARE_FATAL (processes in this communicator will now abort,
[polus-c4-ib:68350] ***    and potentially your MPI job)
Built time: 0.00526094
My rank: 0, data size: 0


PS:

Read file <./err_files/1000/16.err> for stderr output of this job.

