Sender: LSF System <lsfadmin@polus-c2-ib.bmc.hpc.cs.msu.ru>
Subject: Job 1035343: <# this file was automaticly created by mpisubmit.pl script for edu-cmc-sqi21-01 #;source /polusfs/setenv/setup.SMPI;#BSUB -n 2;#BSUB -W 00:30;#BSUB -o ./out_files/1000/2.out;#BSUB -e ./err_files/1000/2.err;OMP_NUM_THREADS=1 mpiexec ./prog 1000> in cluster <MSUCluster> Exited

Job <# this file was automaticly created by mpisubmit.pl script for edu-cmc-sqi21-01 #;source /polusfs/setenv/setup.SMPI;#BSUB -n 2;#BSUB -W 00:30;#BSUB -o ./out_files/1000/2.out;#BSUB -e ./err_files/1000/2.err;OMP_NUM_THREADS=1 mpiexec ./prog 1000> was submitted from host <polus-ib.bmc.hpc.cs.msu.ru> by user <edu-cmc-sqi21-01> in cluster <MSUCluster> at Fri Mar 24 14:59:23 2023
Job was executed on host(s) <2*polus-c2-ib.bmc.hpc.cs.msu.ru>, in queue <short>, as user <edu-cmc-sqi21-01> in cluster <MSUCluster> at Fri Mar 24 14:59:29 2023
</home_edu/edu-cmc-sqi21/edu-cmc-sqi21-01> was used as the home directory.
</home_edu/edu-cmc-sqi21/edu-cmc-sqi21-01/SpecSem/SpecSem/KDTree> was used as the working directory.
Started at Fri Mar 24 14:59:29 2023
Terminated at Fri Mar 24 14:59:31 2023
Results reported at Fri Mar 24 14:59:31 2023

Your job looked like:

------------------------------------------------------------
# LSBATCH: User input
# this file was automaticly created by mpisubmit.pl script for edu-cmc-sqi21-01 #
source /polusfs/setenv/setup.SMPI
#BSUB -n 2
#BSUB -W 00:30
#BSUB -o ./out_files/1000/2.out
#BSUB -e ./err_files/1000/2.err
OMP_NUM_THREADS=1 mpiexec ./prog 1000

------------------------------------------------------------

Exited with exit code 213.

Resource usage summary:

    CPU time :                                   1.05 sec.
    Max Memory :                                 17 MB
    Average Memory :                             11.67 MB
    Total Requested Memory :                     -
    Delta Memory :                               -
    Max Swap :                                   -
    Max Processes :                              4
    Max Threads :                                6
    Run time :                                   2 sec.
    Turnaround time :                            8 sec.

The output (if any) follows:

--------------------------------------------------------------------------
Open MPI tried to fork a new process via the "execve" system call but
failed.  Open MPI checks many things before attempting to launch a
child process, but nothing is perfect. This error may be indicative
of another problem on the target host, or even something as silly as
having specified a directory for your application. Your job will now
abort.

  Local host:        polus-c2-ib
  Application name:  ./prog
  Error:             Exec format error
--------------------------------------------------------------------------
2 total processes failed to start


PS:

Read file <./err_files/1000/2.err> for stderr output of this job.

Sender: LSF System <lsfadmin@polus-c2-ib.bmc.hpc.cs.msu.ru>
Subject: Job 1035373: <# this file was automaticly created by mpisubmit.pl script for edu-cmc-sqi21-01 #;source /polusfs/setenv/setup.SMPI;#BSUB -n 2;#BSUB -W 00:30;#BSUB -o ./out_files/1000/2.out;#BSUB -e ./err_files/1000/2.err;OMP_NUM_THREADS=1 mpiexec ./prog 1000> in cluster <MSUCluster> Exited

Job <# this file was automaticly created by mpisubmit.pl script for edu-cmc-sqi21-01 #;source /polusfs/setenv/setup.SMPI;#BSUB -n 2;#BSUB -W 00:30;#BSUB -o ./out_files/1000/2.out;#BSUB -e ./err_files/1000/2.err;OMP_NUM_THREADS=1 mpiexec ./prog 1000> was submitted from host <polus-ib.bmc.hpc.cs.msu.ru> by user <edu-cmc-sqi21-01> in cluster <MSUCluster> at Fri Mar 24 14:59:24 2023
Job was executed on host(s) <2*polus-c2-ib.bmc.hpc.cs.msu.ru>, in queue <short>, as user <edu-cmc-sqi21-01> in cluster <MSUCluster> at Fri Mar 24 14:59:44 2023
</home_edu/edu-cmc-sqi21/edu-cmc-sqi21-01> was used as the home directory.
</home_edu/edu-cmc-sqi21/edu-cmc-sqi21-01/SpecSem/SpecSem/KDTree> was used as the working directory.
Started at Fri Mar 24 14:59:44 2023
Terminated at Fri Mar 24 14:59:47 2023
Results reported at Fri Mar 24 14:59:47 2023

Your job looked like:

------------------------------------------------------------
# LSBATCH: User input
# this file was automaticly created by mpisubmit.pl script for edu-cmc-sqi21-01 #
source /polusfs/setenv/setup.SMPI
#BSUB -n 2
#BSUB -W 00:30
#BSUB -o ./out_files/1000/2.out
#BSUB -e ./err_files/1000/2.err
OMP_NUM_THREADS=1 mpiexec ./prog 1000

------------------------------------------------------------

Exited with exit code 213.

Resource usage summary:

    CPU time :                                   1.05 sec.
    Max Memory :                                 8 MB
    Average Memory :                             5.67 MB
    Total Requested Memory :                     -
    Delta Memory :                               -
    Max Swap :                                   -
    Max Processes :                              4
    Max Threads :                                5
    Run time :                                   3 sec.
    Turnaround time :                            23 sec.

The output (if any) follows:

--------------------------------------------------------------------------
Open MPI tried to fork a new process via the "execve" system call but
failed.  Open MPI checks many things before attempting to launch a
child process, but nothing is perfect. This error may be indicative
of another problem on the target host, or even something as silly as
having specified a directory for your application. Your job will now
abort.

  Local host:        polus-c2-ib
  Application name:  ./prog
  Error:             Exec format error
--------------------------------------------------------------------------
2 total processes failed to start


PS:

Read file <./err_files/1000/2.err> for stderr output of this job.

Sender: LSF System <lsfadmin@polus-c2-ib.bmc.hpc.cs.msu.ru>
Subject: Job 1035403: <# this file was automaticly created by mpisubmit.pl script for edu-cmc-sqi21-01 #;source /polusfs/setenv/setup.SMPI;#BSUB -n 2;#BSUB -W 00:30;#BSUB -o ./out_files/1000/2.out;#BSUB -e ./err_files/1000/2.err;OMP_NUM_THREADS=1 mpiexec ./prog 1000> in cluster <MSUCluster> Exited

Job <# this file was automaticly created by mpisubmit.pl script for edu-cmc-sqi21-01 #;source /polusfs/setenv/setup.SMPI;#BSUB -n 2;#BSUB -W 00:30;#BSUB -o ./out_files/1000/2.out;#BSUB -e ./err_files/1000/2.err;OMP_NUM_THREADS=1 mpiexec ./prog 1000> was submitted from host <polus-ib.bmc.hpc.cs.msu.ru> by user <edu-cmc-sqi21-01> in cluster <MSUCluster> at Fri Mar 24 14:59:25 2023
Job was executed on host(s) <2*polus-c2-ib.bmc.hpc.cs.msu.ru>, in queue <short>, as user <edu-cmc-sqi21-01> in cluster <MSUCluster> at Fri Mar 24 15:00:11 2023
</home_edu/edu-cmc-sqi21/edu-cmc-sqi21-01> was used as the home directory.
</home_edu/edu-cmc-sqi21/edu-cmc-sqi21-01/SpecSem/SpecSem/KDTree> was used as the working directory.
Started at Fri Mar 24 15:00:11 2023
Terminated at Fri Mar 24 15:00:13 2023
Results reported at Fri Mar 24 15:00:13 2023

Your job looked like:

------------------------------------------------------------
# LSBATCH: User input
# this file was automaticly created by mpisubmit.pl script for edu-cmc-sqi21-01 #
source /polusfs/setenv/setup.SMPI
#BSUB -n 2
#BSUB -W 00:30
#BSUB -o ./out_files/1000/2.out
#BSUB -e ./err_files/1000/2.err
OMP_NUM_THREADS=1 mpiexec ./prog 1000

------------------------------------------------------------

Exited with exit code 213.

Resource usage summary:

    CPU time :                                   1.08 sec.
    Max Memory :                                 17 MB
    Average Memory :                             11.67 MB
    Total Requested Memory :                     -
    Delta Memory :                               -
    Max Swap :                                   -
    Max Processes :                              5
    Max Threads :                                6
    Run time :                                   2 sec.
    Turnaround time :                            48 sec.

The output (if any) follows:

--------------------------------------------------------------------------
Open MPI tried to fork a new process via the "execve" system call but
failed.  Open MPI checks many things before attempting to launch a
child process, but nothing is perfect. This error may be indicative
of another problem on the target host, or even something as silly as
having specified a directory for your application. Your job will now
abort.

  Local host:        polus-c2-ib
  Application name:  ./prog
  Error:             Exec format error
--------------------------------------------------------------------------
2 total processes failed to start


PS:

Read file <./err_files/1000/2.err> for stderr output of this job.

Sender: LSF System <lsfadmin@polus-c2-ib.bmc.hpc.cs.msu.ru>
Subject: Job 1035433: <# this file was automaticly created by mpisubmit.pl script for edu-cmc-sqi21-01 #;source /polusfs/setenv/setup.SMPI;#BSUB -n 2;#BSUB -W 00:30;#BSUB -o ./out_files/1000/2.out;#BSUB -e ./err_files/1000/2.err;OMP_NUM_THREADS=1 mpiexec ./prog 1000> in cluster <MSUCluster> Exited

Job <# this file was automaticly created by mpisubmit.pl script for edu-cmc-sqi21-01 #;source /polusfs/setenv/setup.SMPI;#BSUB -n 2;#BSUB -W 00:30;#BSUB -o ./out_files/1000/2.out;#BSUB -e ./err_files/1000/2.err;OMP_NUM_THREADS=1 mpiexec ./prog 1000> was submitted from host <polus-ib.bmc.hpc.cs.msu.ru> by user <edu-cmc-sqi21-01> in cluster <MSUCluster> at Fri Mar 24 14:59:26 2023
Job was executed on host(s) <2*polus-c2-ib.bmc.hpc.cs.msu.ru>, in queue <short>, as user <edu-cmc-sqi21-01> in cluster <MSUCluster> at Fri Mar 24 15:00:19 2023
</home_edu/edu-cmc-sqi21/edu-cmc-sqi21-01> was used as the home directory.
</home_edu/edu-cmc-sqi21/edu-cmc-sqi21-01/SpecSem/SpecSem/KDTree> was used as the working directory.
Started at Fri Mar 24 15:00:19 2023
Terminated at Fri Mar 24 15:00:21 2023
Results reported at Fri Mar 24 15:00:21 2023

Your job looked like:

------------------------------------------------------------
# LSBATCH: User input
# this file was automaticly created by mpisubmit.pl script for edu-cmc-sqi21-01 #
source /polusfs/setenv/setup.SMPI
#BSUB -n 2
#BSUB -W 00:30
#BSUB -o ./out_files/1000/2.out
#BSUB -e ./err_files/1000/2.err
OMP_NUM_THREADS=1 mpiexec ./prog 1000

------------------------------------------------------------

Exited with exit code 213.

Resource usage summary:

    CPU time :                                   1.09 sec.
    Max Memory :                                 17 MB
    Average Memory :                             11.67 MB
    Total Requested Memory :                     -
    Delta Memory :                               -
    Max Swap :                                   -
    Max Processes :                              4
    Max Threads :                                6
    Run time :                                   2 sec.
    Turnaround time :                            55 sec.

The output (if any) follows:

--------------------------------------------------------------------------
Open MPI tried to fork a new process via the "execve" system call but
failed.  Open MPI checks many things before attempting to launch a
child process, but nothing is perfect. This error may be indicative
of another problem on the target host, or even something as silly as
having specified a directory for your application. Your job will now
abort.

  Local host:        polus-c2-ib
  Application name:  ./prog
  Error:             Exec format error
--------------------------------------------------------------------------
2 total processes failed to start


PS:

Read file <./err_files/1000/2.err> for stderr output of this job.

