Sender: LSF System <lsfadmin@polus-c2-ib.bmc.hpc.cs.msu.ru>
Subject: Job 1035861: <# this file was automaticly created by mpisubmit.pl script for edu-cmc-sqi21-01 #;source /polusfs/setenv/setup.SMPI;#BSUB -n 31;#BSUB -W 00:30;#BSUB -o ./out_files/1000/31.out;#BSUB -e ./err_files/1000/31.err;OMP_NUM_THREADS=1 mpiexec ./prog 1000> in cluster <MSUCluster> Exited

Job <# this file was automaticly created by mpisubmit.pl script for edu-cmc-sqi21-01 #;source /polusfs/setenv/setup.SMPI;#BSUB -n 31;#BSUB -W 00:30;#BSUB -o ./out_files/1000/31.out;#BSUB -e ./err_files/1000/31.err;OMP_NUM_THREADS=1 mpiexec ./prog 1000> was submitted from host <polus-ib.bmc.hpc.cs.msu.ru> by user <edu-cmc-sqi21-01> in cluster <MSUCluster> at Fri Mar 24 15:14:25 2023
Job was executed on host(s) <20*polus-c2-ib.bmc.hpc.cs.msu.ru>, in queue <short>, as user <edu-cmc-sqi21-01> in cluster <MSUCluster> at Fri Mar 24 15:20:37 2023
                            <11*polus-c4-ib.bmc.hpc.cs.msu.ru>
</home_edu/edu-cmc-sqi21/edu-cmc-sqi21-01> was used as the home directory.
</home_edu/edu-cmc-sqi21/edu-cmc-sqi21-01/SpecSem/SpecSem/KDTree> was used as the working directory.
Started at Fri Mar 24 15:20:37 2023
Terminated at Fri Mar 24 15:20:40 2023
Results reported at Fri Mar 24 15:20:40 2023

Your job looked like:

------------------------------------------------------------
# LSBATCH: User input
# this file was automaticly created by mpisubmit.pl script for edu-cmc-sqi21-01 #
source /polusfs/setenv/setup.SMPI
#BSUB -n 31
#BSUB -W 00:30
#BSUB -o ./out_files/1000/31.out
#BSUB -e ./err_files/1000/31.err
OMP_NUM_THREADS=1 mpiexec ./prog 1000

------------------------------------------------------------

Exited with exit code 139.

Resource usage summary:

    CPU time :                                   10.00 sec.
    Max Memory :                                 18 MB
    Average Memory :                             12.33 MB
    Total Requested Memory :                     -
    Delta Memory :                               -
    Max Swap :                                   -
    Max Processes :                              4
    Max Threads :                                9
    Run time :                                   8 sec.
    Turnaround time :                            375 sec.

The output (if any) follows:

Main is sending
1000
Built time: 0.00567603
--------------------------------------------------------------------------
mpiexec noticed that process rank 0 with PID 0 on node polus-c2-ib exited on signal 11 (Segmentation fault).
--------------------------------------------------------------------------


PS:

Read file <./err_files/1000/31.err> for stderr output of this job.

Sender: LSF System <lsfadmin@polus-c4-ib.bmc.hpc.cs.msu.ru>
Subject: Job 1035881: <# this file was automaticly created by mpisubmit.pl script for edu-cmc-sqi21-01 #;source /polusfs/setenv/setup.SMPI;#BSUB -n 31;#BSUB -W 00:30;#BSUB -o ./out_files/1000/31.out;#BSUB -e ./err_files/1000/31.err;OMP_NUM_THREADS=1 mpiexec ./prog 1000> in cluster <MSUCluster> Exited

Job <# this file was automaticly created by mpisubmit.pl script for edu-cmc-sqi21-01 #;source /polusfs/setenv/setup.SMPI;#BSUB -n 31;#BSUB -W 00:30;#BSUB -o ./out_files/1000/31.out;#BSUB -e ./err_files/1000/31.err;OMP_NUM_THREADS=1 mpiexec ./prog 1000> was submitted from host <polus-ib.bmc.hpc.cs.msu.ru> by user <edu-cmc-sqi21-01> in cluster <MSUCluster> at Fri Mar 24 15:14:26 2023
Job was executed on host(s) <20*polus-c4-ib.bmc.hpc.cs.msu.ru>, in queue <short>, as user <edu-cmc-sqi21-01> in cluster <MSUCluster> at Fri Mar 24 15:22:22 2023
                            <11*polus-c2-ib.bmc.hpc.cs.msu.ru>
</home_edu/edu-cmc-sqi21/edu-cmc-sqi21-01> was used as the home directory.
</home_edu/edu-cmc-sqi21/edu-cmc-sqi21-01/SpecSem/SpecSem/KDTree> was used as the working directory.
Started at Fri Mar 24 15:22:22 2023
Terminated at Fri Mar 24 15:22:25 2023
Results reported at Fri Mar 24 15:22:25 2023

Your job looked like:

------------------------------------------------------------
# LSBATCH: User input
# this file was automaticly created by mpisubmit.pl script for edu-cmc-sqi21-01 #
source /polusfs/setenv/setup.SMPI
#BSUB -n 31
#BSUB -W 00:30
#BSUB -o ./out_files/1000/31.out
#BSUB -e ./err_files/1000/31.err
OMP_NUM_THREADS=1 mpiexec ./prog 1000

------------------------------------------------------------

Exited with exit code 139.

Resource usage summary:

    CPU time :                                   6.00 sec.
    Max Memory :                                 18 MB
    Average Memory :                             12.33 MB
    Total Requested Memory :                     -
    Delta Memory :                               -
    Max Swap :                                   -
    Max Processes :                              4
    Max Threads :                                9
    Run time :                                   3 sec.
    Turnaround time :                            479 sec.

The output (if any) follows:

Main is sending
1000
Built time: 0.00283504
--------------------------------------------------------------------------
mpiexec noticed that process rank 0 with PID 0 on node polus-c4-ib exited on signal 11 (Segmentation fault).
--------------------------------------------------------------------------


PS:

Read file <./err_files/1000/31.err> for stderr output of this job.

Sender: LSF System <lsfadmin@polus-c4-ib.bmc.hpc.cs.msu.ru>
Subject: Job 1035901: <# this file was automaticly created by mpisubmit.pl script for edu-cmc-sqi21-01 #;source /polusfs/setenv/setup.SMPI;#BSUB -n 31;#BSUB -W 00:30;#BSUB -o ./out_files/1000/31.out;#BSUB -e ./err_files/1000/31.err;OMP_NUM_THREADS=1 mpiexec ./prog 1000> in cluster <MSUCluster> Exited

Job <# this file was automaticly created by mpisubmit.pl script for edu-cmc-sqi21-01 #;source /polusfs/setenv/setup.SMPI;#BSUB -n 31;#BSUB -W 00:30;#BSUB -o ./out_files/1000/31.out;#BSUB -e ./err_files/1000/31.err;OMP_NUM_THREADS=1 mpiexec ./prog 1000> was submitted from host <polus-ib.bmc.hpc.cs.msu.ru> by user <edu-cmc-sqi21-01> in cluster <MSUCluster> at Fri Mar 24 15:14:27 2023
Job was executed on host(s) <20*polus-c4-ib.bmc.hpc.cs.msu.ru>, in queue <short>, as user <edu-cmc-sqi21-01> in cluster <MSUCluster> at Fri Mar 24 15:23:30 2023
                            <11*polus-c2-ib.bmc.hpc.cs.msu.ru>
</home_edu/edu-cmc-sqi21/edu-cmc-sqi21-01> was used as the home directory.
</home_edu/edu-cmc-sqi21/edu-cmc-sqi21-01/SpecSem/SpecSem/KDTree> was used as the working directory.
Started at Fri Mar 24 15:23:30 2023
Terminated at Fri Mar 24 15:23:34 2023
Results reported at Fri Mar 24 15:23:34 2023

Your job looked like:

------------------------------------------------------------
# LSBATCH: User input
# this file was automaticly created by mpisubmit.pl script for edu-cmc-sqi21-01 #
source /polusfs/setenv/setup.SMPI
#BSUB -n 31
#BSUB -W 00:30
#BSUB -o ./out_files/1000/31.out
#BSUB -e ./err_files/1000/31.err
OMP_NUM_THREADS=1 mpiexec ./prog 1000

------------------------------------------------------------

Exited with exit code 139.

Resource usage summary:

    CPU time :                                   7.00 sec.
    Max Memory :                                 18 MB
    Average Memory :                             12.33 MB
    Total Requested Memory :                     -
    Delta Memory :                               -
    Max Swap :                                   -
    Max Processes :                              4
    Max Threads :                                9
    Run time :                                   3 sec.
    Turnaround time :                            547 sec.

The output (if any) follows:

Main is sending
1000
Built time: 0.00314999
--------------------------------------------------------------------------
mpiexec noticed that process rank 0 with PID 0 on node polus-c4-ib exited on signal 11 (Segmentation fault).
--------------------------------------------------------------------------


PS:

Read file <./err_files/1000/31.err> for stderr output of this job.

Sender: LSF System <lsfadmin@polus-c4-ib.bmc.hpc.cs.msu.ru>
Subject: Job 1035921: <# this file was automaticly created by mpisubmit.pl script for edu-cmc-sqi21-01 #;source /polusfs/setenv/setup.SMPI;#BSUB -n 31;#BSUB -W 00:30;#BSUB -o ./out_files/1000/31.out;#BSUB -e ./err_files/1000/31.err;OMP_NUM_THREADS=1 mpiexec ./prog 1000> in cluster <MSUCluster> Exited

Job <# this file was automaticly created by mpisubmit.pl script for edu-cmc-sqi21-01 #;source /polusfs/setenv/setup.SMPI;#BSUB -n 31;#BSUB -W 00:30;#BSUB -o ./out_files/1000/31.out;#BSUB -e ./err_files/1000/31.err;OMP_NUM_THREADS=1 mpiexec ./prog 1000> was submitted from host <polus-ib.bmc.hpc.cs.msu.ru> by user <edu-cmc-sqi21-01> in cluster <MSUCluster> at Fri Mar 24 15:14:27 2023
Job was executed on host(s) <20*polus-c4-ib.bmc.hpc.cs.msu.ru>, in queue <short>, as user <edu-cmc-sqi21-01> in cluster <MSUCluster> at Fri Mar 24 15:23:57 2023
                            <11*polus-c2-ib.bmc.hpc.cs.msu.ru>
</home_edu/edu-cmc-sqi21/edu-cmc-sqi21-01> was used as the home directory.
</home_edu/edu-cmc-sqi21/edu-cmc-sqi21-01/SpecSem/SpecSem/KDTree> was used as the working directory.
Started at Fri Mar 24 15:23:57 2023
Terminated at Fri Mar 24 15:24:00 2023
Results reported at Fri Mar 24 15:24:00 2023

Your job looked like:

------------------------------------------------------------
# LSBATCH: User input
# this file was automaticly created by mpisubmit.pl script for edu-cmc-sqi21-01 #
source /polusfs/setenv/setup.SMPI
#BSUB -n 31
#BSUB -W 00:30
#BSUB -o ./out_files/1000/31.out
#BSUB -e ./err_files/1000/31.err
OMP_NUM_THREADS=1 mpiexec ./prog 1000

------------------------------------------------------------

Exited with exit code 139.

Resource usage summary:

    CPU time :                                   5.00 sec.
    Max Memory :                                 18 MB
    Average Memory :                             12.33 MB
    Total Requested Memory :                     -
    Delta Memory :                               -
    Max Swap :                                   -
    Max Processes :                              4
    Max Threads :                                9
    Run time :                                   3 sec.
    Turnaround time :                            573 sec.

The output (if any) follows:

Main is sending
1000
Built time: 0.00318694
--------------------------------------------------------------------------
mpiexec noticed that process rank 0 with PID 0 on node polus-c4-ib exited on signal 11 (Segmentation fault).
--------------------------------------------------------------------------


PS:

Read file <./err_files/1000/31.err> for stderr output of this job.

