Sender: LSF System <lsfadmin@polus-c2-ib.bmc.hpc.cs.msu.ru>
Subject: Job 1035459: <# this file was automaticly created by mpisubmit.pl script for edu-cmc-sqi21-01 #;source /polusfs/setenv/setup.SMPI;#BSUB -n 7;#BSUB -W 00:30;#BSUB -o ./out_files/1000/7.out;#BSUB -e ./err_files/1000/7.err;OMP_NUM_THREADS=1 mpiexec ./prog 1000> in cluster <MSUCluster> Exited

Job <# this file was automaticly created by mpisubmit.pl script for edu-cmc-sqi21-01 #;source /polusfs/setenv/setup.SMPI;#BSUB -n 7;#BSUB -W 00:30;#BSUB -o ./out_files/1000/7.out;#BSUB -e ./err_files/1000/7.err;OMP_NUM_THREADS=1 mpiexec ./prog 1000> was submitted from host <polus-ib.bmc.hpc.cs.msu.ru> by user <edu-cmc-sqi21-01> in cluster <MSUCluster> at Fri Mar 24 14:59:27 2023
Job was executed on host(s) <7*polus-c2-ib.bmc.hpc.cs.msu.ru>, in queue <short>, as user <edu-cmc-sqi21-01> in cluster <MSUCluster> at Fri Mar 24 15:01:01 2023
</home_edu/edu-cmc-sqi21/edu-cmc-sqi21-01> was used as the home directory.
</home_edu/edu-cmc-sqi21/edu-cmc-sqi21-01/SpecSem/SpecSem/KDTree> was used as the working directory.
Started at Fri Mar 24 15:01:01 2023
Terminated at Fri Mar 24 15:01:04 2023
Results reported at Fri Mar 24 15:01:04 2023

Your job looked like:

------------------------------------------------------------
# LSBATCH: User input
# this file was automaticly created by mpisubmit.pl script for edu-cmc-sqi21-01 #
source /polusfs/setenv/setup.SMPI
#BSUB -n 7
#BSUB -W 00:30
#BSUB -o ./out_files/1000/7.out
#BSUB -e ./err_files/1000/7.err
OMP_NUM_THREADS=1 mpiexec ./prog 1000

------------------------------------------------------------

Exited with exit code 213.

Resource usage summary:

    CPU time :                                   1.07 sec.
    Max Memory :                                 17 MB
    Average Memory :                             11.67 MB
    Total Requested Memory :                     -
    Delta Memory :                               -
    Max Swap :                                   -
    Max Processes :                              4
    Max Threads :                                6
    Run time :                                   2 sec.
    Turnaround time :                            97 sec.

The output (if any) follows:

--------------------------------------------------------------------------
Open MPI tried to fork a new process via the "execve" system call but
failed.  Open MPI checks many things before attempting to launch a
child process, but nothing is perfect. This error may be indicative
of another problem on the target host, or even something as silly as
having specified a directory for your application. Your job will now
abort.

  Local host:        polus-c2-ib
  Application name:  ./prog
  Error:             Exec format error
--------------------------------------------------------------------------
7 total processes failed to start


PS:

Read file <./err_files/1000/7.err> for stderr output of this job.

Sender: LSF System <lsfadmin@polus-c4-ib.bmc.hpc.cs.msu.ru>
Subject: Job 1035479: <# this file was automaticly created by mpisubmit.pl script for edu-cmc-sqi21-01 #;source /polusfs/setenv/setup.SMPI;#BSUB -n 7;#BSUB -W 00:30;#BSUB -o ./out_files/1000/7.out;#BSUB -e ./err_files/1000/7.err;OMP_NUM_THREADS=1 mpiexec ./prog 1000> in cluster <MSUCluster> Exited

Job <# this file was automaticly created by mpisubmit.pl script for edu-cmc-sqi21-01 #;source /polusfs/setenv/setup.SMPI;#BSUB -n 7;#BSUB -W 00:30;#BSUB -o ./out_files/1000/7.out;#BSUB -e ./err_files/1000/7.err;OMP_NUM_THREADS=1 mpiexec ./prog 1000> was submitted from host <polus-ib.bmc.hpc.cs.msu.ru> by user <edu-cmc-sqi21-01> in cluster <MSUCluster> at Fri Mar 24 14:59:28 2023
Job was executed on host(s) <7*polus-c4-ib.bmc.hpc.cs.msu.ru>, in queue <short>, as user <edu-cmc-sqi21-01> in cluster <MSUCluster> at Fri Mar 24 15:01:19 2023
</home_edu/edu-cmc-sqi21/edu-cmc-sqi21-01> was used as the home directory.
</home_edu/edu-cmc-sqi21/edu-cmc-sqi21-01/SpecSem/SpecSem/KDTree> was used as the working directory.
Started at Fri Mar 24 15:01:19 2023
Terminated at Fri Mar 24 15:01:22 2023
Results reported at Fri Mar 24 15:01:22 2023

Your job looked like:

------------------------------------------------------------
# LSBATCH: User input
# this file was automaticly created by mpisubmit.pl script for edu-cmc-sqi21-01 #
source /polusfs/setenv/setup.SMPI
#BSUB -n 7
#BSUB -W 00:30
#BSUB -o ./out_files/1000/7.out
#BSUB -e ./err_files/1000/7.err
OMP_NUM_THREADS=1 mpiexec ./prog 1000

------------------------------------------------------------

Exited with exit code 213.

Resource usage summary:

    CPU time :                                   0.22 sec.
    Max Memory :                                 7 MB
    Average Memory :                             6.00 MB
    Total Requested Memory :                     -
    Delta Memory :                               -
    Max Swap :                                   -
    Max Processes :                              4
    Max Threads :                                5
    Run time :                                   3 sec.
    Turnaround time :                            114 sec.

The output (if any) follows:

--------------------------------------------------------------------------
Open MPI tried to fork a new process via the "execve" system call but
failed.  Open MPI checks many things before attempting to launch a
child process, but nothing is perfect. This error may be indicative
of another problem on the target host, or even something as silly as
having specified a directory for your application. Your job will now
abort.

  Local host:        polus-c4-ib
  Application name:  ./prog
  Error:             Exec format error
--------------------------------------------------------------------------
7 total processes failed to start


PS:

Read file <./err_files/1000/7.err> for stderr output of this job.

Sender: LSF System <lsfadmin@polus-c2-ib.bmc.hpc.cs.msu.ru>
Subject: Job 1035499: <# this file was automaticly created by mpisubmit.pl script for edu-cmc-sqi21-01 #;source /polusfs/setenv/setup.SMPI;#BSUB -n 7;#BSUB -W 00:30;#BSUB -o ./out_files/1000/7.out;#BSUB -e ./err_files/1000/7.err;OMP_NUM_THREADS=1 mpiexec ./prog 1000> in cluster <MSUCluster> Exited

Job <# this file was automaticly created by mpisubmit.pl script for edu-cmc-sqi21-01 #;source /polusfs/setenv/setup.SMPI;#BSUB -n 7;#BSUB -W 00:30;#BSUB -o ./out_files/1000/7.out;#BSUB -e ./err_files/1000/7.err;OMP_NUM_THREADS=1 mpiexec ./prog 1000> was submitted from host <polus-ib.bmc.hpc.cs.msu.ru> by user <edu-cmc-sqi21-01> in cluster <MSUCluster> at Fri Mar 24 14:59:28 2023
Job was executed on host(s) <7*polus-c2-ib.bmc.hpc.cs.msu.ru>, in queue <short>, as user <edu-cmc-sqi21-01> in cluster <MSUCluster> at Fri Mar 24 15:01:27 2023
</home_edu/edu-cmc-sqi21/edu-cmc-sqi21-01> was used as the home directory.
</home_edu/edu-cmc-sqi21/edu-cmc-sqi21-01/SpecSem/SpecSem/KDTree> was used as the working directory.
Started at Fri Mar 24 15:01:27 2023
Terminated at Fri Mar 24 15:01:31 2023
Results reported at Fri Mar 24 15:01:31 2023

Your job looked like:

------------------------------------------------------------
# LSBATCH: User input
# this file was automaticly created by mpisubmit.pl script for edu-cmc-sqi21-01 #
source /polusfs/setenv/setup.SMPI
#BSUB -n 7
#BSUB -W 00:30
#BSUB -o ./out_files/1000/7.out
#BSUB -e ./err_files/1000/7.err
OMP_NUM_THREADS=1 mpiexec ./prog 1000

------------------------------------------------------------

Exited with exit code 213.

Resource usage summary:

    CPU time :                                   1.09 sec.
    Max Memory :                                 17 MB
    Average Memory :                             3.00 MB
    Total Requested Memory :                     -
    Delta Memory :                               -
    Max Swap :                                   -
    Max Processes :                              4
    Max Threads :                                6
    Run time :                                   2 sec.
    Turnaround time :                            123 sec.

The output (if any) follows:

--------------------------------------------------------------------------
Open MPI tried to fork a new process via the "execve" system call but
failed.  Open MPI checks many things before attempting to launch a
child process, but nothing is perfect. This error may be indicative
of another problem on the target host, or even something as silly as
having specified a directory for your application. Your job will now
abort.

  Local host:        polus-c2-ib
  Application name:  ./prog
  Error:             Exec format error
--------------------------------------------------------------------------
7 total processes failed to start


PS:

Read file <./err_files/1000/7.err> for stderr output of this job.

Sender: LSF System <lsfadmin@polus-c2-ib.bmc.hpc.cs.msu.ru>
Subject: Job 1035519: <# this file was automaticly created by mpisubmit.pl script for edu-cmc-sqi21-01 #;source /polusfs/setenv/setup.SMPI;#BSUB -n 7;#BSUB -W 00:30;#BSUB -o ./out_files/1000/7.out;#BSUB -e ./err_files/1000/7.err;OMP_NUM_THREADS=1 mpiexec ./prog 1000> in cluster <MSUCluster> Exited

Job <# this file was automaticly created by mpisubmit.pl script for edu-cmc-sqi21-01 #;source /polusfs/setenv/setup.SMPI;#BSUB -n 7;#BSUB -W 00:30;#BSUB -o ./out_files/1000/7.out;#BSUB -e ./err_files/1000/7.err;OMP_NUM_THREADS=1 mpiexec ./prog 1000> was submitted from host <polus-ib.bmc.hpc.cs.msu.ru> by user <edu-cmc-sqi21-01> in cluster <MSUCluster> at Fri Mar 24 14:59:29 2023
Job was executed on host(s) <7*polus-c2-ib.bmc.hpc.cs.msu.ru>, in queue <short>, as user <edu-cmc-sqi21-01> in cluster <MSUCluster> at Fri Mar 24 15:01:49 2023
</home_edu/edu-cmc-sqi21/edu-cmc-sqi21-01> was used as the home directory.
</home_edu/edu-cmc-sqi21/edu-cmc-sqi21-01/SpecSem/SpecSem/KDTree> was used as the working directory.
Started at Fri Mar 24 15:01:49 2023
Terminated at Fri Mar 24 15:01:51 2023
Results reported at Fri Mar 24 15:01:51 2023

Your job looked like:

------------------------------------------------------------
# LSBATCH: User input
# this file was automaticly created by mpisubmit.pl script for edu-cmc-sqi21-01 #
source /polusfs/setenv/setup.SMPI
#BSUB -n 7
#BSUB -W 00:30
#BSUB -o ./out_files/1000/7.out
#BSUB -e ./err_files/1000/7.err
OMP_NUM_THREADS=1 mpiexec ./prog 1000

------------------------------------------------------------

Exited with exit code 213.

Resource usage summary:

    CPU time :                                   1.05 sec.
    Max Memory :                                 7 MB
    Average Memory :                             5.00 MB
    Total Requested Memory :                     -
    Delta Memory :                               -
    Max Swap :                                   -
    Max Processes :                              4
    Max Threads :                                5
    Run time :                                   2 sec.
    Turnaround time :                            142 sec.

The output (if any) follows:

--------------------------------------------------------------------------
Open MPI tried to fork a new process via the "execve" system call but
failed.  Open MPI checks many things before attempting to launch a
child process, but nothing is perfect. This error may be indicative
of another problem on the target host, or even something as silly as
having specified a directory for your application. Your job will now
abort.

  Local host:        polus-c2-ib
  Application name:  ./prog
  Error:             Exec format error
--------------------------------------------------------------------------
7 total processes failed to start


PS:

Read file <./err_files/1000/7.err> for stderr output of this job.

