Sender: LSF System <lsfadmin@polus-c4-ib.bmc.hpc.cs.msu.ru>
Subject: Job 1035946: <# this file was automaticly created by mpisubmit.pl script for edu-cmc-sqi21-01 #;source /polusfs/setenv/setup.SMPI;#BSUB -n 8;#BSUB -W 00:30;#BSUB -o ./out_files/1000/8.out;#BSUB -e ./err_files/1000/8.err;OMP_NUM_THREADS=1 mpiexec ./prog 1000> in cluster <MSUCluster> Exited

Job <# this file was automaticly created by mpisubmit.pl script for edu-cmc-sqi21-01 #;source /polusfs/setenv/setup.SMPI;#BSUB -n 8;#BSUB -W 00:30;#BSUB -o ./out_files/1000/8.out;#BSUB -e ./err_files/1000/8.err;OMP_NUM_THREADS=1 mpiexec ./prog 1000> was submitted from host <polus-ib.bmc.hpc.cs.msu.ru> by user <edu-cmc-sqi21-01> in cluster <MSUCluster> at Fri Mar 24 15:52:29 2023
Job was executed on host(s) <8*polus-c4-ib.bmc.hpc.cs.msu.ru>, in queue <short>, as user <edu-cmc-sqi21-01> in cluster <MSUCluster> at Fri Mar 24 15:53:58 2023
</home_edu/edu-cmc-sqi21/edu-cmc-sqi21-01> was used as the home directory.
</home_edu/edu-cmc-sqi21/edu-cmc-sqi21-01/SpecSem/SpecSem/KDTree> was used as the working directory.
Started at Fri Mar 24 15:53:58 2023
Terminated at Fri Mar 24 15:54:00 2023
Results reported at Fri Mar 24 15:54:00 2023

Your job looked like:

------------------------------------------------------------
# LSBATCH: User input
# this file was automaticly created by mpisubmit.pl script for edu-cmc-sqi21-01 #
source /polusfs/setenv/setup.SMPI
#BSUB -n 8
#BSUB -W 00:30
#BSUB -o ./out_files/1000/8.out
#BSUB -e ./err_files/1000/8.err
OMP_NUM_THREADS=1 mpiexec ./prog 1000

------------------------------------------------------------

Exited with exit code 6.

Resource usage summary:

    CPU time :                                   0.23 sec.
    Max Memory :                                 1 MB
    Average Memory :                             0.33 MB
    Total Requested Memory :                     -
    Delta Memory :                               -
    Max Swap :                                   -
    Max Processes :                              5
    Max Threads :                                5
    Run time :                                   7 sec.
    Turnaround time :                            91 sec.

The output (if any) follows:

[polus-c4-ib:65206] *** An error occurred in MPI_Send
[polus-c4-ib:65206] *** reported by process [1494417409,4]
[polus-c4-ib:65206] *** on communicator MPI_COMM_WORLD
[polus-c4-ib:65206] *** MPI_ERR_RANK: invalid rank
[polus-c4-ib:65206] *** MPI_ERRORS_ARE_FATAL (processes in this communicator will now abort,
[polus-c4-ib:65206] ***    and potentially your MPI job)
35
Main is sending
1000
Built time: 0.00103092
My rank: 0, data size: 0


PS:

Read file <./err_files/1000/8.err> for stderr output of this job.

Sender: LSF System <lsfadmin@polus-c4-ib.bmc.hpc.cs.msu.ru>
Subject: Job 1035976: <# this file was automaticly created by mpisubmit.pl script for edu-cmc-sqi21-01 #;source /polusfs/setenv/setup.SMPI;#BSUB -n 8;#BSUB -W 00:30;#BSUB -o ./out_files/1000/8.out;#BSUB -e ./err_files/1000/8.err;OMP_NUM_THREADS=1 mpiexec ./prog 1000> in cluster <MSUCluster> Exited

Job <# this file was automaticly created by mpisubmit.pl script for edu-cmc-sqi21-01 #;source /polusfs/setenv/setup.SMPI;#BSUB -n 8;#BSUB -W 00:30;#BSUB -o ./out_files/1000/8.out;#BSUB -e ./err_files/1000/8.err;OMP_NUM_THREADS=1 mpiexec ./prog 1000> was submitted from host <polus-ib.bmc.hpc.cs.msu.ru> by user <edu-cmc-sqi21-01> in cluster <MSUCluster> at Fri Mar 24 15:52:30 2023
Job was executed on host(s) <4*polus-c4-ib.bmc.hpc.cs.msu.ru>, in queue <short>, as user <edu-cmc-sqi21-01> in cluster <MSUCluster> at Fri Mar 24 15:54:39 2023
                            <4*polus-c2-ib.bmc.hpc.cs.msu.ru>
</home_edu/edu-cmc-sqi21/edu-cmc-sqi21-01> was used as the home directory.
</home_edu/edu-cmc-sqi21/edu-cmc-sqi21-01/SpecSem/SpecSem/KDTree> was used as the working directory.
Started at Fri Mar 24 15:54:39 2023
Terminated at Fri Mar 24 15:54:43 2023
Results reported at Fri Mar 24 15:54:43 2023

Your job looked like:

------------------------------------------------------------
# LSBATCH: User input
# this file was automaticly created by mpisubmit.pl script for edu-cmc-sqi21-01 #
source /polusfs/setenv/setup.SMPI
#BSUB -n 8
#BSUB -W 00:30
#BSUB -o ./out_files/1000/8.out
#BSUB -e ./err_files/1000/8.err
OMP_NUM_THREADS=1 mpiexec ./prog 1000

------------------------------------------------------------

Exited with exit code 6.

Resource usage summary:

    CPU time :                                   1.05 sec.
    Max Memory :                                 70 MB
    Average Memory :                             47.00 MB
    Total Requested Memory :                     -
    Delta Memory :                               -
    Max Swap :                                   -
    Max Processes :                              8
    Max Threads :                                21
    Run time :                                   4 sec.
    Turnaround time :                            133 sec.

The output (if any) follows:

[polus-c2-ib:14370] *** An error occurred in MPI_Send
[polus-c2-ib:14370] *** reported by process [2782920705,4]
[polus-c2-ib:14370] *** on communicator MPI_COMM_WORLD
[polus-c2-ib:14370] *** MPI_ERR_RANK: invalid rank
[polus-c2-ib:14370] *** MPI_ERRORS_ARE_FATAL (processes in this communicator will now abort,
[polus-c2-ib:14370] ***    and potentially your MPI job)
Main is sending
1000
Built time: 0.00129604
My rank: 0, data size: 0


PS:

Read file <./err_files/1000/8.err> for stderr output of this job.

Sender: LSF System <lsfadmin@polus-c4-ib.bmc.hpc.cs.msu.ru>
Subject: Job 1036006: <# this file was automaticly created by mpisubmit.pl script for edu-cmc-sqi21-01 #;source /polusfs/setenv/setup.SMPI;#BSUB -n 8;#BSUB -W 00:30;#BSUB -o ./out_files/1000/8.out;#BSUB -e ./err_files/1000/8.err;OMP_NUM_THREADS=1 mpiexec ./prog 1000> in cluster <MSUCluster> Exited

Job <# this file was automaticly created by mpisubmit.pl script for edu-cmc-sqi21-01 #;source /polusfs/setenv/setup.SMPI;#BSUB -n 8;#BSUB -W 00:30;#BSUB -o ./out_files/1000/8.out;#BSUB -e ./err_files/1000/8.err;OMP_NUM_THREADS=1 mpiexec ./prog 1000> was submitted from host <polus-ib.bmc.hpc.cs.msu.ru> by user <edu-cmc-sqi21-01> in cluster <MSUCluster> at Fri Mar 24 15:52:31 2023
Job was executed on host(s) <2*polus-c4-ib.bmc.hpc.cs.msu.ru>, in queue <short>, as user <edu-cmc-sqi21-01> in cluster <MSUCluster> at Fri Mar 24 15:55:40 2023
                            <6*polus-c2-ib.bmc.hpc.cs.msu.ru>
</home_edu/edu-cmc-sqi21/edu-cmc-sqi21-01> was used as the home directory.
</home_edu/edu-cmc-sqi21/edu-cmc-sqi21-01/SpecSem/SpecSem/KDTree> was used as the working directory.
Started at Fri Mar 24 15:55:40 2023
Terminated at Fri Mar 24 15:55:45 2023
Results reported at Fri Mar 24 15:55:45 2023

Your job looked like:

------------------------------------------------------------
# LSBATCH: User input
# this file was automaticly created by mpisubmit.pl script for edu-cmc-sqi21-01 #
source /polusfs/setenv/setup.SMPI
#BSUB -n 8
#BSUB -W 00:30
#BSUB -o ./out_files/1000/8.out
#BSUB -e ./err_files/1000/8.err
OMP_NUM_THREADS=1 mpiexec ./prog 1000

------------------------------------------------------------

Exited with exit code 6.

Resource usage summary:

    CPU time :                                   1.08 sec.
    Max Memory :                                 18 MB
    Average Memory :                             12.33 MB
    Total Requested Memory :                     -
    Delta Memory :                               -
    Max Swap :                                   -
    Max Processes :                              4
    Max Threads :                                9
    Run time :                                   4 sec.
    Turnaround time :                            194 sec.

The output (if any) follows:

Main is sending
1000
[polus-c2-ib:15186] *** An error occurred in MPI_Send
[polus-c2-ib:15186] *** reported by process [2690514945,4]
[polus-c2-ib:15186] *** on communicator MPI_COMM_WORLD
[polus-c2-ib:15186] *** MPI_ERR_RANK: invalid rank
[polus-c2-ib:15186] *** MPI_ERRORS_ARE_FATAL (processes in this communicator will now abort,
[polus-c2-ib:15186] ***    and potentially your MPI job)
Built time: 0.00250292
My rank: 0, data size: 0


PS:

Read file <./err_files/1000/8.err> for stderr output of this job.

Sender: LSF System <lsfadmin@polus-c2-ib.bmc.hpc.cs.msu.ru>
Subject: Job 1036036: <# this file was automaticly created by mpisubmit.pl script for edu-cmc-sqi21-01 #;source /polusfs/setenv/setup.SMPI;#BSUB -n 8;#BSUB -W 00:30;#BSUB -o ./out_files/1000/8.out;#BSUB -e ./err_files/1000/8.err;OMP_NUM_THREADS=1 mpiexec ./prog 1000> in cluster <MSUCluster> Exited

Job <# this file was automaticly created by mpisubmit.pl script for edu-cmc-sqi21-01 #;source /polusfs/setenv/setup.SMPI;#BSUB -n 8;#BSUB -W 00:30;#BSUB -o ./out_files/1000/8.out;#BSUB -e ./err_files/1000/8.err;OMP_NUM_THREADS=1 mpiexec ./prog 1000> was submitted from host <polus-ib.bmc.hpc.cs.msu.ru> by user <edu-cmc-sqi21-01> in cluster <MSUCluster> at Fri Mar 24 15:52:32 2023
Job was executed on host(s) <8*polus-c2-ib.bmc.hpc.cs.msu.ru>, in queue <short>, as user <edu-cmc-sqi21-01> in cluster <MSUCluster> at Fri Mar 24 15:56:05 2023
</home_edu/edu-cmc-sqi21/edu-cmc-sqi21-01> was used as the home directory.
</home_edu/edu-cmc-sqi21/edu-cmc-sqi21-01/SpecSem/SpecSem/KDTree> was used as the working directory.
Started at Fri Mar 24 15:56:05 2023
Terminated at Fri Mar 24 15:56:08 2023
Results reported at Fri Mar 24 15:56:08 2023

Your job looked like:

------------------------------------------------------------
# LSBATCH: User input
# this file was automaticly created by mpisubmit.pl script for edu-cmc-sqi21-01 #
source /polusfs/setenv/setup.SMPI
#BSUB -n 8
#BSUB -W 00:30
#BSUB -o ./out_files/1000/8.out
#BSUB -e ./err_files/1000/8.err
OMP_NUM_THREADS=1 mpiexec ./prog 1000

------------------------------------------------------------

Exited with exit code 6.

Resource usage summary:

    CPU time :                                   2.00 sec.
    Max Memory :                                 17 MB
    Average Memory :                             3.00 MB
    Total Requested Memory :                     -
    Delta Memory :                               -
    Max Swap :                                   -
    Max Processes :                              4
    Max Threads :                                6
    Run time :                                   3 sec.
    Turnaround time :                            216 sec.

The output (if any) follows:

[polus-c2-ib:15568] *** An error occurred in MPI_Send
[polus-c2-ib:15568] *** reported by process [3876454401,5]
[polus-c2-ib:15568] *** on communicator MPI_COMM_WORLD
[polus-c2-ib:15568] *** MPI_ERR_RANK: invalid rank
[polus-c2-ib:15568] *** MPI_ERRORS_ARE_FATAL (processes in this communicator will now abort,
[polus-c2-ib:15568] ***    and potentially your MPI job)
Main is sending
1000
Built time: 0.00424409
My rank: 0, data size: 0


PS:

Read file <./err_files/1000/8.err> for stderr output of this job.

