[polus-c4-ib:55478] *** Process received signal ***
[polus-c4-ib:55478] Signal: Segmentation fault (11)
[polus-c4-ib:55478] Signal code: Address not mapped (1)
[polus-c4-ib:55478] Failing at address: 0x8947c28b8
[polus-c4-ib:55478] [ 0] [0x100000050478]
[polus-c4-ib:55478] [ 1] ./prog[0x1000b4cc]
[polus-c4-ib:55478] [ 2] /lib64/libc.so.6(+0x24980)[0x100000534980]
[polus-c4-ib:55478] [ 3] /lib64/libc.so.6(__libc_start_main+0xc4)[0x100000534b74]
[polus-c4-ib:55478] *** End of error message ***
[polus-c4-ib:59295] *** Process received signal ***
[polus-c4-ib:59295] Signal: Segmentation fault (11)
[polus-c4-ib:59295] Signal code: Address not mapped (1)
[polus-c4-ib:59295] Failing at address: 0xafc07cb8
[polus-c4-ib:59295] [ 0] [0x100000050478]
[polus-c4-ib:59295] [ 1] ./prog[0x1000b4cc]
[polus-c4-ib:59295] [ 2] /lib64/libc.so.6(+0x24980)[0x100000534980]
[polus-c4-ib:59295] [ 3] /lib64/libc.so.6(__libc_start_main+0xc4)[0x100000534b74]
[polus-c4-ib:59295] *** End of error message ***
[polus-c2-ib:10228] *** Process received signal ***
[polus-c2-ib:10228] Signal: Segmentation fault (11)
[polus-c2-ib:10228] Signal code: Address not mapped (1)
[polus-c2-ib:10228] Failing at address: 0x6649f82d0
[polus-c2-ib:10228] [ 0] [0x100000050478]
[polus-c2-ib:10228] [ 1] ./prog[0x1000b4cc]
[polus-c2-ib:10228] [ 2] /lib64/libc.so.6(+0x24980)[0x100000524980]
[polus-c2-ib:10228] [ 3] /lib64/libc.so.6(__libc_start_main+0xc4)[0x100000524b74]
[polus-c2-ib:10228] *** End of error message ***
[polus-c4-ib:59615] *** Process received signal ***
[polus-c4-ib:59615] Signal: Segmentation fault (11)
[polus-c4-ib:59615] Signal code: Address not mapped (1)
[polus-c4-ib:59615] Failing at address: 0x7bb1a2e58
[polus-c4-ib:59615] [ 0] [0x100000050478]
[polus-c4-ib:59615] [ 1] ./prog[0x1000b4cc]
[polus-c4-ib:59615] [ 2] /lib64/libc.so.6(+0x24980)[0x100000534980]
[polus-c4-ib:59615] [ 3] /lib64/libc.so.6(__libc_start_main+0xc4)[0x100000534b74]
[polus-c4-ib:59615] *** End of error message ***
