[polus-c4-ib:51581] *** Process received signal ***
[polus-c4-ib:51581] Signal: Segmentation fault (11)
[polus-c4-ib:51581] Signal code: Address not mapped (1)
[polus-c4-ib:51581] Failing at address: 0x5f19e6d78
[polus-c4-ib:51581] [ 0] [0x100000050478]
[polus-c4-ib:51581] [ 1] ./prog[0x1000b4cc]
[polus-c4-ib:51581] [ 2] /lib64/libc.so.6(+0x24980)[0x100000534980]
[polus-c4-ib:51581] [ 3] /lib64/libc.so.6(__libc_start_main+0xc4)[0x100000534b74]
[polus-c4-ib:51581] *** End of error message ***
[polus-c4-ib:53185] *** Process received signal ***
[polus-c4-ib:53185] Signal: Segmentation fault (11)
[polus-c4-ib:53185] Signal code: Address not mapped (1)
[polus-c4-ib:53185] Failing at address: 0x54b01ab00
[polus-c4-ib:53185] [ 0] [0x100000050478]
[polus-c4-ib:53185] [ 1] ./prog[0x1000b4cc]
[polus-c4-ib:53185] [ 2] /lib64/libc.so.6(+0x24980)[0x100000534980]
[polus-c4-ib:53185] [ 3] /lib64/libc.so.6(__libc_start_main+0xc4)[0x100000534b74]
[polus-c4-ib:53185] *** End of error message ***
[polus-c4-ib:54734] *** Process received signal ***
[polus-c4-ib:54734] Signal: Segmentation fault (11)
[polus-c4-ib:54734] Signal code: Address not mapped (1)
[polus-c4-ib:54734] Failing at address: 0xd7c65e78
[polus-c4-ib:54734] [ 0] [0x100000050478]
[polus-c4-ib:54734] [ 1] ./prog[0x1000b4cc]
[polus-c4-ib:54734] [ 2] /lib64/libc.so.6(+0x24980)[0x100000534980]
[polus-c4-ib:54734] [ 3] /lib64/libc.so.6(__libc_start_main+0xc4)[0x100000534b74]
[polus-c4-ib:54734] *** End of error message ***
[polus-c2-ib:07629] *** Process received signal ***
[polus-c2-ib:07629] Signal: Segmentation fault (11)
[polus-c2-ib:07629] Signal code: Address not mapped (1)
[polus-c2-ib:07629] Failing at address: 0x67dc7f2e8
[polus-c2-ib:07629] [ 0] [0x100000050478]
[polus-c2-ib:07629] [ 1] ./prog[0x1000b4cc]
[polus-c2-ib:07629] [ 2] /lib64/libc.so.6(+0x24980)[0x100000524980]
[polus-c2-ib:07629] [ 3] /lib64/libc.so.6(__libc_start_main+0xc4)[0x100000524b74]
[polus-c2-ib:07629] *** End of error message ***
