[polus-c4-ib:51448] *** Process received signal ***
[polus-c4-ib:51448] Signal: Segmentation fault (11)
[polus-c4-ib:51448] Signal code: Address not mapped (1)
[polus-c4-ib:51448] Failing at address: 0xb4096e868
[polus-c4-ib:51448] [ 0] [0x100000050478]
[polus-c4-ib:51448] [ 1] ./prog[0x1000b4cc]
[polus-c4-ib:51448] [ 2] /lib64/libc.so.6(+0x24980)[0x100000534980]
[polus-c4-ib:51448] [ 3] /lib64/libc.so.6(__libc_start_main+0xc4)[0x100000534b74]
[polus-c4-ib:51448] *** End of error message ***
[polus-c4-ib:52627] *** Process received signal ***
[polus-c4-ib:52627] Signal: Segmentation fault (11)
[polus-c4-ib:52627] Signal code: Address not mapped (1)
[polus-c4-ib:52627] Failing at address: 0xa54edb0c0
[polus-c4-ib:52627] [ 0] [0x100000050478]
[polus-c4-ib:52627] [ 1] ./prog[0x1000b4cc]
[polus-c4-ib:52627] [ 2] /lib64/libc.so.6(+0x24980)[0x100000534980]
[polus-c4-ib:52627] [ 3] /lib64/libc.so.6(__libc_start_main+0xc4)[0x100000534b74]
[polus-c4-ib:52627] *** End of error message ***
[polus-c4-ib:53530] *** Process received signal ***
[polus-c4-ib:53530] Signal: Segmentation fault (11)
[polus-c4-ib:53530] Signal code: Address not mapped (1)
[polus-c4-ib:53530] Failing at address: 0x1fe9748f8
[polus-c4-ib:53530] [ 0] [0x100000050478]
[polus-c4-ib:53530] [ 1] ./prog[0x1000b4cc]
[polus-c4-ib:53530] [ 2] /lib64/libc.so.6(+0x24980)[0x100000534980]
[polus-c4-ib:53530] [ 3] /lib64/libc.so.6(__libc_start_main+0xc4)[0x100000534b74]
[polus-c4-ib:53530] *** End of error message ***
[polus-c4-ib:54389] *** Process received signal ***
[polus-c4-ib:54389] Signal: Segmentation fault (11)
[polus-c4-ib:54389] Signal code: Address not mapped (1)
[polus-c4-ib:54389] Failing at address: 0x938851fb0
[polus-c4-ib:54389] [ 0] [0x100000050478]
[polus-c4-ib:54389] [ 1] ./prog[0x1000b4cc]
[polus-c4-ib:54389] [ 2] /lib64/libc.so.6(+0x24980)[0x100000534980]
[polus-c4-ib:54389] [ 3] /lib64/libc.so.6(__libc_start_main+0xc4)[0x100000534b74]
[polus-c4-ib:54389] *** End of error message ***
