[polus-c4-ib:58720] *** Process received signal ***
[polus-c4-ib:58720] Signal: Segmentation fault (11)
[polus-c4-ib:58720] Signal code: Address not mapped (1)
[polus-c4-ib:58720] Failing at address: 0x20d238cb0
[polus-c4-ib:58720] [ 0] [0x100000050478]
[polus-c4-ib:58720] [ 1] ./prog[0x1000b4cc]
[polus-c4-ib:58720] [ 2] /lib64/libc.so.6(+0x24980)[0x100000534980]
[polus-c4-ib:58720] [ 3] /lib64/libc.so.6(__libc_start_main+0xc4)[0x100000534b74]
[polus-c4-ib:58720] *** End of error message ***
[polus-c4-ib:59986] *** Process received signal ***
[polus-c4-ib:59986] Signal: Segmentation fault (11)
[polus-c4-ib:59986] Signal code: Address not mapped (1)
[polus-c4-ib:59986] Failing at address: 0x36546c8a0
[polus-c4-ib:59986] [ 0] [0x100000050478]
[polus-c4-ib:59986] [ 1] ./prog[0x1000b4cc]
[polus-c4-ib:59986] [ 2] /lib64/libc.so.6(+0x24980)[0x100000534980]
[polus-c4-ib:59986] [ 3] /lib64/libc.so.6(__libc_start_main+0xc4)[0x100000534b74]
[polus-c4-ib:59986] *** End of error message ***
[polus-c2-ib:11256] *** Process received signal ***
[polus-c2-ib:11256] Signal: Segmentation fault (11)
[polus-c2-ib:11256] Signal code: Address not mapped (1)
[polus-c2-ib:11256] Failing at address: 0xb26ba3440
[polus-c2-ib:11256] [ 0] [0x100000050478]
[polus-c2-ib:11256] [ 1] ./prog[0x1000b4cc]
[polus-c2-ib:11256] [ 2] /lib64/libc.so.6(+0x24980)[0x100000524980]
[polus-c2-ib:11256] [ 3] /lib64/libc.so.6(__libc_start_main+0xc4)[0x100000524b74]
[polus-c2-ib:11256] *** End of error message ***
[polus-c4-ib:60942] *** Process received signal ***
[polus-c4-ib:60942] Signal: Segmentation fault (11)
[polus-c4-ib:60942] Signal code: Address not mapped (1)
[polus-c4-ib:60942] Failing at address: 0x4883723b8
[polus-c4-ib:60942] [ 0] [0x100000050478]
[polus-c4-ib:60942] [ 1] ./prog[0x1000b4cc]
[polus-c4-ib:60942] [ 2] /lib64/libc.so.6(+0x24980)[0x100000534980]
[polus-c4-ib:60942] [ 3] /lib64/libc.so.6(__libc_start_main+0xc4)[0x100000534b74]
[polus-c4-ib:60942] *** End of error message ***
