[polus-c4-ib:51928] *** Process received signal ***
[polus-c4-ib:51928] Signal: Segmentation fault (11)
[polus-c4-ib:51928] Signal code: Address not mapped (1)
[polus-c4-ib:51928] Failing at address: 0xa186b21c0
[polus-c4-ib:51928] [ 0] [0x100000050478]
[polus-c4-ib:51928] [ 1] ./prog[0x1000b4cc]
[polus-c4-ib:51928] [ 2] /lib64/libc.so.6(+0x24980)[0x100000534980]
[polus-c4-ib:51928] [ 3] /lib64/libc.so.6(__libc_start_main+0xc4)[0x100000534b74]
[polus-c4-ib:51928] *** End of error message ***
[polus-c2-ib:08591] *** Process received signal ***
[polus-c2-ib:08591] Signal: Segmentation fault (11)
[polus-c2-ib:08591] Signal code: Address not mapped (1)
[polus-c2-ib:08591] Failing at address: 0x441cd7130
[polus-c2-ib:08591] [ 0] [0x100000050478]
[polus-c2-ib:08591] [ 1] ./prog[0x1000b4cc]
[polus-c2-ib:08591] [ 2] /lib64/libc.so.6(+0x24980)[0x100000524980]
[polus-c2-ib:08591] [ 3] /lib64/libc.so.6(__libc_start_main+0xc4)[0x100000524b74]
[polus-c2-ib:08591] *** End of error message ***
[polus-c2-ib:09247] *** Process received signal ***
[polus-c2-ib:09247] Signal: Segmentation fault (11)
[polus-c2-ib:09247] Signal code: Address not mapped (1)
[polus-c2-ib:09247] Failing at address: 0x2a45b8bc0
[polus-c2-ib:09247] [ 0] [0x100000050478]
[polus-c2-ib:09247] [ 1] ./prog[0x1000b4cc]
[polus-c2-ib:09247] [ 2] /lib64/libc.so.6(+0x24980)[0x100000524980]
[polus-c2-ib:09247] [ 3] /lib64/libc.so.6(__libc_start_main+0xc4)[0x100000524b74]
[polus-c2-ib:09247] *** End of error message ***
[polus-c4-ib:58243] *** Process received signal ***
[polus-c4-ib:58243] Signal: Segmentation fault (11)
[polus-c4-ib:58243] Signal code: Address not mapped (1)
[polus-c4-ib:58243] Failing at address: 0x42a94ab28
[polus-c4-ib:58243] [ 0] [0x100000050478]
[polus-c4-ib:58243] [ 1] ./prog[0x1000b4cc]
[polus-c4-ib:58243] [ 2] /lib64/libc.so.6(+0x24980)[0x100000534980]
[polus-c4-ib:58243] [ 3] /lib64/libc.so.6(__libc_start_main+0xc4)[0x100000534b74]
[polus-c4-ib:58243] *** End of error message ***
