[polus-c4-ib:51451] *** Process received signal ***
[polus-c4-ib:51451] Signal: Segmentation fault (11)
[polus-c4-ib:51451] Signal code: Address not mapped (1)
[polus-c4-ib:51451] Failing at address: 0xb4096e868
[polus-c4-ib:51451] [ 0] [0x100000050478]
[polus-c4-ib:51451] [ 1] ./prog[0x1000b4cc]
[polus-c4-ib:51451] [ 2] /lib64/libc.so.6(+0x24980)[0x100000534980]
[polus-c4-ib:51451] [ 3] /lib64/libc.so.6(__libc_start_main+0xc4)[0x100000534b74]
[polus-c4-ib:51451] *** End of error message ***
[polus-c2-ib:06751] *** Process received signal ***
[polus-c2-ib:06751] Signal: Segmentation fault (11)
[polus-c2-ib:06751] Signal code: Address not mapped (1)
[polus-c2-ib:06751] Failing at address: 0x297a1a0
[polus-c2-ib:06751] [ 0] [0x100000050478]
[polus-c2-ib:06751] [ 1] ./prog[0x1000b4cc]
[polus-c2-ib:06751] [ 2] /lib64/libc.so.6(+0x24980)[0x100000524980]
[polus-c2-ib:06751] [ 3] /lib64/libc.so.6(__libc_start_main+0xc4)[0x100000524b74]
[polus-c2-ib:06751] *** End of error message ***
[polus-c4-ib:54611] *** Process received signal ***
[polus-c4-ib:54611] Signal: Segmentation fault (11)
[polus-c4-ib:54611] Signal code: Address not mapped (1)
[polus-c4-ib:54611] Failing at address: 0x8398bad40
[polus-c4-ib:54611] [ 0] [0x100000050478]
[polus-c4-ib:54611] [ 1] ./prog[0x1000b4cc]
[polus-c4-ib:54611] [ 2] /lib64/libc.so.6(+0x24980)[0x100000534980]
[polus-c4-ib:54611] [ 3] /lib64/libc.so.6(__libc_start_main+0xc4)[0x100000534b74]
[polus-c4-ib:54611] *** End of error message ***
[polus-c2-ib:07515] *** Process received signal ***
[polus-c2-ib:07515] Signal: Segmentation fault (11)
[polus-c2-ib:07515] Signal code: Address not mapped (1)
[polus-c2-ib:07515] Failing at address: 0x91bb035e0
[polus-c2-ib:07515] [ 0] [0x100000050478]
[polus-c2-ib:07515] [ 1] ./prog[0x1000b4cc]
[polus-c2-ib:07515] [ 2] /lib64/libc.so.6(+0x24980)[0x100000524980]
[polus-c2-ib:07515] [ 3] /lib64/libc.so.6(__libc_start_main+0xc4)[0x100000524b74]
[polus-c2-ib:07515] *** End of error message ***
