Sender: LSF System <lsfadmin@polus-c4-ib.bmc.hpc.cs.msu.ru>
Subject: Job 1042007: <# this file was automaticly created by mpisubmit.pl script for edu-cmc-sqi21-01 #;source /polusfs/setenv/setup.SMPI;#BSUB -n 1;#BSUB -W 00:30;#BSUB -o ./out_files/f/1.out;#BSUB -e ./err_files/f/1.err;OMP_NUM_THREADS=1 mpiexec ./prog f 10> in cluster <MSUCluster> Exited

Job <# this file was automaticly created by mpisubmit.pl script for edu-cmc-sqi21-01 #;source /polusfs/setenv/setup.SMPI;#BSUB -n 1;#BSUB -W 00:30;#BSUB -o ./out_files/f/1.out;#BSUB -e ./err_files/f/1.err;OMP_NUM_THREADS=1 mpiexec ./prog f 10> was submitted from host <polus-ib.bmc.hpc.cs.msu.ru> by user <edu-cmc-sqi21-01> in cluster <MSUCluster> at Tue Apr 11 18:45:52 2023
Job was executed on host(s) <polus-c4-ib.bmc.hpc.cs.msu.ru>, in queue <short>, as user <edu-cmc-sqi21-01> in cluster <MSUCluster> at Tue Apr 11 18:45:53 2023
</home_edu/edu-cmc-sqi21/edu-cmc-sqi21-01> was used as the home directory.
</home_edu/edu-cmc-sqi21/edu-cmc-sqi21-01/SpecSem/SpecSem/KDTree/main> was used as the working directory.
Started at Tue Apr 11 18:45:53 2023
Terminated at Tue Apr 11 18:45:56 2023
Results reported at Tue Apr 11 18:45:56 2023

Your job looked like:

------------------------------------------------------------
# LSBATCH: User input
# this file was automaticly created by mpisubmit.pl script for edu-cmc-sqi21-01 #
source /polusfs/setenv/setup.SMPI
#BSUB -n 1
#BSUB -W 00:30
#BSUB -o ./out_files/f/1.out
#BSUB -e ./err_files/f/1.err
OMP_NUM_THREADS=1 mpiexec ./prog f 10

------------------------------------------------------------

Exited with exit code 213.

Resource usage summary:

    CPU time :                                   0.35 sec.
    Max Memory :                                 17 MB
    Average Memory :                             11.67 MB
    Total Requested Memory :                     -
    Delta Memory :                               -
    Max Swap :                                   -
    Max Processes :                              4
    Max Threads :                                6
    Run time :                                   1 sec.
    Turnaround time :                            4 sec.

The output (if any) follows:

--------------------------------------------------------------------------
Open MPI tried to fork a new process via the "execve" system call but
failed.  Open MPI checks many things before attempting to launch a
child process, but nothing is perfect. This error may be indicative
of another problem on the target host, or even something as silly as
having specified a directory for your application. Your job will now
abort.

  Local host:        polus-c4-ib
  Application name:  ./prog
  Error:             Exec format error
--------------------------------------------------------------------------


PS:

Read file <./err_files/f/1.err> for stderr output of this job.

Sender: LSF System <lsfadmin@polus-c4-ib.bmc.hpc.cs.msu.ru>
Subject: Job 1042037: <# this file was automaticly created by mpisubmit.pl script for edu-cmc-sqi21-01 #;source /polusfs/setenv/setup.SMPI;#BSUB -n 1;#BSUB -W 00:30;#BSUB -o ./out_files/f/1.out;#BSUB -e ./err_files/f/1.err;OMP_NUM_THREADS=1 mpiexec ./prog f 10> in cluster <MSUCluster> Exited

Job <# this file was automaticly created by mpisubmit.pl script for edu-cmc-sqi21-01 #;source /polusfs/setenv/setup.SMPI;#BSUB -n 1;#BSUB -W 00:30;#BSUB -o ./out_files/f/1.out;#BSUB -e ./err_files/f/1.err;OMP_NUM_THREADS=1 mpiexec ./prog f 10> was submitted from host <polus-ib.bmc.hpc.cs.msu.ru> by user <edu-cmc-sqi21-01> in cluster <MSUCluster> at Tue Apr 11 18:45:53 2023
Job was executed on host(s) <polus-c4-ib.bmc.hpc.cs.msu.ru>, in queue <short>, as user <edu-cmc-sqi21-01> in cluster <MSUCluster> at Tue Apr 11 18:46:06 2023
</home_edu/edu-cmc-sqi21/edu-cmc-sqi21-01> was used as the home directory.
</home_edu/edu-cmc-sqi21/edu-cmc-sqi21-01/SpecSem/SpecSem/KDTree/main> was used as the working directory.
Started at Tue Apr 11 18:46:06 2023
Terminated at Tue Apr 11 18:46:09 2023
Results reported at Tue Apr 11 18:46:09 2023

Your job looked like:

------------------------------------------------------------
# LSBATCH: User input
# this file was automaticly created by mpisubmit.pl script for edu-cmc-sqi21-01 #
source /polusfs/setenv/setup.SMPI
#BSUB -n 1
#BSUB -W 00:30
#BSUB -o ./out_files/f/1.out
#BSUB -e ./err_files/f/1.err
OMP_NUM_THREADS=1 mpiexec ./prog f 10

------------------------------------------------------------

Exited with exit code 213.

Resource usage summary:

    CPU time :                                   0.28 sec.
    Max Memory :                                 4 MB
    Average Memory :                             2.67 MB
    Total Requested Memory :                     -
    Delta Memory :                               -
    Max Swap :                                   -
    Max Processes :                              1
    Max Threads :                                1
    Run time :                                   3 sec.
    Turnaround time :                            16 sec.

The output (if any) follows:

--------------------------------------------------------------------------
Open MPI tried to fork a new process via the "execve" system call but
failed.  Open MPI checks many things before attempting to launch a
child process, but nothing is perfect. This error may be indicative
of another problem on the target host, or even something as silly as
having specified a directory for your application. Your job will now
abort.

  Local host:        polus-c4-ib
  Application name:  ./prog
  Error:             Exec format error
--------------------------------------------------------------------------


PS:

Read file <./err_files/f/1.err> for stderr output of this job.

Sender: LSF System <lsfadmin@polus-c4-ib.bmc.hpc.cs.msu.ru>
Subject: Job 1042067: <# this file was automaticly created by mpisubmit.pl script for edu-cmc-sqi21-01 #;source /polusfs/setenv/setup.SMPI;#BSUB -n 1;#BSUB -W 00:30;#BSUB -o ./out_files/f/1.out;#BSUB -e ./err_files/f/1.err;OMP_NUM_THREADS=1 mpiexec ./prog f 10> in cluster <MSUCluster> Exited

Job <# this file was automaticly created by mpisubmit.pl script for edu-cmc-sqi21-01 #;source /polusfs/setenv/setup.SMPI;#BSUB -n 1;#BSUB -W 00:30;#BSUB -o ./out_files/f/1.out;#BSUB -e ./err_files/f/1.err;OMP_NUM_THREADS=1 mpiexec ./prog f 10> was submitted from host <polus-ib.bmc.hpc.cs.msu.ru> by user <edu-cmc-sqi21-01> in cluster <MSUCluster> at Tue Apr 11 18:45:54 2023
Job was executed on host(s) <polus-c4-ib.bmc.hpc.cs.msu.ru>, in queue <short>, as user <edu-cmc-sqi21-01> in cluster <MSUCluster> at Tue Apr 11 18:46:19 2023
</home_edu/edu-cmc-sqi21/edu-cmc-sqi21-01> was used as the home directory.
</home_edu/edu-cmc-sqi21/edu-cmc-sqi21-01/SpecSem/SpecSem/KDTree/main> was used as the working directory.
Started at Tue Apr 11 18:46:19 2023
Terminated at Tue Apr 11 18:46:23 2023
Results reported at Tue Apr 11 18:46:23 2023

Your job looked like:

------------------------------------------------------------
# LSBATCH: User input
# this file was automaticly created by mpisubmit.pl script for edu-cmc-sqi21-01 #
source /polusfs/setenv/setup.SMPI
#BSUB -n 1
#BSUB -W 00:30
#BSUB -o ./out_files/f/1.out
#BSUB -e ./err_files/f/1.err
OMP_NUM_THREADS=1 mpiexec ./prog f 10

------------------------------------------------------------

Exited with exit code 213.

Resource usage summary:

    CPU time :                                   0.23 sec.
    Max Memory :                                 7 MB
    Average Memory :                             5.00 MB
    Total Requested Memory :                     -
    Delta Memory :                               -
    Max Swap :                                   -
    Max Processes :                              4
    Max Threads :                                5
    Run time :                                   4 sec.
    Turnaround time :                            29 sec.

The output (if any) follows:

--------------------------------------------------------------------------
Open MPI tried to fork a new process via the "execve" system call but
failed.  Open MPI checks many things before attempting to launch a
child process, but nothing is perfect. This error may be indicative
of another problem on the target host, or even something as silly as
having specified a directory for your application. Your job will now
abort.

  Local host:        polus-c4-ib
  Application name:  ./prog
  Error:             Exec format error
--------------------------------------------------------------------------


PS:

Read file <./err_files/f/1.err> for stderr output of this job.

Sender: LSF System <lsfadmin@polus-c4-ib.bmc.hpc.cs.msu.ru>
Subject: Job 1042097: <# this file was automaticly created by mpisubmit.pl script for edu-cmc-sqi21-01 #;source /polusfs/setenv/setup.SMPI;#BSUB -n 1;#BSUB -W 00:30;#BSUB -o ./out_files/f/1.out;#BSUB -e ./err_files/f/1.err;OMP_NUM_THREADS=1 mpiexec ./prog f 10> in cluster <MSUCluster> Exited

Job <# this file was automaticly created by mpisubmit.pl script for edu-cmc-sqi21-01 #;source /polusfs/setenv/setup.SMPI;#BSUB -n 1;#BSUB -W 00:30;#BSUB -o ./out_files/f/1.out;#BSUB -e ./err_files/f/1.err;OMP_NUM_THREADS=1 mpiexec ./prog f 10> was submitted from host <polus-ib.bmc.hpc.cs.msu.ru> by user <edu-cmc-sqi21-01> in cluster <MSUCluster> at Tue Apr 11 18:45:55 2023
Job was executed on host(s) <polus-c4-ib.bmc.hpc.cs.msu.ru>, in queue <short>, as user <edu-cmc-sqi21-01> in cluster <MSUCluster> at Tue Apr 11 18:46:31 2023
</home_edu/edu-cmc-sqi21/edu-cmc-sqi21-01> was used as the home directory.
</home_edu/edu-cmc-sqi21/edu-cmc-sqi21-01/SpecSem/SpecSem/KDTree/main> was used as the working directory.
Started at Tue Apr 11 18:46:31 2023
Terminated at Tue Apr 11 18:46:32 2023
Results reported at Tue Apr 11 18:46:32 2023

Your job looked like:

------------------------------------------------------------
# LSBATCH: User input
# this file was automaticly created by mpisubmit.pl script for edu-cmc-sqi21-01 #
source /polusfs/setenv/setup.SMPI
#BSUB -n 1
#BSUB -W 00:30
#BSUB -o ./out_files/f/1.out
#BSUB -e ./err_files/f/1.err
OMP_NUM_THREADS=1 mpiexec ./prog f 10

------------------------------------------------------------

Exited with exit code 213.

Resource usage summary:

    CPU time :                                   0.25 sec.
    Max Memory :                                 1 MB
    Average Memory :                             1.00 MB
    Total Requested Memory :                     -
    Delta Memory :                               -
    Max Swap :                                   -
    Max Processes :                              1
    Max Threads :                                1
    Run time :                                   2 sec.
    Turnaround time :                            37 sec.

The output (if any) follows:

--------------------------------------------------------------------------
Open MPI tried to fork a new process via the "execve" system call but
failed.  Open MPI checks many things before attempting to launch a
child process, but nothing is perfect. This error may be indicative
of another problem on the target host, or even something as silly as
having specified a directory for your application. Your job will now
abort.

  Local host:        polus-c4-ib
  Application name:  ./prog
  Error:             Exec format error
--------------------------------------------------------------------------


PS:

Read file <./err_files/f/1.err> for stderr output of this job.

