Sender: LSF System <lsfadmin@polus-c4-ib.bmc.hpc.cs.msu.ru>
Subject: Job 1046452: <# this file was automaticly created by mpisubmit.pl script for edu-cmc-sqi21-01 #;source /polusfs/setenv/setup.SMPI;#BSUB -n 12;#BSUB -W 00:30;#BSUB -o ./out_files/f/12.out;#BSUB -e ./err_files/f/12.err;OMP_NUM_THREADS=1 mpiexec ./prog f 10> in cluster <MSUCluster> Done

Job <# this file was automaticly created by mpisubmit.pl script for edu-cmc-sqi21-01 #;source /polusfs/setenv/setup.SMPI;#BSUB -n 12;#BSUB -W 00:30;#BSUB -o ./out_files/f/12.out;#BSUB -e ./err_files/f/12.err;OMP_NUM_THREADS=1 mpiexec ./prog f 10> was submitted from host <polus-ib.bmc.hpc.cs.msu.ru> by user <edu-cmc-sqi21-01> in cluster <MSUCluster> at Tue May  2 19:01:09 2023
Job was executed on host(s) <10*polus-c4-ib.bmc.hpc.cs.msu.ru>, in queue <short>, as user <edu-cmc-sqi21-01> in cluster <MSUCluster> at Tue May  2 19:02:41 2023
                            <2*polus-c3-ib.bmc.hpc.cs.msu.ru>
</home_edu/edu-cmc-sqi21/edu-cmc-sqi21-01> was used as the home directory.
</home_edu/edu-cmc-sqi21/edu-cmc-sqi21-01/SpecSem/SpecSem/KDTree/main> was used as the working directory.
Started at Tue May  2 19:02:41 2023
Terminated at Tue May  2 19:02:46 2023
Results reported at Tue May  2 19:02:46 2023

Your job looked like:

------------------------------------------------------------
# LSBATCH: User input
# this file was automaticly created by mpisubmit.pl script for edu-cmc-sqi21-01 #
source /polusfs/setenv/setup.SMPI
#BSUB -n 12
#BSUB -W 00:30
#BSUB -o ./out_files/f/12.out
#BSUB -e ./err_files/f/12.err
OMP_NUM_THREADS=1 mpiexec ./prog f 10

------------------------------------------------------------

Successfully completed.

Resource usage summary:

    CPU time :                                   42.16 sec.
    Max Memory :                                 615 MB
    Average Memory :                             390.33 MB
    Total Requested Memory :                     -
    Delta Memory :                               -
    Max Swap :                                   -
    Max Processes :                              14
    Max Threads :                                39
    Run time :                                   6 sec.
    Turnaround time :                            97 sec.

The output (if any) follows:

63945
107149
138773
134634


PS:

Read file <./err_files/f/12.err> for stderr output of this job.

Sender: LSF System <lsfadmin@polus-c4-ib.bmc.hpc.cs.msu.ru>
Subject: Job 1046612: <# this file was automaticly created by mpisubmit.pl script for edu-cmc-sqi21-01 #;source /polusfs/setenv/setup.SMPI;#BSUB -n 12;#BSUB -W 00:30;#BSUB -o ./out_files/f/12.out;#BSUB -e ./err_files/f/12.err;OMP_NUM_THREADS=1 mpiexec ./prog f 10> in cluster <MSUCluster> Done

Job <# this file was automaticly created by mpisubmit.pl script for edu-cmc-sqi21-01 #;source /polusfs/setenv/setup.SMPI;#BSUB -n 12;#BSUB -W 00:30;#BSUB -o ./out_files/f/12.out;#BSUB -e ./err_files/f/12.err;OMP_NUM_THREADS=1 mpiexec ./prog f 10> was submitted from host <polus-ib.bmc.hpc.cs.msu.ru> by user <edu-cmc-sqi21-01> in cluster <MSUCluster> at Tue May  2 19:01:15 2023
Job was executed on host(s) <1*polus-c4-ib.bmc.hpc.cs.msu.ru>, in queue <short>, as user <edu-cmc-sqi21-01> in cluster <MSUCluster> at Tue May  2 19:07:56 2023
                            <11*polus-c3-ib.bmc.hpc.cs.msu.ru>
</home_edu/edu-cmc-sqi21/edu-cmc-sqi21-01> was used as the home directory.
</home_edu/edu-cmc-sqi21/edu-cmc-sqi21-01/SpecSem/SpecSem/KDTree/main> was used as the working directory.
Started at Tue May  2 19:07:56 2023
Terminated at Tue May  2 19:08:02 2023
Results reported at Tue May  2 19:08:02 2023

Your job looked like:

------------------------------------------------------------
# LSBATCH: User input
# this file was automaticly created by mpisubmit.pl script for edu-cmc-sqi21-01 #
source /polusfs/setenv/setup.SMPI
#BSUB -n 12
#BSUB -W 00:30
#BSUB -o ./out_files/f/12.out
#BSUB -e ./err_files/f/12.err
OMP_NUM_THREADS=1 mpiexec ./prog f 10

------------------------------------------------------------

Successfully completed.

Resource usage summary:

    CPU time :                                   41.90 sec.
    Max Memory :                                 95 MB
    Average Memory :                             48.33 MB
    Total Requested Memory :                     -
    Delta Memory :                               -
    Max Swap :                                   -
    Max Processes :                              5
    Max Threads :                                12
    Run time :                                   6 sec.
    Turnaround time :                            407 sec.

The output (if any) follows:

63945
107149
138773
134634


PS:

Read file <./err_files/f/12.err> for stderr output of this job.

Sender: LSF System <lsfadmin@polus-c3-ib.bmc.hpc.cs.msu.ru>
Subject: Job 1046774: <# this file was automaticly created by mpisubmit.pl script for edu-cmc-sqi21-01 #;source /polusfs/setenv/setup.SMPI;#BSUB -n 12;#BSUB -W 00:30;#BSUB -o ./out_files/f/12.out;#BSUB -e ./err_files/f/12.err;OMP_NUM_THREADS=1 mpiexec ./prog f 10> in cluster <MSUCluster> Done

Job <# this file was automaticly created by mpisubmit.pl script for edu-cmc-sqi21-01 #;source /polusfs/setenv/setup.SMPI;#BSUB -n 12;#BSUB -W 00:30;#BSUB -o ./out_files/f/12.out;#BSUB -e ./err_files/f/12.err;OMP_NUM_THREADS=1 mpiexec ./prog f 10> was submitted from host <polus-ib.bmc.hpc.cs.msu.ru> by user <edu-cmc-sqi21-01> in cluster <MSUCluster> at Tue May  2 19:03:20 2023
Job was executed on host(s) <6*polus-c3-ib.bmc.hpc.cs.msu.ru>, in queue <short>, as user <edu-cmc-sqi21-01> in cluster <MSUCluster> at Tue May  2 19:16:27 2023
                            <6*polus-c4-ib.bmc.hpc.cs.msu.ru>
</home_edu/edu-cmc-sqi21/edu-cmc-sqi21-01> was used as the home directory.
</home_edu/edu-cmc-sqi21/edu-cmc-sqi21-01/SpecSem/SpecSem/KDTree/main> was used as the working directory.
Started at Tue May  2 19:16:27 2023
Terminated at Tue May  2 19:16:33 2023
Results reported at Tue May  2 19:16:33 2023

Your job looked like:

------------------------------------------------------------
# LSBATCH: User input
# this file was automaticly created by mpisubmit.pl script for edu-cmc-sqi21-01 #
source /polusfs/setenv/setup.SMPI
#BSUB -n 12
#BSUB -W 00:30
#BSUB -o ./out_files/f/12.out
#BSUB -e ./err_files/f/12.err
OMP_NUM_THREADS=1 mpiexec ./prog f 10

------------------------------------------------------------

Successfully completed.

Resource usage summary:

    CPU time :                                   42.51 sec.
    Max Memory :                                 376 MB
    Average Memory :                             239.67 MB
    Total Requested Memory :                     -
    Delta Memory :                               -
    Max Swap :                                   -
    Max Processes :                              10
    Max Threads :                                27
    Run time :                                   6 sec.
    Turnaround time :                            793 sec.

The output (if any) follows:

63945
107149
138773
134634


PS:

Read file <./err_files/f/12.err> for stderr output of this job.

Sender: LSF System <lsfadmin@polus-c3-ib.bmc.hpc.cs.msu.ru>
Subject: Job 1046941: <# this file was automaticly created by mpisubmit.pl script for edu-cmc-sqi21-01 #;source /polusfs/setenv/setup.SMPI;#BSUB -n 12;#BSUB -W 00:30;#BSUB -o ./out_files/f/12.out;#BSUB -e ./err_files/f/12.err;OMP_NUM_THREADS=1 mpiexec ./prog f 10> in cluster <MSUCluster> Done

Job <# this file was automaticly created by mpisubmit.pl script for edu-cmc-sqi21-01 #;source /polusfs/setenv/setup.SMPI;#BSUB -n 12;#BSUB -W 00:30;#BSUB -o ./out_files/f/12.out;#BSUB -e ./err_files/f/12.err;OMP_NUM_THREADS=1 mpiexec ./prog f 10> was submitted from host <polus-ib.bmc.hpc.cs.msu.ru> by user <edu-cmc-sqi21-01> in cluster <MSUCluster> at Tue May  2 19:10:26 2023
Job was executed on host(s) <12*polus-c3-ib.bmc.hpc.cs.msu.ru>, in queue <short>, as user <edu-cmc-sqi21-01> in cluster <MSUCluster> at Tue May  2 19:21:36 2023
</home_edu/edu-cmc-sqi21/edu-cmc-sqi21-01> was used as the home directory.
</home_edu/edu-cmc-sqi21/edu-cmc-sqi21-01/SpecSem/SpecSem/KDTree/main> was used as the working directory.
Started at Tue May  2 19:21:36 2023
Terminated at Tue May  2 19:21:41 2023
Results reported at Tue May  2 19:21:41 2023

Your job looked like:

------------------------------------------------------------
# LSBATCH: User input
# this file was automaticly created by mpisubmit.pl script for edu-cmc-sqi21-01 #
source /polusfs/setenv/setup.SMPI
#BSUB -n 12
#BSUB -W 00:30
#BSUB -o ./out_files/f/12.out
#BSUB -e ./err_files/f/12.err
OMP_NUM_THREADS=1 mpiexec ./prog f 10

------------------------------------------------------------

Successfully completed.

Resource usage summary:

    CPU time :                                   43.94 sec.
    Max Memory :                                 652 MB
    Average Memory :                             435.00 MB
    Total Requested Memory :                     -
    Delta Memory :                               -
    Max Swap :                                   -
    Max Processes :                              16
    Max Threads :                                45
    Run time :                                   4 sec.
    Turnaround time :                            675 sec.

The output (if any) follows:

63945
107149
134634
138773


PS:

Read file <./err_files/f/12.err> for stderr output of this job.

