Sender: LSF System <lsfadmin@polus-c4-ib.bmc.hpc.cs.msu.ru>
Subject: Job 1046453: <# this file was automaticly created by mpisubmit.pl script for edu-cmc-sqi21-01 #;source /polusfs/setenv/setup.SMPI;#BSUB -n 13;#BSUB -W 00:30;#BSUB -o ./out_files/f/13.out;#BSUB -e ./err_files/f/13.err;OMP_NUM_THREADS=1 mpiexec ./prog f 10> in cluster <MSUCluster> Done

Job <# this file was automaticly created by mpisubmit.pl script for edu-cmc-sqi21-01 #;source /polusfs/setenv/setup.SMPI;#BSUB -n 13;#BSUB -W 00:30;#BSUB -o ./out_files/f/13.out;#BSUB -e ./err_files/f/13.err;OMP_NUM_THREADS=1 mpiexec ./prog f 10> was submitted from host <polus-ib.bmc.hpc.cs.msu.ru> by user <edu-cmc-sqi21-01> in cluster <MSUCluster> at Tue May  2 19:01:09 2023
Job was executed on host(s) <10*polus-c4-ib.bmc.hpc.cs.msu.ru>, in queue <short>, as user <edu-cmc-sqi21-01> in cluster <MSUCluster> at Tue May  2 19:02:46 2023
                            <3*polus-c3-ib.bmc.hpc.cs.msu.ru>
</home_edu/edu-cmc-sqi21/edu-cmc-sqi21-01> was used as the home directory.
</home_edu/edu-cmc-sqi21/edu-cmc-sqi21-01/SpecSem/SpecSem/KDTree/main> was used as the working directory.
Started at Tue May  2 19:02:46 2023
Terminated at Tue May  2 19:02:52 2023
Results reported at Tue May  2 19:02:52 2023

Your job looked like:

------------------------------------------------------------
# LSBATCH: User input
# this file was automaticly created by mpisubmit.pl script for edu-cmc-sqi21-01 #
source /polusfs/setenv/setup.SMPI
#BSUB -n 13
#BSUB -W 00:30
#BSUB -o ./out_files/f/13.out
#BSUB -e ./err_files/f/13.err
OMP_NUM_THREADS=1 mpiexec ./prog f 10

------------------------------------------------------------

Successfully completed.

Resource usage summary:

    CPU time :                                   48.35 sec.
    Max Memory :                                 18 MB
    Average Memory :                             12.33 MB
    Total Requested Memory :                     -
    Delta Memory :                               -
    Max Swap :                                   -
    Max Processes :                              4
    Max Threads :                                9
    Run time :                                   6 sec.
    Turnaround time :                            103 sec.

The output (if any) follows:

63945
107149
134096
138773


PS:

Read file <./err_files/f/13.err> for stderr output of this job.

Sender: LSF System <lsfadmin@polus-c4-ib.bmc.hpc.cs.msu.ru>
Subject: Job 1046613: <# this file was automaticly created by mpisubmit.pl script for edu-cmc-sqi21-01 #;source /polusfs/setenv/setup.SMPI;#BSUB -n 13;#BSUB -W 00:30;#BSUB -o ./out_files/f/13.out;#BSUB -e ./err_files/f/13.err;OMP_NUM_THREADS=1 mpiexec ./prog f 10> in cluster <MSUCluster> Done

Job <# this file was automaticly created by mpisubmit.pl script for edu-cmc-sqi21-01 #;source /polusfs/setenv/setup.SMPI;#BSUB -n 13;#BSUB -W 00:30;#BSUB -o ./out_files/f/13.out;#BSUB -e ./err_files/f/13.err;OMP_NUM_THREADS=1 mpiexec ./prog f 10> was submitted from host <polus-ib.bmc.hpc.cs.msu.ru> by user <edu-cmc-sqi21-01> in cluster <MSUCluster> at Tue May  2 19:01:15 2023
Job was executed on host(s) <1*polus-c4-ib.bmc.hpc.cs.msu.ru>, in queue <short>, as user <edu-cmc-sqi21-01> in cluster <MSUCluster> at Tue May  2 19:08:02 2023
                            <12*polus-c3-ib.bmc.hpc.cs.msu.ru>
</home_edu/edu-cmc-sqi21/edu-cmc-sqi21-01> was used as the home directory.
</home_edu/edu-cmc-sqi21/edu-cmc-sqi21-01/SpecSem/SpecSem/KDTree/main> was used as the working directory.
Started at Tue May  2 19:08:02 2023
Terminated at Tue May  2 19:08:07 2023
Results reported at Tue May  2 19:08:07 2023

Your job looked like:

------------------------------------------------------------
# LSBATCH: User input
# this file was automaticly created by mpisubmit.pl script for edu-cmc-sqi21-01 #
source /polusfs/setenv/setup.SMPI
#BSUB -n 13
#BSUB -W 00:30
#BSUB -o ./out_files/f/13.out
#BSUB -e ./err_files/f/13.err
OMP_NUM_THREADS=1 mpiexec ./prog f 10

------------------------------------------------------------

Successfully completed.

Resource usage summary:

    CPU time :                                   46.60 sec.
    Max Memory :                                 91 MB
    Average Memory :                             48.33 MB
    Total Requested Memory :                     -
    Delta Memory :                               -
    Max Swap :                                   -
    Max Processes :                              5
    Max Threads :                                12
    Run time :                                   4 sec.
    Turnaround time :                            412 sec.

The output (if any) follows:

63945
107149
134096
138773


PS:

Read file <./err_files/f/13.err> for stderr output of this job.

Sender: LSF System <lsfadmin@polus-c3-ib.bmc.hpc.cs.msu.ru>
Subject: Job 1046776: <# this file was automaticly created by mpisubmit.pl script for edu-cmc-sqi21-01 #;source /polusfs/setenv/setup.SMPI;#BSUB -n 13;#BSUB -W 00:30;#BSUB -o ./out_files/f/13.out;#BSUB -e ./err_files/f/13.err;OMP_NUM_THREADS=1 mpiexec ./prog f 10> in cluster <MSUCluster> Done

Job <# this file was automaticly created by mpisubmit.pl script for edu-cmc-sqi21-01 #;source /polusfs/setenv/setup.SMPI;#BSUB -n 13;#BSUB -W 00:30;#BSUB -o ./out_files/f/13.out;#BSUB -e ./err_files/f/13.err;OMP_NUM_THREADS=1 mpiexec ./prog f 10> was submitted from host <polus-ib.bmc.hpc.cs.msu.ru> by user <edu-cmc-sqi21-01> in cluster <MSUCluster> at Tue May  2 19:04:20 2023
Job was executed on host(s) <6*polus-c3-ib.bmc.hpc.cs.msu.ru>, in queue <short>, as user <edu-cmc-sqi21-01> in cluster <MSUCluster> at Tue May  2 19:16:33 2023
                            <7*polus-c4-ib.bmc.hpc.cs.msu.ru>
</home_edu/edu-cmc-sqi21/edu-cmc-sqi21-01> was used as the home directory.
</home_edu/edu-cmc-sqi21/edu-cmc-sqi21-01/SpecSem/SpecSem/KDTree/main> was used as the working directory.
Started at Tue May  2 19:16:33 2023
Terminated at Tue May  2 19:16:38 2023
Results reported at Tue May  2 19:16:38 2023

Your job looked like:

------------------------------------------------------------
# LSBATCH: User input
# this file was automaticly created by mpisubmit.pl script for edu-cmc-sqi21-01 #
source /polusfs/setenv/setup.SMPI
#BSUB -n 13
#BSUB -W 00:30
#BSUB -o ./out_files/f/13.out
#BSUB -e ./err_files/f/13.err
OMP_NUM_THREADS=1 mpiexec ./prog f 10

------------------------------------------------------------

Successfully completed.

Resource usage summary:

    CPU time :                                   46.69 sec.
    Max Memory :                                 382 MB
    Average Memory :                             239.00 MB
    Total Requested Memory :                     -
    Delta Memory :                               -
    Max Swap :                                   -
    Max Processes :                              10
    Max Threads :                                27
    Run time :                                   5 sec.
    Turnaround time :                            738 sec.

The output (if any) follows:

63945
107149
134096
138773


PS:

Read file <./err_files/f/13.err> for stderr output of this job.

Sender: LSF System <lsfadmin@polus-c3-ib.bmc.hpc.cs.msu.ru>
Subject: Job 1046942: <# this file was automaticly created by mpisubmit.pl script for edu-cmc-sqi21-01 #;source /polusfs/setenv/setup.SMPI;#BSUB -n 13;#BSUB -W 00:30;#BSUB -o ./out_files/f/13.out;#BSUB -e ./err_files/f/13.err;OMP_NUM_THREADS=1 mpiexec ./prog f 10> in cluster <MSUCluster> Done

Job <# this file was automaticly created by mpisubmit.pl script for edu-cmc-sqi21-01 #;source /polusfs/setenv/setup.SMPI;#BSUB -n 13;#BSUB -W 00:30;#BSUB -o ./out_files/f/13.out;#BSUB -e ./err_files/f/13.err;OMP_NUM_THREADS=1 mpiexec ./prog f 10> was submitted from host <polus-ib.bmc.hpc.cs.msu.ru> by user <edu-cmc-sqi21-01> in cluster <MSUCluster> at Tue May  2 19:10:26 2023
Job was executed on host(s) <13*polus-c3-ib.bmc.hpc.cs.msu.ru>, in queue <short>, as user <edu-cmc-sqi21-01> in cluster <MSUCluster> at Tue May  2 19:21:41 2023
</home_edu/edu-cmc-sqi21/edu-cmc-sqi21-01> was used as the home directory.
</home_edu/edu-cmc-sqi21/edu-cmc-sqi21-01/SpecSem/SpecSem/KDTree/main> was used as the working directory.
Started at Tue May  2 19:21:41 2023
Terminated at Tue May  2 19:21:45 2023
Results reported at Tue May  2 19:21:45 2023

Your job looked like:

------------------------------------------------------------
# LSBATCH: User input
# this file was automaticly created by mpisubmit.pl script for edu-cmc-sqi21-01 #
source /polusfs/setenv/setup.SMPI
#BSUB -n 13
#BSUB -W 00:30
#BSUB -o ./out_files/f/13.out
#BSUB -e ./err_files/f/13.err
OMP_NUM_THREADS=1 mpiexec ./prog f 10

------------------------------------------------------------

Successfully completed.

Resource usage summary:

    CPU time :                                   46.71 sec.
    Max Memory :                                 720 MB
    Average Memory :                             480.33 MB
    Total Requested Memory :                     -
    Delta Memory :                               -
    Max Swap :                                   -
    Max Processes :                              17
    Max Threads :                                48
    Run time :                                   4 sec.
    Turnaround time :                            679 sec.

The output (if any) follows:

107149
63945
134096
138773


PS:

Read file <./err_files/f/13.err> for stderr output of this job.

