Sender: LSF System <lsfadmin@polus-c3-ib.bmc.hpc.cs.msu.ru>
Subject: Job 1046470: <# this file was automaticly created by mpisubmit.pl script for edu-cmc-sqi21-01 #;source /polusfs/setenv/setup.SMPI;#BSUB -n 30;#BSUB -W 00:30;#BSUB -o ./out_files/f/30.out;#BSUB -e ./err_files/f/30.err;OMP_NUM_THREADS=1 mpiexec ./prog f 10> in cluster <MSUCluster> Done

Job <# this file was automaticly created by mpisubmit.pl script for edu-cmc-sqi21-01 #;source /polusfs/setenv/setup.SMPI;#BSUB -n 30;#BSUB -W 00:30;#BSUB -o ./out_files/f/30.out;#BSUB -e ./err_files/f/30.err;OMP_NUM_THREADS=1 mpiexec ./prog f 10> was submitted from host <polus-ib.bmc.hpc.cs.msu.ru> by user <edu-cmc-sqi21-01> in cluster <MSUCluster> at Tue May  2 19:01:10 2023
Job was executed on host(s) <18*polus-c3-ib.bmc.hpc.cs.msu.ru>, in queue <short>, as user <edu-cmc-sqi21-01> in cluster <MSUCluster> at Tue May  2 19:08:59 2023
                            <12*polus-c4-ib.bmc.hpc.cs.msu.ru>
</home_edu/edu-cmc-sqi21/edu-cmc-sqi21-01> was used as the home directory.
</home_edu/edu-cmc-sqi21/edu-cmc-sqi21-01/SpecSem/SpecSem/KDTree/main> was used as the working directory.
Started at Tue May  2 19:08:59 2023
Terminated at Tue May  2 19:09:05 2023
Results reported at Tue May  2 19:09:05 2023

Your job looked like:

------------------------------------------------------------
# LSBATCH: User input
# this file was automaticly created by mpisubmit.pl script for edu-cmc-sqi21-01 #
source /polusfs/setenv/setup.SMPI
#BSUB -n 30
#BSUB -W 00:30
#BSUB -o ./out_files/f/30.out
#BSUB -e ./err_files/f/30.err
OMP_NUM_THREADS=1 mpiexec ./prog f 10

------------------------------------------------------------

Successfully completed.

Resource usage summary:

    CPU time :                                   102.27 sec.
    Max Memory :                                 978 MB
    Average Memory :                             653.00 MB
    Total Requested Memory :                     -
    Delta Memory :                               -
    Max Swap :                                   -
    Max Processes :                              22
    Max Threads :                                63
    Run time :                                   6 sec.
    Turnaround time :                            475 sec.

The output (if any) follows:

26251
47861
80040
87137
57194
133667


PS:

Read file <./err_files/f/30.err> for stderr output of this job.

Sender: LSF System <lsfadmin@polus-c4-ib.bmc.hpc.cs.msu.ru>
Subject: Job 1046630: <# this file was automaticly created by mpisubmit.pl script for edu-cmc-sqi21-01 #;source /polusfs/setenv/setup.SMPI;#BSUB -n 30;#BSUB -W 00:30;#BSUB -o ./out_files/f/30.out;#BSUB -e ./err_files/f/30.err;OMP_NUM_THREADS=1 mpiexec ./prog f 10> in cluster <MSUCluster> Done

Job <# this file was automaticly created by mpisubmit.pl script for edu-cmc-sqi21-01 #;source /polusfs/setenv/setup.SMPI;#BSUB -n 30;#BSUB -W 00:30;#BSUB -o ./out_files/f/30.out;#BSUB -e ./err_files/f/30.err;OMP_NUM_THREADS=1 mpiexec ./prog f 10> was submitted from host <polus-ib.bmc.hpc.cs.msu.ru> by user <edu-cmc-sqi21-01> in cluster <MSUCluster> at Tue May  2 19:01:15 2023
Job was executed on host(s) <20*polus-c4-ib.bmc.hpc.cs.msu.ru>, in queue <short>, as user <edu-cmc-sqi21-01> in cluster <MSUCluster> at Tue May  2 19:17:39 2023
                            <10*polus-c3-ib.bmc.hpc.cs.msu.ru>
</home_edu/edu-cmc-sqi21/edu-cmc-sqi21-01> was used as the home directory.
</home_edu/edu-cmc-sqi21/edu-cmc-sqi21-01/SpecSem/SpecSem/KDTree/main> was used as the working directory.
Started at Tue May  2 19:17:39 2023
Terminated at Tue May  2 19:17:44 2023
Results reported at Tue May  2 19:17:44 2023

Your job looked like:

------------------------------------------------------------
# LSBATCH: User input
# this file was automaticly created by mpisubmit.pl script for edu-cmc-sqi21-01 #
source /polusfs/setenv/setup.SMPI
#BSUB -n 30
#BSUB -W 00:30
#BSUB -o ./out_files/f/30.out
#BSUB -e ./err_files/f/30.err
OMP_NUM_THREADS=1 mpiexec ./prog f 10

------------------------------------------------------------

Successfully completed.

Resource usage summary:

    CPU time :                                   102.52 sec.
    Max Memory :                                 1084 MB
    Average Memory :                             723.00 MB
    Total Requested Memory :                     -
    Delta Memory :                               -
    Max Swap :                                   -
    Max Processes :                              24
    Max Threads :                                69
    Run time :                                   5 sec.
    Turnaround time :                            989 sec.

The output (if any) follows:

47861
57194
80040
87137
26251
133667


PS:

Read file <./err_files/f/30.err> for stderr output of this job.

Sender: LSF System <lsfadmin@polus-c4-ib.bmc.hpc.cs.msu.ru>
Subject: Job 1046793: <# this file was automaticly created by mpisubmit.pl script for edu-cmc-sqi21-01 #;source /polusfs/setenv/setup.SMPI;#BSUB -n 30;#BSUB -W 00:30;#BSUB -o ./out_files/f/30.out;#BSUB -e ./err_files/f/30.err;OMP_NUM_THREADS=1 mpiexec ./prog f 10> in cluster <MSUCluster> Done

Job <# this file was automaticly created by mpisubmit.pl script for edu-cmc-sqi21-01 #;source /polusfs/setenv/setup.SMPI;#BSUB -n 30;#BSUB -W 00:30;#BSUB -o ./out_files/f/30.out;#BSUB -e ./err_files/f/30.err;OMP_NUM_THREADS=1 mpiexec ./prog f 10> was submitted from host <polus-ib.bmc.hpc.cs.msu.ru> by user <edu-cmc-sqi21-01> in cluster <MSUCluster> at Tue May  2 19:04:21 2023
Job was executed on host(s) <20*polus-c4-ib.bmc.hpc.cs.msu.ru>, in queue <short>, as user <edu-cmc-sqi21-01> in cluster <MSUCluster> at Tue May  2 19:27:04 2023
                            <10*polus-c3-ib.bmc.hpc.cs.msu.ru>
</home_edu/edu-cmc-sqi21/edu-cmc-sqi21-01> was used as the home directory.
</home_edu/edu-cmc-sqi21/edu-cmc-sqi21-01/SpecSem/SpecSem/KDTree/main> was used as the working directory.
Started at Tue May  2 19:27:04 2023
Terminated at Tue May  2 19:27:09 2023
Results reported at Tue May  2 19:27:09 2023

Your job looked like:

------------------------------------------------------------
# LSBATCH: User input
# this file was automaticly created by mpisubmit.pl script for edu-cmc-sqi21-01 #
source /polusfs/setenv/setup.SMPI
#BSUB -n 30
#BSUB -W 00:30
#BSUB -o ./out_files/f/30.out
#BSUB -e ./err_files/f/30.err
OMP_NUM_THREADS=1 mpiexec ./prog f 10

------------------------------------------------------------

Successfully completed.

Resource usage summary:

    CPU time :                                   108.36 sec.
    Max Memory :                                 1084 MB
    Average Memory :                             723.00 MB
    Total Requested Memory :                     -
    Delta Memory :                               -
    Max Swap :                                   -
    Max Processes :                              24
    Max Threads :                                69
    Run time :                                   5 sec.
    Turnaround time :                            1368 sec.

The output (if any) follows:

26251
80040
47861
87137
57194
133667


PS:

Read file <./err_files/f/30.err> for stderr output of this job.

Sender: LSF System <lsfadmin@polus-c4-ib.bmc.hpc.cs.msu.ru>
Subject: Job 1046959: <# this file was automaticly created by mpisubmit.pl script for edu-cmc-sqi21-01 #;source /polusfs/setenv/setup.SMPI;#BSUB -n 30;#BSUB -W 00:30;#BSUB -o ./out_files/f/30.out;#BSUB -e ./err_files/f/30.err;OMP_NUM_THREADS=1 mpiexec ./prog f 10> in cluster <MSUCluster> Done

Job <# this file was automaticly created by mpisubmit.pl script for edu-cmc-sqi21-01 #;source /polusfs/setenv/setup.SMPI;#BSUB -n 30;#BSUB -W 00:30;#BSUB -o ./out_files/f/30.out;#BSUB -e ./err_files/f/30.err;OMP_NUM_THREADS=1 mpiexec ./prog f 10> was submitted from host <polus-ib.bmc.hpc.cs.msu.ru> by user <edu-cmc-sqi21-01> in cluster <MSUCluster> at Tue May  2 19:10:26 2023
Job was executed on host(s) <20*polus-c4-ib.bmc.hpc.cs.msu.ru>, in queue <short>, as user <edu-cmc-sqi21-01> in cluster <MSUCluster> at Tue May  2 19:33:45 2023
                            <10*polus-c3-ib.bmc.hpc.cs.msu.ru>
</home_edu/edu-cmc-sqi21/edu-cmc-sqi21-01> was used as the home directory.
</home_edu/edu-cmc-sqi21/edu-cmc-sqi21-01/SpecSem/SpecSem/KDTree/main> was used as the working directory.
Started at Tue May  2 19:33:45 2023
Terminated at Tue May  2 19:33:51 2023
Results reported at Tue May  2 19:33:51 2023

Your job looked like:

------------------------------------------------------------
# LSBATCH: User input
# this file was automaticly created by mpisubmit.pl script for edu-cmc-sqi21-01 #
source /polusfs/setenv/setup.SMPI
#BSUB -n 30
#BSUB -W 00:30
#BSUB -o ./out_files/f/30.out
#BSUB -e ./err_files/f/30.err
OMP_NUM_THREADS=1 mpiexec ./prog f 10

------------------------------------------------------------

Successfully completed.

Resource usage summary:

    CPU time :                                   101.71 sec.
    Max Memory :                                 1084 MB
    Average Memory :                             723.00 MB
    Total Requested Memory :                     -
    Delta Memory :                               -
    Max Swap :                                   -
    Max Processes :                              24
    Max Threads :                                69
    Run time :                                   6 sec.
    Turnaround time :                            1405 sec.

The output (if any) follows:

26251
80040
47861
57194
87137
133667


PS:

Read file <./err_files/f/30.err> for stderr output of this job.

