Sender: LSF System <lsfadmin@polus-c4-ib.bmc.hpc.cs.msu.ru>
Subject: Job 1046448: <# this file was automaticly created by mpisubmit.pl script for edu-cmc-sqi21-01 #;source /polusfs/setenv/setup.SMPI;#BSUB -n 8;#BSUB -W 00:30;#BSUB -o ./out_files/f/8.out;#BSUB -e ./err_files/f/8.err;OMP_NUM_THREADS=1 mpiexec ./prog f 10> in cluster <MSUCluster> Done

Job <# this file was automaticly created by mpisubmit.pl script for edu-cmc-sqi21-01 #;source /polusfs/setenv/setup.SMPI;#BSUB -n 8;#BSUB -W 00:30;#BSUB -o ./out_files/f/8.out;#BSUB -e ./err_files/f/8.err;OMP_NUM_THREADS=1 mpiexec ./prog f 10> was submitted from host <polus-ib.bmc.hpc.cs.msu.ru> by user <edu-cmc-sqi21-01> in cluster <MSUCluster> at Tue May  2 19:01:09 2023
Job was executed on host(s) <8*polus-c4-ib.bmc.hpc.cs.msu.ru>, in queue <short>, as user <edu-cmc-sqi21-01> in cluster <MSUCluster> at Tue May  2 19:02:23 2023
</home_edu/edu-cmc-sqi21/edu-cmc-sqi21-01> was used as the home directory.
</home_edu/edu-cmc-sqi21/edu-cmc-sqi21-01/SpecSem/SpecSem/KDTree/main> was used as the working directory.
Started at Tue May  2 19:02:23 2023
Terminated at Tue May  2 19:02:28 2023
Results reported at Tue May  2 19:02:28 2023

Your job looked like:

------------------------------------------------------------
# LSBATCH: User input
# this file was automaticly created by mpisubmit.pl script for edu-cmc-sqi21-01 #
source /polusfs/setenv/setup.SMPI
#BSUB -n 8
#BSUB -W 00:30
#BSUB -o ./out_files/f/8.out
#BSUB -e ./err_files/f/8.err
OMP_NUM_THREADS=1 mpiexec ./prog f 10

------------------------------------------------------------

Successfully completed.

Resource usage summary:

    CPU time :                                   28.55 sec.
    Max Memory :                                 461 MB
    Average Memory :                             307.67 MB
    Total Requested Memory :                     -
    Delta Memory :                               -
    Max Swap :                                   -
    Max Processes :                              12
    Max Threads :                                33
    Run time :                                   5 sec.
    Turnaround time :                            79 sec.

The output (if any) follows:

66040
107732
134634
138773


PS:

Read file <./err_files/f/8.err> for stderr output of this job.

Sender: LSF System <lsfadmin@polus-c3-ib.bmc.hpc.cs.msu.ru>
Subject: Job 1046608: <# this file was automaticly created by mpisubmit.pl script for edu-cmc-sqi21-01 #;source /polusfs/setenv/setup.SMPI;#BSUB -n 8;#BSUB -W 00:30;#BSUB -o ./out_files/f/8.out;#BSUB -e ./err_files/f/8.err;OMP_NUM_THREADS=1 mpiexec ./prog f 10> in cluster <MSUCluster> Done

Job <# this file was automaticly created by mpisubmit.pl script for edu-cmc-sqi21-01 #;source /polusfs/setenv/setup.SMPI;#BSUB -n 8;#BSUB -W 00:30;#BSUB -o ./out_files/f/8.out;#BSUB -e ./err_files/f/8.err;OMP_NUM_THREADS=1 mpiexec ./prog f 10> was submitted from host <polus-ib.bmc.hpc.cs.msu.ru> by user <edu-cmc-sqi21-01> in cluster <MSUCluster> at Tue May  2 19:01:14 2023
Job was executed on host(s) <2*polus-c3-ib.bmc.hpc.cs.msu.ru>, in queue <short>, as user <edu-cmc-sqi21-01> in cluster <MSUCluster> at Tue May  2 19:06:45 2023
                            <6*polus-c4-ib.bmc.hpc.cs.msu.ru>
</home_edu/edu-cmc-sqi21/edu-cmc-sqi21-01> was used as the home directory.
</home_edu/edu-cmc-sqi21/edu-cmc-sqi21-01/SpecSem/SpecSem/KDTree/main> was used as the working directory.
Started at Tue May  2 19:06:45 2023
Terminated at Tue May  2 19:06:50 2023
Results reported at Tue May  2 19:06:50 2023

Your job looked like:

------------------------------------------------------------
# LSBATCH: User input
# this file was automaticly created by mpisubmit.pl script for edu-cmc-sqi21-01 #
source /polusfs/setenv/setup.SMPI
#BSUB -n 8
#BSUB -W 00:30
#BSUB -o ./out_files/f/8.out
#BSUB -e ./err_files/f/8.err
OMP_NUM_THREADS=1 mpiexec ./prog f 10

------------------------------------------------------------

Successfully completed.

Resource usage summary:

    CPU time :                                   28.23 sec.
    Max Memory :                                 147 MB
    Average Memory :                             83.00 MB
    Total Requested Memory :                     -
    Delta Memory :                               -
    Max Swap :                                   -
    Max Processes :                              6
    Max Threads :                                15
    Run time :                                   7 sec.
    Turnaround time :                            336 sec.

The output (if any) follows:

66040
107732
138773
134634


PS:

Read file <./err_files/f/8.err> for stderr output of this job.

Sender: LSF System <lsfadmin@polus-c4-ib.bmc.hpc.cs.msu.ru>
Subject: Job 1046770: <# this file was automaticly created by mpisubmit.pl script for edu-cmc-sqi21-01 #;source /polusfs/setenv/setup.SMPI;#BSUB -n 8;#BSUB -W 00:30;#BSUB -o ./out_files/f/8.out;#BSUB -e ./err_files/f/8.err;OMP_NUM_THREADS=1 mpiexec ./prog f 10> in cluster <MSUCluster> Done

Job <# this file was automaticly created by mpisubmit.pl script for edu-cmc-sqi21-01 #;source /polusfs/setenv/setup.SMPI;#BSUB -n 8;#BSUB -W 00:30;#BSUB -o ./out_files/f/8.out;#BSUB -e ./err_files/f/8.err;OMP_NUM_THREADS=1 mpiexec ./prog f 10> was submitted from host <polus-ib.bmc.hpc.cs.msu.ru> by user <edu-cmc-sqi21-01> in cluster <MSUCluster> at Tue May  2 19:03:20 2023
Job was executed on host(s) <8*polus-c4-ib.bmc.hpc.cs.msu.ru>, in queue <short>, as user <edu-cmc-sqi21-01> in cluster <MSUCluster> at Tue May  2 19:14:17 2023
</home_edu/edu-cmc-sqi21/edu-cmc-sqi21-01> was used as the home directory.
</home_edu/edu-cmc-sqi21/edu-cmc-sqi21-01/SpecSem/SpecSem/KDTree/main> was used as the working directory.
Started at Tue May  2 19:14:17 2023
Terminated at Tue May  2 19:14:22 2023
Results reported at Tue May  2 19:14:22 2023

Your job looked like:

------------------------------------------------------------
# LSBATCH: User input
# this file was automaticly created by mpisubmit.pl script for edu-cmc-sqi21-01 #
source /polusfs/setenv/setup.SMPI
#BSUB -n 8
#BSUB -W 00:30
#BSUB -o ./out_files/f/8.out
#BSUB -e ./err_files/f/8.err
OMP_NUM_THREADS=1 mpiexec ./prog f 10

------------------------------------------------------------

Successfully completed.

Resource usage summary:

    CPU time :                                   28.39 sec.
    Max Memory :                                 441 MB
    Average Memory :                             294.33 MB
    Total Requested Memory :                     -
    Delta Memory :                               -
    Max Swap :                                   -
    Max Processes :                              12
    Max Threads :                                33
    Run time :                                   4 sec.
    Turnaround time :                            662 sec.

The output (if any) follows:

66040
107732
138773
134634


PS:

Read file <./err_files/f/8.err> for stderr output of this job.

Sender: LSF System <lsfadmin@polus-c4-ib.bmc.hpc.cs.msu.ru>
Subject: Job 1046937: <# this file was automaticly created by mpisubmit.pl script for edu-cmc-sqi21-01 #;source /polusfs/setenv/setup.SMPI;#BSUB -n 8;#BSUB -W 00:30;#BSUB -o ./out_files/f/8.out;#BSUB -e ./err_files/f/8.err;OMP_NUM_THREADS=1 mpiexec ./prog f 10> in cluster <MSUCluster> Done

Job <# this file was automaticly created by mpisubmit.pl script for edu-cmc-sqi21-01 #;source /polusfs/setenv/setup.SMPI;#BSUB -n 8;#BSUB -W 00:30;#BSUB -o ./out_files/f/8.out;#BSUB -e ./err_files/f/8.err;OMP_NUM_THREADS=1 mpiexec ./prog f 10> was submitted from host <polus-ib.bmc.hpc.cs.msu.ru> by user <edu-cmc-sqi21-01> in cluster <MSUCluster> at Tue May  2 19:10:25 2023
Job was executed on host(s) <8*polus-c4-ib.bmc.hpc.cs.msu.ru>, in queue <short>, as user <edu-cmc-sqi21-01> in cluster <MSUCluster> at Tue May  2 19:17:12 2023
</home_edu/edu-cmc-sqi21/edu-cmc-sqi21-01> was used as the home directory.
</home_edu/edu-cmc-sqi21/edu-cmc-sqi21-01/SpecSem/SpecSem/KDTree/main> was used as the working directory.
Started at Tue May  2 19:17:12 2023
Terminated at Tue May  2 19:17:17 2023
Results reported at Tue May  2 19:17:17 2023

Your job looked like:

------------------------------------------------------------
# LSBATCH: User input
# this file was automaticly created by mpisubmit.pl script for edu-cmc-sqi21-01 #
source /polusfs/setenv/setup.SMPI
#BSUB -n 8
#BSUB -W 00:30
#BSUB -o ./out_files/f/8.out
#BSUB -e ./err_files/f/8.err
OMP_NUM_THREADS=1 mpiexec ./prog f 10

------------------------------------------------------------

Successfully completed.

Resource usage summary:

    CPU time :                                   28.94 sec.
    Max Memory :                                 7 MB
    Average Memory :                             5.00 MB
    Total Requested Memory :                     -
    Delta Memory :                               -
    Max Swap :                                   -
    Max Processes :                              4
    Max Threads :                                5
    Run time :                                   4 sec.
    Turnaround time :                            412 sec.

The output (if any) follows:

134634
138773
107732
66040


PS:

Read file <./err_files/f/8.err> for stderr output of this job.

