Sender: LSF System <lsfadmin@polus-c4-ib.bmc.hpc.cs.msu.ru>
Subject: Job 1035852: <# this file was automaticly created by mpisubmit.pl script for edu-cmc-sqi21-01 #;source /polusfs/setenv/setup.SMPI;#BSUB -n 15;#BSUB -W 00:30;#BSUB -o ./out_files/d/15.out;#BSUB -e ./err_files/d/15.err;OMP_NUM_THREADS=1 mpiexec ./prog d> in cluster <MSUCluster> Exited

Job <# this file was automaticly created by mpisubmit.pl script for edu-cmc-sqi21-01 #;source /polusfs/setenv/setup.SMPI;#BSUB -n 15;#BSUB -W 00:30;#BSUB -o ./out_files/d/15.out;#BSUB -e ./err_files/d/15.err;OMP_NUM_THREADS=1 mpiexec ./prog d> was submitted from host <polus-ib.bmc.hpc.cs.msu.ru> by user <edu-cmc-sqi21-01> in cluster <MSUCluster> at Fri Mar 24 15:14:25 2023
Job was executed on host(s) <13*polus-c4-ib.bmc.hpc.cs.msu.ru>, in queue <short>, as user <edu-cmc-sqi21-01> in cluster <MSUCluster> at Fri Mar 24 15:17:09 2023
                            <2*polus-c2-ib.bmc.hpc.cs.msu.ru>
</home_edu/edu-cmc-sqi21/edu-cmc-sqi21-01> was used as the home directory.
</home_edu/edu-cmc-sqi21/edu-cmc-sqi21-01/SpecSem/SpecSem/KDTree> was used as the working directory.
Started at Fri Mar 24 15:17:09 2023
Terminated at Fri Mar 24 15:17:19 2023
Results reported at Fri Mar 24 15:17:19 2023

Your job looked like:

------------------------------------------------------------
# LSBATCH: User input
# this file was automaticly created by mpisubmit.pl script for edu-cmc-sqi21-01 #
source /polusfs/setenv/setup.SMPI
#BSUB -n 15
#BSUB -W 00:30
#BSUB -o ./out_files/d/15.out
#BSUB -e ./err_files/d/15.err
OMP_NUM_THREADS=1 mpiexec ./prog d

------------------------------------------------------------

Exited with exit code 139.

Resource usage summary:

    CPU time :                                   104.00 sec.
    Max Memory :                                 796 MB
    Average Memory :                             564.25 MB
    Total Requested Memory :                     -
    Delta Memory :                               -
    Max Swap :                                   -
    Max Processes :                              17
    Max Threads :                                48
    Run time :                                   10 sec.
    Turnaround time :                            174 sec.

The output (if any) follows:

Start to read the file
Main is sending
2499971
Built time: 7.67004
--------------------------------------------------------------------------
mpiexec noticed that process rank 0 with PID 0 on node polus-c4-ib exited on signal 11 (Segmentation fault).
--------------------------------------------------------------------------


PS:

Read file <./err_files/d/15.err> for stderr output of this job.

Sender: LSF System <lsfadmin@polus-c4-ib.bmc.hpc.cs.msu.ru>
Subject: Job 1035892: <# this file was automaticly created by mpisubmit.pl script for edu-cmc-sqi21-01 #;source /polusfs/setenv/setup.SMPI;#BSUB -n 15;#BSUB -W 00:30;#BSUB -o ./out_files/d/15.out;#BSUB -e ./err_files/d/15.err;OMP_NUM_THREADS=1 mpiexec ./prog d> in cluster <MSUCluster> Exited

Job <# this file was automaticly created by mpisubmit.pl script for edu-cmc-sqi21-01 #;source /polusfs/setenv/setup.SMPI;#BSUB -n 15;#BSUB -W 00:30;#BSUB -o ./out_files/d/15.out;#BSUB -e ./err_files/d/15.err;OMP_NUM_THREADS=1 mpiexec ./prog d> was submitted from host <polus-ib.bmc.hpc.cs.msu.ru> by user <edu-cmc-sqi21-01> in cluster <MSUCluster> at Fri Mar 24 15:14:26 2023
Job was executed on host(s) <10*polus-c4-ib.bmc.hpc.cs.msu.ru>, in queue <short>, as user <edu-cmc-sqi21-01> in cluster <MSUCluster> at Fri Mar 24 15:21:20 2023
                            <5*polus-c2-ib.bmc.hpc.cs.msu.ru>
</home_edu/edu-cmc-sqi21/edu-cmc-sqi21-01> was used as the home directory.
</home_edu/edu-cmc-sqi21/edu-cmc-sqi21-01/SpecSem/SpecSem/KDTree> was used as the working directory.
Started at Fri Mar 24 15:21:20 2023
Terminated at Fri Mar 24 15:21:30 2023
Results reported at Fri Mar 24 15:21:30 2023

Your job looked like:

------------------------------------------------------------
# LSBATCH: User input
# this file was automaticly created by mpisubmit.pl script for edu-cmc-sqi21-01 #
source /polusfs/setenv/setup.SMPI
#BSUB -n 15
#BSUB -W 00:30
#BSUB -o ./out_files/d/15.out
#BSUB -e ./err_files/d/15.err
OMP_NUM_THREADS=1 mpiexec ./prog d

------------------------------------------------------------

Exited with exit code 139.

Resource usage summary:

    CPU time :                                   79.00 sec.
    Max Memory :                                 612 MB
    Average Memory :                             459.25 MB
    Total Requested Memory :                     -
    Delta Memory :                               -
    Max Swap :                                   -
    Max Processes :                              14
    Max Threads :                                39
    Run time :                                   10 sec.
    Turnaround time :                            424 sec.

The output (if any) follows:

Start to read the file
Main is sending
2499971
Built time: 7.46984
--------------------------------------------------------------------------
mpiexec noticed that process rank 0 with PID 0 on node polus-c4-ib exited on signal 11 (Segmentation fault).
--------------------------------------------------------------------------


PS:

Read file <./err_files/d/15.err> for stderr output of this job.

Sender: LSF System <lsfadmin@polus-c2-ib.bmc.hpc.cs.msu.ru>
Subject: Job 1035872: <# this file was automaticly created by mpisubmit.pl script for edu-cmc-sqi21-01 #;source /polusfs/setenv/setup.SMPI;#BSUB -n 15;#BSUB -W 00:30;#BSUB -o ./out_files/d/15.out;#BSUB -e ./err_files/d/15.err;OMP_NUM_THREADS=1 mpiexec ./prog d> in cluster <MSUCluster> Exited

Job <# this file was automaticly created by mpisubmit.pl script for edu-cmc-sqi21-01 #;source /polusfs/setenv/setup.SMPI;#BSUB -n 15;#BSUB -W 00:30;#BSUB -o ./out_files/d/15.out;#BSUB -e ./err_files/d/15.err;OMP_NUM_THREADS=1 mpiexec ./prog d> was submitted from host <polus-ib.bmc.hpc.cs.msu.ru> by user <edu-cmc-sqi21-01> in cluster <MSUCluster> at Fri Mar 24 15:14:26 2023
Job was executed on host(s) <5*polus-c2-ib.bmc.hpc.cs.msu.ru>, in queue <short>, as user <edu-cmc-sqi21-01> in cluster <MSUCluster> at Fri Mar 24 15:20:44 2023
                            <10*polus-c4-ib.bmc.hpc.cs.msu.ru>
</home_edu/edu-cmc-sqi21/edu-cmc-sqi21-01> was used as the home directory.
</home_edu/edu-cmc-sqi21/edu-cmc-sqi21-01/SpecSem/SpecSem/KDTree> was used as the working directory.
Started at Fri Mar 24 15:20:44 2023
Terminated at Fri Mar 24 15:21:32 2023
Results reported at Fri Mar 24 15:21:32 2023

Your job looked like:

------------------------------------------------------------
# LSBATCH: User input
# this file was automaticly created by mpisubmit.pl script for edu-cmc-sqi21-01 #
source /polusfs/setenv/setup.SMPI
#BSUB -n 15
#BSUB -W 00:30
#BSUB -o ./out_files/d/15.out
#BSUB -e ./err_files/d/15.err
OMP_NUM_THREADS=1 mpiexec ./prog d

------------------------------------------------------------

Exited with exit code 139.

Resource usage summary:

    CPU time :                                   228.00 sec.
    Max Memory :                                 376 MB
    Average Memory :                             261.88 MB
    Total Requested Memory :                     -
    Delta Memory :                               -
    Max Swap :                                   2 MB
    Max Processes :                              9
    Max Threads :                                24
    Run time :                                   48 sec.
    Turnaround time :                            426 sec.

The output (if any) follows:

Start to read the file
Main is sending
2499971
Built time: 45.0439
--------------------------------------------------------------------------
mpiexec noticed that process rank 0 with PID 0 on node polus-c2-ib exited on signal 11 (Segmentation fault).
--------------------------------------------------------------------------


PS:

Read file <./err_files/d/15.err> for stderr output of this job.

Sender: LSF System <lsfadmin@polus-c4-ib.bmc.hpc.cs.msu.ru>
Subject: Job 1035912: <# this file was automaticly created by mpisubmit.pl script for edu-cmc-sqi21-01 #;source /polusfs/setenv/setup.SMPI;#BSUB -n 15;#BSUB -W 00:30;#BSUB -o ./out_files/d/15.out;#BSUB -e ./err_files/d/15.err;OMP_NUM_THREADS=1 mpiexec ./prog d> in cluster <MSUCluster> Exited

Job <# this file was automaticly created by mpisubmit.pl script for edu-cmc-sqi21-01 #;source /polusfs/setenv/setup.SMPI;#BSUB -n 15;#BSUB -W 00:30;#BSUB -o ./out_files/d/15.out;#BSUB -e ./err_files/d/15.err;OMP_NUM_THREADS=1 mpiexec ./prog d> was submitted from host <polus-ib.bmc.hpc.cs.msu.ru> by user <edu-cmc-sqi21-01> in cluster <MSUCluster> at Fri Mar 24 15:14:27 2023
Job was executed on host(s) <10*polus-c4-ib.bmc.hpc.cs.msu.ru>, in queue <short>, as user <edu-cmc-sqi21-01> in cluster <MSUCluster> at Fri Mar 24 15:21:39 2023
                            <5*polus-c2-ib.bmc.hpc.cs.msu.ru>
</home_edu/edu-cmc-sqi21/edu-cmc-sqi21-01> was used as the home directory.
</home_edu/edu-cmc-sqi21/edu-cmc-sqi21-01/SpecSem/SpecSem/KDTree> was used as the working directory.
Started at Fri Mar 24 15:21:39 2023
Terminated at Fri Mar 24 15:21:49 2023
Results reported at Fri Mar 24 15:21:49 2023

Your job looked like:

------------------------------------------------------------
# LSBATCH: User input
# this file was automaticly created by mpisubmit.pl script for edu-cmc-sqi21-01 #
source /polusfs/setenv/setup.SMPI
#BSUB -n 15
#BSUB -W 00:30
#BSUB -o ./out_files/d/15.out
#BSUB -e ./err_files/d/15.err
OMP_NUM_THREADS=1 mpiexec ./prog d

------------------------------------------------------------

Exited with exit code 139.

Resource usage summary:

    CPU time :                                   75.00 sec.
    Max Memory :                                 612 MB
    Average Memory :                             459.25 MB
    Total Requested Memory :                     -
    Delta Memory :                               -
    Max Swap :                                   -
    Max Processes :                              14
    Max Threads :                                39
    Run time :                                   11 sec.
    Turnaround time :                            442 sec.

The output (if any) follows:

Start to read the file
Main is sending
2499971
Built time: 7.13828
--------------------------------------------------------------------------
mpiexec noticed that process rank 0 with PID 0 on node polus-c4-ib exited on signal 11 (Segmentation fault).
--------------------------------------------------------------------------


PS:

Read file <./err_files/d/15.err> for stderr output of this job.

