Sender: LSF System <lsfadmin@polus-c2-ib.bmc.hpc.cs.msu.ru>
Subject: Job 1035850: <# this file was automaticly created by mpisubmit.pl script for edu-cmc-sqi21-01 #;source /polusfs/setenv/setup.SMPI;#BSUB -n 3;#BSUB -W 00:30;#BSUB -o ./out_files/d/3.out;#BSUB -e ./err_files/d/3.err;OMP_NUM_THREADS=1 mpiexec ./prog d> in cluster <MSUCluster> Exited

Job <# this file was automaticly created by mpisubmit.pl script for edu-cmc-sqi21-01 #;source /polusfs/setenv/setup.SMPI;#BSUB -n 3;#BSUB -W 00:30;#BSUB -o ./out_files/d/3.out;#BSUB -e ./err_files/d/3.err;OMP_NUM_THREADS=1 mpiexec ./prog d> was submitted from host <polus-ib.bmc.hpc.cs.msu.ru> by user <edu-cmc-sqi21-01> in cluster <MSUCluster> at Fri Mar 24 15:14:25 2023
Job was executed on host(s) <3*polus-c2-ib.bmc.hpc.cs.msu.ru>, in queue <short>, as user <edu-cmc-sqi21-01> in cluster <MSUCluster> at Fri Mar 24 15:17:04 2023
</home_edu/edu-cmc-sqi21/edu-cmc-sqi21-01> was used as the home directory.
</home_edu/edu-cmc-sqi21/edu-cmc-sqi21-01/SpecSem/SpecSem/KDTree> was used as the working directory.
Started at Fri Mar 24 15:17:04 2023
Terminated at Fri Mar 24 15:17:51 2023
Results reported at Fri Mar 24 15:17:51 2023

Your job looked like:

------------------------------------------------------------
# LSBATCH: User input
# this file was automaticly created by mpisubmit.pl script for edu-cmc-sqi21-01 #
source /polusfs/setenv/setup.SMPI
#BSUB -n 3
#BSUB -W 00:30
#BSUB -o ./out_files/d/3.out
#BSUB -e ./err_files/d/3.err
OMP_NUM_THREADS=1 mpiexec ./prog d

------------------------------------------------------------

Exited with exit code 139.

Resource usage summary:

    CPU time :                                   132.00 sec.
    Max Memory :                                 235 MB
    Average Memory :                             187.00 MB
    Total Requested Memory :                     -
    Delta Memory :                               -
    Max Swap :                                   -
    Max Processes :                              7
    Max Threads :                                18
    Run time :                                   46 sec.
    Turnaround time :                            206 sec.

The output (if any) follows:

Start to read the file
Main is sending
2499971
Built time: 43.369
--------------------------------------------------------------------------
mpiexec noticed that process rank 0 with PID 0 on node polus-c2-ib exited on signal 11 (Segmentation fault).
--------------------------------------------------------------------------


PS:

Read file <./err_files/d/3.err> for stderr output of this job.

Sender: LSF System <lsfadmin@polus-c2-ib.bmc.hpc.cs.msu.ru>
Subject: Job 1035870: <# this file was automaticly created by mpisubmit.pl script for edu-cmc-sqi21-01 #;source /polusfs/setenv/setup.SMPI;#BSUB -n 3;#BSUB -W 00:30;#BSUB -o ./out_files/d/3.out;#BSUB -e ./err_files/d/3.err;OMP_NUM_THREADS=1 mpiexec ./prog d> in cluster <MSUCluster> Exited

Job <# this file was automaticly created by mpisubmit.pl script for edu-cmc-sqi21-01 #;source /polusfs/setenv/setup.SMPI;#BSUB -n 3;#BSUB -W 00:30;#BSUB -o ./out_files/d/3.out;#BSUB -e ./err_files/d/3.err;OMP_NUM_THREADS=1 mpiexec ./prog d> was submitted from host <polus-ib.bmc.hpc.cs.msu.ru> by user <edu-cmc-sqi21-01> in cluster <MSUCluster> at Fri Mar 24 15:14:25 2023
Job was executed on host(s) <2*polus-c2-ib.bmc.hpc.cs.msu.ru>, in queue <short>, as user <edu-cmc-sqi21-01> in cluster <MSUCluster> at Fri Mar 24 15:17:30 2023
                            <1*polus-c4-ib.bmc.hpc.cs.msu.ru>
</home_edu/edu-cmc-sqi21/edu-cmc-sqi21-01> was used as the home directory.
</home_edu/edu-cmc-sqi21/edu-cmc-sqi21-01/SpecSem/SpecSem/KDTree> was used as the working directory.
Started at Fri Mar 24 15:17:30 2023
Terminated at Fri Mar 24 15:18:17 2023
Results reported at Fri Mar 24 15:18:17 2023

Your job looked like:

------------------------------------------------------------
# LSBATCH: User input
# this file was automaticly created by mpisubmit.pl script for edu-cmc-sqi21-01 #
source /polusfs/setenv/setup.SMPI
#BSUB -n 3
#BSUB -W 00:30
#BSUB -o ./out_files/d/3.out
#BSUB -e ./err_files/d/3.err
OMP_NUM_THREADS=1 mpiexec ./prog d

------------------------------------------------------------

Exited with exit code 139.

Resource usage summary:

    CPU time :                                   86.00 sec.
    Max Memory :                                 208 MB
    Average Memory :                             81.88 MB
    Total Requested Memory :                     -
    Delta Memory :                               -
    Max Swap :                                   2 MB
    Max Processes :                              6
    Max Threads :                                15
    Run time :                                   46 sec.
    Turnaround time :                            232 sec.

The output (if any) follows:

Start to read the file
Main is sending
2499971
Built time: 42.4585
--------------------------------------------------------------------------
mpiexec noticed that process rank 0 with PID 0 on node polus-c2-ib exited on signal 11 (Segmentation fault).
--------------------------------------------------------------------------


PS:

Read file <./err_files/d/3.err> for stderr output of this job.

Sender: LSF System <lsfadmin@polus-c4-ib.bmc.hpc.cs.msu.ru>
Subject: Job 1035890: <# this file was automaticly created by mpisubmit.pl script for edu-cmc-sqi21-01 #;source /polusfs/setenv/setup.SMPI;#BSUB -n 3;#BSUB -W 00:30;#BSUB -o ./out_files/d/3.out;#BSUB -e ./err_files/d/3.err;OMP_NUM_THREADS=1 mpiexec ./prog d> in cluster <MSUCluster> Exited

Job <# this file was automaticly created by mpisubmit.pl script for edu-cmc-sqi21-01 #;source /polusfs/setenv/setup.SMPI;#BSUB -n 3;#BSUB -W 00:30;#BSUB -o ./out_files/d/3.out;#BSUB -e ./err_files/d/3.err;OMP_NUM_THREADS=1 mpiexec ./prog d> was submitted from host <polus-ib.bmc.hpc.cs.msu.ru> by user <edu-cmc-sqi21-01> in cluster <MSUCluster> at Fri Mar 24 15:14:26 2023
Job was executed on host(s) <2*polus-c4-ib.bmc.hpc.cs.msu.ru>, in queue <short>, as user <edu-cmc-sqi21-01> in cluster <MSUCluster> at Fri Mar 24 15:18:07 2023
                            <1*polus-c2-ib.bmc.hpc.cs.msu.ru>
</home_edu/edu-cmc-sqi21/edu-cmc-sqi21-01> was used as the home directory.
</home_edu/edu-cmc-sqi21/edu-cmc-sqi21-01/SpecSem/SpecSem/KDTree> was used as the working directory.
Started at Fri Mar 24 15:18:07 2023
Terminated at Fri Mar 24 15:18:18 2023
Results reported at Fri Mar 24 15:18:18 2023

Your job looked like:

------------------------------------------------------------
# LSBATCH: User input
# this file was automaticly created by mpisubmit.pl script for edu-cmc-sqi21-01 #
source /polusfs/setenv/setup.SMPI
#BSUB -n 3
#BSUB -W 00:30
#BSUB -o ./out_files/d/3.out
#BSUB -e ./err_files/d/3.err
OMP_NUM_THREADS=1 mpiexec ./prog d

------------------------------------------------------------

Exited with exit code 139.

Resource usage summary:

    CPU time :                                   16.23 sec.
    Max Memory :                                 210 MB
    Average Memory :                             54.25 MB
    Total Requested Memory :                     -
    Delta Memory :                               -
    Max Swap :                                   -
    Max Processes :                              6
    Max Threads :                                15
    Run time :                                   12 sec.
    Turnaround time :                            232 sec.

The output (if any) follows:

Start to read the file
Main is sending
2499971
Built time: 7.41304
--------------------------------------------------------------------------
mpiexec noticed that process rank 0 with PID 0 on node polus-c4-ib exited on signal 11 (Segmentation fault).
--------------------------------------------------------------------------


PS:

Read file <./err_files/d/3.err> for stderr output of this job.

Sender: LSF System <lsfadmin@polus-c4-ib.bmc.hpc.cs.msu.ru>
Subject: Job 1035910: <# this file was automaticly created by mpisubmit.pl script for edu-cmc-sqi21-01 #;source /polusfs/setenv/setup.SMPI;#BSUB -n 3;#BSUB -W 00:30;#BSUB -o ./out_files/d/3.out;#BSUB -e ./err_files/d/3.err;OMP_NUM_THREADS=1 mpiexec ./prog d> in cluster <MSUCluster> Exited

Job <# this file was automaticly created by mpisubmit.pl script for edu-cmc-sqi21-01 #;source /polusfs/setenv/setup.SMPI;#BSUB -n 3;#BSUB -W 00:30;#BSUB -o ./out_files/d/3.out;#BSUB -e ./err_files/d/3.err;OMP_NUM_THREADS=1 mpiexec ./prog d> was submitted from host <polus-ib.bmc.hpc.cs.msu.ru> by user <edu-cmc-sqi21-01> in cluster <MSUCluster> at Fri Mar 24 15:14:27 2023
Job was executed on host(s) <3*polus-c4-ib.bmc.hpc.cs.msu.ru>, in queue <short>, as user <edu-cmc-sqi21-01> in cluster <MSUCluster> at Fri Mar 24 15:19:04 2023
</home_edu/edu-cmc-sqi21/edu-cmc-sqi21-01> was used as the home directory.
</home_edu/edu-cmc-sqi21/edu-cmc-sqi21-01/SpecSem/SpecSem/KDTree> was used as the working directory.
Started at Fri Mar 24 15:19:04 2023
Terminated at Fri Mar 24 15:19:12 2023
Results reported at Fri Mar 24 15:19:12 2023

Your job looked like:

------------------------------------------------------------
# LSBATCH: User input
# this file was automaticly created by mpisubmit.pl script for edu-cmc-sqi21-01 #
source /polusfs/setenv/setup.SMPI
#BSUB -n 3
#BSUB -W 00:30
#BSUB -o ./out_files/d/3.out
#BSUB -e ./err_files/d/3.err
OMP_NUM_THREADS=1 mpiexec ./prog d

------------------------------------------------------------

Exited with exit code 139.

Resource usage summary:

    CPU time :                                   20.00 sec.
    Max Memory :                                 273 MB
    Average Memory :                             192.75 MB
    Total Requested Memory :                     -
    Delta Memory :                               -
    Max Swap :                                   -
    Max Processes :                              7
    Max Threads :                                18
    Run time :                                   8 sec.
    Turnaround time :                            285 sec.

The output (if any) follows:

Start to read the file
Main is sending
2499971
Built time: 6.51051
--------------------------------------------------------------------------
mpiexec noticed that process rank 0 with PID 0 on node polus-c4-ib exited on signal 11 (Segmentation fault).
--------------------------------------------------------------------------


PS:

Read file <./err_files/d/3.err> for stderr output of this job.

