Sender: LSF System <lsfadmin@polus-c4-ib.bmc.hpc.cs.msu.ru>
Subject: Job 1036054: <# this file was automaticly created by mpisubmit.pl script for edu-cmc-sqi21-01 #;source /polusfs/setenv/setup.SMPI;#BSUB -n 31;#BSUB -W 00:30;#BSUB -o ./out_files/d/31.out;#BSUB -e ./err_files/d/31.err;OMP_NUM_THREADS=1 mpiexec ./prog d> in cluster <MSUCluster> Done

Job <# this file was automaticly created by mpisubmit.pl script for edu-cmc-sqi21-01 #;source /polusfs/setenv/setup.SMPI;#BSUB -n 31;#BSUB -W 00:30;#BSUB -o ./out_files/d/31.out;#BSUB -e ./err_files/d/31.err;OMP_NUM_THREADS=1 mpiexec ./prog d> was submitted from host <polus-ib.bmc.hpc.cs.msu.ru> by user <edu-cmc-sqi21-01> in cluster <MSUCluster> at Fri Mar 24 15:52:32 2023
Job was executed on host(s) <20*polus-c4-ib.bmc.hpc.cs.msu.ru>, in queue <short>, as user <edu-cmc-sqi21-01> in cluster <MSUCluster> at Fri Mar 24 16:28:58 2023
                            <11*polus-c2-ib.bmc.hpc.cs.msu.ru>
</home_edu/edu-cmc-sqi21/edu-cmc-sqi21-01> was used as the home directory.
</home_edu/edu-cmc-sqi21/edu-cmc-sqi21-01/SpecSem/SpecSem/KDTree> was used as the working directory.
Started at Fri Mar 24 16:28:58 2023
Terminated at Fri Mar 24 16:29:11 2023
Results reported at Fri Mar 24 16:29:11 2023

Your job looked like:

------------------------------------------------------------
# LSBATCH: User input
# this file was automaticly created by mpisubmit.pl script for edu-cmc-sqi21-01 #
source /polusfs/setenv/setup.SMPI
#BSUB -n 31
#BSUB -W 00:30
#BSUB -o ./out_files/d/31.out
#BSUB -e ./err_files/d/31.err
OMP_NUM_THREADS=1 mpiexec ./prog d

------------------------------------------------------------

Successfully completed.

Resource usage summary:

    CPU time :                                   301.43 sec.
    Max Memory :                                 1197 MB
    Average Memory :                             898.00 MB
    Total Requested Memory :                     -
    Delta Memory :                               -
    Max Swap :                                   -
    Max Processes :                              24
    Max Threads :                                69
    Run time :                                   12 sec.
    Turnaround time :                            2199 sec.

The output (if any) follows:

Start to read the file
Main is sending
2499971
Built time: 7.47026
My rank: 0, data size: 0
5389
8873
4890
8873
88164
164471
179112
223305
Searching time: 2.04418


PS:

Read file <./err_files/d/31.err> for stderr output of this job.

Sender: LSF System <lsfadmin@polus-c4-ib.bmc.hpc.cs.msu.ru>
Subject: Job 1036074: <# this file was automaticly created by mpisubmit.pl script for edu-cmc-sqi21-01 #;source /polusfs/setenv/setup.SMPI;#BSUB -n 31;#BSUB -W 00:30;#BSUB -o ./out_files/d/31.out;#BSUB -e ./err_files/d/31.err;OMP_NUM_THREADS=1 mpiexec ./prog d> in cluster <MSUCluster> Done

Job <# this file was automaticly created by mpisubmit.pl script for edu-cmc-sqi21-01 #;source /polusfs/setenv/setup.SMPI;#BSUB -n 31;#BSUB -W 00:30;#BSUB -o ./out_files/d/31.out;#BSUB -e ./err_files/d/31.err;OMP_NUM_THREADS=1 mpiexec ./prog d> was submitted from host <polus-ib.bmc.hpc.cs.msu.ru> by user <edu-cmc-sqi21-01> in cluster <MSUCluster> at Fri Mar 24 15:52:33 2023
Job was executed on host(s) <20*polus-c4-ib.bmc.hpc.cs.msu.ru>, in queue <short>, as user <edu-cmc-sqi21-01> in cluster <MSUCluster> at Fri Mar 24 16:59:22 2023
                            <11*polus-c2-ib.bmc.hpc.cs.msu.ru>
</home_edu/edu-cmc-sqi21/edu-cmc-sqi21-01> was used as the home directory.
</home_edu/edu-cmc-sqi21/edu-cmc-sqi21-01/SpecSem/SpecSem/KDTree> was used as the working directory.
Started at Fri Mar 24 16:59:22 2023
Terminated at Fri Mar 24 16:59:34 2023
Results reported at Fri Mar 24 16:59:34 2023

Your job looked like:

------------------------------------------------------------
# LSBATCH: User input
# this file was automaticly created by mpisubmit.pl script for edu-cmc-sqi21-01 #
source /polusfs/setenv/setup.SMPI
#BSUB -n 31
#BSUB -W 00:30
#BSUB -o ./out_files/d/31.out
#BSUB -e ./err_files/d/31.err
OMP_NUM_THREADS=1 mpiexec ./prog d

------------------------------------------------------------

Successfully completed.

Resource usage summary:

    CPU time :                                   300.26 sec.
    Max Memory :                                 1212 MB
    Average Memory :                             909.25 MB
    Total Requested Memory :                     -
    Delta Memory :                               -
    Max Swap :                                   -
    Max Processes :                              24
    Max Threads :                                69
    Run time :                                   12 sec.
    Turnaround time :                            4021 sec.

The output (if any) follows:

Start to read the file
Main is sending
2499971
Built time: 7.5339
My rank: 0, data size: 0
1260
6563
3910
28945
6323
120270
105908
128120
Searching time: 1.88255


PS:

Read file <./err_files/d/31.err> for stderr output of this job.

Sender: LSF System <lsfadmin@polus-c2-ib.bmc.hpc.cs.msu.ru>
Subject: Job 1036094: <# this file was automaticly created by mpisubmit.pl script for edu-cmc-sqi21-01 #;source /polusfs/setenv/setup.SMPI;#BSUB -n 31;#BSUB -W 00:30;#BSUB -o ./out_files/d/31.out;#BSUB -e ./err_files/d/31.err;OMP_NUM_THREADS=1 mpiexec ./prog d> in cluster <MSUCluster> Done

Job <# this file was automaticly created by mpisubmit.pl script for edu-cmc-sqi21-01 #;source /polusfs/setenv/setup.SMPI;#BSUB -n 31;#BSUB -W 00:30;#BSUB -o ./out_files/d/31.out;#BSUB -e ./err_files/d/31.err;OMP_NUM_THREADS=1 mpiexec ./prog d> was submitted from host <polus-ib.bmc.hpc.cs.msu.ru> by user <edu-cmc-sqi21-01> in cluster <MSUCluster> at Fri Mar 24 15:52:34 2023
Job was executed on host(s) <20*polus-c2-ib.bmc.hpc.cs.msu.ru>, in queue <short>, as user <edu-cmc-sqi21-01> in cluster <MSUCluster> at Fri Mar 24 16:59:52 2023
                            <11*polus-c4-ib.bmc.hpc.cs.msu.ru>
</home_edu/edu-cmc-sqi21/edu-cmc-sqi21-01> was used as the home directory.
</home_edu/edu-cmc-sqi21/edu-cmc-sqi21-01/SpecSem/SpecSem/KDTree> was used as the working directory.
Started at Fri Mar 24 16:59:52 2023
Terminated at Fri Mar 24 17:00:42 2023
Results reported at Fri Mar 24 17:00:42 2023

Your job looked like:

------------------------------------------------------------
# LSBATCH: User input
# this file was automaticly created by mpisubmit.pl script for edu-cmc-sqi21-01 #
source /polusfs/setenv/setup.SMPI
#BSUB -n 31
#BSUB -W 00:30
#BSUB -o ./out_files/d/31.out
#BSUB -e ./err_files/d/31.err
OMP_NUM_THREADS=1 mpiexec ./prog d

------------------------------------------------------------

Successfully completed.

Resource usage summary:

    CPU time :                                   1467.87 sec.
    Max Memory :                                 1190 MB
    Average Memory :                             1014.89 MB
    Total Requested Memory :                     -
    Delta Memory :                               -
    Max Swap :                                   -
    Max Processes :                              24
    Max Threads :                                69
    Run time :                                   50 sec.
    Turnaround time :                            4088 sec.

The output (if any) follows:

Start to read the file
Main is sending
2499971
Built time: 46.5092
My rank: 0, data size: 0
37
1778
6430
19215
723
8578
42004
119015
Searching time: 0.567028


PS:

Read file <./err_files/d/31.err> for stderr output of this job.

Sender: LSF System <lsfadmin@polus-c2-ib.bmc.hpc.cs.msu.ru>
Subject: Job 1036114: <# this file was automaticly created by mpisubmit.pl script for edu-cmc-sqi21-01 #;source /polusfs/setenv/setup.SMPI;#BSUB -n 31;#BSUB -W 00:30;#BSUB -o ./out_files/d/31.out;#BSUB -e ./err_files/d/31.err;OMP_NUM_THREADS=1 mpiexec ./prog d> in cluster <MSUCluster> Done

Job <# this file was automaticly created by mpisubmit.pl script for edu-cmc-sqi21-01 #;source /polusfs/setenv/setup.SMPI;#BSUB -n 31;#BSUB -W 00:30;#BSUB -o ./out_files/d/31.out;#BSUB -e ./err_files/d/31.err;OMP_NUM_THREADS=1 mpiexec ./prog d> was submitted from host <polus-ib.bmc.hpc.cs.msu.ru> by user <edu-cmc-sqi21-01> in cluster <MSUCluster> at Fri Mar 24 15:52:35 2023
Job was executed on host(s) <20*polus-c2-ib.bmc.hpc.cs.msu.ru>, in queue <short>, as user <edu-cmc-sqi21-01> in cluster <MSUCluster> at Fri Mar 24 17:30:53 2023
                            <11*polus-c4-ib.bmc.hpc.cs.msu.ru>
</home_edu/edu-cmc-sqi21/edu-cmc-sqi21-01> was used as the home directory.
</home_edu/edu-cmc-sqi21/edu-cmc-sqi21-01/SpecSem/SpecSem/KDTree> was used as the working directory.
Started at Fri Mar 24 17:30:53 2023
Terminated at Fri Mar 24 17:31:45 2023
Results reported at Fri Mar 24 17:31:45 2023

Your job looked like:

------------------------------------------------------------
# LSBATCH: User input
# this file was automaticly created by mpisubmit.pl script for edu-cmc-sqi21-01 #
source /polusfs/setenv/setup.SMPI
#BSUB -n 31
#BSUB -W 00:30
#BSUB -o ./out_files/d/31.out
#BSUB -e ./err_files/d/31.err
OMP_NUM_THREADS=1 mpiexec ./prog d

------------------------------------------------------------

Successfully completed.

Resource usage summary:

    CPU time :                                   1542.21 sec.
    Max Memory :                                 1140 MB
    Average Memory :                             1005.70 MB
    Total Requested Memory :                     -
    Delta Memory :                               -
    Max Swap :                                   -
    Max Processes :                              24
    Max Threads :                                69
    Run time :                                   52 sec.
    Turnaround time :                            5950 sec.

The output (if any) follows:

Start to read the file
Main is sending
2499971
Built time: 48.1777
My rank: 0, data size: 0
7915
8873
8848
8873
268302
206327
273514
243777
Searching time: 1.30075


PS:

Read file <./err_files/d/31.err> for stderr output of this job.

