Sender: LSF System <lsfadmin@polus-c2-ib.bmc.hpc.cs.msu.ru>
Subject: Job 1035936: <# this file was automaticly created by mpisubmit.pl script for edu-cmc-sqi21-01 #;source /polusfs/setenv/setup.SMPI;#BSUB -n 32;#BSUB -W 00:30;#BSUB -o ./out_files/d/32.out;#BSUB -e ./err_files/d/32.err;OMP_NUM_THREADS=1 mpiexec ./prog d> in cluster <MSUCluster> Exited

Job <# this file was automaticly created by mpisubmit.pl script for edu-cmc-sqi21-01 #;source /polusfs/setenv/setup.SMPI;#BSUB -n 32;#BSUB -W 00:30;#BSUB -o ./out_files/d/32.out;#BSUB -e ./err_files/d/32.err;OMP_NUM_THREADS=1 mpiexec ./prog d> was submitted from host <polus-ib.bmc.hpc.cs.msu.ru> by user <edu-cmc-sqi21-01> in cluster <MSUCluster> at Fri Mar 24 15:52:28 2023
Job was executed on host(s) <14*polus-c2-ib.bmc.hpc.cs.msu.ru>, in queue <short>, as user <edu-cmc-sqi21-01> in cluster <MSUCluster> at Fri Mar 24 15:52:47 2023
                            <18*polus-c4-ib.bmc.hpc.cs.msu.ru>
</home_edu/edu-cmc-sqi21/edu-cmc-sqi21-01> was used as the home directory.
</home_edu/edu-cmc-sqi21/edu-cmc-sqi21-01/SpecSem/SpecSem/KDTree> was used as the working directory.
Started at Fri Mar 24 15:52:47 2023
Terminated at Fri Mar 24 15:53:38 2023
Results reported at Fri Mar 24 15:53:38 2023

Your job looked like:

------------------------------------------------------------
# LSBATCH: User input
# this file was automaticly created by mpisubmit.pl script for edu-cmc-sqi21-01 #
source /polusfs/setenv/setup.SMPI
#BSUB -n 32
#BSUB -W 00:30
#BSUB -o ./out_files/d/32.out
#BSUB -e ./err_files/d/32.err
OMP_NUM_THREADS=1 mpiexec ./prog d

------------------------------------------------------------

Exited with exit code 6.

Resource usage summary:

    CPU time :                                   667.00 sec.
    Max Memory :                                 822 MB
    Average Memory :                             703.00 MB
    Total Requested Memory :                     -
    Delta Memory :                               -
    Max Swap :                                   -
    Max Processes :                              18
    Max Threads :                                51
    Run time :                                   54 sec.
    Turnaround time :                            70 sec.

The output (if any) follows:

Start to read the file
Main is sending
2499971
[polus-c4-ib:64366] *** An error occurred in MPI_Send
[polus-c4-ib:64366] *** reported by process [3902406657,16]
[polus-c4-ib:64366] *** on communicator MPI_COMM_WORLD
[polus-c4-ib:64366] *** MPI_ERR_RANK: invalid rank
[polus-c4-ib:64366] *** MPI_ERRORS_ARE_FATAL (processes in this communicator will now abort,
[polus-c4-ib:64366] ***    and potentially your MPI job)
Built time: 47.3405
My rank: 0, data size: 0


PS:

Read file <./err_files/d/32.err> for stderr output of this job.

Sender: LSF System <lsfadmin@polus-c4-ib.bmc.hpc.cs.msu.ru>
Subject: Job 1035966: <# this file was automaticly created by mpisubmit.pl script for edu-cmc-sqi21-01 #;source /polusfs/setenv/setup.SMPI;#BSUB -n 32;#BSUB -W 00:30;#BSUB -o ./out_files/d/32.out;#BSUB -e ./err_files/d/32.err;OMP_NUM_THREADS=1 mpiexec ./prog d> in cluster <MSUCluster> Exited

Job <# this file was automaticly created by mpisubmit.pl script for edu-cmc-sqi21-01 #;source /polusfs/setenv/setup.SMPI;#BSUB -n 32;#BSUB -W 00:30;#BSUB -o ./out_files/d/32.out;#BSUB -e ./err_files/d/32.err;OMP_NUM_THREADS=1 mpiexec ./prog d> was submitted from host <polus-ib.bmc.hpc.cs.msu.ru> by user <edu-cmc-sqi21-01> in cluster <MSUCluster> at Fri Mar 24 15:52:29 2023
Job was executed on host(s) <18*polus-c4-ib.bmc.hpc.cs.msu.ru>, in queue <short>, as user <edu-cmc-sqi21-01> in cluster <MSUCluster> at Fri Mar 24 15:55:01 2023
                            <14*polus-c2-ib.bmc.hpc.cs.msu.ru>
</home_edu/edu-cmc-sqi21/edu-cmc-sqi21-01> was used as the home directory.
</home_edu/edu-cmc-sqi21/edu-cmc-sqi21-01/SpecSem/SpecSem/KDTree> was used as the working directory.
Started at Fri Mar 24 15:55:01 2023
Terminated at Fri Mar 24 15:55:11 2023
Results reported at Fri Mar 24 15:55:11 2023

Your job looked like:

------------------------------------------------------------
# LSBATCH: User input
# this file was automaticly created by mpisubmit.pl script for edu-cmc-sqi21-01 #
source /polusfs/setenv/setup.SMPI
#BSUB -n 32
#BSUB -W 00:30
#BSUB -o ./out_files/d/32.out
#BSUB -e ./err_files/d/32.err
OMP_NUM_THREADS=1 mpiexec ./prog d

------------------------------------------------------------

Exited with exit code 6.

Resource usage summary:

    CPU time :                                   139.00 sec.
    Max Memory :                                 1112 MB
    Average Memory :                             814.50 MB
    Total Requested Memory :                     -
    Delta Memory :                               -
    Max Swap :                                   -
    Max Processes :                              22
    Max Threads :                                63
    Run time :                                   10 sec.
    Turnaround time :                            162 sec.

The output (if any) follows:

Start to read the file
Main is sending
2499971
[polus-c4-ib:66694] *** An error occurred in MPI_Send
[polus-c4-ib:66694] *** reported by process [2750939137,17]
[polus-c4-ib:66694] *** on communicator MPI_COMM_WORLD
[polus-c4-ib:66694] *** MPI_ERR_RANK: invalid rank
[polus-c4-ib:66694] *** MPI_ERRORS_ARE_FATAL (processes in this communicator will now abort,
[polus-c4-ib:66694] ***    and potentially your MPI job)
Built time: 7.5374
My rank: 0, data size: 0


PS:

Read file <./err_files/d/32.err> for stderr output of this job.

Sender: LSF System <lsfadmin@polus-c4-ib.bmc.hpc.cs.msu.ru>
Subject: Job 1035996: <# this file was automaticly created by mpisubmit.pl script for edu-cmc-sqi21-01 #;source /polusfs/setenv/setup.SMPI;#BSUB -n 32;#BSUB -W 00:30;#BSUB -o ./out_files/d/32.out;#BSUB -e ./err_files/d/32.err;OMP_NUM_THREADS=1 mpiexec ./prog d> in cluster <MSUCluster> Exited

Job <# this file was automaticly created by mpisubmit.pl script for edu-cmc-sqi21-01 #;source /polusfs/setenv/setup.SMPI;#BSUB -n 32;#BSUB -W 00:30;#BSUB -o ./out_files/d/32.out;#BSUB -e ./err_files/d/32.err;OMP_NUM_THREADS=1 mpiexec ./prog d> was submitted from host <polus-ib.bmc.hpc.cs.msu.ru> by user <edu-cmc-sqi21-01> in cluster <MSUCluster> at Fri Mar 24 15:52:30 2023
Job was executed on host(s) <18*polus-c4-ib.bmc.hpc.cs.msu.ru>, in queue <short>, as user <edu-cmc-sqi21-01> in cluster <MSUCluster> at Fri Mar 24 15:55:26 2023
                            <14*polus-c2-ib.bmc.hpc.cs.msu.ru>
</home_edu/edu-cmc-sqi21/edu-cmc-sqi21-01> was used as the home directory.
</home_edu/edu-cmc-sqi21/edu-cmc-sqi21-01/SpecSem/SpecSem/KDTree> was used as the working directory.
Started at Fri Mar 24 15:55:26 2023
Terminated at Fri Mar 24 15:55:36 2023
Results reported at Fri Mar 24 15:55:36 2023

Your job looked like:

------------------------------------------------------------
# LSBATCH: User input
# this file was automaticly created by mpisubmit.pl script for edu-cmc-sqi21-01 #
source /polusfs/setenv/setup.SMPI
#BSUB -n 32
#BSUB -W 00:30
#BSUB -o ./out_files/d/32.out
#BSUB -e ./err_files/d/32.err
OMP_NUM_THREADS=1 mpiexec ./prog d

------------------------------------------------------------

Exited with exit code 6.

Resource usage summary:

    CPU time :                                   136.00 sec.
    Max Memory :                                 1090 MB
    Average Memory :                             693.33 MB
    Total Requested Memory :                     -
    Delta Memory :                               -
    Max Swap :                                   -
    Max Processes :                              22
    Max Threads :                                63
    Run time :                                   10 sec.
    Turnaround time :                            186 sec.

The output (if any) follows:

Start to read the file
Main is sending
2499971
[polus-c4-ib:67300] *** An error occurred in MPI_Send
[polus-c4-ib:67300] *** reported by process [2703097857,17]
[polus-c4-ib:67300] *** on communicator MPI_COMM_WORLD
[polus-c4-ib:67300] *** MPI_ERR_RANK: invalid rank
[polus-c4-ib:67300] *** MPI_ERRORS_ARE_FATAL (processes in this communicator will now abort,
[polus-c4-ib:67300] ***    and potentially your MPI job)
Built time: 7.40624
My rank: 0, data size: 0


PS:

Read file <./err_files/d/32.err> for stderr output of this job.

Sender: LSF System <lsfadmin@polus-c2-ib.bmc.hpc.cs.msu.ru>
Subject: Job 1036026: <# this file was automaticly created by mpisubmit.pl script for edu-cmc-sqi21-01 #;source /polusfs/setenv/setup.SMPI;#BSUB -n 32;#BSUB -W 00:30;#BSUB -o ./out_files/d/32.out;#BSUB -e ./err_files/d/32.err;OMP_NUM_THREADS=1 mpiexec ./prog d> in cluster <MSUCluster> Exited

Job <# this file was automaticly created by mpisubmit.pl script for edu-cmc-sqi21-01 #;source /polusfs/setenv/setup.SMPI;#BSUB -n 32;#BSUB -W 00:30;#BSUB -o ./out_files/d/32.out;#BSUB -e ./err_files/d/32.err;OMP_NUM_THREADS=1 mpiexec ./prog d> was submitted from host <polus-ib.bmc.hpc.cs.msu.ru> by user <edu-cmc-sqi21-01> in cluster <MSUCluster> at Fri Mar 24 15:52:31 2023
Job was executed on host(s) <20*polus-c2-ib.bmc.hpc.cs.msu.ru>, in queue <short>, as user <edu-cmc-sqi21-01> in cluster <MSUCluster> at Fri Mar 24 16:27:52 2023
                            <12*polus-c4-ib.bmc.hpc.cs.msu.ru>
</home_edu/edu-cmc-sqi21/edu-cmc-sqi21-01> was used as the home directory.
</home_edu/edu-cmc-sqi21/edu-cmc-sqi21-01/SpecSem/SpecSem/KDTree> was used as the working directory.
Started at Fri Mar 24 16:27:52 2023
Terminated at Fri Mar 24 16:28:43 2023
Results reported at Fri Mar 24 16:28:43 2023

Your job looked like:

------------------------------------------------------------
# LSBATCH: User input
# this file was automaticly created by mpisubmit.pl script for edu-cmc-sqi21-01 #
source /polusfs/setenv/setup.SMPI
#BSUB -n 32
#BSUB -W 00:30
#BSUB -o ./out_files/d/32.out
#BSUB -e ./err_files/d/32.err
OMP_NUM_THREADS=1 mpiexec ./prog d

------------------------------------------------------------

Exited with exit code 6.

Resource usage summary:

    CPU time :                                   1472.00 sec.
    Max Memory :                                 1177 MB
    Average Memory :                             1011.67 MB
    Total Requested Memory :                     -
    Delta Memory :                               -
    Max Swap :                                   -
    Max Processes :                              24
    Max Threads :                                69
    Run time :                                   50 sec.
    Turnaround time :                            2172 sec.

The output (if any) follows:

Start to read the file
Main is sending
2499971
[polus-c2-ib:19171] *** An error occurred in MPI_Send
[polus-c2-ib:19171] *** reported by process [2434072577,16]
[polus-c2-ib:19171] *** on communicator MPI_COMM_WORLD
[polus-c2-ib:19171] *** MPI_ERR_RANK: invalid rank
[polus-c2-ib:19171] *** MPI_ERRORS_ARE_FATAL (processes in this communicator will now abort,
[polus-c2-ib:19171] ***    and potentially your MPI job)
Built time: 47.184
My rank: 0, data size: 0


PS:

Read file <./err_files/d/32.err> for stderr output of this job.

