Sender: LSF System <lsfadmin@polus-c4-ib.bmc.hpc.cs.msu.ru>
Subject: Job 1035955: <# this file was automaticly created by mpisubmit.pl script for edu-cmc-sqi21-01 #;source /polusfs/setenv/setup.SMPI;#BSUB -n 1;#BSUB -W 00:30;#BSUB -o ./out_files/100000/1.out;#BSUB -e ./err_files/100000/1.err;OMP_NUM_THREADS=1 mpiexec ./prog 100000> in cluster <MSUCluster> Done

Job <# this file was automaticly created by mpisubmit.pl script for edu-cmc-sqi21-01 #;source /polusfs/setenv/setup.SMPI;#BSUB -n 1;#BSUB -W 00:30;#BSUB -o ./out_files/100000/1.out;#BSUB -e ./err_files/100000/1.err;OMP_NUM_THREADS=1 mpiexec ./prog 100000> was submitted from host <polus-ib.bmc.hpc.cs.msu.ru> by user <edu-cmc-sqi21-01> in cluster <MSUCluster> at Fri Mar 24 15:52:29 2023
Job was executed on host(s) <polus-c4-ib.bmc.hpc.cs.msu.ru>, in queue <short>, as user <edu-cmc-sqi21-01> in cluster <MSUCluster> at Fri Mar 24 15:52:42 2023
</home_edu/edu-cmc-sqi21/edu-cmc-sqi21-01> was used as the home directory.
</home_edu/edu-cmc-sqi21/edu-cmc-sqi21-01/SpecSem/SpecSem/KDTree> was used as the working directory.
Started at Fri Mar 24 15:52:42 2023
Terminated at Fri Mar 24 15:52:43 2023
Results reported at Fri Mar 24 15:52:43 2023

Your job looked like:

------------------------------------------------------------
# LSBATCH: User input
# this file was automaticly created by mpisubmit.pl script for edu-cmc-sqi21-01 #
source /polusfs/setenv/setup.SMPI
#BSUB -n 1
#BSUB -W 00:30
#BSUB -o ./out_files/100000/1.out
#BSUB -e ./err_files/100000/1.err
OMP_NUM_THREADS=1 mpiexec ./prog 100000

------------------------------------------------------------

Successfully completed.

Resource usage summary:

    CPU time :                                   0.29 sec.
    Max Memory :                                 24 MB
    Average Memory :                             16.33 MB
    Total Requested Memory :                     -
    Delta Memory :                               -
    Max Swap :                                   -
    Max Processes :                              5
    Max Threads :                                12
    Run time :                                   0 sec.
    Turnaround time :                            14 sec.

The output (if any) follows:

Main is sending
100000
Built time: 0.0239
1
Searching time: 3.00407e-05


PS:

Read file <./err_files/100000/1.err> for stderr output of this job.

Sender: LSF System <lsfadmin@polus-c4-ib.bmc.hpc.cs.msu.ru>
Subject: Job 1035985: <# this file was automaticly created by mpisubmit.pl script for edu-cmc-sqi21-01 #;source /polusfs/setenv/setup.SMPI;#BSUB -n 1;#BSUB -W 00:30;#BSUB -o ./out_files/100000/1.out;#BSUB -e ./err_files/100000/1.err;OMP_NUM_THREADS=1 mpiexec ./prog 100000> in cluster <MSUCluster> Done

Job <# this file was automaticly created by mpisubmit.pl script for edu-cmc-sqi21-01 #;source /polusfs/setenv/setup.SMPI;#BSUB -n 1;#BSUB -W 00:30;#BSUB -o ./out_files/100000/1.out;#BSUB -e ./err_files/100000/1.err;OMP_NUM_THREADS=1 mpiexec ./prog 100000> was submitted from host <polus-ib.bmc.hpc.cs.msu.ru> by user <edu-cmc-sqi21-01> in cluster <MSUCluster> at Fri Mar 24 15:52:30 2023
Job was executed on host(s) <polus-c4-ib.bmc.hpc.cs.msu.ru>, in queue <short>, as user <edu-cmc-sqi21-01> in cluster <MSUCluster> at Fri Mar 24 15:52:56 2023
</home_edu/edu-cmc-sqi21/edu-cmc-sqi21-01> was used as the home directory.
</home_edu/edu-cmc-sqi21/edu-cmc-sqi21-01/SpecSem/SpecSem/KDTree> was used as the working directory.
Started at Fri Mar 24 15:52:56 2023
Terminated at Fri Mar 24 15:52:57 2023
Results reported at Fri Mar 24 15:52:57 2023

Your job looked like:

------------------------------------------------------------
# LSBATCH: User input
# this file was automaticly created by mpisubmit.pl script for edu-cmc-sqi21-01 #
source /polusfs/setenv/setup.SMPI
#BSUB -n 1
#BSUB -W 00:30
#BSUB -o ./out_files/100000/1.out
#BSUB -e ./err_files/100000/1.err
OMP_NUM_THREADS=1 mpiexec ./prog 100000

------------------------------------------------------------

Successfully completed.

Resource usage summary:

    CPU time :                                   0.31 sec.
    Max Memory :                                 1 MB
    Average Memory :                             1.00 MB
    Total Requested Memory :                     -
    Delta Memory :                               -
    Max Swap :                                   -
    Max Processes :                              1
    Max Threads :                                1
    Run time :                                   1 sec.
    Turnaround time :                            27 sec.

The output (if any) follows:

Main is sending
100000
Built time: 0.032661
1
Searching time: 4.00543e-05


PS:

Read file <./err_files/100000/1.err> for stderr output of this job.

Sender: LSF System <lsfadmin@polus-c4-ib.bmc.hpc.cs.msu.ru>
Subject: Job 1036015: <# this file was automaticly created by mpisubmit.pl script for edu-cmc-sqi21-01 #;source /polusfs/setenv/setup.SMPI;#BSUB -n 1;#BSUB -W 00:30;#BSUB -o ./out_files/100000/1.out;#BSUB -e ./err_files/100000/1.err;OMP_NUM_THREADS=1 mpiexec ./prog 100000> in cluster <MSUCluster> Done

Job <# this file was automaticly created by mpisubmit.pl script for edu-cmc-sqi21-01 #;source /polusfs/setenv/setup.SMPI;#BSUB -n 1;#BSUB -W 00:30;#BSUB -o ./out_files/100000/1.out;#BSUB -e ./err_files/100000/1.err;OMP_NUM_THREADS=1 mpiexec ./prog 100000> was submitted from host <polus-ib.bmc.hpc.cs.msu.ru> by user <edu-cmc-sqi21-01> in cluster <MSUCluster> at Fri Mar 24 15:52:31 2023
Job was executed on host(s) <polus-c4-ib.bmc.hpc.cs.msu.ru>, in queue <short>, as user <edu-cmc-sqi21-01> in cluster <MSUCluster> at Fri Mar 24 15:53:11 2023
</home_edu/edu-cmc-sqi21/edu-cmc-sqi21-01> was used as the home directory.
</home_edu/edu-cmc-sqi21/edu-cmc-sqi21-01/SpecSem/SpecSem/KDTree> was used as the working directory.
Started at Fri Mar 24 15:53:11 2023
Terminated at Fri Mar 24 15:53:13 2023
Results reported at Fri Mar 24 15:53:13 2023

Your job looked like:

------------------------------------------------------------
# LSBATCH: User input
# this file was automaticly created by mpisubmit.pl script for edu-cmc-sqi21-01 #
source /polusfs/setenv/setup.SMPI
#BSUB -n 1
#BSUB -W 00:30
#BSUB -o ./out_files/100000/1.out
#BSUB -e ./err_files/100000/1.err
OMP_NUM_THREADS=1 mpiexec ./prog 100000

------------------------------------------------------------

Successfully completed.

Resource usage summary:

    CPU time :                                   0.36 sec.
    Max Memory :                                 4 MB
    Average Memory :                             4.00 MB
    Total Requested Memory :                     -
    Delta Memory :                               -
    Max Swap :                                   -
    Max Processes :                              1
    Max Threads :                                1
    Run time :                                   1 sec.
    Turnaround time :                            42 sec.

The output (if any) follows:

Main is sending
100000
Built time: 0.024143
1
Searching time: 3.09944e-05


PS:

Read file <./err_files/100000/1.err> for stderr output of this job.

Sender: LSF System <lsfadmin@polus-c4-ib.bmc.hpc.cs.msu.ru>
Subject: Job 1036045: <# this file was automaticly created by mpisubmit.pl script for edu-cmc-sqi21-01 #;source /polusfs/setenv/setup.SMPI;#BSUB -n 1;#BSUB -W 00:30;#BSUB -o ./out_files/100000/1.out;#BSUB -e ./err_files/100000/1.err;OMP_NUM_THREADS=1 mpiexec ./prog 100000> in cluster <MSUCluster> Done

Job <# this file was automaticly created by mpisubmit.pl script for edu-cmc-sqi21-01 #;source /polusfs/setenv/setup.SMPI;#BSUB -n 1;#BSUB -W 00:30;#BSUB -o ./out_files/100000/1.out;#BSUB -e ./err_files/100000/1.err;OMP_NUM_THREADS=1 mpiexec ./prog 100000> was submitted from host <polus-ib.bmc.hpc.cs.msu.ru> by user <edu-cmc-sqi21-01> in cluster <MSUCluster> at Fri Mar 24 15:52:32 2023
Job was executed on host(s) <polus-c4-ib.bmc.hpc.cs.msu.ru>, in queue <short>, as user <edu-cmc-sqi21-01> in cluster <MSUCluster> at Fri Mar 24 15:53:28 2023
</home_edu/edu-cmc-sqi21/edu-cmc-sqi21-01> was used as the home directory.
</home_edu/edu-cmc-sqi21/edu-cmc-sqi21-01/SpecSem/SpecSem/KDTree> was used as the working directory.
Started at Fri Mar 24 15:53:28 2023
Terminated at Fri Mar 24 15:53:29 2023
Results reported at Fri Mar 24 15:53:29 2023

Your job looked like:

------------------------------------------------------------
# LSBATCH: User input
# this file was automaticly created by mpisubmit.pl script for edu-cmc-sqi21-01 #
source /polusfs/setenv/setup.SMPI
#BSUB -n 1
#BSUB -W 00:30
#BSUB -o ./out_files/100000/1.out
#BSUB -e ./err_files/100000/1.err
OMP_NUM_THREADS=1 mpiexec ./prog 100000

------------------------------------------------------------

Successfully completed.

Resource usage summary:

    CPU time :                                   0.31 sec.
    Max Memory :                                 4 MB
    Average Memory :                             4.00 MB
    Total Requested Memory :                     -
    Delta Memory :                               -
    Max Swap :                                   -
    Max Processes :                              1
    Max Threads :                                1
    Run time :                                   1 sec.
    Turnaround time :                            57 sec.

The output (if any) follows:

Main is sending
100000
Built time: 0.024442
1
Searching time: 2.98023e-05


PS:

Read file <./err_files/100000/1.err> for stderr output of this job.

