Sender: LSF System <lsfadmin@polus-c2-ib.bmc.hpc.cs.msu.ru>
Subject: Job 1035868: <# this file was automaticly created by mpisubmit.pl script for edu-cmc-sqi21-01 #;source /polusfs/setenv/setup.SMPI;#BSUB -n 15;#BSUB -W 00:30;#BSUB -o ./out_files/100000/15.out;#BSUB -e ./err_files/100000/15.err;OMP_NUM_THREADS=1 mpiexec ./prog 100000> in cluster <MSUCluster> Exited

Job <# this file was automaticly created by mpisubmit.pl script for edu-cmc-sqi21-01 #;source /polusfs/setenv/setup.SMPI;#BSUB -n 15;#BSUB -W 00:30;#BSUB -o ./out_files/100000/15.out;#BSUB -e ./err_files/100000/15.err;OMP_NUM_THREADS=1 mpiexec ./prog 100000> was submitted from host <polus-ib.bmc.hpc.cs.msu.ru> by user <edu-cmc-sqi21-01> in cluster <MSUCluster> at Fri Mar 24 15:14:25 2023
Job was executed on host(s) <15*polus-c2-ib.bmc.hpc.cs.msu.ru>, in queue <short>, as user <edu-cmc-sqi21-01> in cluster <MSUCluster> at Fri Mar 24 15:20:44 2023
</home_edu/edu-cmc-sqi21/edu-cmc-sqi21-01> was used as the home directory.
</home_edu/edu-cmc-sqi21/edu-cmc-sqi21-01/SpecSem/SpecSem/KDTree> was used as the working directory.
Started at Fri Mar 24 15:20:44 2023
Terminated at Fri Mar 24 15:20:48 2023
Results reported at Fri Mar 24 15:20:48 2023

Your job looked like:

------------------------------------------------------------
# LSBATCH: User input
# this file was automaticly created by mpisubmit.pl script for edu-cmc-sqi21-01 #
source /polusfs/setenv/setup.SMPI
#BSUB -n 15
#BSUB -W 00:30
#BSUB -o ./out_files/100000/15.out
#BSUB -e ./err_files/100000/15.err
OMP_NUM_THREADS=1 mpiexec ./prog 100000

------------------------------------------------------------

Exited with exit code 139.

Resource usage summary:

    CPU time :                                   14.00 sec.
    Max Memory :                                 98 MB
    Average Memory :                             0.33 MB
    Total Requested Memory :                     -
    Delta Memory :                               -
    Max Swap :                                   -
    Max Processes :                              19
    Max Threads :                                52
    Run time :                                   3 sec.
    Turnaround time :                            383 sec.

The output (if any) follows:

Main is sending
100000
Built time: 0.463842
--------------------------------------------------------------------------
mpiexec noticed that process rank 0 with PID 0 on node polus-c2-ib exited on signal 11 (Segmentation fault).
--------------------------------------------------------------------------


PS:

Read file <./err_files/100000/15.err> for stderr output of this job.

Sender: LSF System <lsfadmin@polus-c4-ib.bmc.hpc.cs.msu.ru>
Subject: Job 1035888: <# this file was automaticly created by mpisubmit.pl script for edu-cmc-sqi21-01 #;source /polusfs/setenv/setup.SMPI;#BSUB -n 15;#BSUB -W 00:30;#BSUB -o ./out_files/100000/15.out;#BSUB -e ./err_files/100000/15.err;OMP_NUM_THREADS=1 mpiexec ./prog 100000> in cluster <MSUCluster> Exited

Job <# this file was automaticly created by mpisubmit.pl script for edu-cmc-sqi21-01 #;source /polusfs/setenv/setup.SMPI;#BSUB -n 15;#BSUB -W 00:30;#BSUB -o ./out_files/100000/15.out;#BSUB -e ./err_files/100000/15.err;OMP_NUM_THREADS=1 mpiexec ./prog 100000> was submitted from host <polus-ib.bmc.hpc.cs.msu.ru> by user <edu-cmc-sqi21-01> in cluster <MSUCluster> at Fri Mar 24 15:14:26 2023
Job was executed on host(s) <10*polus-c4-ib.bmc.hpc.cs.msu.ru>, in queue <short>, as user <edu-cmc-sqi21-01> in cluster <MSUCluster> at Fri Mar 24 15:21:17 2023
                            <5*polus-c2-ib.bmc.hpc.cs.msu.ru>
</home_edu/edu-cmc-sqi21/edu-cmc-sqi21-01> was used as the home directory.
</home_edu/edu-cmc-sqi21/edu-cmc-sqi21-01/SpecSem/SpecSem/KDTree> was used as the working directory.
Started at Fri Mar 24 15:21:17 2023
Terminated at Fri Mar 24 15:21:20 2023
Results reported at Fri Mar 24 15:21:20 2023

Your job looked like:

------------------------------------------------------------
# LSBATCH: User input
# this file was automaticly created by mpisubmit.pl script for edu-cmc-sqi21-01 #
source /polusfs/setenv/setup.SMPI
#BSUB -n 15
#BSUB -W 00:30
#BSUB -o ./out_files/100000/15.out
#BSUB -e ./err_files/100000/15.err
OMP_NUM_THREADS=1 mpiexec ./prog 100000

------------------------------------------------------------

Exited with exit code 139.

Resource usage summary:

    CPU time :                                   5.00 sec.
    Max Memory :                                 18 MB
    Average Memory :                             12.33 MB
    Total Requested Memory :                     -
    Delta Memory :                               -
    Max Swap :                                   -
    Max Processes :                              4
    Max Threads :                                9
    Run time :                                   3 sec.
    Turnaround time :                            414 sec.

The output (if any) follows:

Main is sending
100000
Built time: 0.102971
--------------------------------------------------------------------------
mpiexec noticed that process rank 0 with PID 0 on node polus-c4-ib exited on signal 11 (Segmentation fault).
--------------------------------------------------------------------------


PS:

Read file <./err_files/100000/15.err> for stderr output of this job.

Sender: LSF System <lsfadmin@polus-c4-ib.bmc.hpc.cs.msu.ru>
Subject: Job 1035908: <# this file was automaticly created by mpisubmit.pl script for edu-cmc-sqi21-01 #;source /polusfs/setenv/setup.SMPI;#BSUB -n 15;#BSUB -W 00:30;#BSUB -o ./out_files/100000/15.out;#BSUB -e ./err_files/100000/15.err;OMP_NUM_THREADS=1 mpiexec ./prog 100000> in cluster <MSUCluster> Exited

Job <# this file was automaticly created by mpisubmit.pl script for edu-cmc-sqi21-01 #;source /polusfs/setenv/setup.SMPI;#BSUB -n 15;#BSUB -W 00:30;#BSUB -o ./out_files/100000/15.out;#BSUB -e ./err_files/100000/15.err;OMP_NUM_THREADS=1 mpiexec ./prog 100000> was submitted from host <polus-ib.bmc.hpc.cs.msu.ru> by user <edu-cmc-sqi21-01> in cluster <MSUCluster> at Fri Mar 24 15:14:27 2023
Job was executed on host(s) <10*polus-c4-ib.bmc.hpc.cs.msu.ru>, in queue <short>, as user <edu-cmc-sqi21-01> in cluster <MSUCluster> at Fri Mar 24 15:21:37 2023
                            <5*polus-c2-ib.bmc.hpc.cs.msu.ru>
</home_edu/edu-cmc-sqi21/edu-cmc-sqi21-01> was used as the home directory.
</home_edu/edu-cmc-sqi21/edu-cmc-sqi21-01/SpecSem/SpecSem/KDTree> was used as the working directory.
Started at Fri Mar 24 15:21:37 2023
Terminated at Fri Mar 24 15:21:40 2023
Results reported at Fri Mar 24 15:21:40 2023

Your job looked like:

------------------------------------------------------------
# LSBATCH: User input
# this file was automaticly created by mpisubmit.pl script for edu-cmc-sqi21-01 #
source /polusfs/setenv/setup.SMPI
#BSUB -n 15
#BSUB -W 00:30
#BSUB -o ./out_files/100000/15.out
#BSUB -e ./err_files/100000/15.err
OMP_NUM_THREADS=1 mpiexec ./prog 100000

------------------------------------------------------------

Exited with exit code 139.

Resource usage summary:

    CPU time :                                   5.00 sec.
    Max Memory :                                 18 MB
    Average Memory :                             12.33 MB
    Total Requested Memory :                     -
    Delta Memory :                               -
    Max Swap :                                   -
    Max Processes :                              4
    Max Threads :                                9
    Run time :                                   2 sec.
    Turnaround time :                            433 sec.

The output (if any) follows:

Main is sending
100000
Built time: 0.109632
--------------------------------------------------------------------------
mpiexec noticed that process rank 0 with PID 0 on node polus-c4-ib exited on signal 11 (Segmentation fault).
--------------------------------------------------------------------------


PS:

Read file <./err_files/100000/15.err> for stderr output of this job.

Sender: LSF System <lsfadmin@polus-c4-ib.bmc.hpc.cs.msu.ru>
Subject: Job 1035928: <# this file was automaticly created by mpisubmit.pl script for edu-cmc-sqi21-01 #;source /polusfs/setenv/setup.SMPI;#BSUB -n 15;#BSUB -W 00:30;#BSUB -o ./out_files/100000/15.out;#BSUB -e ./err_files/100000/15.err;OMP_NUM_THREADS=1 mpiexec ./prog 100000> in cluster <MSUCluster> Exited

Job <# this file was automaticly created by mpisubmit.pl script for edu-cmc-sqi21-01 #;source /polusfs/setenv/setup.SMPI;#BSUB -n 15;#BSUB -W 00:30;#BSUB -o ./out_files/100000/15.out;#BSUB -e ./err_files/100000/15.err;OMP_NUM_THREADS=1 mpiexec ./prog 100000> was submitted from host <polus-ib.bmc.hpc.cs.msu.ru> by user <edu-cmc-sqi21-01> in cluster <MSUCluster> at Fri Mar 24 15:14:28 2023
Job was executed on host(s) <15*polus-c4-ib.bmc.hpc.cs.msu.ru>, in queue <short>, as user <edu-cmc-sqi21-01> in cluster <MSUCluster> at Fri Mar 24 15:21:56 2023
</home_edu/edu-cmc-sqi21/edu-cmc-sqi21-01> was used as the home directory.
</home_edu/edu-cmc-sqi21/edu-cmc-sqi21-01/SpecSem/SpecSem/KDTree> was used as the working directory.
Started at Fri Mar 24 15:21:56 2023
Terminated at Fri Mar 24 15:21:57 2023
Results reported at Fri Mar 24 15:21:57 2023

Your job looked like:

------------------------------------------------------------
# LSBATCH: User input
# this file was automaticly created by mpisubmit.pl script for edu-cmc-sqi21-01 #
source /polusfs/setenv/setup.SMPI
#BSUB -n 15
#BSUB -W 00:30
#BSUB -o ./out_files/100000/15.out
#BSUB -e ./err_files/100000/15.err
OMP_NUM_THREADS=1 mpiexec ./prog 100000

------------------------------------------------------------

Exited with exit code 139.

Resource usage summary:

    CPU time :                                   3.00 sec.
    Max Memory :                                 1 MB
    Average Memory :                             0.33 MB
    Total Requested Memory :                     -
    Delta Memory :                               -
    Max Swap :                                   -
    Max Processes :                              14
    Max Threads :                                14
    Run time :                                   2 sec.
    Turnaround time :                            449 sec.

The output (if any) follows:

Main is sending
100000
Built time: 0.0956769
--------------------------------------------------------------------------
mpiexec noticed that process rank 0 with PID 0 on node polus-c4-ib exited on signal 11 (Segmentation fault).
--------------------------------------------------------------------------


PS:

Read file <./err_files/100000/15.err> for stderr output of this job.

