Sender: LSF System <lsfadmin@polus-c4-ib.bmc.hpc.cs.msu.ru>
Subject: Job 1035758: <# this file was automaticly created by mpisubmit.pl script for edu-cmc-sqi21-01 #;source /polusfs/setenv/setup.SMPI;#BSUB -n 16;#BSUB -W 00:30;#BSUB -o ./out_files/100000/16.out;#BSUB -e ./err_files/100000/16.err;OMP_NUM_THREADS=1 mpiexec ./prog 100000> in cluster <MSUCluster> Exited

Job <# this file was automaticly created by mpisubmit.pl script for edu-cmc-sqi21-01 #;source /polusfs/setenv/setup.SMPI;#BSUB -n 16;#BSUB -W 00:30;#BSUB -o ./out_files/100000/16.out;#BSUB -e ./err_files/100000/16.err;OMP_NUM_THREADS=1 mpiexec ./prog 100000> was submitted from host <polus-ib.bmc.hpc.cs.msu.ru> by user <edu-cmc-sqi21-01> in cluster <MSUCluster> at Fri Mar 24 15:14:22 2023
Job was executed on host(s) <9*polus-c4-ib.bmc.hpc.cs.msu.ru>, in queue <short>, as user <edu-cmc-sqi21-01> in cluster <MSUCluster> at Fri Mar 24 15:15:32 2023
                            <7*polus-c2-ib.bmc.hpc.cs.msu.ru>
</home_edu/edu-cmc-sqi21/edu-cmc-sqi21-01> was used as the home directory.
</home_edu/edu-cmc-sqi21/edu-cmc-sqi21-01/SpecSem/SpecSem/KDTree> was used as the working directory.
Started at Fri Mar 24 15:15:32 2023
Terminated at Fri Mar 24 15:15:36 2023
Results reported at Fri Mar 24 15:15:36 2023

Your job looked like:

------------------------------------------------------------
# LSBATCH: User input
# this file was automaticly created by mpisubmit.pl script for edu-cmc-sqi21-01 #
source /polusfs/setenv/setup.SMPI
#BSUB -n 16
#BSUB -W 00:30
#BSUB -o ./out_files/100000/16.out
#BSUB -e ./err_files/100000/16.err
OMP_NUM_THREADS=1 mpiexec ./prog 100000

------------------------------------------------------------

Exited with exit code 139.

Resource usage summary:

    CPU time :                                   3.00 sec.
    Max Memory :                                 18 MB
    Average Memory :                             12.33 MB
    Total Requested Memory :                     -
    Delta Memory :                               -
    Max Swap :                                   -
    Max Processes :                              4
    Max Threads :                                9
    Run time :                                   4 sec.
    Turnaround time :                            74 sec.

The output (if any) follows:

Main is sending
100000
Built time: 0.107738
--------------------------------------------------------------------------
mpiexec noticed that process rank 0 with PID 0 on node polus-c4-ib exited on signal 11 (Segmentation fault).
--------------------------------------------------------------------------


PS:

Read file <./err_files/100000/16.err> for stderr output of this job.

Sender: LSF System <lsfadmin@polus-c2-ib.bmc.hpc.cs.msu.ru>
Subject: Job 1035788: <# this file was automaticly created by mpisubmit.pl script for edu-cmc-sqi21-01 #;source /polusfs/setenv/setup.SMPI;#BSUB -n 16;#BSUB -W 00:30;#BSUB -o ./out_files/100000/16.out;#BSUB -e ./err_files/100000/16.err;OMP_NUM_THREADS=1 mpiexec ./prog 100000> in cluster <MSUCluster> Exited

Job <# this file was automaticly created by mpisubmit.pl script for edu-cmc-sqi21-01 #;source /polusfs/setenv/setup.SMPI;#BSUB -n 16;#BSUB -W 00:30;#BSUB -o ./out_files/100000/16.out;#BSUB -e ./err_files/100000/16.err;OMP_NUM_THREADS=1 mpiexec ./prog 100000> was submitted from host <polus-ib.bmc.hpc.cs.msu.ru> by user <edu-cmc-sqi21-01> in cluster <MSUCluster> at Fri Mar 24 15:14:23 2023
Job was executed on host(s) <12*polus-c2-ib.bmc.hpc.cs.msu.ru>, in queue <short>, as user <edu-cmc-sqi21-01> in cluster <MSUCluster> at Fri Mar 24 15:16:02 2023
                            <4*polus-c4-ib.bmc.hpc.cs.msu.ru>
</home_edu/edu-cmc-sqi21/edu-cmc-sqi21-01> was used as the home directory.
</home_edu/edu-cmc-sqi21/edu-cmc-sqi21-01/SpecSem/SpecSem/KDTree> was used as the working directory.
Started at Fri Mar 24 15:16:02 2023
Terminated at Fri Mar 24 15:16:06 2023
Results reported at Fri Mar 24 15:16:06 2023

Your job looked like:

------------------------------------------------------------
# LSBATCH: User input
# this file was automaticly created by mpisubmit.pl script for edu-cmc-sqi21-01 #
source /polusfs/setenv/setup.SMPI
#BSUB -n 16
#BSUB -W 00:30
#BSUB -o ./out_files/100000/16.out
#BSUB -e ./err_files/100000/16.err
OMP_NUM_THREADS=1 mpiexec ./prog 100000

------------------------------------------------------------

Exited with exit code 139.

Resource usage summary:

    CPU time :                                   11.00 sec.
    Max Memory :                                 655 MB
    Average Memory :                             438.00 MB
    Total Requested Memory :                     -
    Delta Memory :                               -
    Max Swap :                                   -
    Max Processes :                              16
    Max Threads :                                45
    Run time :                                   4 sec.
    Turnaround time :                            103 sec.

The output (if any) follows:

Main is sending
100000
Built time: 0.475923
--------------------------------------------------------------------------
mpiexec noticed that process rank 0 with PID 0 on node polus-c2-ib exited on signal 11 (Segmentation fault).
--------------------------------------------------------------------------


PS:

Read file <./err_files/100000/16.err> for stderr output of this job.

Sender: LSF System <lsfadmin@polus-c4-ib.bmc.hpc.cs.msu.ru>
Subject: Job 1035818: <# this file was automaticly created by mpisubmit.pl script for edu-cmc-sqi21-01 #;source /polusfs/setenv/setup.SMPI;#BSUB -n 16;#BSUB -W 00:30;#BSUB -o ./out_files/100000/16.out;#BSUB -e ./err_files/100000/16.err;OMP_NUM_THREADS=1 mpiexec ./prog 100000> in cluster <MSUCluster> Exited

Job <# this file was automaticly created by mpisubmit.pl script for edu-cmc-sqi21-01 #;source /polusfs/setenv/setup.SMPI;#BSUB -n 16;#BSUB -W 00:30;#BSUB -o ./out_files/100000/16.out;#BSUB -e ./err_files/100000/16.err;OMP_NUM_THREADS=1 mpiexec ./prog 100000> was submitted from host <polus-ib.bmc.hpc.cs.msu.ru> by user <edu-cmc-sqi21-01> in cluster <MSUCluster> at Fri Mar 24 15:14:24 2023
Job was executed on host(s) <16*polus-c4-ib.bmc.hpc.cs.msu.ru>, in queue <short>, as user <edu-cmc-sqi21-01> in cluster <MSUCluster> at Fri Mar 24 15:16:32 2023
</home_edu/edu-cmc-sqi21/edu-cmc-sqi21-01> was used as the home directory.
</home_edu/edu-cmc-sqi21/edu-cmc-sqi21-01/SpecSem/SpecSem/KDTree> was used as the working directory.
Started at Fri Mar 24 15:16:32 2023
Terminated at Fri Mar 24 15:16:34 2023
Results reported at Fri Mar 24 15:16:34 2023

Your job looked like:

------------------------------------------------------------
# LSBATCH: User input
# this file was automaticly created by mpisubmit.pl script for edu-cmc-sqi21-01 #
source /polusfs/setenv/setup.SMPI
#BSUB -n 16
#BSUB -W 00:30
#BSUB -o ./out_files/100000/16.out
#BSUB -e ./err_files/100000/16.err
OMP_NUM_THREADS=1 mpiexec ./prog 100000

------------------------------------------------------------

Exited with exit code 139.

Resource usage summary:

    CPU time :                                   4.00 sec.
    Max Memory :                                 4 MB
    Average Memory :                             1.33 MB
    Total Requested Memory :                     -
    Delta Memory :                               -
    Max Swap :                                   -
    Max Processes :                              15
    Max Threads :                                15
    Run time :                                   2 sec.
    Turnaround time :                            130 sec.

The output (if any) follows:

Main is sending
100000
Built time: 0.106092
--------------------------------------------------------------------------
mpiexec noticed that process rank 0 with PID 0 on node polus-c4-ib exited on signal 11 (Segmentation fault).
--------------------------------------------------------------------------


PS:

Read file <./err_files/100000/16.err> for stderr output of this job.

Sender: LSF System <lsfadmin@polus-c4-ib.bmc.hpc.cs.msu.ru>
Subject: Job 1035848: <# this file was automaticly created by mpisubmit.pl script for edu-cmc-sqi21-01 #;source /polusfs/setenv/setup.SMPI;#BSUB -n 16;#BSUB -W 00:30;#BSUB -o ./out_files/100000/16.out;#BSUB -e ./err_files/100000/16.err;OMP_NUM_THREADS=1 mpiexec ./prog 100000> in cluster <MSUCluster> Exited

Job <# this file was automaticly created by mpisubmit.pl script for edu-cmc-sqi21-01 #;source /polusfs/setenv/setup.SMPI;#BSUB -n 16;#BSUB -W 00:30;#BSUB -o ./out_files/100000/16.out;#BSUB -e ./err_files/100000/16.err;OMP_NUM_THREADS=1 mpiexec ./prog 100000> was submitted from host <polus-ib.bmc.hpc.cs.msu.ru> by user <edu-cmc-sqi21-01> in cluster <MSUCluster> at Fri Mar 24 15:14:25 2023
Job was executed on host(s) <8*polus-c4-ib.bmc.hpc.cs.msu.ru>, in queue <short>, as user <edu-cmc-sqi21-01> in cluster <MSUCluster> at Fri Mar 24 15:17:05 2023
                            <8*polus-c2-ib.bmc.hpc.cs.msu.ru>
</home_edu/edu-cmc-sqi21/edu-cmc-sqi21-01> was used as the home directory.
</home_edu/edu-cmc-sqi21/edu-cmc-sqi21-01/SpecSem/SpecSem/KDTree> was used as the working directory.
Started at Fri Mar 24 15:17:05 2023
Terminated at Fri Mar 24 15:17:09 2023
Results reported at Fri Mar 24 15:17:09 2023

Your job looked like:

------------------------------------------------------------
# LSBATCH: User input
# this file was automaticly created by mpisubmit.pl script for edu-cmc-sqi21-01 #
source /polusfs/setenv/setup.SMPI
#BSUB -n 16
#BSUB -W 00:30
#BSUB -o ./out_files/100000/16.out
#BSUB -e ./err_files/100000/16.err
OMP_NUM_THREADS=1 mpiexec ./prog 100000

------------------------------------------------------------

Exited with exit code 139.

Resource usage summary:

    CPU time :                                   4.00 sec.
    Max Memory :                                 18 MB
    Average Memory :                             11.00 MB
    Total Requested Memory :                     -
    Delta Memory :                               -
    Max Swap :                                   -
    Max Processes :                              4
    Max Threads :                                9
    Run time :                                   3 sec.
    Turnaround time :                            164 sec.

The output (if any) follows:

Main is sending
100000
Built time: 0.109982
--------------------------------------------------------------------------
mpiexec noticed that process rank 0 with PID 0 on node polus-c4-ib exited on signal 11 (Segmentation fault).
--------------------------------------------------------------------------


PS:

Read file <./err_files/100000/16.err> for stderr output of this job.

