Sender: LSF System <lsfadmin@polus-c4-ib.bmc.hpc.cs.msu.ru>
Subject: Job 1038789: <# this file was automaticly created by mpisubmit.pl script for edu-cmc-sqi21-01 #;source /polusfs/setenv/setup.SMPI;#BSUB -n 2;#BSUB -W 00:30;#BSUB -o ./out_files/100000/2.out;#BSUB -e ./err_files/100000/2.err;OMP_NUM_THREADS=1 mpiexec ./prog 100000> in cluster <MSUCluster> Done

Job <# this file was automaticly created by mpisubmit.pl script for edu-cmc-sqi21-01 #;source /polusfs/setenv/setup.SMPI;#BSUB -n 2;#BSUB -W 00:30;#BSUB -o ./out_files/100000/2.out;#BSUB -e ./err_files/100000/2.err;OMP_NUM_THREADS=1 mpiexec ./prog 100000> was submitted from host <polus-ib.bmc.hpc.cs.msu.ru> by user <edu-cmc-sqi21-01> in cluster <MSUCluster> at Fri Mar 31 15:21:53 2023
Job was executed on host(s) <2*polus-c4-ib.bmc.hpc.cs.msu.ru>, in queue <short>, as user <edu-cmc-sqi21-01> in cluster <MSUCluster> at Fri Mar 31 15:22:12 2023
</home_edu/edu-cmc-sqi21/edu-cmc-sqi21-01> was used as the home directory.
</home_edu/edu-cmc-sqi21/edu-cmc-sqi21-01/SpecSem/SpecSem/KDTree> was used as the working directory.
Started at Fri Mar 31 15:22:12 2023
Terminated at Fri Mar 31 15:22:14 2023
Results reported at Fri Mar 31 15:22:14 2023

Your job looked like:

------------------------------------------------------------
# LSBATCH: User input
# this file was automaticly created by mpisubmit.pl script for edu-cmc-sqi21-01 #
source /polusfs/setenv/setup.SMPI
#BSUB -n 2
#BSUB -W 00:30
#BSUB -o ./out_files/100000/2.out
#BSUB -e ./err_files/100000/2.err
OMP_NUM_THREADS=1 mpiexec ./prog 100000

------------------------------------------------------------

Successfully completed.

Resource usage summary:

    CPU time :                                   0.86 sec.
    Max Memory :                                 70 MB
    Average Memory :                             47.67 MB
    Total Requested Memory :                     -
    Delta Memory :                               -
    Max Swap :                                   -
    Max Processes :                              5
    Max Threads :                                11
    Run time :                                   1 sec.
    Turnaround time :                            21 sec.

The output (if any) follows:

Main is sending
100000
Built time: 0.0365088
My rank: 0, data size: 0
Searching time: 0.22581
939


PS:

Read file <./err_files/100000/2.err> for stderr output of this job.

Sender: LSF System <lsfadmin@polus-c4-ib.bmc.hpc.cs.msu.ru>
Subject: Job 1038819: <# this file was automaticly created by mpisubmit.pl script for edu-cmc-sqi21-01 #;source /polusfs/setenv/setup.SMPI;#BSUB -n 2;#BSUB -W 00:30;#BSUB -o ./out_files/100000/2.out;#BSUB -e ./err_files/100000/2.err;OMP_NUM_THREADS=1 mpiexec ./prog 100000> in cluster <MSUCluster> Done

Job <# this file was automaticly created by mpisubmit.pl script for edu-cmc-sqi21-01 #;source /polusfs/setenv/setup.SMPI;#BSUB -n 2;#BSUB -W 00:30;#BSUB -o ./out_files/100000/2.out;#BSUB -e ./err_files/100000/2.err;OMP_NUM_THREADS=1 mpiexec ./prog 100000> was submitted from host <polus-ib.bmc.hpc.cs.msu.ru> by user <edu-cmc-sqi21-01> in cluster <MSUCluster> at Fri Mar 31 15:21:54 2023
Job was executed on host(s) <2*polus-c4-ib.bmc.hpc.cs.msu.ru>, in queue <short>, as user <edu-cmc-sqi21-01> in cluster <MSUCluster> at Fri Mar 31 15:22:59 2023
</home_edu/edu-cmc-sqi21/edu-cmc-sqi21-01> was used as the home directory.
</home_edu/edu-cmc-sqi21/edu-cmc-sqi21-01/SpecSem/SpecSem/KDTree> was used as the working directory.
Started at Fri Mar 31 15:22:59 2023
Terminated at Fri Mar 31 15:23:01 2023
Results reported at Fri Mar 31 15:23:01 2023

Your job looked like:

------------------------------------------------------------
# LSBATCH: User input
# this file was automaticly created by mpisubmit.pl script for edu-cmc-sqi21-01 #
source /polusfs/setenv/setup.SMPI
#BSUB -n 2
#BSUB -W 00:30
#BSUB -o ./out_files/100000/2.out
#BSUB -e ./err_files/100000/2.err
OMP_NUM_THREADS=1 mpiexec ./prog 100000

------------------------------------------------------------

Successfully completed.

Resource usage summary:

    CPU time :                                   1.05 sec.
    Max Memory :                                 1 MB
    Average Memory :                             1.00 MB
    Total Requested Memory :                     -
    Delta Memory :                               -
    Max Swap :                                   -
    Max Processes :                              1
    Max Threads :                                1
    Run time :                                   1 sec.
    Turnaround time :                            67 sec.

The output (if any) follows:

Main is sending
100000
Built time: 0.048892
My rank: 0, data size: 0
Searching time: 0.282722
1073


PS:

Read file <./err_files/100000/2.err> for stderr output of this job.

Sender: LSF System <lsfadmin@polus-c4-ib.bmc.hpc.cs.msu.ru>
Subject: Job 1038849: <# this file was automaticly created by mpisubmit.pl script for edu-cmc-sqi21-01 #;source /polusfs/setenv/setup.SMPI;#BSUB -n 2;#BSUB -W 00:30;#BSUB -o ./out_files/100000/2.out;#BSUB -e ./err_files/100000/2.err;OMP_NUM_THREADS=1 mpiexec ./prog 100000> in cluster <MSUCluster> Done

Job <# this file was automaticly created by mpisubmit.pl script for edu-cmc-sqi21-01 #;source /polusfs/setenv/setup.SMPI;#BSUB -n 2;#BSUB -W 00:30;#BSUB -o ./out_files/100000/2.out;#BSUB -e ./err_files/100000/2.err;OMP_NUM_THREADS=1 mpiexec ./prog 100000> was submitted from host <polus-ib.bmc.hpc.cs.msu.ru> by user <edu-cmc-sqi21-01> in cluster <MSUCluster> at Fri Mar 31 15:21:55 2023
Job was executed on host(s) <2*polus-c4-ib.bmc.hpc.cs.msu.ru>, in queue <short>, as user <edu-cmc-sqi21-01> in cluster <MSUCluster> at Fri Mar 31 15:23:14 2023
</home_edu/edu-cmc-sqi21/edu-cmc-sqi21-01> was used as the home directory.
</home_edu/edu-cmc-sqi21/edu-cmc-sqi21-01/SpecSem/SpecSem/KDTree> was used as the working directory.
Started at Fri Mar 31 15:23:14 2023
Terminated at Fri Mar 31 15:23:15 2023
Results reported at Fri Mar 31 15:23:15 2023

Your job looked like:

------------------------------------------------------------
# LSBATCH: User input
# this file was automaticly created by mpisubmit.pl script for edu-cmc-sqi21-01 #
source /polusfs/setenv/setup.SMPI
#BSUB -n 2
#BSUB -W 00:30
#BSUB -o ./out_files/100000/2.out
#BSUB -e ./err_files/100000/2.err
OMP_NUM_THREADS=1 mpiexec ./prog 100000

------------------------------------------------------------

Successfully completed.

Resource usage summary:

    CPU time :                                   1.01 sec.
    Max Memory :                                 1 MB
    Average Memory :                             1.00 MB
    Total Requested Memory :                     -
    Delta Memory :                               -
    Max Swap :                                   -
    Max Processes :                              1
    Max Threads :                                1
    Run time :                                   2 sec.
    Turnaround time :                            80 sec.

The output (if any) follows:

Main is sending
100000
Built time: 0.0461049
My rank: 0, data size: 0
3655
Searching time: 0.278678


PS:

Read file <./err_files/100000/2.err> for stderr output of this job.

Sender: LSF System <lsfadmin@polus-c4-ib.bmc.hpc.cs.msu.ru>
Subject: Job 1038879: <# this file was automaticly created by mpisubmit.pl script for edu-cmc-sqi21-01 #;source /polusfs/setenv/setup.SMPI;#BSUB -n 2;#BSUB -W 00:30;#BSUB -o ./out_files/100000/2.out;#BSUB -e ./err_files/100000/2.err;OMP_NUM_THREADS=1 mpiexec ./prog 100000> in cluster <MSUCluster> Done

Job <# this file was automaticly created by mpisubmit.pl script for edu-cmc-sqi21-01 #;source /polusfs/setenv/setup.SMPI;#BSUB -n 2;#BSUB -W 00:30;#BSUB -o ./out_files/100000/2.out;#BSUB -e ./err_files/100000/2.err;OMP_NUM_THREADS=1 mpiexec ./prog 100000> was submitted from host <polus-ib.bmc.hpc.cs.msu.ru> by user <edu-cmc-sqi21-01> in cluster <MSUCluster> at Fri Mar 31 15:21:56 2023
Job was executed on host(s) <2*polus-c4-ib.bmc.hpc.cs.msu.ru>, in queue <short>, as user <edu-cmc-sqi21-01> in cluster <MSUCluster> at Fri Mar 31 15:23:28 2023
</home_edu/edu-cmc-sqi21/edu-cmc-sqi21-01> was used as the home directory.
</home_edu/edu-cmc-sqi21/edu-cmc-sqi21-01/SpecSem/SpecSem/KDTree> was used as the working directory.
Started at Fri Mar 31 15:23:28 2023
Terminated at Fri Mar 31 15:23:30 2023
Results reported at Fri Mar 31 15:23:30 2023

Your job looked like:

------------------------------------------------------------
# LSBATCH: User input
# this file was automaticly created by mpisubmit.pl script for edu-cmc-sqi21-01 #
source /polusfs/setenv/setup.SMPI
#BSUB -n 2
#BSUB -W 00:30
#BSUB -o ./out_files/100000/2.out
#BSUB -e ./err_files/100000/2.err
OMP_NUM_THREADS=1 mpiexec ./prog 100000

------------------------------------------------------------

Successfully completed.

Resource usage summary:

    CPU time :                                   0.85 sec.
    Max Memory :                                 4 MB
    Average Memory :                             4.00 MB
    Total Requested Memory :                     -
    Delta Memory :                               -
    Max Swap :                                   -
    Max Processes :                              2
    Max Threads :                                4
    Run time :                                   2 sec.
    Turnaround time :                            94 sec.

The output (if any) follows:

Main is sending
100000
Built time: 0.0368102
My rank: 0, data size: 0
Searching time: 0.225173
1315


PS:

Read file <./err_files/100000/2.err> for stderr output of this job.

