Sender: LSF System <lsfadmin@polus-c4-ib.bmc.hpc.cs.msu.ru>
Subject: Job 1036067: <# this file was automaticly created by mpisubmit.pl script for edu-cmc-sqi21-01 #;source /polusfs/setenv/setup.SMPI;#BSUB -n 3;#BSUB -W 00:30;#BSUB -o ./out_files/100000/3.out;#BSUB -e ./err_files/100000/3.err;OMP_NUM_THREADS=1 mpiexec ./prog 100000> in cluster <MSUCluster> Done

Job <# this file was automaticly created by mpisubmit.pl script for edu-cmc-sqi21-01 #;source /polusfs/setenv/setup.SMPI;#BSUB -n 3;#BSUB -W 00:30;#BSUB -o ./out_files/100000/3.out;#BSUB -e ./err_files/100000/3.err;OMP_NUM_THREADS=1 mpiexec ./prog 100000> was submitted from host <polus-ib.bmc.hpc.cs.msu.ru> by user <edu-cmc-sqi21-01> in cluster <MSUCluster> at Fri Mar 24 15:52:33 2023
Job was executed on host(s) <3*polus-c4-ib.bmc.hpc.cs.msu.ru>, in queue <short>, as user <edu-cmc-sqi21-01> in cluster <MSUCluster> at Fri Mar 24 15:56:41 2023
</home_edu/edu-cmc-sqi21/edu-cmc-sqi21-01> was used as the home directory.
</home_edu/edu-cmc-sqi21/edu-cmc-sqi21-01/SpecSem/SpecSem/KDTree> was used as the working directory.
Started at Fri Mar 24 15:56:41 2023
Terminated at Fri Mar 24 15:56:44 2023
Results reported at Fri Mar 24 15:56:44 2023

Your job looked like:

------------------------------------------------------------
# LSBATCH: User input
# this file was automaticly created by mpisubmit.pl script for edu-cmc-sqi21-01 #
source /polusfs/setenv/setup.SMPI
#BSUB -n 3
#BSUB -W 00:30
#BSUB -o ./out_files/100000/3.out
#BSUB -e ./err_files/100000/3.err
OMP_NUM_THREADS=1 mpiexec ./prog 100000

------------------------------------------------------------

Successfully completed.

Resource usage summary:

    CPU time :                                   0.85 sec.
    Max Memory :                                 7 MB
    Average Memory :                             5.00 MB
    Total Requested Memory :                     -
    Delta Memory :                               -
    Max Swap :                                   -
    Max Processes :                              4
    Max Threads :                                5
    Run time :                                   2 sec.
    Turnaround time :                            251 sec.

The output (if any) follows:

Main is sending
100000
Built time: 0.062222
My rank: 0, data size: 0
3231
Searching time: 0.102076


PS:

Read file <./err_files/100000/3.err> for stderr output of this job.

Sender: LSF System <lsfadmin@polus-c4-ib.bmc.hpc.cs.msu.ru>
Subject: Job 1036087: <# this file was automaticly created by mpisubmit.pl script for edu-cmc-sqi21-01 #;source /polusfs/setenv/setup.SMPI;#BSUB -n 3;#BSUB -W 00:30;#BSUB -o ./out_files/100000/3.out;#BSUB -e ./err_files/100000/3.err;OMP_NUM_THREADS=1 mpiexec ./prog 100000> in cluster <MSUCluster> Done

Job <# this file was automaticly created by mpisubmit.pl script for edu-cmc-sqi21-01 #;source /polusfs/setenv/setup.SMPI;#BSUB -n 3;#BSUB -W 00:30;#BSUB -o ./out_files/100000/3.out;#BSUB -e ./err_files/100000/3.err;OMP_NUM_THREADS=1 mpiexec ./prog 100000> was submitted from host <polus-ib.bmc.hpc.cs.msu.ru> by user <edu-cmc-sqi21-01> in cluster <MSUCluster> at Fri Mar 24 15:52:34 2023
Job was executed on host(s) <3*polus-c4-ib.bmc.hpc.cs.msu.ru>, in queue <short>, as user <edu-cmc-sqi21-01> in cluster <MSUCluster> at Fri Mar 24 15:57:03 2023
</home_edu/edu-cmc-sqi21/edu-cmc-sqi21-01> was used as the home directory.
</home_edu/edu-cmc-sqi21/edu-cmc-sqi21-01/SpecSem/SpecSem/KDTree> was used as the working directory.
Started at Fri Mar 24 15:57:03 2023
Terminated at Fri Mar 24 15:57:04 2023
Results reported at Fri Mar 24 15:57:04 2023

Your job looked like:

------------------------------------------------------------
# LSBATCH: User input
# this file was automaticly created by mpisubmit.pl script for edu-cmc-sqi21-01 #
source /polusfs/setenv/setup.SMPI
#BSUB -n 3
#BSUB -W 00:30
#BSUB -o ./out_files/100000/3.out
#BSUB -e ./err_files/100000/3.err
OMP_NUM_THREADS=1 mpiexec ./prog 100000

------------------------------------------------------------

Successfully completed.

Resource usage summary:

    CPU time :                                   1.02 sec.
    Max Memory :                                 4 MB
    Average Memory :                             4.00 MB
    Total Requested Memory :                     -
    Delta Memory :                               -
    Max Swap :                                   -
    Max Processes :                              1
    Max Threads :                                1
    Run time :                                   1 sec.
    Turnaround time :                            270 sec.

The output (if any) follows:

Main is sending
100000
Built time: 0.0900359
My rank: 0, data size: 0
6168
Searching time: 0.106719


PS:

Read file <./err_files/100000/3.err> for stderr output of this job.

Sender: LSF System <lsfadmin@polus-c2-ib.bmc.hpc.cs.msu.ru>
Subject: Job 1036107: <# this file was automaticly created by mpisubmit.pl script for edu-cmc-sqi21-01 #;source /polusfs/setenv/setup.SMPI;#BSUB -n 3;#BSUB -W 00:30;#BSUB -o ./out_files/100000/3.out;#BSUB -e ./err_files/100000/3.err;OMP_NUM_THREADS=1 mpiexec ./prog 100000> in cluster <MSUCluster> Done

Job <# this file was automaticly created by mpisubmit.pl script for edu-cmc-sqi21-01 #;source /polusfs/setenv/setup.SMPI;#BSUB -n 3;#BSUB -W 00:30;#BSUB -o ./out_files/100000/3.out;#BSUB -e ./err_files/100000/3.err;OMP_NUM_THREADS=1 mpiexec ./prog 100000> was submitted from host <polus-ib.bmc.hpc.cs.msu.ru> by user <edu-cmc-sqi21-01> in cluster <MSUCluster> at Fri Mar 24 15:52:34 2023
Job was executed on host(s) <3*polus-c2-ib.bmc.hpc.cs.msu.ru>, in queue <short>, as user <edu-cmc-sqi21-01> in cluster <MSUCluster> at Fri Mar 24 15:57:48 2023
</home_edu/edu-cmc-sqi21/edu-cmc-sqi21-01> was used as the home directory.
</home_edu/edu-cmc-sqi21/edu-cmc-sqi21-01/SpecSem/SpecSem/KDTree> was used as the working directory.
Started at Fri Mar 24 15:57:48 2023
Terminated at Fri Mar 24 15:57:51 2023
Results reported at Fri Mar 24 15:57:51 2023

Your job looked like:

------------------------------------------------------------
# LSBATCH: User input
# this file was automaticly created by mpisubmit.pl script for edu-cmc-sqi21-01 #
source /polusfs/setenv/setup.SMPI
#BSUB -n 3
#BSUB -W 00:30
#BSUB -o ./out_files/100000/3.out
#BSUB -e ./err_files/100000/3.err
OMP_NUM_THREADS=1 mpiexec ./prog 100000

------------------------------------------------------------

Successfully completed.

Resource usage summary:

    CPU time :                                   4.29 sec.
    Max Memory :                                 180 MB
    Average Memory :                             121.00 MB
    Total Requested Memory :                     -
    Delta Memory :                               -
    Max Swap :                                   -
    Max Processes :                              7
    Max Threads :                                18
    Run time :                                   2 sec.
    Turnaround time :                            317 sec.

The output (if any) follows:

Main is sending
100000
Built time: 0.329741
My rank: 0, data size: 0
693
Searching time: 0.503075


PS:

Read file <./err_files/100000/3.err> for stderr output of this job.

Sender: LSF System <lsfadmin@polus-c2-ib.bmc.hpc.cs.msu.ru>
Subject: Job 1036127: <# this file was automaticly created by mpisubmit.pl script for edu-cmc-sqi21-01 #;source /polusfs/setenv/setup.SMPI;#BSUB -n 3;#BSUB -W 00:30;#BSUB -o ./out_files/100000/3.out;#BSUB -e ./err_files/100000/3.err;OMP_NUM_THREADS=1 mpiexec ./prog 100000> in cluster <MSUCluster> Done

Job <# this file was automaticly created by mpisubmit.pl script for edu-cmc-sqi21-01 #;source /polusfs/setenv/setup.SMPI;#BSUB -n 3;#BSUB -W 00:30;#BSUB -o ./out_files/100000/3.out;#BSUB -e ./err_files/100000/3.err;OMP_NUM_THREADS=1 mpiexec ./prog 100000> was submitted from host <polus-ib.bmc.hpc.cs.msu.ru> by user <edu-cmc-sqi21-01> in cluster <MSUCluster> at Fri Mar 24 15:52:35 2023
Job was executed on host(s) <3*polus-c2-ib.bmc.hpc.cs.msu.ru>, in queue <short>, as user <edu-cmc-sqi21-01> in cluster <MSUCluster> at Fri Mar 24 15:59:21 2023
</home_edu/edu-cmc-sqi21/edu-cmc-sqi21-01> was used as the home directory.
</home_edu/edu-cmc-sqi21/edu-cmc-sqi21-01/SpecSem/SpecSem/KDTree> was used as the working directory.
Started at Fri Mar 24 15:59:21 2023
Terminated at Fri Mar 24 15:59:26 2023
Results reported at Fri Mar 24 15:59:26 2023

Your job looked like:

------------------------------------------------------------
# LSBATCH: User input
# this file was automaticly created by mpisubmit.pl script for edu-cmc-sqi21-01 #
source /polusfs/setenv/setup.SMPI
#BSUB -n 3
#BSUB -W 00:30
#BSUB -o ./out_files/100000/3.out
#BSUB -e ./err_files/100000/3.err
OMP_NUM_THREADS=1 mpiexec ./prog 100000

------------------------------------------------------------

Successfully completed.

Resource usage summary:

    CPU time :                                   4.33 sec.
    Max Memory :                                 179 MB
    Average Memory :                             119.67 MB
    Total Requested Memory :                     -
    Delta Memory :                               -
    Max Swap :                                   -
    Max Processes :                              7
    Max Threads :                                18
    Run time :                                   4 sec.
    Turnaround time :                            411 sec.

The output (if any) follows:

Main is sending
100000
Built time: 0.367234
My rank: 0, data size: 0
2703
Searching time: 0.477482


PS:

Read file <./err_files/100000/3.err> for stderr output of this job.

