Sender: LSF System <lsfadmin@polus-c4-ib.bmc.hpc.cs.msu.ru>
Subject: Job 1035960: <# this file was automaticly created by mpisubmit.pl script for edu-cmc-sqi21-01 #;source /polusfs/setenv/setup.SMPI;#BSUB -n 32;#BSUB -W 00:30;#BSUB -o ./out_files/100000/32.out;#BSUB -e ./err_files/100000/32.err;OMP_NUM_THREADS=1 mpiexec ./prog 100000> in cluster <MSUCluster> Exited

Job <# this file was automaticly created by mpisubmit.pl script for edu-cmc-sqi21-01 #;source /polusfs/setenv/setup.SMPI;#BSUB -n 32;#BSUB -W 00:30;#BSUB -o ./out_files/100000/32.out;#BSUB -e ./err_files/100000/32.err;OMP_NUM_THREADS=1 mpiexec ./prog 100000> was submitted from host <polus-ib.bmc.hpc.cs.msu.ru> by user <edu-cmc-sqi21-01> in cluster <MSUCluster> at Fri Mar 24 15:52:29 2023
Job was executed on host(s) <20*polus-c4-ib.bmc.hpc.cs.msu.ru>, in queue <short>, as user <edu-cmc-sqi21-01> in cluster <MSUCluster> at Fri Mar 24 15:54:29 2023
                            <12*polus-c2-ib.bmc.hpc.cs.msu.ru>
</home_edu/edu-cmc-sqi21/edu-cmc-sqi21-01> was used as the home directory.
</home_edu/edu-cmc-sqi21/edu-cmc-sqi21-01/SpecSem/SpecSem/KDTree> was used as the working directory.
Started at Fri Mar 24 15:54:29 2023
Terminated at Fri Mar 24 15:54:32 2023
Results reported at Fri Mar 24 15:54:32 2023

Your job looked like:

------------------------------------------------------------
# LSBATCH: User input
# this file was automaticly created by mpisubmit.pl script for edu-cmc-sqi21-01 #
source /polusfs/setenv/setup.SMPI
#BSUB -n 32
#BSUB -W 00:30
#BSUB -o ./out_files/100000/32.out
#BSUB -e ./err_files/100000/32.err
OMP_NUM_THREADS=1 mpiexec ./prog 100000

------------------------------------------------------------

Exited with exit code 6.

Resource usage summary:

    CPU time :                                   6.00 sec.
    Max Memory :                                 18 MB
    Average Memory :                             12.33 MB
    Total Requested Memory :                     -
    Delta Memory :                               -
    Max Swap :                                   -
    Max Processes :                              4
    Max Threads :                                9
    Run time :                                   2 sec.
    Turnaround time :                            123 sec.

The output (if any) follows:

Main is sending
100000
[polus-c4-ib:65962] *** An error occurred in MPI_Send
[polus-c4-ib:65962] *** reported by process [2799435777,18]
[polus-c4-ib:65962] *** on communicator MPI_COMM_WORLD
[polus-c4-ib:65962] *** MPI_ERR_RANK: invalid rank
[polus-c4-ib:65962] *** MPI_ERRORS_ARE_FATAL (processes in this communicator will now abort,
[polus-c4-ib:65962] ***    and potentially your MPI job)
Built time: 0.154189
My rank: 0, data size: 0


PS:

Read file <./err_files/100000/32.err> for stderr output of this job.

Sender: LSF System <lsfadmin@polus-c4-ib.bmc.hpc.cs.msu.ru>
Subject: Job 1035990: <# this file was automaticly created by mpisubmit.pl script for edu-cmc-sqi21-01 #;source /polusfs/setenv/setup.SMPI;#BSUB -n 32;#BSUB -W 00:30;#BSUB -o ./out_files/100000/32.out;#BSUB -e ./err_files/100000/32.err;OMP_NUM_THREADS=1 mpiexec ./prog 100000> in cluster <MSUCluster> Exited

Job <# this file was automaticly created by mpisubmit.pl script for edu-cmc-sqi21-01 #;source /polusfs/setenv/setup.SMPI;#BSUB -n 32;#BSUB -W 00:30;#BSUB -o ./out_files/100000/32.out;#BSUB -e ./err_files/100000/32.err;OMP_NUM_THREADS=1 mpiexec ./prog 100000> was submitted from host <polus-ib.bmc.hpc.cs.msu.ru> by user <edu-cmc-sqi21-01> in cluster <MSUCluster> at Fri Mar 24 15:52:30 2023
Job was executed on host(s) <18*polus-c4-ib.bmc.hpc.cs.msu.ru>, in queue <short>, as user <edu-cmc-sqi21-01> in cluster <MSUCluster> at Fri Mar 24 15:55:23 2023
                            <14*polus-c2-ib.bmc.hpc.cs.msu.ru>
</home_edu/edu-cmc-sqi21/edu-cmc-sqi21-01> was used as the home directory.
</home_edu/edu-cmc-sqi21/edu-cmc-sqi21-01/SpecSem/SpecSem/KDTree> was used as the working directory.
Started at Fri Mar 24 15:55:23 2023
Terminated at Fri Mar 24 15:55:26 2023
Results reported at Fri Mar 24 15:55:26 2023

Your job looked like:

------------------------------------------------------------
# LSBATCH: User input
# this file was automaticly created by mpisubmit.pl script for edu-cmc-sqi21-01 #
source /polusfs/setenv/setup.SMPI
#BSUB -n 32
#BSUB -W 00:30
#BSUB -o ./out_files/100000/32.out
#BSUB -e ./err_files/100000/32.err
OMP_NUM_THREADS=1 mpiexec ./prog 100000

------------------------------------------------------------

Exited with exit code 6.

Resource usage summary:

    CPU time :                                   6.00 sec.
    Max Memory :                                 18 MB
    Average Memory :                             12.33 MB
    Total Requested Memory :                     -
    Delta Memory :                               -
    Max Swap :                                   -
    Max Processes :                              4
    Max Threads :                                9
    Run time :                                   3 sec.
    Turnaround time :                            176 sec.

The output (if any) follows:

Main is sending
100000
[polus-c4-ib:67217] *** An error occurred in MPI_Send
[polus-c4-ib:67217] *** reported by process [2716467201,17]
[polus-c4-ib:67217] *** on communicator MPI_COMM_WORLD
[polus-c4-ib:67217] *** MPI_ERR_RANK: invalid rank
[polus-c4-ib:67217] *** MPI_ERRORS_ARE_FATAL (processes in this communicator will now abort,
[polus-c4-ib:67217] ***    and potentially your MPI job)
Built time: 0.138102
My rank: 0, data size: 0


PS:

Read file <./err_files/100000/32.err> for stderr output of this job.

Sender: LSF System <lsfadmin@polus-c2-ib.bmc.hpc.cs.msu.ru>
Subject: Job 1036020: <# this file was automaticly created by mpisubmit.pl script for edu-cmc-sqi21-01 #;source /polusfs/setenv/setup.SMPI;#BSUB -n 32;#BSUB -W 00:30;#BSUB -o ./out_files/100000/32.out;#BSUB -e ./err_files/100000/32.err;OMP_NUM_THREADS=1 mpiexec ./prog 100000> in cluster <MSUCluster> Exited

Job <# this file was automaticly created by mpisubmit.pl script for edu-cmc-sqi21-01 #;source /polusfs/setenv/setup.SMPI;#BSUB -n 32;#BSUB -W 00:30;#BSUB -o ./out_files/100000/32.out;#BSUB -e ./err_files/100000/32.err;OMP_NUM_THREADS=1 mpiexec ./prog 100000> was submitted from host <polus-ib.bmc.hpc.cs.msu.ru> by user <edu-cmc-sqi21-01> in cluster <MSUCluster> at Fri Mar 24 15:52:31 2023
Job was executed on host(s) <20*polus-c2-ib.bmc.hpc.cs.msu.ru>, in queue <short>, as user <edu-cmc-sqi21-01> in cluster <MSUCluster> at Fri Mar 24 16:27:48 2023
                            <12*polus-c4-ib.bmc.hpc.cs.msu.ru>
</home_edu/edu-cmc-sqi21/edu-cmc-sqi21-01> was used as the home directory.
</home_edu/edu-cmc-sqi21/edu-cmc-sqi21-01/SpecSem/SpecSem/KDTree> was used as the working directory.
Started at Fri Mar 24 16:27:48 2023
Terminated at Fri Mar 24 16:27:52 2023
Results reported at Fri Mar 24 16:27:52 2023

Your job looked like:

------------------------------------------------------------
# LSBATCH: User input
# this file was automaticly created by mpisubmit.pl script for edu-cmc-sqi21-01 #
source /polusfs/setenv/setup.SMPI
#BSUB -n 32
#BSUB -W 00:30
#BSUB -o ./out_files/100000/32.out
#BSUB -e ./err_files/100000/32.err
OMP_NUM_THREADS=1 mpiexec ./prog 100000

------------------------------------------------------------

Exited with exit code 6.

Resource usage summary:

    CPU time :                                   17.00 sec.
    Max Memory :                                 18 MB
    Average Memory :                             0.33 MB
    Total Requested Memory :                     -
    Delta Memory :                               -
    Max Swap :                                   -
    Max Processes :                              4
    Max Threads :                                9
    Run time :                                   4 sec.
    Turnaround time :                            2121 sec.

The output (if any) follows:

Main is sending
100000
[polus-c2-ib:19087] *** An error occurred in MPI_Send
[polus-c2-ib:19087] *** reported by process [2446000129,18]
[polus-c2-ib:19087] *** on communicator MPI_COMM_WORLD
[polus-c2-ib:19087] *** MPI_ERR_RANK: invalid rank
[polus-c2-ib:19087] *** MPI_ERRORS_ARE_FATAL (processes in this communicator will now abort,
[polus-c2-ib:19087] ***    and potentially your MPI job)
Built time: 0.539868
My rank: 0, data size: 0
1286


PS:

Read file <./err_files/100000/32.err> for stderr output of this job.

Sender: LSF System <lsfadmin@polus-c4-ib.bmc.hpc.cs.msu.ru>
Subject: Job 1036050: <# this file was automaticly created by mpisubmit.pl script for edu-cmc-sqi21-01 #;source /polusfs/setenv/setup.SMPI;#BSUB -n 32;#BSUB -W 00:30;#BSUB -o ./out_files/100000/32.out;#BSUB -e ./err_files/100000/32.err;OMP_NUM_THREADS=1 mpiexec ./prog 100000> in cluster <MSUCluster> Exited

Job <# this file was automaticly created by mpisubmit.pl script for edu-cmc-sqi21-01 #;source /polusfs/setenv/setup.SMPI;#BSUB -n 32;#BSUB -W 00:30;#BSUB -o ./out_files/100000/32.out;#BSUB -e ./err_files/100000/32.err;OMP_NUM_THREADS=1 mpiexec ./prog 100000> was submitted from host <polus-ib.bmc.hpc.cs.msu.ru> by user <edu-cmc-sqi21-01> in cluster <MSUCluster> at Fri Mar 24 15:52:32 2023
Job was executed on host(s) <20*polus-c4-ib.bmc.hpc.cs.msu.ru>, in queue <short>, as user <edu-cmc-sqi21-01> in cluster <MSUCluster> at Fri Mar 24 16:28:55 2023
                            <12*polus-c2-ib.bmc.hpc.cs.msu.ru>
</home_edu/edu-cmc-sqi21/edu-cmc-sqi21-01> was used as the home directory.
</home_edu/edu-cmc-sqi21/edu-cmc-sqi21-01/SpecSem/SpecSem/KDTree> was used as the working directory.
Started at Fri Mar 24 16:28:55 2023
Terminated at Fri Mar 24 16:28:58 2023
Results reported at Fri Mar 24 16:28:58 2023

Your job looked like:

------------------------------------------------------------
# LSBATCH: User input
# this file was automaticly created by mpisubmit.pl script for edu-cmc-sqi21-01 #
source /polusfs/setenv/setup.SMPI
#BSUB -n 32
#BSUB -W 00:30
#BSUB -o ./out_files/100000/32.out
#BSUB -e ./err_files/100000/32.err
OMP_NUM_THREADS=1 mpiexec ./prog 100000

------------------------------------------------------------

Exited with exit code 6.

Resource usage summary:

    CPU time :                                   7.00 sec.
    Max Memory :                                 18 MB
    Average Memory :                             12.33 MB
    Total Requested Memory :                     -
    Delta Memory :                               -
    Max Swap :                                   -
    Max Processes :                              4
    Max Threads :                                9
    Run time :                                   2 sec.
    Turnaround time :                            2186 sec.

The output (if any) follows:

Main is sending
100000
[polus-c4-ib:73732] *** An error occurred in MPI_Send
[polus-c4-ib:73732] *** reported by process [3093430273,16]
[polus-c4-ib:73732] *** on communicator MPI_COMM_WORLD
[polus-c4-ib:73732] *** MPI_ERR_RANK: invalid rank
[polus-c4-ib:73732] *** MPI_ERRORS_ARE_FATAL (processes in this communicator will now abort,
[polus-c4-ib:73732] ***    and potentially your MPI job)
Built time: 0.16351
My rank: 0, data size: 0


PS:

Read file <./err_files/100000/32.err> for stderr output of this job.

